#
# There is insufficient memory for the Java Runtime Environment to continue.
# Native memory allocation (mmap) failed to map 32505856 bytes for committing reserved memory.
# Possible reasons:
#   The system is out of physical RAM or swap space
#   In 32 bit mode, the process size limit was hit
# Possible solutions:
#   Reduce memory load on the system
#   Increase physical memory or swap space
#   Check if swap backing store is full
#   Use 64 bit Java on a 64 bit OS
#   Decrease Java heap size (-Xmx/-Xms)
#   Decrease number of Java threads
#   Decrease Java thread stack sizes (-Xss)
#   Set larger code cache with -XX:ReservedCodeCacheSize=
# This output file may be truncated or incomplete.
#
#  Out of Memory Error (os_linux.cpp:2627), pid=4554, tid=0x00007f0524197700
#
# JRE version: Java(TM) SE Runtime Environment (8.0_101-b13) (build 1.8.0_101-b13)
# Java VM: Java HotSpot(TM) 64-Bit Server VM (25.101-b13 mixed mode linux-amd64 compressed oops)
# Failed to write core dump. Core dumps have been disabled. To enable core dumping, try "ulimit -c unlimited" before starting Java again
#

---------------  T H R E A D  ---------------

Current thread (0x00007f0538077800):  VMThread [stack: 0x00007f0524097000,0x00007f0524198000] [id=4567]

Stack: [0x00007f0524097000,0x00007f0524198000],  sp=0x00007f0524196020,  free space=1020k
Native frames: (J=compiled Java code, j=interpreted, Vv=VM code, C=native code)
V  [libjvm.so+0xac3f0a]  VMError::report_and_die()+0x2ba
V  [libjvm.so+0x4fbf9b]  report_vm_out_of_memory(char const*, int, unsigned long, VMErrorType, char const*)+0x8b
V  [libjvm.so+0x9222d3]  os::Linux::commit_memory_impl(char*, unsigned long, bool)+0x103
V  [libjvm.so+0x922829]  os::pd_commit_memory(char*, unsigned long, unsigned long, bool)+0x29
V  [libjvm.so+0x91cb2a]  os::commit_memory(char*, unsigned long, unsigned long, bool)+0x2a
V  [libjvm.so+0x991053]  PSVirtualSpace::expand_by(unsigned long)+0x53
V  [libjvm.so+0x992458]  PSYoungGen::resize_generation(unsigned long, unsigned long)+0xf8
V  [libjvm.so+0x9915b2]  PSYoungGen::resize(unsigned long, unsigned long)+0x22
V  [libjvm.so+0x98e88b]  PSScavenge::invoke_no_policy()+0xf3b
V  [libjvm.so+0x98f011]  PSScavenge::invoke()+0x41
V  [libjvm.so+0x945fc0]  ParallelScavengeHeap::failed_mem_allocate(unsigned long)+0x70
V  [libjvm.so+0xac5927]  VM_ParallelGCFailedAllocation::doit()+0x97
V  [libjvm.so+0xacd405]  VM_Operation::evaluate()+0x55
V  [libjvm.so+0xacb7da]  VMThread::evaluate_operation(VM_Operation*)+0xba
V  [libjvm.so+0xacbb5e]  VMThread::loop()+0x1ce
V  [libjvm.so+0xacbfd0]  VMThread::run()+0x70
V  [libjvm.so+0x924698]  java_start(Thread*)+0x108

VM_Operation (0x00007f04c79af1d0): ParallelGCFailedAllocation, mode: safepoint, requested by thread 0x00007f04d4255000


---------------  P R O C E S S  ---------------

Java Threads: ( => current thread )
  0x00007f04d4255000 JavaThread "Timer-0" [_thread_blocked, id=4623, stack(0x00007f04c78b0000,0x00007f04c79b1000)]
  0x00007f04d4237000 JavaThread "Prism Font Disposer" daemon [_thread_blocked, id=4619, stack(0x00007f04c7bb1000,0x00007f04c7cb2000)]
  0x00007f05381ff000 JavaThread "JavaFX-Launcher" [_thread_blocked, id=4609, stack(0x00007f04dc9f2000,0x00007f04dcaf3000)]
  0x00007f0538237800 JavaThread "JavaFX Application Thread" [_thread_blocked, id=4601, stack(0x00007f04ddaf5000,0x00007f04ddbf6000)]
  0x00007f0538233800 JavaThread "Thread-1" daemon [_thread_blocked, id=4600, stack(0x00007f04ddbf6000,0x00007f04ddcf7000)]
  0x00007f0538175800 JavaThread "QuantumRenderer-0" daemon [_thread_blocked, id=4597, stack(0x00007f050ed38000,0x00007f050ee39000)]
  0x00007f05380c0000 JavaThread "Service Thread" daemon [_thread_blocked, id=4578, stack(0x00007f050ef3a000,0x00007f050f03b000)]
  0x00007f05380bd000 JavaThread "C1 CompilerThread2" daemon [_thread_blocked, id=4573, stack(0x00007f050f03b000,0x00007f050f13c000)]
  0x00007f05380bb800 JavaThread "C2 CompilerThread1" daemon [_thread_blocked, id=4572, stack(0x00007f050f13c000,0x00007f050f23d000)]
  0x00007f05380b8800 JavaThread "C2 CompilerThread0" daemon [_thread_blocked, id=4571, stack(0x00007f050f23d000,0x00007f050f33e000)]
  0x00007f05380b7000 JavaThread "Signal Dispatcher" daemon [_thread_blocked, id=4570, stack(0x00007f050f33e000,0x00007f050f43f000)]
  0x00007f0538084000 JavaThread "Finalizer" daemon [_thread_blocked, id=4569, stack(0x00007f050fdfe000,0x00007f050feff000)]
  0x00007f053807f800 JavaThread "Reference Handler" daemon [_thread_blocked, id=4568, stack(0x00007f050feff000,0x00007f0510000000)]
  0x00007f053800a000 JavaThread "main" [_thread_blocked, id=4561, stack(0x00007f0540a2b000,0x00007f0540b2c000)]

Other Threads:
=>0x00007f0538077800 VMThread [stack: 0x00007f0524097000,0x00007f0524198000] [id=4567]
  0x00007f05380c3000 WatcherThread [stack: 0x00007f050ee39000,0x00007f050ef3a000] [id=4581]

VM state:at safepoint (normal execution)

VM Mutex/Monitor currently owned by a thread:  ([mutex/lock_event])
[0x00007f05380060b0] Threads_lock - owner thread: 0x00007f0538077800
[0x00007f05380065b0] Heap_lock - owner thread: 0x00007f04d4255000

Heap:
 PSYoungGen      total 36864K, used 4432K [0x00000000d7000000, 0x00000000d9900000, 0x0000000100000000)
  eden space 31744K, 0% used [0x00000000d7000000,0x00000000d7000000,0x00000000d8f00000)
  from space 5120K, 86% used [0x00000000d8f00000,0x00000000d9354030,0x00000000d9400000)
  to   space 5120K, 0% used [0x00000000d9400000,0x00000000d9400000,0x00000000d9900000)
 ParOldGen       total 84992K, used 80K [0x0000000085000000, 0x000000008a300000, 0x00000000d7000000)
  object space 84992K, 0% used [0x0000000085000000,0x0000000085014010,0x000000008a300000)
 Metaspace       used 14448K, capacity 15102K, committed 15360K, reserved 1062912K
  class space    used 2081K, capacity 2266K, committed 2304K, reserved 1048576K

Card table byte_map: [0x00007f053d3f6000,0x00007f053d7cf000] byte_map_base: 0x00007f053cfce000

Marking Bits: (ParMarkBitMap*) 0x00007f053fef7120
 Begin Bits: [0x00007f0525280000, 0x00007f0527140000)
 End Bits:   [0x00007f0527140000, 0x00007f0529000000)

Polling page: 0x00007f0540b46000

CodeCache: size=245760Kb used=3547Kb max_used=3563Kb free=242212Kb
 bounds [0x00007f0529000000, 0x00007f0529380000, 0x00007f0538000000]
 total_blobs=1519 nmethods=974 adapters=459
 compilation: enabled

Compilation events (10 events):
Event: 8.600 Thread 0x00007f05380bd000  977       3       warlords.model.Game::coordInBallPath (344 bytes)
Event: 8.602 Thread 0x00007f05380bd000 nmethod 977 0x00007f0529373710 code [0x00007f0529373ac0, 0x00007f05293756d8]
Event: 8.622 Thread 0x00007f05380bd000  980       1       warlords.model.Paddle::getXPos (5 bytes)
Event: 8.622 Thread 0x00007f05380bd000 nmethod 980 0x00007f05293799d0 code [0x00007f0529379b20, 0x00007f0529379c30]
Event: 8.622 Thread 0x00007f05380bd000  981       1       warlords.model.Paddle::getYPos (5 bytes)
Event: 8.622 Thread 0x00007f05380bd000 nmethod 981 0x00007f0529379c90 code [0x00007f0529379de0, 0x00007f0529379ef0]
Event: 8.625 Thread 0x00007f05380bb800 nmethod 967 0x00007f052937b810 code [0x00007f052937b960, 0x00007f052937bb38]
Event: 8.625 Thread 0x00007f05380bb800  982 %     4       warlords.model.Game::coordInBallPath @ 273 (344 bytes)
Event: 8.633 Thread 0x00007f05380b8800 nmethod 968 0x00007f05293781d0 code [0x00007f0529378320, 0x00007f05293783f8]
Event: 8.633 Thread 0x00007f05380b8800  975       4       java.lang.Math::abs (11 bytes)

GC Heap History (1 events):
Event: 8.711 GC heap before
{Heap before GC invocations=1 (full 0):
 PSYoungGen      total 36864K, used 31744K [0x00000000d7000000, 0x00000000d9900000, 0x0000000100000000)
  eden space 31744K, 100% used [0x00000000d7000000,0x00000000d8f00000,0x00000000d8f00000)
  from space 5120K, 0% used [0x00000000d9400000,0x00000000d9400000,0x00000000d9900000)
  to   space 5120K, 0% used [0x00000000d8f00000,0x00000000d8f00000,0x00000000d9400000)
 ParOldGen       total 84992K, used 0K [0x0000000085000000, 0x000000008a300000, 0x00000000d7000000)
  object space 84992K, 0% used [0x0000000085000000,0x0000000085000000,0x000000008a300000)
 Metaspace       used 14448K, capacity 15102K, committed 15360K, reserved 1062912K
  class space    used 2081K, capacity 2266K, committed 2304K, reserved 1048576K

Deoptimization events (10 events):
Event: 4.188 Thread 0x00007f0538237800 Uncommon trap: reason=unstable_if action=reinterpret pc=0x00007f05292885e0 method=java.util.HashMap.hash(Ljava/lang/Object;)I @ 1
Event: 4.577 Thread 0x00007f0538237800 Uncommon trap: reason=class_check action=maybe_recompile pc=0x00007f052927bbf4 method=java.io.DataInputStream.readShort()S @ 4
Event: 4.577 Thread 0x00007f0538237800 Uncommon trap: reason=class_check action=maybe_recompile pc=0x00007f052927bbf4 method=java.io.DataInputStream.readShort()S @ 4
Event: 4.578 Thread 0x00007f0538237800 Uncommon trap: reason=class_check action=maybe_recompile pc=0x00007f052927bbf4 method=java.io.DataInputStream.readShort()S @ 4
Event: 4.578 Thread 0x00007f0538237800 Uncommon trap: reason=class_check action=maybe_recompile pc=0x00007f052927bbf4 method=java.io.DataInputStream.readShort()S @ 4
Event: 4.651 Thread 0x00007f0538237800 Uncommon trap: reason=class_check action=maybe_recompile pc=0x00007f0529118278 method=java.lang.String.equals(Ljava/lang/Object;)Z @ 8
Event: 4.651 Thread 0x00007f0538237800 Uncommon trap: reason=class_check action=maybe_recompile pc=0x00007f0529118278 method=java.lang.String.equals(Ljava/lang/Object;)Z @ 8
Event: 4.651 Thread 0x00007f0538237800 Uncommon trap: reason=class_check action=maybe_recompile pc=0x00007f0529118278 method=java.lang.String.equals(Ljava/lang/Object;)Z @ 8
Event: 4.671 Thread 0x00007f0538237800 Uncommon trap: reason=class_check action=maybe_recompile pc=0x00007f0529118278 method=java.lang.String.equals(Ljava/lang/Object;)Z @ 8
Event: 6.415 Thread 0x00007f0538237800 Uncommon trap: reason=unstable_if action=reinterpret pc=0x00007f05292c4c28 method=sun.net.www.ParseUtil.encodePath(Ljava/lang/String;Z)Ljava/lang/String; @ 109

Internal exceptions (10 events):
Event: 0.998 Thread 0x00007f053800a000 Exception <a 'java/security/PrivilegedActionException'> (0x00000000d729f4c8) thrown at [/HUDSON3/workspace/8-2-build-linux-amd64/jdk8u101/7261/hotspot/src/share/vm/prims/jvm.cpp, line 1386]
Event: 1.002 Thread 0x00007f053800a000 Exception <a 'java/lang/NullPointerException'> (0x00000000d729faa0) thrown at [/HUDSON3/workspace/8-2-build-linux-amd64/jdk8u101/7261/hotspot/src/share/vm/interpreter/linkResolver.cpp, line 1178]
Event: 2.906 Thread 0x00007f0538237800 Exception <a 'java/lang/NullPointerException'> (0x00000000d7b96e98) thrown at [/HUDSON3/workspace/8-2-build-linux-amd64/jdk8u101/7261/hotspot/src/share/vm/interpreter/linkResolver.cpp, line 1178]
Event: 2.906 Thread 0x00007f0538237800 Exception <a 'java/lang/NullPointerException'> (0x00000000d7b96e98) thrown at [/HUDSON3/workspace/8-2-build-linux-amd64/jdk8u101/7261/hotspot/src/share/vm/prims/jvm.cpp, line 1390]
Event: 3.658 Thread 0x00007f0538237800 Exception <a 'java/lang/ArrayIndexOutOfBoundsException': 70> (0x00000000d7f83a28) thrown at [/HUDSON3/workspace/8-2-build-linux-amd64/jdk8u101/7261/hotspot/src/share/vm/interpreter/interpreterRuntime.cpp, line 366]
Event: 3.659 Thread 0x00007f0538237800 Exception <a 'java/lang/ArrayIndexOutOfBoundsException': 18> (0x00000000d7f846f8) thrown at [/HUDSON3/workspace/8-2-build-linux-amd64/jdk8u101/7261/hotspot/src/share/vm/interpreter/interpreterRuntime.cpp, line 366]
Event: 3.659 Thread 0x00007f0538237800 Exception <a 'java/lang/ArrayIndexOutOfBoundsException': 86> (0x00000000d7f85aa0) thrown at [/HUDSON3/workspace/8-2-build-linux-amd64/jdk8u101/7261/hotspot/src/share/vm/interpreter/interpreterRuntime.cpp, line 366]
Event: 3.660 Thread 0x00007f0538237800 Exception <a 'java/lang/ArrayIndexOutOfBoundsException': 66> (0x00000000d7f87db0) thrown at [/HUDSON3/workspace/8-2-build-linux-amd64/jdk8u101/7261/hotspot/src/share/vm/interpreter/interpreterRuntime.cpp, line 366]
Event: 4.188 Thread 0x00007f0538237800 Implicit null exception at 0x00007f05292883b5 to 0x00007f05292885d1
Event: 7.733 Thread 0x00007f0538237800 Exception <a 'java/lang/ArrayIndexOutOfBoundsException'> (0x00000000d892aac8) thrown at [/HUDSON3/workspace/8-2-build-linux-amd64/jdk8u101/7261/hotspot/src/share/vm/runtime/sharedRuntime.cpp, line 605]

Events (10 events):
Event: 8.481 loading class java/util/TimerThread
Event: 8.481 loading class java/util/TimerThread done
Event: 8.491 loading class java/util/Timer$1
Event: 8.491 loading class java/util/Timer$1 done
Event: 8.514 Thread 0x00007f04d4255000 Thread added: 0x00007f04d4255000
Event: 8.520 Executing VM operation: RevokeBias
Event: 8.523 Executing VM operation: RevokeBias done
Event: 8.523 Executing VM operation: RevokeBias
Event: 8.523 Executing VM operation: RevokeBias done
Event: 8.653 Executing VM operation: ParallelGCFailedAllocation


Dynamic libraries:
00400000-00401000 r-xp 00000000 08:06 286265                             /usr/lib/jvm/java-8-oracle/bin/java
00600000-00601000 rw-p 00000000 08:06 286265                             /usr/lib/jvm/java-8-oracle/bin/java
01371000-01392000 rw-p 00000000 00:00 0                                  [heap]
85000000-8a300000 rw-p 00000000 00:00 0 
8a300000-d7000000 ---p 00000000 00:00 0 
d7000000-d9900000 rw-p 00000000 00:00 0 
db800000-100000000 ---p 00000000 00:00 0 
100000000-100240000 rw-p 00000000 00:00 0 
100240000-140000000 ---p 00000000 00:00 0 
7f04b4000000-7f04b4021000 rw-p 00000000 00:00 0 
7f04b4021000-7f04b8000000 ---p 00000000 00:00 0 
7f04bc000000-7f04bc021000 rw-p 00000000 00:00 0 
7f04bc021000-7f04c0000000 ---p 00000000 00:00 0 
7f04c0000000-7f04c0021000 rw-p 00000000 00:00 0 
7f04c0021000-7f04c4000000 ---p 00000000 00:00 0 
7f04c78b0000-7f04c78b3000 ---p 00000000 00:00 0 
7f04c78b3000-7f04c7a71000 rw-p 00000000 00:00 0 
7f04c7a71000-7f04c7bb1000 ---p 00000000 00:00 0 
7f04c7bb1000-7f04c7bb4000 ---p 00000000 00:00 0 
7f04c7bb4000-7f04c7cb2000 rw-p 00000000 00:00 0 
7f04c7cb2000-7f04c7d6b000 r--p 00000000 08:06 531015                     /usr/share/fonts/truetype/dejavu/DejaVuSans.ttf
7f04c7d6b000-7f04c7da7000 r--p 00000000 08:06 286531                     /usr/lib/jvm/java-8-oracle/jre/lib/fonts/LucidaTypewriterRegular.ttf
7f04c7da7000-7f04c7dfc000 r--p 00000000 08:06 286499                     /usr/lib/jvm/java-8-oracle/jre/lib/fonts/LucidaBrightRegular.ttf
7f04c7dfc000-7f04c7e00000 r-xp 00000000 08:06 286446                     /usr/lib/jvm/java-8-oracle/jre/lib/amd64/libjavafx_font_pango.so
7f04c7e00000-7f04c7fff000 ---p 00004000 08:06 286446                     /usr/lib/jvm/java-8-oracle/jre/lib/amd64/libjavafx_font_pango.so
7f04c7fff000-7f04c8000000 rw-p 00003000 08:06 286446                     /usr/lib/jvm/java-8-oracle/jre/lib/amd64/libjavafx_font_pango.so
7f04c8000000-7f04c8021000 rw-p 00000000 00:00 0 
7f04c8021000-7f04cc000000 ---p 00000000 00:00 0 
7f04cc000000-7f04cc022000 rw-p 00000000 00:00 0 
7f04cc022000-7f04d0000000 ---p 00000000 00:00 0 
7f04d0000000-7f04d0021000 rw-p 00000000 00:00 0 
7f04d0021000-7f04d4000000 ---p 00000000 00:00 0 
7f04d4000000-7f04d4282000 rw-p 00000000 00:00 0 
7f04d4282000-7f04d8000000 ---p 00000000 00:00 0 
7f04d8000000-7f04d8021000 rw-p 00000000 00:00 0 
7f04d8021000-7f04dc000000 ---p 00000000 00:00 0 
7f04dc008000-7f04dc01b000 r--s 00345000 08:06 287797                     /usr/lib/jvm/java-8-oracle/jre/lib/resources.jar
7f04dc01b000-7f04dc0c6000 r--p 00000000 08:06 286496                     /usr/lib/jvm/java-8-oracle/jre/lib/fonts/LucidaSansRegular.ttf
7f04dc0c6000-7f04dc0d9000 r--p 00000000 08:06 286497                     /usr/lib/jvm/java-8-oracle/jre/lib/fonts/LucidaBrightDemiBold.ttf
7f04dc0d9000-7f04dc113000 r--p 00000000 08:06 286498                     /usr/lib/jvm/java-8-oracle/jre/lib/fonts/LucidaTypewriterBold.ttf
7f04dc113000-7f04dc127000 r--p 00000000 08:06 286501                     /usr/lib/jvm/java-8-oracle/jre/lib/fonts/LucidaBrightItalic.ttf
7f04dc127000-7f04dc175000 r--p 00000000 08:06 286702                     /usr/lib/jvm/java-8-oracle/jre/lib/fonts/LucidaSansDemiBold.ttf
7f04dc175000-7f04dc188000 r--p 00000000 08:06 286751                     /usr/lib/jvm/java-8-oracle/jre/lib/fonts/LucidaBrightDemiItalic.ttf
7f04dc188000-7f04dc18d000 r--s 00084000 08:06 286766                     /usr/lib/jvm/java-8-oracle/jre/lib/jfr.jar
7f04dc18d000-7f04dc38d000 rw-p 00000000 00:00 0 
7f04dc38d000-7f04dc398000 r--s 00000000 08:08 138339                     /var/cache/fontconfig/945677eb7aeaf62f1d50efc3fb3ec7d8-le64.cache-6
7f04dc398000-7f04dc3a0000 r--s 00000000 08:08 137272                     /var/cache/fontconfig/e25ca923d7a08ab6b0777bd7eb77ea77-le64.cache-6
7f04dc3a0000-7f04dc3a6000 r--s 00000000 08:08 136563                     /var/cache/fontconfig/2cd17615ca594fa2959ae173292e504c-le64.cache-6
7f04dc3a6000-7f04dc3a7000 r--s 00000000 08:08 136562                     /var/cache/fontconfig/0d8c3b2ac0904cb8a57a757ad11a4a08-le64.cache-6
7f04dc3a7000-7f04dc3bc000 r--s 00000000 08:08 136515                     /var/cache/fontconfig/04aabc0a78ac019cf9454389977116d2-le64.cache-6
7f04dc3bc000-7f04dc3bd000 r--s 00000000 08:08 136501                     /var/cache/fontconfig/1ac9eb803944fde146138c791f5cc56a-le64.cache-6
7f04dc3bd000-7f04dc3c1000 r--s 00000000 08:08 136375                     /var/cache/fontconfig/385c0604a188198f04d133e54aba7fe7-le64.cache-6
7f04dc3c1000-7f04dc3c2000 r--s 00000000 08:08 136263                     /var/cache/fontconfig/dc05db6664285cc2f12bf69c139ae4c3-le64.cache-6
7f04dc3c2000-7f04dc3c5000 r--s 00000000 08:08 136050                     /var/cache/fontconfig/767a8244fc0220cfb567a839d0392e0b-le64.cache-6
7f04dc3c5000-7f04dc3ca000 r--s 00000000 08:08 136046                     /var/cache/fontconfig/8801497958630a81b71ace7c5f9b32a8-le64.cache-6
7f04dc3ca000-7f04dc3d1000 r--s 00000000 08:08 135388                     /var/cache/fontconfig/3047814df9a2f067bd2d96a2b9c36e5a-le64.cache-6
7f04dc3d1000-7f04dc3d7000 r--s 00000000 08:08 135245                     /var/cache/fontconfig/b47c4e1ecd0709278f4910c18777a504-le64.cache-6
7f04dc3d7000-7f04dc3ea000 r--s 00000000 08:08 135240                     /var/cache/fontconfig/d52a8644073d54c13679302ca1180695-le64.cache-6
7f04dc3ea000-7f04dc3ef000 r-xp 00000000 08:06 286442                     /usr/lib/jvm/java-8-oracle/jre/lib/amd64/libjavafx_font_freetype.so
7f04dc3ef000-7f04dc5ee000 ---p 00005000 08:06 286442                     /usr/lib/jvm/java-8-oracle/jre/lib/amd64/libjavafx_font_freetype.so
7f04dc5ee000-7f04dc5ef000 rw-p 00004000 08:06 286442                     /usr/lib/jvm/java-8-oracle/jre/lib/amd64/libjavafx_font_freetype.so
7f04dc5ef000-7f04dc5f2000 r-xp 00000000 08:06 286403                     /usr/lib/jvm/java-8-oracle/jre/lib/amd64/libjavafx_font.so
7f04dc5f2000-7f04dc7f1000 ---p 00003000 08:06 286403                     /usr/lib/jvm/java-8-oracle/jre/lib/amd64/libjavafx_font.so
7f04dc7f1000-7f04dc7f2000 rw-p 00002000 08:06 286403                     /usr/lib/jvm/java-8-oracle/jre/lib/amd64/libjavafx_font.so
7f04dc7f2000-7f04dc9f2000 rw-p 00000000 00:00 0 
7f04dc9f2000-7f04dc9f5000 ---p 00000000 00:00 0 
7f04dc9f5000-7f04dcaf3000 rw-p 00000000 00:00 0 
7f04dcaf3000-7f04dcaf4000 ---p 00000000 00:00 0 
7f04dcaf4000-7f04dd2f4000 rw-p 00000000 00:00 0 
7f04dd2f4000-7f04dd2f5000 ---p 00000000 00:00 0 
7f04dd2f5000-7f04ddaf5000 rw-p 00000000 00:00 0 
7f04ddaf5000-7f04ddaf8000 ---p 00000000 00:00 0 
7f04ddaf8000-7f04ddbf6000 rw-p 00000000 00:00 0 
7f04ddbf6000-7f04ddbf9000 ---p 00000000 00:00 0 
7f04ddbf9000-7f04ddcf7000 rw-p 00000000 00:00 0 
7f04ddcf7000-7f04ddcf8000 ---p 00000000 00:00 0 
7f04ddcf8000-7f04de4f8000 rw-p 00000000 00:00 0 
7f04de4f8000-7f04de503000 r-xp 00000000 08:06 523554                     /usr/lib/x86_64-linux-gnu/gio/modules/libdconfsettings.so
7f04de503000-7f04de703000 ---p 0000b000 08:06 523554                     /usr/lib/x86_64-linux-gnu/gio/modules/libdconfsettings.so
7f04de703000-7f04de704000 r--p 0000b000 08:06 523554                     /usr/lib/x86_64-linux-gnu/gio/modules/libdconfsettings.so
7f04de704000-7f04de705000 rw-p 0000c000 08:06 523554                     /usr/lib/x86_64-linux-gnu/gio/modules/libdconfsettings.so
7f04de705000-7f04de70c000 r-xp 00000000 08:06 402206                     /usr/lib/x86_64-linux-gnu/libogg.so.0.8.2
7f04de70c000-7f04de90c000 ---p 00007000 08:06 402206                     /usr/lib/x86_64-linux-gnu/libogg.so.0.8.2
7f04de90c000-7f04de90d000 r--p 00007000 08:06 402206                     /usr/lib/x86_64-linux-gnu/libogg.so.0.8.2
7f04de90d000-7f04de90e000 rw-p 00008000 08:06 402206                     /usr/lib/x86_64-linux-gnu/libogg.so.0.8.2
7f04de90e000-7f04de938000 r-xp 00000000 08:06 402555                     /usr/lib/x86_64-linux-gnu/libvorbis.so.0.4.8
7f04de938000-7f04deb38000 ---p 0002a000 08:06 402555                     /usr/lib/x86_64-linux-gnu/libvorbis.so.0.4.8
7f04deb38000-7f04deb39000 r--p 0002a000 08:06 402555                     /usr/lib/x86_64-linux-gnu/libvorbis.so.0.4.8
7f04deb39000-7f04deb3a000 rw-p 0002b000 08:06 402555                     /usr/lib/x86_64-linux-gnu/libvorbis.so.0.4.8
7f04deb3a000-7f04deb43000 r-xp 00000000 08:06 402073                     /usr/lib/x86_64-linux-gnu/libltdl.so.7.3.1
7f04deb43000-7f04ded42000 ---p 00009000 08:06 402073                     /usr/lib/x86_64-linux-gnu/libltdl.so.7.3.1
7f04ded42000-7f04ded43000 r--p 00008000 08:06 402073                     /usr/lib/x86_64-linux-gnu/libltdl.so.7.3.1
7f04ded43000-7f04ded44000 rw-p 00009000 08:06 402073                     /usr/lib/x86_64-linux-gnu/libltdl.so.7.3.1
7f04ded44000-7f04ded58000 r-xp 00000000 08:06 402448                     /usr/lib/x86_64-linux-gnu/libtdb.so.1.3.8
7f04ded58000-7f04def57000 ---p 00014000 08:06 402448                     /usr/lib/x86_64-linux-gnu/libtdb.so.1.3.8
7f04def57000-7f04def58000 r--p 00013000 08:06 402448                     /usr/lib/x86_64-linux-gnu/libtdb.so.1.3.8
7f04def58000-7f04def59000 rw-p 00014000 08:06 402448                     /usr/lib/x86_64-linux-gnu/libtdb.so.1.3.8
7f04def59000-7f04def60000 r-xp 00000000 08:06 402559                     /usr/lib/x86_64-linux-gnu/libvorbisfile.so.3.3.7
7f04def60000-7f04df160000 ---p 00007000 08:06 402559                     /usr/lib/x86_64-linux-gnu/libvorbisfile.so.3.3.7
7f04df160000-7f04df161000 r--p 00007000 08:06 402559                     /usr/lib/x86_64-linux-gnu/libvorbisfile.so.3.3.7
7f04df161000-7f04df162000 rw-p 00008000 08:06 402559                     /usr/lib/x86_64-linux-gnu/libvorbisfile.so.3.3.7
7f04df162000-7f04df172000 r-xp 00000000 08:06 401470                     /usr/lib/x86_64-linux-gnu/libcanberra.so.0.2.5
7f04df172000-7f04df371000 ---p 00010000 08:06 401470                     /usr/lib/x86_64-linux-gnu/libcanberra.so.0.2.5
7f04df371000-7f04df372000 r--p 0000f000 08:06 401470                     /usr/lib/x86_64-linux-gnu/libcanberra.so.0.2.5
7f04df372000-7f04df373000 rw-p 00010000 08:06 401470                     /usr/lib/x86_64-linux-gnu/libcanberra.so.0.2.5
7f04df373000-7f04df377000 r-xp 00000000 08:06 401466                     /usr/lib/x86_64-linux-gnu/libcanberra-gtk.so.0.1.9
7f04df377000-7f04df576000 ---p 00004000 08:06 401466                     /usr/lib/x86_64-linux-gnu/libcanberra-gtk.so.0.1.9
7f04df576000-7f04df577000 r--p 00003000 08:06 401466                     /usr/lib/x86_64-linux-gnu/libcanberra-gtk.so.0.1.9
7f04df577000-7f04df578000 rw-p 00004000 08:06 401466                     /usr/lib/x86_64-linux-gnu/libcanberra-gtk.so.0.1.9
7f04df578000-7f04df57d000 r-xp 00000000 08:06 523769                     /usr/lib/x86_64-linux-gnu/gtk-2.0/modules/libcanberra-gtk-module.so
7f04df57d000-7f04df77c000 ---p 00005000 08:06 523769                     /usr/lib/x86_64-linux-gnu/gtk-2.0/modules/libcanberra-gtk-module.so
7f04df77c000-7f04df77d000 r--p 00004000 08:06 523769                     /usr/lib/x86_64-linux-gnu/gtk-2.0/modules/libcanberra-gtk-module.so
7f04df77d000-7f04df77e000 rw-p 00005000 08:06 523769                     /usr/lib/x86_64-linux-gnu/gtk-2.0/modules/libcanberra-gtk-module.so
7f04df77e000-7f04df7ae000 r-xp 00000000 08:06 523648                     /usr/lib/x86_64-linux-gnu/gtk-2.0/2.10.0/engines/libmurrine.so
7f04df7ae000-7f04df9ae000 ---p 00030000 08:06 523648                     /usr/lib/x86_64-linux-gnu/gtk-2.0/2.10.0/engines/libmurrine.so
7f04df9ae000-7f04df9af000 r--p 00030000 08:06 523648                     /usr/lib/x86_64-linux-gnu/gtk-2.0/2.10.0/engines/libmurrine.so
7f04df9af000-7f04df9b0000 rw-p 00031000 08:06 523648                     /usr/lib/x86_64-linux-gnu/gtk-2.0/2.10.0/engines/libmurrine.so
7f04df9b0000-7f04df9c0000 r-xp 00000000 08:06 402504                     /usr/lib/x86_64-linux-gnu/libunity-gtk2-parser.so.0.0.0
7f04df9c0000-7f04dfbc0000 ---p 00010000 08:06 402504                     /usr/lib/x86_64-linux-gnu/libunity-gtk2-parser.so.0.0.0
7f04dfbc0000-7f04dfbc1000 r--p 00010000 08:06 402504                     /usr/lib/x86_64-linux-gnu/libunity-gtk2-parser.so.0.0.0
7f04dfbc1000-7f04dfbc2000 rw-p 00011000 08:06 402504                     /usr/lib/x86_64-linux-gnu/libunity-gtk2-parser.so.0.0.0
7f04dfbc2000-7f04dfbc7000 r-xp 00000000 08:06 523773                     /usr/lib/x86_64-linux-gnu/gtk-2.0/modules/libunity-gtk-module.so
7f04dfbc7000-7f04dfdc6000 ---p 00005000 08:06 523773                     /usr/lib/x86_64-linux-gnu/gtk-2.0/modules/libunity-gtk-module.so
7f04dfdc6000-7f04dfdc7000 r--p 00004000 08:06 523773                     /usr/lib/x86_64-linux-gnu/gtk-2.0/modules/libunity-gtk-module.so
7f04dfdc7000-7f04dfdc8000 rw-p 00005000 08:06 523773                     /usr/lib/x86_64-linux-gnu/gtk-2.0/modules/libunity-gtk-module.so
7f04dfdc8000-7f04dfdda000 r-xp 00000000 08:06 136222                     /lib/x86_64-linux-gnu/libgpg-error.so.0.17.0
7f04dfdda000-7f04dffda000 ---p 00012000 08:06 136222                     /lib/x86_64-linux-gnu/libgpg-error.so.0.17.0
7f04dffda000-7f04dffdb000 r--p 00012000 08:06 136222                     /lib/x86_64-linux-gnu/libgpg-error.so.0.17.0
7f04dffdb000-7f04dffdc000 rw-p 00013000 08:06 136222                     /lib/x86_64-linux-gnu/libgpg-error.so.0.17.0
7f04dffdc000-7f04e00b4000 r-xp 00000000 08:06 130337                     /lib/x86_64-linux-gnu/libgcrypt.so.20.0.5
7f04e00b4000-7f04e02b3000 ---p 000d8000 08:06 130337                     /lib/x86_64-linux-gnu/libgcrypt.so.20.0.5
7f04e02b3000-7f04e02b4000 r--p 000d7000 08:06 130337                     /lib/x86_64-linux-gnu/libgcrypt.so.20.0.5
7f04e02b4000-7f04e02bc000 rw-p 000d8000 08:06 130337                     /lib/x86_64-linux-gnu/libgcrypt.so.20.0.5
7f04e02bc000-7f04e02bd000 rw-p 00000000 00:00 0 
7f04e02bd000-7f04e02de000 r-xp 00000000 08:06 136245                     /lib/x86_64-linux-gnu/liblzma.so.5.0.0
7f04e02de000-7f04e04dd000 ---p 00021000 08:06 136245                     /lib/x86_64-linux-gnu/liblzma.so.5.0.0
7f04e04dd000-7f04e04de000 r--p 00020000 08:06 136245                     /lib/x86_64-linux-gnu/liblzma.so.5.0.0
7f04e04de000-7f04e04df000 rw-p 00021000 08:06 136245                     /lib/x86_64-linux-gnu/liblzma.so.5.0.0
7f04e04df000-7f04e055f000 r-xp 00000000 08:06 130355                     /lib/x86_64-linux-gnu/libsystemd.so.0.14.0
7f04e055f000-7f04e0562000 r--p 0007f000 08:06 130355                     /lib/x86_64-linux-gnu/libsystemd.so.0.14.0
7f04e0562000-7f04e0563000 rw-p 00082000 08:06 130355                     /lib/x86_64-linux-gnu/libsystemd.so.0.14.0
7f04e0563000-7f04e0564000 rw-p 00000000 00:00 0 
7f04e0564000-7f04e05ae000 r-xp 00000000 08:06 136194                     /lib/x86_64-linux-gnu/libdbus-1.so.3.14.6
7f04e05ae000-7f04e07ae000 ---p 0004a000 08:06 136194                     /lib/x86_64-linux-gnu/libdbus-1.so.3.14.6
7f04e07ae000-7f04e07af000 r--p 0004a000 08:06 136194                     /lib/x86_64-linux-gnu/libdbus-1.so.3.14.6
7f04e07af000-7f04e07b0000 rw-p 0004b000 08:06 136194                     /lib/x86_64-linux-gnu/libdbus-1.so.3.14.6
7f04e07b0000-7f04e07dc000 r-xp 00000000 08:06 401412                     /usr/lib/x86_64-linux-gnu/libatspi.so.0.0.1
7f04e07dc000-7f04e09db000 ---p 0002c000 08:06 401412                     /usr/lib/x86_64-linux-gnu/libatspi.so.0.0.1
7f04e09db000-7f04e09de000 r--p 0002b000 08:06 401412                     /usr/lib/x86_64-linux-gnu/libatspi.so.0.0.1
7f04e09de000-7f04e09df000 rw-p 0002e000 08:06 401412                     /usr/lib/x86_64-linux-gnu/libatspi.so.0.0.1
7f04e09df000-7f04e0a0c000 r-xp 00000000 08:06 401406                     /usr/lib/x86_64-linux-gnu/libatk-bridge-2.0.so.0.0.0
7f04e0a0c000-7f04e0c0b000 ---p 0002d000 08:06 401406                     /usr/lib/x86_64-linux-gnu/libatk-bridge-2.0.so.0.0.0
7f04e0c0b000-7f04e0c0c000 r--p 0002c000 08:06 401406                     /usr/lib/x86_64-linux-gnu/libatk-bridge-2.0.so.0.0.0
7f04e0c0c000-7f04e0c0e000 rw-p 0002d000 08:06 401406                     /usr/lib/x86_64-linux-gnu/libatk-bridge-2.0.so.0.0.0
7f04e0c0e000-7f04e0c0f000 r-xp 00000000 08:06 523768                     /usr/lib/x86_64-linux-gnu/gtk-2.0/modules/libatk-bridge.so
7f04e0c0f000-7f04e0e0e000 ---p 00001000 08:06 523768                     /usr/lib/x86_64-linux-gnu/gtk-2.0/modules/libatk-bridge.so
7f04e0e0e000-7f04e0e0f000 r--p 00000000 08:06 523768                     /usr/lib/x86_64-linux-gnu/gtk-2.0/modules/libatk-bridge.so
7f04e0e0f000-7f04e0e10000 rw-p 00001000 08:06 523768                     /usr/lib/x86_64-linux-gnu/gtk-2.0/modules/libatk-bridge.so
7f04e0e10000-7f04e0e17000 r-xp 00000000 08:06 401741                     /usr/lib/x86_64-linux-gnu/libgailutil.so.18.0.1
7f04e0e17000-7f04e1016000 ---p 00007000 08:06 401741                     /usr/lib/x86_64-linux-gnu/libgailutil.so.18.0.1
7f04e1016000-7f04e1017000 r--p 00006000 08:06 401741                     /usr/lib/x86_64-linux-gnu/libgailutil.so.18.0.1
7f04e1017000-7f04e1018000 rw-p 00007000 08:06 401741                     /usr/lib/x86_64-linux-gnu/libgailutil.so.18.0.1
7f04e1018000-7f04e1066000 r-xp 00000000 08:06 523771                     /usr/lib/x86_64-linux-gnu/gtk-2.0/modules/libgail.so
7f04e1066000-7f04e1265000 ---p 0004e000 08:06 523771                     /usr/lib/x86_64-linux-gnu/gtk-2.0/modules/libgail.so
7f04e1265000-7f04e1266000 r--p 0004d000 08:06 523771                     /usr/lib/x86_64-linux-gnu/gtk-2.0/modules/libgail.so
7f04e1266000-7f04e1268000 rw-p 0004e000 08:06 523771                     /usr/lib/x86_64-linux-gnu/gtk-2.0/modules/libgail.so
7f04e1268000-7f04e1279000 r-xp 00000000 08:06 523772                     /usr/lib/x86_64-linux-gnu/gtk-2.0/modules/liboverlay-scrollbar.so
7f04e1279000-7f04e1479000 ---p 00011000 08:06 523772                     /usr/lib/x86_64-linux-gnu/gtk-2.0/modules/liboverlay-scrollbar.so
7f04e1479000-7f04e147a000 r--p 00011000 08:06 523772                     /usr/lib/x86_64-linux-gnu/gtk-2.0/modules/liboverlay-scrollbar.so
7f04e147a000-7f04e147b000 rw-p 00012000 08:06 523772                     /usr/lib/x86_64-linux-gnu/gtk-2.0/modules/liboverlay-scrollbar.so
7f04e147b000-7f04e14a4000 r-xp 00000000 08:06 286454                     /usr/lib/jvm/java-8-oracle/jre/lib/amd64/libglass.so
7f04e14a4000-7f04e16a3000 ---p 00029000 08:06 286454                     /usr/lib/jvm/java-8-oracle/jre/lib/amd64/libglass.so
7f04e16a3000-7f04e16a6000 rw-p 00028000 08:06 286454                     /usr/lib/jvm/java-8-oracle/jre/lib/amd64/libglass.so
7f04e16a6000-7f04e16dd000 r-xp 00000000 08:06 402485                     /usr/lib/x86_64-linux-gnu/libtxc_dxtn_s2tc.so.0.0.0
7f04e16dd000-7f04e18dc000 ---p 00037000 08:06 402485                     /usr/lib/x86_64-linux-gnu/libtxc_dxtn_s2tc.so.0.0.0
7f04e18dc000-7f04e18dd000 r--p 00036000 08:06 402485                     /usr/lib/x86_64-linux-gnu/libtxc_dxtn_s2tc.so.0.0.0
7f04e18dd000-7f04e18de000 rw-p 00037000 08:06 402485                     /usr/lib/x86_64-linux-gnu/libtxc_dxtn_s2tc.so.0.0.0
7f04e18de000-7f04e18e6000 r-xp 00000000 08:06 402247                     /usr/lib/x86_64-linux-gnu/libpciaccess.so.0.11.1
7f04e18e6000-7f04e1ae6000 ---p 00008000 08:06 402247                     /usr/lib/x86_64-linux-gnu/libpciaccess.so.0.11.1
7f04e1ae6000-7f04e1ae7000 r--p 00008000 08:06 402247                     /usr/lib/x86_64-linux-gnu/libpciaccess.so.0.11.1
7f04e1ae7000-7f04e1ae8000 rw-p 00009000 08:06 402247                     /usr/lib/x86_64-linux-gnu/libpciaccess.so.0.11.1
7f04e1ae8000-7f04e1af3000 r-xp 00000000 08:06 401609                     /usr/lib/x86_64-linux-gnu/libdrm_radeon.so.1.0.1
7f04e1af3000-7f04e1cf2000 ---p 0000b000 08:06 401609                     /usr/lib/x86_64-linux-gnu/libdrm_radeon.so.1.0.1
7f04e1cf2000-7f04e1cf3000 r--p 0000a000 08:06 401609                     /usr/lib/x86_64-linux-gnu/libdrm_radeon.so.1.0.1
7f04e1cf3000-7f04e1cf4000 rw-p 0000b000 08:06 401609                     /usr/lib/x86_64-linux-gnu/libdrm_radeon.so.1.0.1
7f04e1cf4000-7f04e1cfb000 r-xp 00000000 08:06 401607                     /usr/lib/x86_64-linux-gnu/libdrm_nouveau.so.2.0.0
7f04e1cfb000-7f04e1efa000 ---p 00007000 08:06 401607                     /usr/lib/x86_64-linux-gnu/libdrm_nouveau.so.2.0.0
7f04e1efa000-7f04e1efb000 r--p 00006000 08:06 401607                     /usr/lib/x86_64-linux-gnu/libdrm_nouveau.so.2.0.0
7f04e1efb000-7f04e1efc000 rw-p 00007000 08:06 401607                     /usr/lib/x86_64-linux-gnu/libdrm_nouveau.so.2.0.0
7f04e1efc000-7f04e1f1c000 r-xp 00000000 08:06 401605                     /usr/lib/x86_64-linux-gnu/libdrm_intel.so.1.0.0
7f04e1f1c000-7f04e211b000 ---p 00020000 08:06 401605                     /usr/lib/x86_64-linux-gnu/libdrm_intel.so.1.0.0
7f04e211b000-7f04e211c000 r--p 0001f000 08:06 401605                     /usr/lib/x86_64-linux-gnu/libdrm_intel.so.1.0.0
7f04e211c000-7f04e211d000 rw-p 00020000 08:06 401605                     /usr/lib/x86_64-linux-gnu/libdrm_intel.so.1.0.0
7f04e211d000-7f04e2722000 r-xp 00000000 08:06 524258                     /usr/lib/x86_64-linux-gnu/dri/i965_dri.so
7f04e2722000-7f04e2922000 ---p 00605000 08:06 524258                     /usr/lib/x86_64-linux-gnu/dri/i965_dri.so
7f04e2922000-7f04e2958000 r--p 00605000 08:06 524258                     /usr/lib/x86_64-linux-gnu/dri/i965_dri.so
7f04e2958000-7f04e295f000 rw-p 0063b000 08:06 524258                     /usr/lib/x86_64-linux-gnu/dri/i965_dri.so
7f04e295f000-7f04e2967000 rw-p 00000000 00:00 0 
7f04e2967000-7f04e296d000 r-xp 00000000 08:06 401553                     /usr/lib/x86_64-linux-gnu/libdatrie.so.1.3.3
7f04e296d000-7f04e2b6d000 ---p 00006000 08:06 401553                     /usr/lib/x86_64-linux-gnu/libdatrie.so.1.3.3
7f04e2b6d000-7f04e2b6e000 r--p 00006000 08:06 401553                     /usr/lib/x86_64-linux-gnu/libdatrie.so.1.3.3
7f04e2b6e000-7f04e2b6f000 rw-p 00007000 08:06 401553                     /usr/lib/x86_64-linux-gnu/libdatrie.so.1.3.3
7f04e2b6f000-7f04e2b74000 r-xp 00000000 08:06 401311                     /usr/lib/x86_64-linux-gnu/libXdmcp.so.6.0.0
7f04e2b74000-7f04e2d73000 ---p 00005000 08:06 401311                     /usr/lib/x86_64-linux-gnu/libXdmcp.so.6.0.0
7f04e2d73000-7f04e2d74000 r--p 00004000 08:06 401311                     /usr/lib/x86_64-linux-gnu/libXdmcp.so.6.0.0
7f04e2d74000-7f04e2d75000 rw-p 00005000 08:06 401311                     /usr/lib/x86_64-linux-gnu/libXdmcp.so.6.0.0
7f04e2d75000-7f04e2d77000 r-xp 00000000 08:06 401300                     /usr/lib/x86_64-linux-gnu/libXau.so.6.0.0
7f04e2d77000-7f04e2f77000 ---p 00002000 08:06 401300                     /usr/lib/x86_64-linux-gnu/libXau.so.6.0.0
7f04e2f77000-7f04e2f78000 r--p 00002000 08:06 401300                     /usr/lib/x86_64-linux-gnu/libXau.so.6.0.0
7f04e2f78000-7f04e2f79000 rw-p 00003000 08:06 401300                     /usr/lib/x86_64-linux-gnu/libXau.so.6.0.0
7f04e2f79000-7f04e2f9c000 r-xp 00000000 08:06 401857                     /usr/lib/x86_64-linux-gnu/libgraphite2.so.3.0.1
7f04e2f9c000-7f04e319b000 ---p 00023000 08:06 401857                     /usr/lib/x86_64-linux-gnu/libgraphite2.so.3.0.1
7f04e319b000-7f04e319d000 r--p 00022000 08:06 401857                     /usr/lib/x86_64-linux-gnu/libgraphite2.so.3.0.1
7f04e319d000-7f04e319e000 rw-p 00024000 08:06 401857                     /usr/lib/x86_64-linux-gnu/libgraphite2.so.3.0.1
7f04e319e000-7f04e31ac000 r-xp 00000000 08:06 393260                     /usr/lib/x86_64-linux-gnu/libdrm.so.2.4.0
7f04e31ac000-7f04e33ab000 ---p 0000e000 08:06 393260                     /usr/lib/x86_64-linux-gnu/libdrm.so.2.4.0
7f04e33ab000-7f04e33ac000 r--p 0000d000 08:06 393260                     /usr/lib/x86_64-linux-gnu/libdrm.so.2.4.0
7f04e33ac000-7f04e33ad000 rw-p 0000e000 08:06 393260                     /usr/lib/x86_64-linux-gnu/libdrm.so.2.4.0
7f04e33ad000-7f04e33b1000 r-xp 00000000 08:06 402646                     /usr/lib/x86_64-linux-gnu/libxcb-dri2.so.0.0.0
7f04e33b1000-7f04e35b0000 ---p 00004000 08:06 402646                     /usr/lib/x86_64-linux-gnu/libxcb-dri2.so.0.0.0
7f04e35b0000-7f04e35b1000 r--p 00003000 08:06 402646                     /usr/lib/x86_64-linux-gnu/libxcb-dri2.so.0.0.0
7f04e35b1000-7f04e35b2000 rw-p 00004000 08:06 402646                     /usr/lib/x86_64-linux-gnu/libxcb-dri2.so.0.0.0
7f04e35b2000-7f04e35c9000 r-xp 00000000 08:06 402650                     /usr/lib/x86_64-linux-gnu/libxcb-glx.so.0.0.0
7f04e35c9000-7f04e37c8000 ---p 00017000 08:06 402650                     /usr/lib/x86_64-linux-gnu/libxcb-glx.so.0.0.0
7f04e37c8000-7f04e37ca000 r--p 00016000 08:06 402650                     /usr/lib/x86_64-linux-gnu/libxcb-glx.so.0.0.0
7f04e37ca000-7f04e37cb000 rw-p 00018000 08:06 402650                     /usr/lib/x86_64-linux-gnu/libxcb-glx.so.0.0.0
7f04e37cb000-7f04e37cc000 r-xp 00000000 08:06 401294                     /usr/lib/x86_64-linux-gnu/libX11-xcb.so.1.0.0
7f04e37cc000-7f04e39cb000 ---p 00001000 08:06 401294                     /usr/lib/x86_64-linux-gnu/libX11-xcb.so.1.0.0
7f04e39cb000-7f04e39cc000 r--p 00000000 08:06 401294                     /usr/lib/x86_64-linux-gnu/libX11-xcb.so.1.0.0
7f04e39cc000-7f04e39cd000 rw-p 00001000 08:06 401294                     /usr/lib/x86_64-linux-gnu/libX11-xcb.so.1.0.0
7f04e39cd000-7f04e39f6000 r-xp 00000000 08:06 397464                     /usr/lib/x86_64-linux-gnu/libglapi.so.0.0.0
7f04e39f6000-7f04e3bf5000 ---p 00029000 08:06 397464                     /usr/lib/x86_64-linux-gnu/libglapi.so.0.0.0
7f04e3bf5000-7f04e3bf9000 r--p 00028000 08:06 397464                     /usr/lib/x86_64-linux-gnu/libglapi.so.0.0.0
7f04e3bf9000-7f04e3bfa000 rw-p 0002c000 08:06 397464                     /usr/lib/x86_64-linux-gnu/libglapi.so.0.0.0
7f04e3bfa000-7f04e3bfb000 rw-p 00000000 00:00 0 
7f04e3bfb000-7f04e3bfc000 r-xp 00000000 08:06 402690                     /usr/lib/x86_64-linux-gnu/libxshmfence.so.1.0.0
7f04e3bfc000-7f04e3dfc000 ---p 00001000 08:06 402690                     /usr/lib/x86_64-linux-gnu/libxshmfence.so.1.0.0
7f04e3dfc000-7f04e3dfd000 r--p 00001000 08:06 402690                     /usr/lib/x86_64-linux-gnu/libxshmfence.so.1.0.0
7f04e3dfd000-7f04e3dfe000 rw-p 00002000 08:06 402690                     /usr/lib/x86_64-linux-gnu/libxshmfence.so.1.0.0
7f04e3dfe000-7f04e3e03000 r-xp 00000000 08:06 402670                     /usr/lib/x86_64-linux-gnu/libxcb-sync.so.1.0.0
7f04e3e03000-7f04e4003000 ---p 00005000 08:06 402670                     /usr/lib/x86_64-linux-gnu/libxcb-sync.so.1.0.0
7f04e4003000-7f04e4004000 r--p 00005000 08:06 402670                     /usr/lib/x86_64-linux-gnu/libxcb-sync.so.1.0.0
7f04e4004000-7f04e4005000 rw-p 00006000 08:06 402670                     /usr/lib/x86_64-linux-gnu/libxcb-sync.so.1.0.0
7f04e4005000-7f04e4007000 r-xp 00000000 08:06 402658                     /usr/lib/x86_64-linux-gnu/libxcb-present.so.0.0.0
7f04e4007000-7f04e4206000 ---p 00002000 08:06 402658                     /usr/lib/x86_64-linux-gnu/libxcb-present.so.0.0.0
7f04e4206000-7f04e4207000 r--p 00001000 08:06 402658                     /usr/lib/x86_64-linux-gnu/libxcb-present.so.0.0.0
7f04e4207000-7f04e4208000 rw-p 00002000 08:06 402658                     /usr/lib/x86_64-linux-gnu/libxcb-present.so.0.0.0
7f04e4208000-7f04e420a000 r-xp 00000000 08:06 402648                     /usr/lib/x86_64-linux-gnu/libxcb-dri3.so.0.0.0
7f04e420a000-7f04e4409000 ---p 00002000 08:06 402648                     /usr/lib/x86_64-linux-gnu/libxcb-dri3.so.0.0.0
7f04e4409000-7f04e440a000 r--p 00001000 08:06 402648                     /usr/lib/x86_64-linux-gnu/libxcb-dri3.so.0.0.0
7f04e440a000-7f04e440b000 rw-p 00002000 08:06 402648                     /usr/lib/x86_64-linux-gnu/libxcb-dri3.so.0.0.0
7f04e440b000-7f04e4479000 r-xp 00000000 08:06 136307                     /lib/x86_64-linux-gnu/libpcre.so.3.13.2
7f04e4479000-7f04e4679000 ---p 0006e000 08:06 136307                     /lib/x86_64-linux-gnu/libpcre.so.3.13.2
7f04e4679000-7f04e467a000 r--p 0006e000 08:06 136307                     /lib/x86_64-linux-gnu/libpcre.so.3.13.2
7f04e467a000-7f04e467b000 rw-p 0006f000 08:06 136307                     /lib/x86_64-linux-gnu/libpcre.so.3.13.2
7f04e467b000-7f04e4682000 r-xp 00000000 08:06 401682                     /usr/lib/x86_64-linux-gnu/libffi.so.6.0.4
7f04e4682000-7f04e4881000 ---p 00007000 08:06 401682                     /usr/lib/x86_64-linux-gnu/libffi.so.6.0.4
7f04e4881000-7f04e4882000 r--p 00006000 08:06 401682                     /usr/lib/x86_64-linux-gnu/libffi.so.6.0.4
7f04e4882000-7f04e4883000 rw-p 00007000 08:06 401682                     /usr/lib/x86_64-linux-gnu/libffi.so.6.0.4
7f04e4883000-7f04e48a9000 r-xp 00000000 08:06 130323                     /lib/x86_64-linux-gnu/libexpat.so.1.6.0
7f04e48a9000-7f04e4aa9000 ---p 00026000 08:06 130323                     /lib/x86_64-linux-gnu/libexpat.so.1.6.0
7f04e4aa9000-7f04e4aab000 r--p 00026000 08:06 130323                     /lib/x86_64-linux-gnu/libexpat.so.1.6.0
7f04e4aab000-7f04e4aac000 rw-p 00028000 08:06 130323                     /lib/x86_64-linux-gnu/libexpat.so.1.6.0
7f04e4aac000-7f04e4ab4000 r-xp 00000000 08:06 402456                     /usr/lib/x86_64-linux-gnu/libthai.so.0.2.4
7f04e4ab4000-7f04e4cb3000 ---p 00008000 08:06 402456                     /usr/lib/x86_64-linux-gnu/libthai.so.0.2.4
7f04e4cb3000-7f04e4cb4000 r--p 00007000 08:06 402456                     /usr/lib/x86_64-linux-gnu/libthai.so.0.2.4
7f04e4cb4000-7f04e4cb5000 rw-p 00008000 08:06 402456                     /usr/lib/x86_64-linux-gnu/libthai.so.0.2.4
7f04e4cb5000-7f04e4cd6000 r-xp 00000000 08:06 402678                     /usr/lib/x86_64-linux-gnu/libxcb.so.1.1.0
7f04e4cd6000-7f04e4ed5000 ---p 00021000 08:06 402678                     /usr/lib/x86_64-linux-gnu/libxcb.so.1.1.0
7f04e4ed5000-7f04e4ed6000 r--p 00020000 08:06 402678                     /usr/lib/x86_64-linux-gnu/libxcb.so.1.1.0
7f04e4ed6000-7f04e4ed7000 rw-p 00021000 08:06 402678                     /usr/lib/x86_64-linux-gnu/libxcb.so.1.1.0
7f04e4ed7000-7f04e4edf000 r-xp 00000000 08:06 402664                     /usr/lib/x86_64-linux-gnu/libxcb-render.so.0.0.0
7f04e4edf000-7f04e50df000 ---p 00008000 08:06 402664                     /usr/lib/x86_64-linux-gnu/libxcb-render.so.0.0.0
7f04e50df000-7f04e50e0000 r--p 00008000 08:06 402664                     /usr/lib/x86_64-linux-gnu/libxcb-render.so.0.0.0
7f04e50e0000-7f04e50e1000 rw-p 00009000 08:06 402664                     /usr/lib/x86_64-linux-gnu/libxcb-render.so.0.0.0
7f04e50e1000-7f04e50e3000 r-xp 00000000 08:06 402668                     /usr/lib/x86_64-linux-gnu/libxcb-shm.so.0.0.0
7f04e50e3000-7f04e52e3000 ---p 00002000 08:06 402668                     /usr/lib/x86_64-linux-gnu/libxcb-shm.so.0.0.0
7f04e52e3000-7f04e52e4000 r--p 00002000 08:06 402668                     /usr/lib/x86_64-linux-gnu/libxcb-shm.so.0.0.0
7f04e52e4000-7f04e52e5000 rw-p 00003000 08:06 402668                     /usr/lib/x86_64-linux-gnu/libxcb-shm.so.0.0.0
7f04e52e5000-7f04e5309000 r-xp 00000000 08:06 136319                     /lib/x86_64-linux-gnu/libpng12.so.0.54.0
7f04e5309000-7f04e5508000 ---p 00024000 08:06 136319                     /lib/x86_64-linux-gnu/libpng12.so.0.54.0
7f04e5508000-7f04e5509000 r--p 00023000 08:06 136319                     /lib/x86_64-linux-gnu/libpng12.so.0.54.0
7f04e5509000-7f04e550a000 rw-p 00024000 08:06 136319                     /lib/x86_64-linux-gnu/libpng12.so.0.54.0
7f04e550a000-7f04e55a9000 r-xp 00000000 08:06 402261                     /usr/lib/x86_64-linux-gnu/libpixman-1.so.0.33.6
7f04e55a9000-7f04e57a9000 ---p 0009f000 08:06 402261                     /usr/lib/x86_64-linux-gnu/libpixman-1.so.0.33.6
7f04e57a9000-7f04e57b1000 r--p 0009f000 08:06 402261                     /usr/lib/x86_64-linux-gnu/libpixman-1.so.0.33.6
7f04e57b1000-7f04e57b2000 rw-p 000a7000 08:06 402261                     /usr/lib/x86_64-linux-gnu/libpixman-1.so.0.33.6
7f04e57b2000-7f04e580e000 r-xp 00000000 08:06 401943                     /usr/lib/x86_64-linux-gnu/libharfbuzz.so.0.10000.1
7f04e580e000-7f04e5a0e000 ---p 0005c000 08:06 401943                     /usr/lib/x86_64-linux-gnu/libharfbuzz.so.0.10000.1
7f04e5a0e000-7f04e5a0f000 r--p 0005c000 08:06 401943                     /usr/lib/x86_64-linux-gnu/libharfbuzz.so.0.10000.1
7f04e5a0f000-7f04e5a10000 rw-p 0005d000 08:06 401943                     /usr/lib/x86_64-linux-gnu/libharfbuzz.so.0.10000.1
7f04e5a10000-7f04e5a27000 r-xp 00000000 08:06 136330                     /lib/x86_64-linux-gnu/libresolv-2.23.so
7f04e5a27000-7f04e5c27000 ---p 00017000 08:06 136330                     /lib/x86_64-linux-gnu/libresolv-2.23.so
7f04e5c27000-7f04e5c28000 r--p 00017000 08:06 136330                     /lib/x86_64-linux-gnu/libresolv-2.23.so
7f04e5c28000-7f04e5c29000 rw-p 00018000 08:06 136330                     /lib/x86_64-linux-gnu/libresolv-2.23.so
7f04e5c29000-7f04e5c2b000 rw-p 00000000 00:00 0 
7f04e5c2b000-7f04e5c4a000 r-xp 00000000 08:06 136336                     /lib/x86_64-linux-gnu/libselinux.so.1
7f04e5c4a000-7f04e5e49000 ---p 0001f000 08:06 136336                     /lib/x86_64-linux-gnu/libselinux.so.1
7f04e5e49000-7f04e5e4a000 r--p 0001e000 08:06 136336                     /lib/x86_64-linux-gnu/libselinux.so.1
7f04e5e4a000-7f04e5e4b000 rw-p 0001f000 08:06 136336                     /lib/x86_64-linux-gnu/libselinux.so.1
7f04e5e4b000-7f04e5e4d000 rw-p 00000000 00:00 0 
7f04e5e4d000-7f04e5e66000 r-xp 00000000 08:06 136369                     /lib/x86_64-linux-gnu/libz.so.1.2.8
7f04e5e66000-7f04e6065000 ---p 00019000 08:06 136369                     /lib/x86_64-linux-gnu/libz.so.1.2.8
7f04e6065000-7f04e6066000 r--p 00018000 08:06 136369                     /lib/x86_64-linux-gnu/libz.so.1.2.8
7f04e6066000-7f04e6067000 rw-p 00019000 08:06 136369                     /lib/x86_64-linux-gnu/libz.so.1.2.8
7f04e6067000-7f04e6078000 r-xp 00000000 08:06 401313                     /usr/lib/x86_64-linux-gnu/libXext.so.6.4.0
7f04e6078000-7f04e6277000 ---p 00011000 08:06 401313                     /usr/lib/x86_64-linux-gnu/libXext.so.6.4.0
7f04e6277000-7f04e6278000 r--p 00010000 08:06 401313                     /usr/lib/x86_64-linux-gnu/libXext.so.6.4.0
7f04e6278000-7f04e6279000 rw-p 00011000 08:06 401313                     /usr/lib/x86_64-linux-gnu/libXext.so.6.4.0
7f04e6279000-7f04e627b000 r-xp 00000000 08:06 401309                     /usr/lib/x86_64-linux-gnu/libXdamage.so.1.1.0
7f04e627b000-7f04e647a000 ---p 00002000 08:06 401309                     /usr/lib/x86_64-linux-gnu/libXdamage.so.1.1.0
7f04e647a000-7f04e647b000 r--p 00001000 08:06 401309                     /usr/lib/x86_64-linux-gnu/libXdamage.so.1.1.0
7f04e647b000-7f04e647c000 rw-p 00002000 08:06 401309                     /usr/lib/x86_64-linux-gnu/libXdamage.so.1.1.0
7f04e647c000-7f04e647e000 r-xp 00000000 08:06 401305                     /usr/lib/x86_64-linux-gnu/libXcomposite.so.1.0.0
7f04e647e000-7f04e667d000 ---p 00002000 08:06 401305                     /usr/lib/x86_64-linux-gnu/libXcomposite.so.1.0.0
7f04e667d000-7f04e667e000 r--p 00001000 08:06 401305                     /usr/lib/x86_64-linux-gnu/libXcomposite.so.1.0.0
7f04e667e000-7f04e667f000 rw-p 00002000 08:06 401305                     /usr/lib/x86_64-linux-gnu/libXcomposite.so.1.0.0
7f04e667f000-7f04e6688000 r-xp 00000000 08:06 401307                     /usr/lib/x86_64-linux-gnu/libXcursor.so.1.0.2
7f04e6688000-7f04e6887000 ---p 00009000 08:06 401307                     /usr/lib/x86_64-linux-gnu/libXcursor.so.1.0.2
7f04e6887000-7f04e6888000 r--p 00008000 08:06 401307                     /usr/lib/x86_64-linux-gnu/libXcursor.so.1.0.2
7f04e6888000-7f04e6889000 rw-p 00009000 08:06 401307                     /usr/lib/x86_64-linux-gnu/libXcursor.so.1.0.2
7f04e6889000-7f04e6893000 r-xp 00000000 08:06 401331                     /usr/lib/x86_64-linux-gnu/libXrandr.so.2.2.0
7f04e6893000-7f04e6a92000 ---p 0000a000 08:06 401331                     /usr/lib/x86_64-linux-gnu/libXrandr.so.2.2.0
7f04e6a92000-7f04e6a93000 r--p 00009000 08:06 401331                     /usr/lib/x86_64-linux-gnu/libXrandr.so.2.2.0
7f04e6a93000-7f04e6a94000 rw-p 0000a000 08:06 401331                     /usr/lib/x86_64-linux-gnu/libXrandr.so.2.2.0
7f04e6a94000-7f04e6aa3000 r-xp 00000000 08:06 401321                     /usr/lib/x86_64-linux-gnu/libXi.so.6.1.0
7f04e6aa3000-7f04e6ca2000 ---p 0000f000 08:06 401321                     /usr/lib/x86_64-linux-gnu/libXi.so.6.1.0
7f04e6ca2000-7f04e6ca3000 r--p 0000e000 08:06 401321                     /usr/lib/x86_64-linux-gnu/libXi.so.6.1.0
7f04e6ca3000-7f04e6ca4000 rw-p 0000f000 08:06 401321                     /usr/lib/x86_64-linux-gnu/libXi.so.6.1.0
7f04e6ca4000-7f04e6ca6000 r-xp 00000000 08:06 401323                     /usr/lib/x86_64-linux-gnu/libXinerama.so.1.0.0
7f04e6ca6000-7f04e6ea5000 ---p 00002000 08:06 401323                     /usr/lib/x86_64-linux-gnu/libXinerama.so.1.0.0
7f04e6ea5000-7f04e6ea6000 r--p 00001000 08:06 401323                     /usr/lib/x86_64-linux-gnu/libXinerama.so.1.0.0
7f04e6ea6000-7f04e6ea7000 rw-p 00002000 08:06 401323                     /usr/lib/x86_64-linux-gnu/libXinerama.so.1.0.0
7f04e6ea7000-7f04e6eb0000 r-xp 00000000 08:06 401333                     /usr/lib/x86_64-linux-gnu/libXrender.so.1.3.0
7f04e6eb0000-7f04e70af000 ---p 00009000 08:06 401333                     /usr/lib/x86_64-linux-gnu/libXrender.so.1.3.0
7f04e70af000-7f04e70b0000 r--p 00008000 08:06 401333                     /usr/lib/x86_64-linux-gnu/libXrender.so.1.3.0
7f04e70b0000-7f04e70b1000 rw-p 00009000 08:06 401333                     /usr/lib/x86_64-linux-gnu/libXrender.so.1.3.0
7f04e70b1000-7f04e70b6000 r-xp 00000000 08:06 401315                     /usr/lib/x86_64-linux-gnu/libXfixes.so.3.1.0
7f04e70b6000-7f04e72b5000 ---p 00005000 08:06 401315                     /usr/lib/x86_64-linux-gnu/libXfixes.so.3.1.0
7f04e72b5000-7f04e72b6000 r--p 00004000 08:06 401315                     /usr/lib/x86_64-linux-gnu/libXfixes.so.3.1.0
7f04e72b6000-7f04e72b7000 rw-p 00005000 08:06 401315                     /usr/lib/x86_64-linux-gnu/libXfixes.so.3.1.0
7f04e72b7000-7f04e72cd000 r-xp 00000000 08:06 136216                     /lib/x86_64-linux-gnu/libgcc_s.so.1
7f04e72cd000-7f04e74cc000 ---p 00016000 08:06 136216                     /lib/x86_64-linux-gnu/libgcc_s.so.1
7f04e74cc000-7f04e74cd000 rw-p 00015000 08:06 136216                     /lib/x86_64-linux-gnu/libgcc_s.so.1
7f04e74cd000-7f04e763f000 r-xp 00000000 08:06 392705                     /usr/lib/x86_64-linux-gnu/libstdc++.so.6.0.21
7f04e763f000-7f04e783f000 ---p 00172000 08:06 392705                     /usr/lib/x86_64-linux-gnu/libstdc++.so.6.0.21
7f04e783f000-7f04e7849000 r--p 00172000 08:06 392705                     /usr/lib/x86_64-linux-gnu/libstdc++.so.6.0.21
7f04e7849000-7f04e784b000 rw-p 0017c000 08:06 392705                     /usr/lib/x86_64-linux-gnu/libstdc++.so.6.0.21
7f04e784b000-7f04e784f000 rw-p 00000000 00:00 0 
7f04e784f000-7f04e78bc000 r-xp 00000000 08:06 522838                     /usr/lib/x86_64-linux-gnu/mesa/libGL.so.1.2.0
7f04e78bc000-7f04e7abb000 ---p 0006d000 08:06 522838                     /usr/lib/x86_64-linux-gnu/mesa/libGL.so.1.2.0
7f04e7abb000-7f04e7abe000 r--p 0006c000 08:06 522838                     /usr/lib/x86_64-linux-gnu/mesa/libGL.so.1.2.0
7f04e7abe000-7f04e7abf000 rw-p 0006f000 08:06 522838                     /usr/lib/x86_64-linux-gnu/mesa/libGL.so.1.2.0
7f04e7abf000-7f04e7ac0000 rw-p 00000000 00:00 0 
7f04e7ac0000-7f04e7ac5000 r-xp 00000000 08:06 401349                     /usr/lib/x86_64-linux-gnu/libXxf86vm.so.1.0.0
7f04e7ac5000-7f04e7cc4000 ---p 00005000 08:06 401349                     /usr/lib/x86_64-linux-gnu/libXxf86vm.so.1.0.0
7f04e7cc4000-7f04e7cc5000 r--p 00004000 08:06 401349                     /usr/lib/x86_64-linux-gnu/libXxf86vm.so.1.0.0
7f04e7cc5000-7f04e7cc6000 rw-p 00005000 08:06 401349                     /usr/lib/x86_64-linux-gnu/libXxf86vm.so.1.0.0
7f04e7cc6000-7f04e7dfb000 r-xp 00000000 08:06 401296                     /usr/lib/x86_64-linux-gnu/libX11.so.6.3.0
7f04e7dfb000-7f04e7ffb000 ---p 00135000 08:06 401296                     /usr/lib/x86_64-linux-gnu/libX11.so.6.3.0
7f04e7ffb000-7f04e7ffc000 r--p 00135000 08:06 401296                     /usr/lib/x86_64-linux-gnu/libX11.so.6.3.0
7f04e7ffc000-7f04e8000000 rw-p 00136000 08:06 401296                     /usr/lib/x86_64-linux-gnu/libX11.so.6.3.0
7f04e8000000-7f04e8021000 rw-p 00000000 00:00 0 
7f04e8021000-7f04ec000000 ---p 00000000 00:00 0 
7f04ec000000-7f04ed6e7000 rw-p 00000000 00:00 0 
7f04ed6e7000-7f04f0000000 ---p 00000000 00:00 0 
7f04f0000000-7f04f0339000 rw-p 00000000 00:00 0 
7f04f0339000-7f04f4000000 ---p 00000000 00:00 0 
7f04f4000000-7f04f4021000 rw-p 00000000 00:00 0 
7f04f4021000-7f04f8000000 ---p 00000000 00:00 0 
7f04f8000000-7f04f818e000 rw-p 00000000 00:00 0 
7f04f818e000-7f04fc000000 ---p 00000000 00:00 0 
7f04fc000000-7f04fc15e000 rw-p 00000000 00:00 0 
7f04fc15e000-7f0500000000 ---p 00000000 00:00 0 
7f0500000000-7f0500021000 rw-p 00000000 00:00 0 
7f0500021000-7f0504000000 ---p 00000000 00:00 0 
7f0504000000-7f0504021000 rw-p 00000000 00:00 0 
7f0504021000-7f0508000000 ---p 00000000 00:00 0 
7f0508000000-7f0508021000 rw-p 00000000 00:00 0 
7f0508021000-7f050c000000 ---p 00000000 00:00 0 
7f050c000000-7f050c001000 r--s 00000000 08:08 136047                     /var/cache/fontconfig/4794a0821666d79190d59a36cb4f44b5-le64.cache-6
7f050c001000-7f050c002000 r--s 00000000 08:08 136045                     /var/cache/fontconfig/bab58bb527bb656aaa9f116d68a48d89-le64.cache-6
7f050c002000-7f050c00d000 r--s 00000000 08:08 135009                     /var/cache/fontconfig/d589a48862398ed80a3d6066f4f56f4c-le64.cache-6
7f050c00d000-7f050c018000 r--s 00000000 08:08 134481                     /var/cache/fontconfig/83bf95040141907cd45bb53cf7c1c148-le64.cache-6
7f050c018000-7f050c02a000 r--s 00000000 08:08 134160                     /var/cache/fontconfig/9b89f8e3dae116d678bbf48e5f21f69b-le64.cache-6
7f050c02a000-7f050c037000 r--s 00000000 08:08 133210                     /var/cache/fontconfig/e13b20fdb08344e0e664864cc2ede53d-le64.cache-6
7f050c037000-7f050c07d000 r--p 00000000 08:06 835                        /usr/share/glib-2.0/schemas/gschemas.compiled
7f050c07d000-7f050c082000 r-xp 00000000 08:06 401339                     /usr/lib/x86_64-linux-gnu/libXtst.so.6.1.0
7f050c082000-7f050c281000 ---p 00005000 08:06 401339                     /usr/lib/x86_64-linux-gnu/libXtst.so.6.1.0
7f050c281000-7f050c282000 r--p 00004000 08:06 401339                     /usr/lib/x86_64-linux-gnu/libXtst.so.6.1.0
7f050c282000-7f050c283000 rw-p 00005000 08:06 401339                     /usr/lib/x86_64-linux-gnu/libXtst.so.6.1.0
7f050c283000-7f050c392000 r-xp 00000000 08:06 135725                     /lib/x86_64-linux-gnu/libglib-2.0.so.0.4800.1
7f050c392000-7f050c591000 ---p 0010f000 08:06 135725                     /lib/x86_64-linux-gnu/libglib-2.0.so.0.4800.1
7f050c591000-7f050c592000 r--p 0010e000 08:06 135725                     /lib/x86_64-linux-gnu/libglib-2.0.so.0.4800.1
7f050c592000-7f050c593000 rw-p 0010f000 08:06 135725                     /lib/x86_64-linux-gnu/libglib-2.0.so.0.4800.1
7f050c593000-7f050c594000 rw-p 00000000 00:00 0 
7f050c594000-7f050c595000 r-xp 00000000 08:06 403349                     /usr/lib/x86_64-linux-gnu/libgthread-2.0.so.0.4800.1
7f050c595000-7f050c794000 ---p 00001000 08:06 403349                     /usr/lib/x86_64-linux-gnu/libgthread-2.0.so.0.4800.1
7f050c794000-7f050c795000 r--p 00000000 08:06 403349                     /usr/lib/x86_64-linux-gnu/libgthread-2.0.so.0.4800.1
7f050c795000-7f050c796000 rw-p 00001000 08:06 403349                     /usr/lib/x86_64-linux-gnu/libgthread-2.0.so.0.4800.1
7f050c796000-7f050c799000 r-xp 00000000 08:06 403354                     /usr/lib/x86_64-linux-gnu/libgmodule-2.0.so.0.4800.1
7f050c799000-7f050c998000 ---p 00003000 08:06 403354                     /usr/lib/x86_64-linux-gnu/libgmodule-2.0.so.0.4800.1
7f050c998000-7f050c999000 r--p 00002000 08:06 403354                     /usr/lib/x86_64-linux-gnu/libgmodule-2.0.so.0.4800.1
7f050c999000-7f050c99a000 rw-p 00003000 08:06 403354                     /usr/lib/x86_64-linux-gnu/libgmodule-2.0.so.0.4800.1
7f050c99a000-7f050c9ec000 r-xp 00000000 08:06 403380                     /usr/lib/x86_64-linux-gnu/libgobject-2.0.so.0.4800.1
7f050c9ec000-7f050cbeb000 ---p 00052000 08:06 403380                     /usr/lib/x86_64-linux-gnu/libgobject-2.0.so.0.4800.1
7f050cbeb000-7f050cbec000 r--p 00051000 08:06 403380                     /usr/lib/x86_64-linux-gnu/libgobject-2.0.so.0.4800.1
7f050cbec000-7f050cbed000 rw-p 00052000 08:06 403380                     /usr/lib/x86_64-linux-gnu/libgobject-2.0.so.0.4800.1
7f050cbed000-7f050cc2a000 r-xp 00000000 08:06 398567                     /usr/lib/x86_64-linux-gnu/libfontconfig.so.1.9.0
7f050cc2a000-7f050ce29000 ---p 0003d000 08:06 398567                     /usr/lib/x86_64-linux-gnu/libfontconfig.so.1.9.0
7f050ce29000-7f050ce2b000 r--p 0003c000 08:06 398567                     /usr/lib/x86_64-linux-gnu/libfontconfig.so.1.9.0
7f050ce2b000-7f050ce30000 rw-p 0003e000 08:06 398567                     /usr/lib/x86_64-linux-gnu/libfontconfig.so.1.9.0
7f050ce30000-7f050ced4000 r-xp 00000000 08:06 401730                     /usr/lib/x86_64-linux-gnu/libfreetype.so.6.12.1
7f050ced4000-7f050d0d3000 ---p 000a4000 08:06 401730                     /usr/lib/x86_64-linux-gnu/libfreetype.so.6.12.1
7f050d0d3000-7f050d0d9000 r--p 000a3000 08:06 401730                     /usr/lib/x86_64-linux-gnu/libfreetype.so.6.12.1
7f050d0d9000-7f050d0da000 rw-p 000a9000 08:06 401730                     /usr/lib/x86_64-linux-gnu/libfreetype.so.6.12.1
7f050d0da000-7f050d123000 r-xp 00000000 08:06 402231                     /usr/lib/x86_64-linux-gnu/libpango-1.0.so.0.3800.1
7f050d123000-7f050d323000 ---p 00049000 08:06 402231                     /usr/lib/x86_64-linux-gnu/libpango-1.0.so.0.3800.1
7f050d323000-7f050d325000 r--p 00049000 08:06 402231                     /usr/lib/x86_64-linux-gnu/libpango-1.0.so.0.3800.1
7f050d325000-7f050d326000 rw-p 0004b000 08:06 402231                     /usr/lib/x86_64-linux-gnu/libpango-1.0.so.0.3800.1
7f050d326000-7f050d434000 r-xp 00000000 08:06 401460                     /usr/lib/x86_64-linux-gnu/libcairo.so.2.11400.6
7f050d434000-7f050d634000 ---p 0010e000 08:06 401460                     /usr/lib/x86_64-linux-gnu/libcairo.so.2.11400.6
7f050d634000-7f050d637000 r--p 0010e000 08:06 401460                     /usr/lib/x86_64-linux-gnu/libcairo.so.2.11400.6
7f050d637000-7f050d638000 rw-p 00111000 08:06 401460                     /usr/lib/x86_64-linux-gnu/libcairo.so.2.11400.6
7f050d638000-7f050d63a000 rw-p 00000000 00:00 0 
7f050d63a000-7f050d646000 r-xp 00000000 08:06 402233                     /usr/lib/x86_64-linux-gnu/libpangocairo-1.0.so.0.3800.1
7f050d646000-7f050d845000 ---p 0000c000 08:06 402233                     /usr/lib/x86_64-linux-gnu/libpangocairo-1.0.so.0.3800.1
7f050d845000-7f050d846000 r--p 0000b000 08:06 402233                     /usr/lib/x86_64-linux-gnu/libpangocairo-1.0.so.0.3800.1
7f050d846000-7f050d847000 rw-p 0000c000 08:06 402233                     /usr/lib/x86_64-linux-gnu/libpangocairo-1.0.so.0.3800.1
7f050d847000-7f050d868000 r-xp 00000000 08:06 401771                     /usr/lib/x86_64-linux-gnu/libgdk_pixbuf-2.0.so.0.3200.2
7f050d868000-7f050da67000 ---p 00021000 08:06 401771                     /usr/lib/x86_64-linux-gnu/libgdk_pixbuf-2.0.so.0.3200.2
7f050da67000-7f050da68000 r--p 00020000 08:06 401771                     /usr/lib/x86_64-linux-gnu/libgdk_pixbuf-2.0.so.0.3200.2
7f050da68000-7f050da69000 rw-p 00021000 08:06 401771                     /usr/lib/x86_64-linux-gnu/libgdk_pixbuf-2.0.so.0.3200.2
7f050da69000-7f050da7d000 r-xp 00000000 08:06 402235                     /usr/lib/x86_64-linux-gnu/libpangoft2-1.0.so.0.3800.1
7f050da7d000-7f050dc7d000 ---p 00014000 08:06 402235                     /usr/lib/x86_64-linux-gnu/libpangoft2-1.0.so.0.3800.1
7f050dc7d000-7f050dc7e000 r--p 00014000 08:06 402235                     /usr/lib/x86_64-linux-gnu/libpangoft2-1.0.so.0.3800.1
7f050dc7e000-7f050dc7f000 rw-p 00015000 08:06 402235                     /usr/lib/x86_64-linux-gnu/libpangoft2-1.0.so.0.3800.1
7f050dc7f000-7f050ddff000 r-xp 00000000 08:06 403373                     /usr/lib/x86_64-linux-gnu/libgio-2.0.so.0.4800.1
7f050ddff000-7f050dfff000 ---p 00180000 08:06 403373                     /usr/lib/x86_64-linux-gnu/libgio-2.0.so.0.4800.1
7f050dfff000-7f050e003000 r--p 00180000 08:06 403373                     /usr/lib/x86_64-linux-gnu/libgio-2.0.so.0.4800.1
7f050e003000-7f050e005000 rw-p 00184000 08:06 403373                     /usr/lib/x86_64-linux-gnu/libgio-2.0.so.0.4800.1
7f050e005000-7f050e007000 rw-p 00000000 00:00 0 
7f050e007000-7f050e029000 r-xp 00000000 08:06 401404                     /usr/lib/x86_64-linux-gnu/libatk-1.0.so.0.21809.1
7f050e029000-7f050e228000 ---p 00022000 08:06 401404                     /usr/lib/x86_64-linux-gnu/libatk-1.0.so.0.21809.1
7f050e228000-7f050e22b000 r--p 00021000 08:06 401404                     /usr/lib/x86_64-linux-gnu/libatk-1.0.so.0.21809.1
7f050e22b000-7f050e22c000 rw-p 00024000 08:06 401404                     /usr/lib/x86_64-linux-gnu/libatk-1.0.so.0.21809.1
7f050e22c000-7f050e2dc000 r-xp 00000000 08:06 401769                     /usr/lib/x86_64-linux-gnu/libgdk-x11-2.0.so.0.2400.30
7f050e2dc000-7f050e4db000 ---p 000b0000 08:06 401769                     /usr/lib/x86_64-linux-gnu/libgdk-x11-2.0.so.0.2400.30
7f050e4db000-7f050e4df000 r--p 000af000 08:06 401769                     /usr/lib/x86_64-linux-gnu/libgdk-x11-2.0.so.0.2400.30
7f050e4df000-7f050e4e1000 rw-p 000b3000 08:06 401769                     /usr/lib/x86_64-linux-gnu/libgdk-x11-2.0.so.0.2400.30
7f050e4e1000-7f050e91f000 r-xp 00000000 08:06 401914                     /usr/lib/x86_64-linux-gnu/libgtk-x11-2.0.so.0.2400.30
7f050e91f000-7f050eb1e000 ---p 0043e000 08:06 401914                     /usr/lib/x86_64-linux-gnu/libgtk-x11-2.0.so.0.2400.30
7f050eb1e000-7f050eb25000 r--p 0043d000 08:06 401914                     /usr/lib/x86_64-linux-gnu/libgtk-x11-2.0.so.0.2400.30
7f050eb25000-7f050eb29000 rw-p 00444000 08:06 401914                     /usr/lib/x86_64-linux-gnu/libgtk-x11-2.0.so.0.2400.30
7f050eb29000-7f050eb2c000 rw-p 00000000 00:00 0 
7f050eb2c000-7f050eb38000 r-xp 00000000 08:06 286423                     /usr/lib/jvm/java-8-oracle/jre/lib/amd64/libprism_es2.so
7f050eb38000-7f050ed37000 ---p 0000c000 08:06 286423                     /usr/lib/jvm/java-8-oracle/jre/lib/amd64/libprism_es2.so
7f050ed37000-7f050ed38000 rw-p 0000b000 08:06 286423                     /usr/lib/jvm/java-8-oracle/jre/lib/amd64/libprism_es2.so
7f050ed38000-7f050ed3b000 ---p 00000000 00:00 0 
7f050ed3b000-7f050ee39000 rw-p 00000000 00:00 0 
7f050ee39000-7f050ee3a000 ---p 00000000 00:00 0 
7f050ee3a000-7f050ef3a000 rw-p 00000000 00:00 0 
7f050ef3a000-7f050ef3d000 ---p 00000000 00:00 0 
7f050ef3d000-7f050f03b000 rw-p 00000000 00:00 0 
7f050f03b000-7f050f03e000 ---p 00000000 00:00 0 
7f050f03e000-7f050f13c000 rw-p 00000000 00:00 0 
7f050f13c000-7f050f13f000 ---p 00000000 00:00 0 
7f050f13f000-7f050f23d000 rw-p 00000000 00:00 0 
7f050f23d000-7f050f240000 ---p 00000000 00:00 0 
7f050f240000-7f050f33e000 rw-p 00000000 00:00 0 
7f050f33e000-7f050f341000 ---p 00000000 00:00 0 
7f050f341000-7f050f43f000 rw-p 00000000 00:00 0 
7f050f43f000-7f050fdfe000 r--p 00000000 08:06 396917                     /usr/lib/locale/locale-archive
7f050fdfe000-7f050fe01000 ---p 00000000 00:00 0 
7f050fe01000-7f050feff000 rw-p 00000000 00:00 0 
7f050feff000-7f050ff02000 ---p 00000000 00:00 0 
7f050ff02000-7f0510000000 rw-p 00000000 00:00 0 
7f0510000000-7f0510021000 rw-p 00000000 00:00 0 
7f0510021000-7f0514000000 ---p 00000000 00:00 0 
7f0514000000-7f051428d000 rw-p 00000000 00:00 0 
7f051428d000-7f0518000000 ---p 00000000 00:00 0 
7f0518000000-7f0518021000 rw-p 00000000 00:00 0 
7f0518021000-7f051c000000 ---p 00000000 00:00 0 
7f051c000000-7f051c021000 rw-p 00000000 00:00 0 
7f051c021000-7f0520000000 ---p 00000000 00:00 0 
7f0520000000-7f0520021000 rw-p 00000000 00:00 0 
7f0520021000-7f0524000000 ---p 00000000 00:00 0 
7f0524000000-7f0524001000 r--s 00000000 08:08 135248                     /var/cache/fontconfig/56cf4f4769d0f4abc89a4895d7bd3ae1-le64.cache-6
7f0524001000-7f0524097000 r--s 01102000 08:06 286484                     /usr/lib/jvm/java-8-oracle/jre/lib/ext/jfxrt.jar
7f0524097000-7f0524098000 ---p 00000000 00:00 0 
7f0524098000-7f05250a7000 rw-p 00000000 00:00 0 
7f05250a7000-7f0525280000 r--s 03d29000 08:06 286400                     /usr/lib/jvm/java-8-oracle/jre/lib/rt.jar
7f0525280000-7f0529000000 rw-p 00000000 00:00 0 
7f0529000000-7f0529380000 rwxp 00000000 00:00 0 
7f0529380000-7f0538000000 ---p 00000000 00:00 0 
7f0538000000-7f05383c4000 rw-p 00000000 00:00 0 
7f05383c4000-7f053c000000 ---p 00000000 00:00 0 
7f053c000000-7f053c001000 r--s 00000000 08:08 135246                     /var/cache/fontconfig/b9d506c9ac06c20b433354fa67a72993-le64.cache-6
7f053c001000-7f053c002000 r--s 00000000 08:08 135239                     /var/cache/fontconfig/551ecf3b0e8b0bca0f25c0944f561853-le64.cache-6
7f053c002000-7f053c003000 r--s 00000000 08:08 135008                     /var/cache/fontconfig/30829fa25452a46451e813d634d7f916-le64.cache-6
7f053c003000-7f053c006000 r--s 00000000 08:08 134482                     /var/cache/fontconfig/75114ca45c98e8a441da0ff356701271-le64.cache-6
7f053c006000-7f053c00a000 r--s 00000000 08:08 128591                     /var/cache/fontconfig/7ef2298fde41cc6eeb7af42e48b7d293-le64.cache-6
7f053c00a000-7f053c028000 r-xp 00000000 08:06 136190                     /lib/x86_64-linux-gnu/libudev.so.1.6.4
7f053c028000-7f053c029000 r--p 0001d000 08:06 136190                     /lib/x86_64-linux-gnu/libudev.so.1.6.4
7f053c029000-7f053c02a000 rw-p 0001e000 08:06 136190                     /lib/x86_64-linux-gnu/libudev.so.1.6.4
7f053c02a000-7f053c02c000 r--s 00000000 08:08 138451                     /var/cache/fontconfig/16326683038b281783a0ef8c680e3a10-le64.cache-6
7f053c02c000-7f053c039000 r--s 00000000 08:08 128618                     /var/cache/fontconfig/8f02d4cb045bd6ce15663e43f347c9f8-le64.cache-6
7f053c039000-7f053c041000 r--s 00045000 08:0a 824                        /home/mark/.p2/pool/plugins/org.junit_4.12.0.v201504281640/junit.jar
7f053c041000-7f053cd62000 rw-p 00000000 00:00 0 
7f053cd62000-7f053cd63000 ---p 00000000 00:00 0 
7f053cd63000-7f053ce63000 rw-p 00000000 00:00 0 
7f053ce63000-7f053ce64000 ---p 00000000 00:00 0 
7f053ce64000-7f053cf64000 rw-p 00000000 00:00 0 
7f053cf64000-7f053cf65000 ---p 00000000 00:00 0 
7f053cf65000-7f053d065000 rw-p 00000000 00:00 0 
7f053d065000-7f053d066000 ---p 00000000 00:00 0 
7f053d066000-7f053d190000 rw-p 00000000 00:00 0 
7f053d190000-7f053d3f6000 ---p 00000000 00:00 0 
7f053d3f6000-7f053d420000 rw-p 00000000 00:00 0 
7f053d420000-7f053d686000 ---p 00000000 00:00 0 
7f053d686000-7f053d69b000 rw-p 00000000 00:00 0 
7f053d69b000-7f053d7ce000 ---p 00000000 00:00 0 
7f053d7ce000-7f053d7dd000 rw-p 00000000 00:00 0 
7f053d7dd000-7f053db8f000 ---p 00000000 00:00 0 
7f053db8f000-7f053dba9000 r-xp 00000000 08:06 286432                     /usr/lib/jvm/java-8-oracle/jre/lib/amd64/libzip.so
7f053dba9000-7f053dda9000 ---p 0001a000 08:06 286432                     /usr/lib/jvm/java-8-oracle/jre/lib/amd64/libzip.so
7f053dda9000-7f053ddaa000 rw-p 0001a000 08:06 286432                     /usr/lib/jvm/java-8-oracle/jre/lib/amd64/libzip.so
7f053ddaa000-7f053ddb5000 r-xp 00000000 08:06 136277                     /lib/x86_64-linux-gnu/libnss_files-2.23.so
7f053ddb5000-7f053dfb4000 ---p 0000b000 08:06 136277                     /lib/x86_64-linux-gnu/libnss_files-2.23.so
7f053dfb4000-7f053dfb5000 r--p 0000a000 08:06 136277                     /lib/x86_64-linux-gnu/libnss_files-2.23.so
7f053dfb5000-7f053dfb6000 rw-p 0000b000 08:06 136277                     /lib/x86_64-linux-gnu/libnss_files-2.23.so
7f053dfb6000-7f053dfbc000 rw-p 00000000 00:00 0 
7f053dfbc000-7f053dfc7000 r-xp 00000000 08:06 136287                     /lib/x86_64-linux-gnu/libnss_nis-2.23.so
7f053dfc7000-7f053e1c6000 ---p 0000b000 08:06 136287                     /lib/x86_64-linux-gnu/libnss_nis-2.23.so
7f053e1c6000-7f053e1c7000 r--p 0000a000 08:06 136287                     /lib/x86_64-linux-gnu/libnss_nis-2.23.so
7f053e1c7000-7f053e1c8000 rw-p 0000b000 08:06 136287                     /lib/x86_64-linux-gnu/libnss_nis-2.23.so
7f053e1c8000-7f053e1de000 r-xp 00000000 08:06 136271                     /lib/x86_64-linux-gnu/libnsl-2.23.so
7f053e1de000-7f053e3dd000 ---p 00016000 08:06 136271                     /lib/x86_64-linux-gnu/libnsl-2.23.so
7f053e3dd000-7f053e3de000 r--p 00015000 08:06 136271                     /lib/x86_64-linux-gnu/libnsl-2.23.so
7f053e3de000-7f053e3df000 rw-p 00016000 08:06 136271                     /lib/x86_64-linux-gnu/libnsl-2.23.so
7f053e3df000-7f053e3e1000 rw-p 00000000 00:00 0 
7f053e3e1000-7f053e3e9000 r-xp 00000000 08:06 136273                     /lib/x86_64-linux-gnu/libnss_compat-2.23.so
7f053e3e9000-7f053e5e8000 ---p 00008000 08:06 136273                     /lib/x86_64-linux-gnu/libnss_compat-2.23.so
7f053e5e8000-7f053e5e9000 r--p 00007000 08:06 136273                     /lib/x86_64-linux-gnu/libnss_compat-2.23.so
7f053e5e9000-7f053e5ea000 rw-p 00008000 08:06 136273                     /lib/x86_64-linux-gnu/libnss_compat-2.23.so
7f053e5ea000-7f053e614000 r-xp 00000000 08:06 286458                     /usr/lib/jvm/java-8-oracle/jre/lib/amd64/libjava.so
7f053e614000-7f053e814000 ---p 0002a000 08:06 286458                     /usr/lib/jvm/java-8-oracle/jre/lib/amd64/libjava.so
7f053e814000-7f053e816000 rw-p 0002a000 08:06 286458                     /usr/lib/jvm/java-8-oracle/jre/lib/amd64/libjava.so
7f053e816000-7f053e823000 r-xp 00000000 08:06 286409                     /usr/lib/jvm/java-8-oracle/jre/lib/amd64/libverify.so
7f053e823000-7f053ea23000 ---p 0000d000 08:06 286409                     /usr/lib/jvm/java-8-oracle/jre/lib/amd64/libverify.so
7f053ea23000-7f053ea25000 rw-p 0000d000 08:06 286409                     /usr/lib/jvm/java-8-oracle/jre/lib/amd64/libverify.so
7f053ea25000-7f053ea2c000 r-xp 00000000 08:06 136332                     /lib/x86_64-linux-gnu/librt-2.23.so
7f053ea2c000-7f053ec2b000 ---p 00007000 08:06 136332                     /lib/x86_64-linux-gnu/librt-2.23.so
7f053ec2b000-7f053ec2c000 r--p 00006000 08:06 136332                     /lib/x86_64-linux-gnu/librt-2.23.so
7f053ec2c000-7f053ec2d000 rw-p 00007000 08:06 136332                     /lib/x86_64-linux-gnu/librt-2.23.so
7f053ec2d000-7f053ed35000 r-xp 00000000 08:06 136248                     /lib/x86_64-linux-gnu/libm-2.23.so
7f053ed35000-7f053ef34000 ---p 00108000 08:06 136248                     /lib/x86_64-linux-gnu/libm-2.23.so
7f053ef34000-7f053ef35000 r--p 00107000 08:06 136248                     /lib/x86_64-linux-gnu/libm-2.23.so
7f053ef35000-7f053ef36000 rw-p 00108000 08:06 136248                     /lib/x86_64-linux-gnu/libm-2.23.so
7f053ef36000-7f053fc01000 r-xp 00000000 08:06 286462                     /usr/lib/jvm/java-8-oracle/jre/lib/amd64/server/libjvm.so
7f053fc01000-7f053fe00000 ---p 00ccb000 08:06 286462                     /usr/lib/jvm/java-8-oracle/jre/lib/amd64/server/libjvm.so
7f053fe00000-7f053fed9000 rw-p 00cca000 08:06 286462                     /usr/lib/jvm/java-8-oracle/jre/lib/amd64/server/libjvm.so
7f053fed9000-7f053ff24000 rw-p 00000000 00:00 0 
7f053ff24000-7f05400e4000 r-xp 00000000 08:06 136178                     /lib/x86_64-linux-gnu/libc-2.23.so
7f05400e4000-7f05402e3000 ---p 001c0000 08:06 136178                     /lib/x86_64-linux-gnu/libc-2.23.so
7f05402e3000-7f05402e7000 r--p 001bf000 08:06 136178                     /lib/x86_64-linux-gnu/libc-2.23.so
7f05402e7000-7f05402e9000 rw-p 001c3000 08:06 136178                     /lib/x86_64-linux-gnu/libc-2.23.so
7f05402e9000-7f05402ed000 rw-p 00000000 00:00 0 
7f05402ed000-7f05402f0000 r-xp 00000000 08:06 136202                     /lib/x86_64-linux-gnu/libdl-2.23.so
7f05402f0000-7f05404ef000 ---p 00003000 08:06 136202                     /lib/x86_64-linux-gnu/libdl-2.23.so
7f05404ef000-7f05404f0000 r--p 00002000 08:06 136202                     /lib/x86_64-linux-gnu/libdl-2.23.so
7f05404f0000-7f05404f1000 rw-p 00003000 08:06 136202                     /lib/x86_64-linux-gnu/libdl-2.23.so
7f05404f1000-7f0540506000 r-xp 00000000 08:06 283059                     /usr/lib/jvm/java-8-oracle/lib/amd64/jli/libjli.so
7f0540506000-7f0540706000 ---p 00015000 08:06 283059                     /usr/lib/jvm/java-8-oracle/lib/amd64/jli/libjli.so
7f0540706000-7f0540707000 rw-p 00015000 08:06 283059                     /usr/lib/jvm/java-8-oracle/lib/amd64/jli/libjli.so
7f0540707000-7f054071f000 r-xp 00000000 08:06 136324                     /lib/x86_64-linux-gnu/libpthread-2.23.so
7f054071f000-7f054091e000 ---p 00018000 08:06 136324                     /lib/x86_64-linux-gnu/libpthread-2.23.so
7f054091e000-7f054091f000 r--p 00017000 08:06 136324                     /lib/x86_64-linux-gnu/libpthread-2.23.so
7f054091f000-7f0540920000 rw-p 00018000 08:06 136324                     /lib/x86_64-linux-gnu/libpthread-2.23.so
7f0540920000-7f0540924000 rw-p 00000000 00:00 0 
7f0540924000-7f054094a000 r-xp 00000000 08:06 136150                     /lib/x86_64-linux-gnu/ld-2.23.so
7f054094a000-7f054094b000 r--s 00000000 08:08 134703                     /var/cache/fontconfig/0c9eb80ebd1c36541ebe2852d3bb0c49-le64.cache-6
7f054094b000-7f0540953000 rw-s 00000000 00:05 33778                      /drm mm object (deleted)
7f0540953000-7f054095b000 rw-s 00000000 00:05 33767                      /drm mm object (deleted)
7f054095b000-7f0540960000 r--p 00000000 08:0a 530255                     /home/mark/.config/dconf/user
7f0540960000-7f0540a2b000 rw-p 00000000 00:00 0 
7f0540a2b000-7f0540a2e000 ---p 00000000 00:00 0 
7f0540a2e000-7f0540b30000 rw-p 00000000 00:00 0 
7f0540b30000-7f0540b31000 r--s 00008000 08:0a 548839                     /home/mark/.p2/pool/plugins/org.eclipse.fx.ide.css.jfx8_2.4.0.201605112122.jar
7f0540b31000-7f0540b33000 r--s 0000c000 08:0a 527585                     /home/mark/.p2/pool/plugins/org.hamcrest.core_1.3.0.v201303031735.jar
7f0540b33000-7f0540b34000 rw-s 1082ef000 00:06 473                       /dev/dri/card1
7f0540b34000-7f0540b35000 r--s 00000000 00:2d 34                         /run/user/1000/dconf/user
7f0540b35000-7f0540b3d000 rw-s 00000000 00:05 36671                      /drm mm object (deleted)
7f0540b3d000-7f0540b45000 rw-s 00000000 08:09 128529                     /tmp/hsperfdata_mark/4554
7f0540b45000-7f0540b46000 rw-p 00000000 00:00 0 
7f0540b46000-7f0540b47000 ---p 00000000 00:00 0 
7f0540b47000-7f0540b49000 rw-p 00000000 00:00 0 
7f0540b49000-7f0540b4a000 r--p 00025000 08:06 136150                     /lib/x86_64-linux-gnu/ld-2.23.so
7f0540b4a000-7f0540b4b000 rw-p 00026000 08:06 136150                     /lib/x86_64-linux-gnu/ld-2.23.so
7f0540b4b000-7f0540b4c000 rw-p 00000000 00:00 0 
7fffec593000-7fffec5b4000 rw-p 00000000 00:00 0                          [stack]
7fffec5cc000-7fffec5ce000 r--p 00000000 00:00 0                          [vvar]
7fffec5ce000-7fffec5d0000 r-xp 00000000 00:00 0                          [vdso]
ffffffffff600000-ffffffffff601000 r-xp 00000000 00:00 0                  [vsyscall]

VM Arguments:
jvm_args: -Dfile.encoding=UTF-8 
java_command: warlords.control.WarlordsController
java_class_path (initial): /home/mark/Documents/COMPSYS 302/uoa-cs302-2017-group01/Warlords/bin:/home/mark/.p2/pool/plugins/org.junit_4.12.0.v201504281640/junit.jar:/home/mark/.p2/pool/plugins/org.hamcrest.core_1.3.0.v201303031735.jar:/home/mark/.p2/pool/plugins/org.eclipse.fx.ide.css.jfx8_2.4.0.201605112122.jar
Launcher Type: SUN_STANDARD

Environment Variables:
PATH=/usr/local/sbin:/usr/local/bin:/usr/sbin:/usr/bin:/sbin:/bin:/usr/games:/usr/local/games:/snap/bin
SHELL=/bin/bash
DISPLAY=:0

Signal Handlers:
SIGSEGV: [libjvm.so+0xac4790], sa_mask[0]=11111111011111111101111111111110, sa_flags=SA_RESTART|SA_SIGINFO
SIGBUS: [libjvm.so+0xac4790], sa_mask[0]=11111111011111111101111111111110, sa_flags=SA_RESTART|SA_SIGINFO
SIGFPE: [libjvm.so+0x91f140], sa_mask[0]=11111111011111111101111111111110, sa_flags=SA_RESTART|SA_SIGINFO
SIGPIPE: SIG_IGN, sa_mask[0]=00000000000010000000000000000000, sa_flags=SA_RESTART
SIGXFSZ: [libjvm.so+0x91f140], sa_mask[0]=11111111011111111101111111111110, sa_flags=SA_RESTART|SA_SIGINFO
SIGILL: [libjvm.so+0x91f140], sa_mask[0]=11111111011111111101111111111110, sa_flags=SA_RESTART|SA_SIGINFO
SIGUSR1: SIG_DFL, sa_mask[0]=00000000000000000000000000000000, sa_flags=none
SIGUSR2: [libjvm.so+0x920770], sa_mask[0]=00100000000000000000000000000000, sa_flags=SA_RESTART|SA_SIGINFO
SIGHUP: [libjvm.so+0x921b70], sa_mask[0]=11111111011111111101111111111110, sa_flags=SA_RESTART|SA_SIGINFO
SIGINT: [libjvm.so+0x921b70], sa_mask[0]=11111111011111111101111111111110, sa_flags=SA_RESTART|SA_SIGINFO
SIGTERM: [libjvm.so+0x921b70], sa_mask[0]=11111111011111111101111111111110, sa_flags=SA_RESTART|SA_SIGINFO
SIGQUIT: [libjvm.so+0x921b70], sa_mask[0]=11111111011111111101111111111110, sa_flags=SA_RESTART|SA_SIGINFO


---------------  S Y S T E M  ---------------

OS:DISTRIB_ID=Ubuntu
DISTRIB_RELEASE=16.04
DISTRIB_CODENAME=xenial
DISTRIB_DESCRIPTION="Ubuntu 16.04.1 LTS"

uname:Linux 4.4.0-34-generic #53-Ubuntu SMP Wed Jul 27 16:06:39 UTC 2016 x86_64
libc:glibc 2.23 NPTL 2.23 
rlimit: STACK 8192k, CORE 0k, NPROC 31060, NOFILE 65536, AS infinity
load average:11.12 5.10 2.24

/proc/meminfo:
MemTotal:        8055324 kB
MemFree:          817616 kB
MemAvailable:     714608 kB
Buffers:             764 kB
Cached:           342620 kB
SwapCached:          112 kB
Active:          6057184 kB
Inactive:         986708 kB
Active(anon):    6053528 kB
Inactive(anon):   950284 kB
Active(file):       3656 kB
Inactive(file):    36424 kB
Unevictable:          32 kB
Mlocked:              32 kB
SwapTotal:        498684 kB
SwapFree:          24316 kB
Dirty:               100 kB
Writeback:             0 kB
AnonPages:       6701904 kB
Mapped:            88156 kB
Shmem:            302356 kB
Slab:              65096 kB
SReclaimable:      28276 kB
SUnreclaim:        36820 kB
KernelStack:       12544 kB
PageTables:        46524 kB
NFS_Unstable:          0 kB
Bounce:                0 kB
WritebackTmp:          0 kB
CommitLimit:     4526344 kB
Committed_AS:   12636744 kB
VmallocTotal:   34359738367 kB
VmallocUsed:           0 kB
VmallocChunk:          0 kB
HardwareCorrupted:     0 kB
AnonHugePages:   4902912 kB
CmaTotal:              0 kB
CmaFree:               0 kB
HugePages_Total:       0
HugePages_Free:        0
HugePages_Rsvd:        0
HugePages_Surp:        0
Hugepagesize:       2048 kB
DirectMap4k:      118204 kB
DirectMap2M:     3956736 kB
DirectMap1G:     5242880 kB


CPU:total 4 (2 cores per cpu, 2 threads per core) family 6 model 78 stepping 3, cmov, cx8, fxsr, mmx, sse, sse2, sse3, ssse3, sse4.1, sse4.2, popcnt, avx, avx2, aes, clmul, erms, 3dnowpref, lzcnt, ht, tsc, tscinvbit, bmi1, bmi2, adx

/proc/cpuinfo:
processor	: 0
vendor_id	: GenuineIntel
cpu family	: 6
model		: 78
model name	: Intel(R) Core(TM) i7-6500U CPU @ 2.50GHz
stepping	: 3
microcode	: 0x9e
cpu MHz		: 757.148
cache size	: 4096 KB
physical id	: 0
siblings	: 4
core id		: 0
cpu cores	: 2
apicid		: 0
initial apicid	: 0
fpu		: yes
fpu_exception	: yes
cpuid level	: 22
wp		: yes
flags		: fpu vme de pse tsc msr pae mce cx8 apic sep mtrr pge mca cmov pat pse36 clflush dts acpi mmx fxsr sse sse2 ss ht tm pbe syscall nx pdpe1gb rdtscp lm constant_tsc art arch_perfmon pebs bts rep_good nopl xtopology nonstop_tsc aperfmperf eagerfpu pni pclmulqdq dtes64 monitor ds_cpl vmx est tm2 ssse3 sdbg fma cx16 xtpr pdcm pcid sse4_1 sse4_2 x2apic movbe popcnt tsc_deadline_timer aes xsave avx f16c rdrand lahf_lm abm 3dnowprefetch epb intel_pt tpr_shadow vnmi flexpriority ept vpid fsgsbase tsc_adjust bmi1 avx2 smep bmi2 erms invpcid mpx rdseed adx smap clflushopt xsaveopt xsavec xgetbv1 dtherm ida arat pln pts hwp hwp_notify hwp_act_window hwp_epp
bugs		:
bogomips	: 5183.84
clflush size	: 64
cache_alignment	: 64
address sizes	: 39 bits physical, 48 bits virtual
power management:

processor	: 1
vendor_id	: GenuineIntel
cpu family	: 6
model		: 78
model name	: Intel(R) Core(TM) i7-6500U CPU @ 2.50GHz
stepping	: 3
microcode	: 0x9e
cpu MHz		: 756.945
cache size	: 4096 KB
physical id	: 0
siblings	: 4
core id		: 1
cpu cores	: 2
apicid		: 2
initial apicid	: 2
fpu		: yes
fpu_exception	: yes
cpuid level	: 22
wp		: yes
flags		: fpu vme de pse tsc msr pae mce cx8 apic sep mtrr pge mca cmov pat pse36 clflush dts acpi mmx fxsr sse sse2 ss ht tm pbe syscall nx pdpe1gb rdtscp lm constant_tsc art arch_perfmon pebs bts rep_good nopl xtopology nonstop_tsc aperfmperf eagerfpu pni pclmulqdq dtes64 monitor ds_cpl vmx est tm2 ssse3 sdbg fma cx16 xtpr pdcm pcid sse4_1 sse4_2 x2apic movbe popcnt tsc_deadline_timer aes xsave avx f16c rdrand lahf_lm abm 3dnowprefetch epb intel_pt tpr_shadow vnmi flexpriority ept vpid fsgsbase tsc_adjust bmi1 avx2 smep bmi2 erms invpcid mpx rdseed adx smap clflushopt xsaveopt xsavec xgetbv1 dtherm ida arat pln pts hwp hwp_notify hwp_act_window hwp_epp
bugs		:
bogomips	: 5183.84
clflush size	: 64
cache_alignment	: 64
address sizes	: 39 bits physical, 48 bits virtual
power management:

processor	: 2
vendor_id	: GenuineIntel
cpu family	: 6
model		: 78
model name	: Intel(R) Core(TM) i7-6500U CPU @ 2.50GHz
stepping	: 3
microcode	: 0x9e
cpu MHz		: 776.750
cache size	: 4096 KB
physical id	: 0
siblings	: 4
core id		: 0
cpu cores	: 2
apicid		: 1
initial apicid	: 1
fpu		: yes
fpu_exception	: yes
cpuid level	: 22
wp		: yes
flags		: fpu vme de pse tsc msr pae mce cx8 apic sep mtrr pge mca cmov pat pse36 clflush dts acpi mmx fxsr sse sse2 ss ht tm pbe syscall nx pdpe1gb rdtscp lm constant_tsc art arch_perfmon pebs bts rep_good nopl xtopology nonstop_tsc aperfmperf eagerfpu pni pclmulqdq dtes64 monitor ds_cpl vmx est tm2 ssse3 sdbg fma cx16 xtpr pdcm pcid sse4_1 sse4_2 x2apic movbe popcnt tsc_deadline_timer aes xsave avx f16c rdrand lahf_lm abm 3dnowprefetch epb intel_pt tpr_shadow vnmi flexpriority ept vpid fsgsbase tsc_adjust bmi1 avx2 smep bmi2 erms invpcid mpx rdseed adx smap clflushopt xsaveopt xsavec xgetbv1 dtherm ida arat pln pts hwp hwp_notify hwp_act_window hwp_epp
bugs		:
bogomips	: 5183.84
clflush size	: 64
cache_alignment	: 64
address sizes	: 39 bits physical, 48 bits virtual
power management:

processor	: 3
vendor_id	: GenuineIntel
cpu family	: 6
model		: 78
model name	: Intel(R) Core(TM) i7-6500U CPU @ 2.50GHz
stepping	: 3
microcode	: 0x9e
cpu MHz		: 755.421
cache size	: 4096 KB
physical id	: 0
siblings	: 4
core id		: 1
cpu cores	: 2
apicid		: 3
initial apicid	: 3
fpu		: yes
fpu_exception	: yes
cpuid level	: 22
wp		: yes
flags		: fpu vme de pse tsc msr pae mce cx8 apic sep mtrr pge mca cmov pat pse36 clflush dts acpi mmx fxsr sse sse2 ss ht tm pbe syscall nx pdpe1gb rdtscp lm constant_tsc art arch_perfmon pebs bts rep_good nopl xtopology nonstop_tsc aperfmperf eagerfpu pni pclmulqdq dtes64 monitor ds_cpl vmx est tm2 ssse3 sdbg fma cx16 xtpr pdcm pcid sse4_1 sse4_2 x2apic movbe popcnt tsc_deadline_timer aes xsave avx f16c rdrand lahf_lm abm 3dnowprefetch epb intel_pt tpr_shadow vnmi flexpriority ept vpid fsgsbase tsc_adjust bmi1 avx2 smep bmi2 erms invpcid mpx rdseed adx smap clflushopt xsaveopt xsavec xgetbv1 dtherm ida arat pln pts hwp hwp_notify hwp_act_window hwp_epp
bugs		:
bogomips	: 5183.84
clflush size	: 64
cache_alignment	: 64
address sizes	: 39 bits physical, 48 bits virtual
power management:



Memory: 4k page, physical 8055324k(816120k free), swap 498684k(24412k free)

vm_info: Java HotSpot(TM) 64-Bit Server VM (25.101-b13) for linux-amd64 JRE (1.8.0_101-b13), built on Jun 22 2016 02:59:44 by "java_re" with gcc 4.3.0 20080428 (Red Hat 4.3.0-8)

time: Wed Mar 29 12:18:11 2017
elapsed time: 16 seconds (0d 0h 0m 16s)

