#
# There is insufficient memory for the Java Runtime Environment to continue.
# Native memory allocation (mmap) failed to map 32505856 bytes for committing reserved memory.
# Possible reasons:
#   The system is out of physical RAM or swap space
#   In 32 bit mode, the process size limit was hit
# Possible solutions:
#   Reduce memory load on the system
#   Increase physical memory or swap space
#   Check if swap backing store is full
#   Use 64 bit Java on a 64 bit OS
#   Decrease Java heap size (-Xmx/-Xms)
#   Decrease number of Java threads
#   Decrease Java thread stack sizes (-Xss)
#   Set larger code cache with -XX:ReservedCodeCacheSize=
# This output file may be truncated or incomplete.
#
#  Out of Memory Error (os_linux.cpp:2627), pid=4574, tid=0x00007f58377f7700
#
# JRE version: Java(TM) SE Runtime Environment (8.0_101-b13) (build 1.8.0_101-b13)
# Java VM: Java HotSpot(TM) 64-Bit Server VM (25.101-b13 mixed mode linux-amd64 compressed oops)
# Failed to write core dump. Core dumps have been disabled. To enable core dumping, try "ulimit -c unlimited" before starting Java again
#

---------------  T H R E A D  ---------------

Current thread (0x00007f5858077800):  VMThread [stack: 0x00007f58376f7000,0x00007f58377f8000] [id=4587]

Stack: [0x00007f58376f7000,0x00007f58377f8000],  sp=0x00007f58377f6220,  free space=1020k
Native frames: (J=compiled Java code, j=interpreted, Vv=VM code, C=native code)
V  [libjvm.so+0xac3f0a]  VMError::report_and_die()+0x2ba
V  [libjvm.so+0x4fbf9b]  report_vm_out_of_memory(char const*, int, unsigned long, VMErrorType, char const*)+0x8b
V  [libjvm.so+0x9222d3]  os::Linux::commit_memory_impl(char*, unsigned long, bool)+0x103
V  [libjvm.so+0x922829]  os::pd_commit_memory(char*, unsigned long, unsigned long, bool)+0x29
V  [libjvm.so+0x91cb2a]  os::commit_memory(char*, unsigned long, unsigned long, bool)+0x2a
V  [libjvm.so+0x991053]  PSVirtualSpace::expand_by(unsigned long)+0x53
V  [libjvm.so+0x992458]  PSYoungGen::resize_generation(unsigned long, unsigned long)+0xf8
V  [libjvm.so+0x9915b2]  PSYoungGen::resize(unsigned long, unsigned long)+0x22
V  [libjvm.so+0x98e88b]  PSScavenge::invoke_no_policy()+0xf3b
V  [libjvm.so+0x98f011]  PSScavenge::invoke()+0x41
V  [libjvm.so+0x945fc0]  ParallelScavengeHeap::failed_mem_allocate(unsigned long)+0x70
V  [libjvm.so+0xac5927]  VM_ParallelGCFailedAllocation::doit()+0x97
V  [libjvm.so+0xacd405]  VM_Operation::evaluate()+0x55
V  [libjvm.so+0xacb7da]  VMThread::evaluate_operation(VM_Operation*)+0xba
V  [libjvm.so+0xacbb5e]  VMThread::loop()+0x1ce
V  [libjvm.so+0xacbfd0]  VMThread::run()+0x70
V  [libjvm.so+0x924698]  java_start(Thread*)+0x108

VM_Operation (0x00007f57e7036fd0): ParallelGCFailedAllocation, mode: safepoint, requested by thread 0x00007f57f4248000


---------------  P R O C E S S  ---------------

Java Threads: ( => current thread )
  0x00007f57f4248000 JavaThread "Timer-0" [_thread_blocked, id=4622, stack(0x00007f57e6f38000,0x00007f57e7039000)]
  0x00007f57f426c800 JavaThread "Prism Font Disposer" daemon [_thread_blocked, id=4620, stack(0x00007f57e7239000,0x00007f57e733a000)]
  0x00007f5858231800 JavaThread "JavaFX-Launcher" [_thread_blocked, id=4610, stack(0x00007f57e7eff000,0x00007f57e8000000)]
  0x00007f58581f6000 JavaThread "JavaFX Application Thread" [_thread_blocked, id=4606, stack(0x00007f57fd0ce000,0x00007f57fd1cf000)]
  0x00007f585822c000 JavaThread "Thread-1" daemon [_thread_blocked, id=4605, stack(0x00007f57fd1cf000,0x00007f57fd2d0000)]
  0x00007f585816e000 JavaThread "QuantumRenderer-0" daemon [_thread_blocked, id=4598, stack(0x00007f5836399000,0x00007f583649a000)]
  0x00007f58580c0800 JavaThread "Service Thread" daemon [_thread_blocked, id=4594, stack(0x00007f5836631000,0x00007f5836732000)]
  0x00007f58580bd000 JavaThread "C1 CompilerThread2" daemon [_thread_blocked, id=4593, stack(0x00007f5836732000,0x00007f5836833000)]
  0x00007f58580bb800 JavaThread "C2 CompilerThread1" daemon [_thread_blocked, id=4592, stack(0x00007f5836833000,0x00007f5836934000)]
  0x00007f58580b8800 JavaThread "C2 CompilerThread0" daemon [_thread_blocked, id=4591, stack(0x00007f5836934000,0x00007f5836a35000)]
  0x00007f58580b7000 JavaThread "Signal Dispatcher" daemon [_thread_blocked, id=4590, stack(0x00007f5836a35000,0x00007f5836b36000)]
  0x00007f5858084000 JavaThread "Finalizer" daemon [_thread_blocked, id=4589, stack(0x00007f58374f5000,0x00007f58375f6000)]
  0x00007f585807f800 JavaThread "Reference Handler" daemon [_thread_blocked, id=4588, stack(0x00007f58375f6000,0x00007f58376f7000)]
  0x00007f585800a000 JavaThread "main" [_thread_blocked, id=4576, stack(0x00007f58600c1000,0x00007f58601c2000)]

Other Threads:
=>0x00007f5858077800 VMThread [stack: 0x00007f58376f7000,0x00007f58377f8000] [id=4587]
  0x00007f58580c3800 WatcherThread [stack: 0x00007f5836530000,0x00007f5836631000] [id=4595]

VM state:at safepoint (normal execution)

VM Mutex/Monitor currently owned by a thread:  ([mutex/lock_event])
[0x00007f58580060b0] Threads_lock - owner thread: 0x00007f5858077800
[0x00007f58580065b0] Heap_lock - owner thread: 0x00007f57f4248000

Heap:
 PSYoungGen      total 36864K, used 4450K [0x00000000d7000000, 0x00000000d9900000, 0x0000000100000000)
  eden space 31744K, 0% used [0x00000000d7000000,0x00000000d7000000,0x00000000d8f00000)
  from space 5120K, 86% used [0x00000000d8f00000,0x00000000d9358ab0,0x00000000d9400000)
  to   space 5120K, 0% used [0x00000000d9400000,0x00000000d9400000,0x00000000d9900000)
 ParOldGen       total 84992K, used 80K [0x0000000085000000, 0x000000008a300000, 0x00000000d7000000)
  object space 84992K, 0% used [0x0000000085000000,0x0000000085014010,0x000000008a300000)
 Metaspace       used 14486K, capacity 15202K, committed 15360K, reserved 1062912K
  class space    used 2086K, capacity 2298K, committed 2304K, reserved 1048576K

Card table byte_map: [0x00007f585ca8c000,0x00007f585ce65000] byte_map_base: 0x00007f585c664000

Marking Bits: (ParMarkBitMap*) 0x00007f585f58d120
 Begin Bits: [0x00007f5845280000, 0x00007f5847140000)
 End Bits:   [0x00007f5847140000, 0x00007f5849000000)

Polling page: 0x00007f58601dc000

CodeCache: size=245760Kb used=3630Kb max_used=3646Kb free=242129Kb
 bounds [0x00007f5849000000, 0x00007f58493a0000, 0x00007f5858000000]
 total_blobs=1529 nmethods=983 adapters=459
 compilation: enabled

Compilation events (10 events):
Event: 8.188 Thread 0x00007f58580bd000  981       3       warlords.model.Game::coordInBallPath (344 bytes)
Event: 8.193 Thread 0x00007f58580bd000 nmethod 981 0x00007f5849388b50 code [0x00007f5849388f00, 0x00007f584938ab18]
Event: 8.210 Thread 0x00007f58580bd000  984       1       warlords.model.Paddle::getXPos (5 bytes)
Event: 8.210 Thread 0x00007f58580bd000 nmethod 984 0x00007f584938c410 code [0x00007f584938c560, 0x00007f584938c670]
Event: 8.210 Thread 0x00007f58580bd000  985       1       warlords.model.Paddle::getYPos (5 bytes)
Event: 8.210 Thread 0x00007f58580bd000 nmethod 985 0x00007f584938c6d0 code [0x00007f584938c820, 0x00007f584938c930]
Event: 8.224 Thread 0x00007f58580bb800 nmethod 972 0x00007f5849390c50 code [0x00007f5849390da0, 0x00007f5849390f78]
Event: 8.224 Thread 0x00007f58580bb800  986 %     4       warlords.model.Game::coordInBallPath @ 273 (344 bytes)
Event: 8.231 Thread 0x00007f58580b8800 nmethod 973 0x00007f584938f150 code [0x00007f584938f2a0, 0x00007f584938f378]
Event: 8.231 Thread 0x00007f58580b8800  982       4       java.util.Arrays::copyOf (46 bytes)

GC Heap History (1 events):
Event: 8.309 GC heap before
{Heap before GC invocations=1 (full 0):
 PSYoungGen      total 36864K, used 31744K [0x00000000d7000000, 0x00000000d9900000, 0x0000000100000000)
  eden space 31744K, 100% used [0x00000000d7000000,0x00000000d8f00000,0x00000000d8f00000)
  from space 5120K, 0% used [0x00000000d9400000,0x00000000d9400000,0x00000000d9900000)
  to   space 5120K, 0% used [0x00000000d8f00000,0x00000000d8f00000,0x00000000d9400000)
 ParOldGen       total 84992K, used 0K [0x0000000085000000, 0x000000008a300000, 0x00000000d7000000)
  object space 84992K, 0% used [0x0000000085000000,0x0000000085000000,0x000000008a300000)
 Metaspace       used 14486K, capacity 15202K, committed 15360K, reserved 1062912K
  class space    used 2086K, capacity 2298K, committed 2304K, reserved 1048576K

Deoptimization events (10 events):
Event: 3.737 Thread 0x00007f58581f6000 Uncommon trap: reason=unstable_if action=reinterpret pc=0x00007f58492a17e0 method=java.util.HashMap.hash(Ljava/lang/Object;)I @ 1
Event: 4.104 Thread 0x00007f58581f6000 Uncommon trap: reason=class_check action=maybe_recompile pc=0x00007f58492702b4 method=java.io.DataInputStream.readShort()S @ 4
Event: 4.105 Thread 0x00007f58581f6000 Uncommon trap: reason=class_check action=maybe_recompile pc=0x00007f58492702b4 method=java.io.DataInputStream.readShort()S @ 4
Event: 4.106 Thread 0x00007f58581f6000 Uncommon trap: reason=class_check action=maybe_recompile pc=0x00007f58492702b4 method=java.io.DataInputStream.readShort()S @ 4
Event: 4.106 Thread 0x00007f58581f6000 Uncommon trap: reason=class_check action=maybe_recompile pc=0x00007f58492702b4 method=java.io.DataInputStream.readShort()S @ 4
Event: 4.120 Thread 0x00007f58581f6000 Uncommon trap: reason=class_check action=maybe_recompile pc=0x00007f5849115578 method=java.lang.String.equals(Ljava/lang/Object;)Z @ 8
Event: 4.120 Thread 0x00007f58581f6000 Uncommon trap: reason=class_check action=maybe_recompile pc=0x00007f5849115578 method=java.lang.String.equals(Ljava/lang/Object;)Z @ 8
Event: 4.120 Thread 0x00007f58581f6000 Uncommon trap: reason=class_check action=maybe_recompile pc=0x00007f5849115578 method=java.lang.String.equals(Ljava/lang/Object;)Z @ 8
Event: 4.122 Thread 0x00007f58581f6000 Uncommon trap: reason=class_check action=maybe_recompile pc=0x00007f5849115578 method=java.lang.String.equals(Ljava/lang/Object;)Z @ 8
Event: 6.013 Thread 0x00007f58581f6000 Uncommon trap: reason=unstable_if action=reinterpret pc=0x00007f58492cc828 method=sun.net.www.ParseUtil.encodePath(Ljava/lang/String;Z)Ljava/lang/String; @ 109

Internal exceptions (10 events):
Event: 0.946 Thread 0x00007f585800a000 Exception <a 'java/security/PrivilegedActionException'> (0x00000000d729f4c8) thrown at [/HUDSON3/workspace/8-2-build-linux-amd64/jdk8u101/7261/hotspot/src/share/vm/prims/jvm.cpp, line 1386]
Event: 0.946 Thread 0x00007f585800a000 Exception <a 'java/lang/NullPointerException'> (0x00000000d729faa0) thrown at [/HUDSON3/workspace/8-2-build-linux-amd64/jdk8u101/7261/hotspot/src/share/vm/interpreter/linkResolver.cpp, line 1178]
Event: 2.497 Thread 0x00007f58581f6000 Exception <a 'java/lang/NullPointerException'> (0x00000000d7b96e98) thrown at [/HUDSON3/workspace/8-2-build-linux-amd64/jdk8u101/7261/hotspot/src/share/vm/interpreter/linkResolver.cpp, line 1178]
Event: 2.497 Thread 0x00007f58581f6000 Exception <a 'java/lang/NullPointerException'> (0x00000000d7b96e98) thrown at [/HUDSON3/workspace/8-2-build-linux-amd64/jdk8u101/7261/hotspot/src/share/vm/prims/jvm.cpp, line 1390]
Event: 3.216 Thread 0x00007f58581f6000 Exception <a 'java/lang/ArrayIndexOutOfBoundsException': 70> (0x00000000d7f83cc8) thrown at [/HUDSON3/workspace/8-2-build-linux-amd64/jdk8u101/7261/hotspot/src/share/vm/interpreter/interpreterRuntime.cpp, line 366]
Event: 3.219 Thread 0x00007f58581f6000 Exception <a 'java/lang/ArrayIndexOutOfBoundsException': 18> (0x00000000d7f84998) thrown at [/HUDSON3/workspace/8-2-build-linux-amd64/jdk8u101/7261/hotspot/src/share/vm/interpreter/interpreterRuntime.cpp, line 366]
Event: 3.219 Thread 0x00007f58581f6000 Exception <a 'java/lang/ArrayIndexOutOfBoundsException': 86> (0x00000000d7f85d40) thrown at [/HUDSON3/workspace/8-2-build-linux-amd64/jdk8u101/7261/hotspot/src/share/vm/interpreter/interpreterRuntime.cpp, line 366]
Event: 3.221 Thread 0x00007f58581f6000 Exception <a 'java/lang/ArrayIndexOutOfBoundsException'> (0x00000000d7f88050) thrown at [/HUDSON3/workspace/8-2-build-linux-amd64/jdk8u101/7261/hotspot/src/share/vm/runtime/sharedRuntime.cpp, line 605]
Event: 3.737 Thread 0x00007f58581f6000 Implicit null exception at 0x00007f58492a15f5 to 0x00007f58492a17d1
Event: 7.331 Thread 0x00007f58581f6000 Exception <a 'java/lang/ArrayIndexOutOfBoundsException'> (0x00000000d892aa20) thrown at [/HUDSON3/workspace/8-2-build-linux-amd64/jdk8u101/7261/hotspot/src/share/vm/runtime/sharedRuntime.cpp, line 605]

Events (10 events):
Event: 8.079 loading class java/util/TimerThread
Event: 8.079 loading class java/util/TimerThread done
Event: 8.089 loading class java/util/Timer$1
Event: 8.090 loading class java/util/Timer$1 done
Event: 8.112 Thread 0x00007f57f4248000 Thread added: 0x00007f57f4248000
Event: 8.118 Executing VM operation: RevokeBias
Event: 8.124 Executing VM operation: RevokeBias done
Event: 8.125 Executing VM operation: RevokeBias
Event: 8.125 Executing VM operation: RevokeBias done
Event: 8.251 Executing VM operation: ParallelGCFailedAllocation


Dynamic libraries:
00400000-00401000 r-xp 00000000 08:06 286265                             /usr/lib/jvm/java-8-oracle/bin/java
00600000-00601000 rw-p 00000000 08:06 286265                             /usr/lib/jvm/java-8-oracle/bin/java
013d3000-013f4000 rw-p 00000000 00:00 0                                  [heap]
85000000-8a300000 rw-p 00000000 00:00 0 
8a300000-d7000000 ---p 00000000 00:00 0 
d7000000-d9900000 rw-p 00000000 00:00 0 
db800000-100000000 ---p 00000000 00:00 0 
100000000-100240000 rw-p 00000000 00:00 0 
100240000-140000000 ---p 00000000 00:00 0 
7f57d8000000-7f57d8021000 rw-p 00000000 00:00 0 
7f57d8021000-7f57dc000000 ---p 00000000 00:00 0 
7f57dc000000-7f57dc021000 rw-p 00000000 00:00 0 
7f57dc021000-7f57e0000000 ---p 00000000 00:00 0 
7f57e0000000-7f57e0021000 rw-p 00000000 00:00 0 
7f57e0021000-7f57e4000000 ---p 00000000 00:00 0 
7f57e6f38000-7f57e6f3b000 ---p 00000000 00:00 0 
7f57e6f3b000-7f57e70f9000 rw-p 00000000 00:00 0 
7f57e70f9000-7f57e7239000 ---p 00000000 00:00 0 
7f57e7239000-7f57e723c000 ---p 00000000 00:00 0 
7f57e723c000-7f57e733a000 rw-p 00000000 00:00 0 
7f57e733a000-7f57e73f3000 r--p 00000000 08:06 531015                     /usr/share/fonts/truetype/dejavu/DejaVuSans.ttf
7f57e73f3000-7f57e7448000 r--p 00000000 08:06 286499                     /usr/lib/jvm/java-8-oracle/jre/lib/fonts/LucidaBrightRegular.ttf
7f57e7448000-7f57e74f3000 r--p 00000000 08:06 286496                     /usr/lib/jvm/java-8-oracle/jre/lib/fonts/LucidaSansRegular.ttf
7f57e74f3000-7f57e74f7000 r-xp 00000000 08:06 286446                     /usr/lib/jvm/java-8-oracle/jre/lib/amd64/libjavafx_font_pango.so
7f57e74f7000-7f57e76f6000 ---p 00004000 08:06 286446                     /usr/lib/jvm/java-8-oracle/jre/lib/amd64/libjavafx_font_pango.so
7f57e76f6000-7f57e76f7000 rw-p 00003000 08:06 286446                     /usr/lib/jvm/java-8-oracle/jre/lib/amd64/libjavafx_font_pango.so
7f57e76f7000-7f57e78f7000 rw-p 00000000 00:00 0 
7f57e78f7000-7f57e78fc000 r-xp 00000000 08:06 286442                     /usr/lib/jvm/java-8-oracle/jre/lib/amd64/libjavafx_font_freetype.so
7f57e78fc000-7f57e7afb000 ---p 00005000 08:06 286442                     /usr/lib/jvm/java-8-oracle/jre/lib/amd64/libjavafx_font_freetype.so
7f57e7afb000-7f57e7afc000 rw-p 00004000 08:06 286442                     /usr/lib/jvm/java-8-oracle/jre/lib/amd64/libjavafx_font_freetype.so
7f57e7afc000-7f57e7aff000 r-xp 00000000 08:06 286403                     /usr/lib/jvm/java-8-oracle/jre/lib/amd64/libjavafx_font.so
7f57e7aff000-7f57e7cfe000 ---p 00003000 08:06 286403                     /usr/lib/jvm/java-8-oracle/jre/lib/amd64/libjavafx_font.so
7f57e7cfe000-7f57e7cff000 rw-p 00002000 08:06 286403                     /usr/lib/jvm/java-8-oracle/jre/lib/amd64/libjavafx_font.so
7f57e7cff000-7f57e7eff000 rw-p 00000000 00:00 0 
7f57e7eff000-7f57e7f02000 ---p 00000000 00:00 0 
7f57e7f02000-7f57e8000000 rw-p 00000000 00:00 0 
7f57e8000000-7f57e8021000 rw-p 00000000 00:00 0 
7f57e8021000-7f57ec000000 ---p 00000000 00:00 0 
7f57ec000000-7f57ec022000 rw-p 00000000 00:00 0 
7f57ec022000-7f57f0000000 ---p 00000000 00:00 0 
7f57f0000000-7f57f0021000 rw-p 00000000 00:00 0 
7f57f0021000-7f57f4000000 ---p 00000000 00:00 0 
7f57f4000000-7f57f4280000 rw-p 00000000 00:00 0 
7f57f4280000-7f57f8000000 ---p 00000000 00:00 0 
7f57f8000000-7f57f8021000 rw-p 00000000 00:00 0 
7f57f8021000-7f57fc000000 ---p 00000000 00:00 0 
7f57fc008000-7f57fc044000 r--p 00000000 08:06 286531                     /usr/lib/jvm/java-8-oracle/jre/lib/fonts/LucidaTypewriterRegular.ttf
7f57fc044000-7f57fc07e000 r--p 00000000 08:06 286498                     /usr/lib/jvm/java-8-oracle/jre/lib/fonts/LucidaTypewriterBold.ttf
7f57fc07e000-7f57fc0cc000 r--p 00000000 08:06 286702                     /usr/lib/jvm/java-8-oracle/jre/lib/fonts/LucidaSansDemiBold.ttf
7f57fc0cc000-7f57fc0cd000 ---p 00000000 00:00 0 
7f57fc0cd000-7f57fc8cd000 rw-p 00000000 00:00 0 
7f57fc8cd000-7f57fc8ce000 ---p 00000000 00:00 0 
7f57fc8ce000-7f57fd0ce000 rw-p 00000000 00:00 0 
7f57fd0ce000-7f57fd0d1000 ---p 00000000 00:00 0 
7f57fd0d1000-7f57fd1cf000 rw-p 00000000 00:00 0 
7f57fd1cf000-7f57fd1d2000 ---p 00000000 00:00 0 
7f57fd1d2000-7f57fd2d0000 rw-p 00000000 00:00 0 
7f57fd2d0000-7f57fd2d1000 ---p 00000000 00:00 0 
7f57fd2d1000-7f57fdad1000 rw-p 00000000 00:00 0 
7f57fdad1000-7f57fdadc000 r-xp 00000000 08:06 523554                     /usr/lib/x86_64-linux-gnu/gio/modules/libdconfsettings.so
7f57fdadc000-7f57fdcdc000 ---p 0000b000 08:06 523554                     /usr/lib/x86_64-linux-gnu/gio/modules/libdconfsettings.so
7f57fdcdc000-7f57fdcdd000 r--p 0000b000 08:06 523554                     /usr/lib/x86_64-linux-gnu/gio/modules/libdconfsettings.so
7f57fdcdd000-7f57fdcde000 rw-p 0000c000 08:06 523554                     /usr/lib/x86_64-linux-gnu/gio/modules/libdconfsettings.so
7f57fdcde000-7f57fdce5000 r-xp 00000000 08:06 402206                     /usr/lib/x86_64-linux-gnu/libogg.so.0.8.2
7f57fdce5000-7f57fdee5000 ---p 00007000 08:06 402206                     /usr/lib/x86_64-linux-gnu/libogg.so.0.8.2
7f57fdee5000-7f57fdee6000 r--p 00007000 08:06 402206                     /usr/lib/x86_64-linux-gnu/libogg.so.0.8.2
7f57fdee6000-7f57fdee7000 rw-p 00008000 08:06 402206                     /usr/lib/x86_64-linux-gnu/libogg.so.0.8.2
7f57fdee7000-7f57fdf11000 r-xp 00000000 08:06 402555                     /usr/lib/x86_64-linux-gnu/libvorbis.so.0.4.8
7f57fdf11000-7f57fe111000 ---p 0002a000 08:06 402555                     /usr/lib/x86_64-linux-gnu/libvorbis.so.0.4.8
7f57fe111000-7f57fe112000 r--p 0002a000 08:06 402555                     /usr/lib/x86_64-linux-gnu/libvorbis.so.0.4.8
7f57fe112000-7f57fe113000 rw-p 0002b000 08:06 402555                     /usr/lib/x86_64-linux-gnu/libvorbis.so.0.4.8
7f57fe113000-7f57fe11c000 r-xp 00000000 08:06 402073                     /usr/lib/x86_64-linux-gnu/libltdl.so.7.3.1
7f57fe11c000-7f57fe31b000 ---p 00009000 08:06 402073                     /usr/lib/x86_64-linux-gnu/libltdl.so.7.3.1
7f57fe31b000-7f57fe31c000 r--p 00008000 08:06 402073                     /usr/lib/x86_64-linux-gnu/libltdl.so.7.3.1
7f57fe31c000-7f57fe31d000 rw-p 00009000 08:06 402073                     /usr/lib/x86_64-linux-gnu/libltdl.so.7.3.1
7f57fe31d000-7f57fe331000 r-xp 00000000 08:06 402448                     /usr/lib/x86_64-linux-gnu/libtdb.so.1.3.8
7f57fe331000-7f57fe530000 ---p 00014000 08:06 402448                     /usr/lib/x86_64-linux-gnu/libtdb.so.1.3.8
7f57fe530000-7f57fe531000 r--p 00013000 08:06 402448                     /usr/lib/x86_64-linux-gnu/libtdb.so.1.3.8
7f57fe531000-7f57fe532000 rw-p 00014000 08:06 402448                     /usr/lib/x86_64-linux-gnu/libtdb.so.1.3.8
7f57fe532000-7f57fe539000 r-xp 00000000 08:06 402559                     /usr/lib/x86_64-linux-gnu/libvorbisfile.so.3.3.7
7f57fe539000-7f57fe739000 ---p 00007000 08:06 402559                     /usr/lib/x86_64-linux-gnu/libvorbisfile.so.3.3.7
7f57fe739000-7f57fe73a000 r--p 00007000 08:06 402559                     /usr/lib/x86_64-linux-gnu/libvorbisfile.so.3.3.7
7f57fe73a000-7f57fe73b000 rw-p 00008000 08:06 402559                     /usr/lib/x86_64-linux-gnu/libvorbisfile.so.3.3.7
7f57fe73b000-7f57fe74b000 r-xp 00000000 08:06 401470                     /usr/lib/x86_64-linux-gnu/libcanberra.so.0.2.5
7f57fe74b000-7f57fe94a000 ---p 00010000 08:06 401470                     /usr/lib/x86_64-linux-gnu/libcanberra.so.0.2.5
7f57fe94a000-7f57fe94b000 r--p 0000f000 08:06 401470                     /usr/lib/x86_64-linux-gnu/libcanberra.so.0.2.5
7f57fe94b000-7f57fe94c000 rw-p 00010000 08:06 401470                     /usr/lib/x86_64-linux-gnu/libcanberra.so.0.2.5
7f57fe94c000-7f57fe950000 r-xp 00000000 08:06 401466                     /usr/lib/x86_64-linux-gnu/libcanberra-gtk.so.0.1.9
7f57fe950000-7f57feb4f000 ---p 00004000 08:06 401466                     /usr/lib/x86_64-linux-gnu/libcanberra-gtk.so.0.1.9
7f57feb4f000-7f57feb50000 r--p 00003000 08:06 401466                     /usr/lib/x86_64-linux-gnu/libcanberra-gtk.so.0.1.9
7f57feb50000-7f57feb51000 rw-p 00004000 08:06 401466                     /usr/lib/x86_64-linux-gnu/libcanberra-gtk.so.0.1.9
7f57feb51000-7f57feb56000 r-xp 00000000 08:06 523769                     /usr/lib/x86_64-linux-gnu/gtk-2.0/modules/libcanberra-gtk-module.so
7f57feb56000-7f57fed55000 ---p 00005000 08:06 523769                     /usr/lib/x86_64-linux-gnu/gtk-2.0/modules/libcanberra-gtk-module.so
7f57fed55000-7f57fed56000 r--p 00004000 08:06 523769                     /usr/lib/x86_64-linux-gnu/gtk-2.0/modules/libcanberra-gtk-module.so
7f57fed56000-7f57fed57000 rw-p 00005000 08:06 523769                     /usr/lib/x86_64-linux-gnu/gtk-2.0/modules/libcanberra-gtk-module.so
7f57fed57000-7f57fed87000 r-xp 00000000 08:06 523648                     /usr/lib/x86_64-linux-gnu/gtk-2.0/2.10.0/engines/libmurrine.so
7f57fed87000-7f57fef87000 ---p 00030000 08:06 523648                     /usr/lib/x86_64-linux-gnu/gtk-2.0/2.10.0/engines/libmurrine.so
7f57fef87000-7f57fef88000 r--p 00030000 08:06 523648                     /usr/lib/x86_64-linux-gnu/gtk-2.0/2.10.0/engines/libmurrine.so
7f57fef88000-7f57fef89000 rw-p 00031000 08:06 523648                     /usr/lib/x86_64-linux-gnu/gtk-2.0/2.10.0/engines/libmurrine.so
7f57fef89000-7f57fef99000 r-xp 00000000 08:06 402504                     /usr/lib/x86_64-linux-gnu/libunity-gtk2-parser.so.0.0.0
7f57fef99000-7f57ff199000 ---p 00010000 08:06 402504                     /usr/lib/x86_64-linux-gnu/libunity-gtk2-parser.so.0.0.0
7f57ff199000-7f57ff19a000 r--p 00010000 08:06 402504                     /usr/lib/x86_64-linux-gnu/libunity-gtk2-parser.so.0.0.0
7f57ff19a000-7f57ff19b000 rw-p 00011000 08:06 402504                     /usr/lib/x86_64-linux-gnu/libunity-gtk2-parser.so.0.0.0
7f57ff19b000-7f57ff1a0000 r-xp 00000000 08:06 523773                     /usr/lib/x86_64-linux-gnu/gtk-2.0/modules/libunity-gtk-module.so
7f57ff1a0000-7f57ff39f000 ---p 00005000 08:06 523773                     /usr/lib/x86_64-linux-gnu/gtk-2.0/modules/libunity-gtk-module.so
7f57ff39f000-7f57ff3a0000 r--p 00004000 08:06 523773                     /usr/lib/x86_64-linux-gnu/gtk-2.0/modules/libunity-gtk-module.so
7f57ff3a0000-7f57ff3a1000 rw-p 00005000 08:06 523773                     /usr/lib/x86_64-linux-gnu/gtk-2.0/modules/libunity-gtk-module.so
7f57ff3a1000-7f57ff3b3000 r-xp 00000000 08:06 136222                     /lib/x86_64-linux-gnu/libgpg-error.so.0.17.0
7f57ff3b3000-7f57ff5b3000 ---p 00012000 08:06 136222                     /lib/x86_64-linux-gnu/libgpg-error.so.0.17.0
7f57ff5b3000-7f57ff5b4000 r--p 00012000 08:06 136222                     /lib/x86_64-linux-gnu/libgpg-error.so.0.17.0
7f57ff5b4000-7f57ff5b5000 rw-p 00013000 08:06 136222                     /lib/x86_64-linux-gnu/libgpg-error.so.0.17.0
7f57ff5b5000-7f57ff68d000 r-xp 00000000 08:06 130337                     /lib/x86_64-linux-gnu/libgcrypt.so.20.0.5
7f57ff68d000-7f57ff88c000 ---p 000d8000 08:06 130337                     /lib/x86_64-linux-gnu/libgcrypt.so.20.0.5
7f57ff88c000-7f57ff88d000 r--p 000d7000 08:06 130337                     /lib/x86_64-linux-gnu/libgcrypt.so.20.0.5
7f57ff88d000-7f57ff895000 rw-p 000d8000 08:06 130337                     /lib/x86_64-linux-gnu/libgcrypt.so.20.0.5
7f57ff895000-7f57ff896000 rw-p 00000000 00:00 0 
7f57ff896000-7f57ff8b7000 r-xp 00000000 08:06 136245                     /lib/x86_64-linux-gnu/liblzma.so.5.0.0
7f57ff8b7000-7f57ffab6000 ---p 00021000 08:06 136245                     /lib/x86_64-linux-gnu/liblzma.so.5.0.0
7f57ffab6000-7f57ffab7000 r--p 00020000 08:06 136245                     /lib/x86_64-linux-gnu/liblzma.so.5.0.0
7f57ffab7000-7f57ffab8000 rw-p 00021000 08:06 136245                     /lib/x86_64-linux-gnu/liblzma.so.5.0.0
7f57ffab8000-7f57ffb02000 r-xp 00000000 08:06 136194                     /lib/x86_64-linux-gnu/libdbus-1.so.3.14.6
7f57ffb02000-7f57ffd02000 ---p 0004a000 08:06 136194                     /lib/x86_64-linux-gnu/libdbus-1.so.3.14.6
7f57ffd02000-7f57ffd03000 r--p 0004a000 08:06 136194                     /lib/x86_64-linux-gnu/libdbus-1.so.3.14.6
7f57ffd03000-7f57ffd04000 rw-p 0004b000 08:06 136194                     /lib/x86_64-linux-gnu/libdbus-1.so.3.14.6
7f57ffd04000-7f57ffd30000 r-xp 00000000 08:06 401412                     /usr/lib/x86_64-linux-gnu/libatspi.so.0.0.1
7f57ffd30000-7f57fff2f000 ---p 0002c000 08:06 401412                     /usr/lib/x86_64-linux-gnu/libatspi.so.0.0.1
7f57fff2f000-7f57fff32000 r--p 0002b000 08:06 401412                     /usr/lib/x86_64-linux-gnu/libatspi.so.0.0.1
7f57fff32000-7f57fff33000 rw-p 0002e000 08:06 401412                     /usr/lib/x86_64-linux-gnu/libatspi.so.0.0.1
7f57fff33000-7f57fff60000 r-xp 00000000 08:06 401406                     /usr/lib/x86_64-linux-gnu/libatk-bridge-2.0.so.0.0.0
7f57fff60000-7f580015f000 ---p 0002d000 08:06 401406                     /usr/lib/x86_64-linux-gnu/libatk-bridge-2.0.so.0.0.0
7f580015f000-7f5800160000 r--p 0002c000 08:06 401406                     /usr/lib/x86_64-linux-gnu/libatk-bridge-2.0.so.0.0.0
7f5800160000-7f5800162000 rw-p 0002d000 08:06 401406                     /usr/lib/x86_64-linux-gnu/libatk-bridge-2.0.so.0.0.0
7f5800162000-7f5800163000 r-xp 00000000 08:06 523768                     /usr/lib/x86_64-linux-gnu/gtk-2.0/modules/libatk-bridge.so
7f5800163000-7f5800362000 ---p 00001000 08:06 523768                     /usr/lib/x86_64-linux-gnu/gtk-2.0/modules/libatk-bridge.so
7f5800362000-7f5800363000 r--p 00000000 08:06 523768                     /usr/lib/x86_64-linux-gnu/gtk-2.0/modules/libatk-bridge.so
7f5800363000-7f5800364000 rw-p 00001000 08:06 523768                     /usr/lib/x86_64-linux-gnu/gtk-2.0/modules/libatk-bridge.so
7f5800364000-7f580036b000 r-xp 00000000 08:06 401741                     /usr/lib/x86_64-linux-gnu/libgailutil.so.18.0.1
7f580036b000-7f580056a000 ---p 00007000 08:06 401741                     /usr/lib/x86_64-linux-gnu/libgailutil.so.18.0.1
7f580056a000-7f580056b000 r--p 00006000 08:06 401741                     /usr/lib/x86_64-linux-gnu/libgailutil.so.18.0.1
7f580056b000-7f580056c000 rw-p 00007000 08:06 401741                     /usr/lib/x86_64-linux-gnu/libgailutil.so.18.0.1
7f580056c000-7f58005ba000 r-xp 00000000 08:06 523771                     /usr/lib/x86_64-linux-gnu/gtk-2.0/modules/libgail.so
7f58005ba000-7f58007b9000 ---p 0004e000 08:06 523771                     /usr/lib/x86_64-linux-gnu/gtk-2.0/modules/libgail.so
7f58007b9000-7f58007ba000 r--p 0004d000 08:06 523771                     /usr/lib/x86_64-linux-gnu/gtk-2.0/modules/libgail.so
7f58007ba000-7f58007bc000 rw-p 0004e000 08:06 523771                     /usr/lib/x86_64-linux-gnu/gtk-2.0/modules/libgail.so
7f58007bc000-7f58007cd000 r-xp 00000000 08:06 523772                     /usr/lib/x86_64-linux-gnu/gtk-2.0/modules/liboverlay-scrollbar.so
7f58007cd000-7f58009cd000 ---p 00011000 08:06 523772                     /usr/lib/x86_64-linux-gnu/gtk-2.0/modules/liboverlay-scrollbar.so
7f58009cd000-7f58009ce000 r--p 00011000 08:06 523772                     /usr/lib/x86_64-linux-gnu/gtk-2.0/modules/liboverlay-scrollbar.so
7f58009ce000-7f58009cf000 rw-p 00012000 08:06 523772                     /usr/lib/x86_64-linux-gnu/gtk-2.0/modules/liboverlay-scrollbar.so
7f58009cf000-7f58009f8000 r-xp 00000000 08:06 286454                     /usr/lib/jvm/java-8-oracle/jre/lib/amd64/libglass.so
7f58009f8000-7f5800bf7000 ---p 00029000 08:06 286454                     /usr/lib/jvm/java-8-oracle/jre/lib/amd64/libglass.so
7f5800bf7000-7f5800bfa000 rw-p 00028000 08:06 286454                     /usr/lib/jvm/java-8-oracle/jre/lib/amd64/libglass.so
7f5800bfa000-7f5800c31000 r-xp 00000000 08:06 402485                     /usr/lib/x86_64-linux-gnu/libtxc_dxtn_s2tc.so.0.0.0
7f5800c31000-7f5800e30000 ---p 00037000 08:06 402485                     /usr/lib/x86_64-linux-gnu/libtxc_dxtn_s2tc.so.0.0.0
7f5800e30000-7f5800e31000 r--p 00036000 08:06 402485                     /usr/lib/x86_64-linux-gnu/libtxc_dxtn_s2tc.so.0.0.0
7f5800e31000-7f5800e32000 rw-p 00037000 08:06 402485                     /usr/lib/x86_64-linux-gnu/libtxc_dxtn_s2tc.so.0.0.0
7f5800e32000-7f5800e3a000 r-xp 00000000 08:06 402247                     /usr/lib/x86_64-linux-gnu/libpciaccess.so.0.11.1
7f5800e3a000-7f580103a000 ---p 00008000 08:06 402247                     /usr/lib/x86_64-linux-gnu/libpciaccess.so.0.11.1
7f580103a000-7f580103b000 r--p 00008000 08:06 402247                     /usr/lib/x86_64-linux-gnu/libpciaccess.so.0.11.1
7f580103b000-7f580103c000 rw-p 00009000 08:06 402247                     /usr/lib/x86_64-linux-gnu/libpciaccess.so.0.11.1
7f580103c000-7f5801047000 r-xp 00000000 08:06 401609                     /usr/lib/x86_64-linux-gnu/libdrm_radeon.so.1.0.1
7f5801047000-7f5801246000 ---p 0000b000 08:06 401609                     /usr/lib/x86_64-linux-gnu/libdrm_radeon.so.1.0.1
7f5801246000-7f5801247000 r--p 0000a000 08:06 401609                     /usr/lib/x86_64-linux-gnu/libdrm_radeon.so.1.0.1
7f5801247000-7f5801248000 rw-p 0000b000 08:06 401609                     /usr/lib/x86_64-linux-gnu/libdrm_radeon.so.1.0.1
7f5801248000-7f580124f000 r-xp 00000000 08:06 401607                     /usr/lib/x86_64-linux-gnu/libdrm_nouveau.so.2.0.0
7f580124f000-7f580144e000 ---p 00007000 08:06 401607                     /usr/lib/x86_64-linux-gnu/libdrm_nouveau.so.2.0.0
7f580144e000-7f580144f000 r--p 00006000 08:06 401607                     /usr/lib/x86_64-linux-gnu/libdrm_nouveau.so.2.0.0
7f580144f000-7f5801450000 rw-p 00007000 08:06 401607                     /usr/lib/x86_64-linux-gnu/libdrm_nouveau.so.2.0.0
7f5801450000-7f5801470000 r-xp 00000000 08:06 401605                     /usr/lib/x86_64-linux-gnu/libdrm_intel.so.1.0.0
7f5801470000-7f580166f000 ---p 00020000 08:06 401605                     /usr/lib/x86_64-linux-gnu/libdrm_intel.so.1.0.0
7f580166f000-7f5801670000 r--p 0001f000 08:06 401605                     /usr/lib/x86_64-linux-gnu/libdrm_intel.so.1.0.0
7f5801670000-7f5801671000 rw-p 00020000 08:06 401605                     /usr/lib/x86_64-linux-gnu/libdrm_intel.so.1.0.0
7f5801671000-7f5801c76000 r-xp 00000000 08:06 524258                     /usr/lib/x86_64-linux-gnu/dri/i965_dri.so
7f5801c76000-7f5801e76000 ---p 00605000 08:06 524258                     /usr/lib/x86_64-linux-gnu/dri/i965_dri.so
7f5801e76000-7f5801eac000 r--p 00605000 08:06 524258                     /usr/lib/x86_64-linux-gnu/dri/i965_dri.so
7f5801eac000-7f5801eb3000 rw-p 0063b000 08:06 524258                     /usr/lib/x86_64-linux-gnu/dri/i965_dri.so
7f5801eb3000-7f5801ebb000 rw-p 00000000 00:00 0 
7f5801ebb000-7f5801ec1000 r-xp 00000000 08:06 401553                     /usr/lib/x86_64-linux-gnu/libdatrie.so.1.3.3
7f5801ec1000-7f58020c1000 ---p 00006000 08:06 401553                     /usr/lib/x86_64-linux-gnu/libdatrie.so.1.3.3
7f58020c1000-7f58020c2000 r--p 00006000 08:06 401553                     /usr/lib/x86_64-linux-gnu/libdatrie.so.1.3.3
7f58020c2000-7f58020c3000 rw-p 00007000 08:06 401553                     /usr/lib/x86_64-linux-gnu/libdatrie.so.1.3.3
7f58020c3000-7f58020c8000 r-xp 00000000 08:06 401311                     /usr/lib/x86_64-linux-gnu/libXdmcp.so.6.0.0
7f58020c8000-7f58022c7000 ---p 00005000 08:06 401311                     /usr/lib/x86_64-linux-gnu/libXdmcp.so.6.0.0
7f58022c7000-7f58022c8000 r--p 00004000 08:06 401311                     /usr/lib/x86_64-linux-gnu/libXdmcp.so.6.0.0
7f58022c8000-7f58022c9000 rw-p 00005000 08:06 401311                     /usr/lib/x86_64-linux-gnu/libXdmcp.so.6.0.0
7f58022c9000-7f58022cb000 r-xp 00000000 08:06 401300                     /usr/lib/x86_64-linux-gnu/libXau.so.6.0.0
7f58022cb000-7f58024cb000 ---p 00002000 08:06 401300                     /usr/lib/x86_64-linux-gnu/libXau.so.6.0.0
7f58024cb000-7f58024cc000 r--p 00002000 08:06 401300                     /usr/lib/x86_64-linux-gnu/libXau.so.6.0.0
7f58024cc000-7f58024cd000 rw-p 00003000 08:06 401300                     /usr/lib/x86_64-linux-gnu/libXau.so.6.0.0
7f58024cd000-7f58024f0000 r-xp 00000000 08:06 401857                     /usr/lib/x86_64-linux-gnu/libgraphite2.so.3.0.1
7f58024f0000-7f58026ef000 ---p 00023000 08:06 401857                     /usr/lib/x86_64-linux-gnu/libgraphite2.so.3.0.1
7f58026ef000-7f58026f1000 r--p 00022000 08:06 401857                     /usr/lib/x86_64-linux-gnu/libgraphite2.so.3.0.1
7f58026f1000-7f58026f2000 rw-p 00024000 08:06 401857                     /usr/lib/x86_64-linux-gnu/libgraphite2.so.3.0.1
7f58026f2000-7f5802700000 r-xp 00000000 08:06 393260                     /usr/lib/x86_64-linux-gnu/libdrm.so.2.4.0
7f5802700000-7f58028ff000 ---p 0000e000 08:06 393260                     /usr/lib/x86_64-linux-gnu/libdrm.so.2.4.0
7f58028ff000-7f5802900000 r--p 0000d000 08:06 393260                     /usr/lib/x86_64-linux-gnu/libdrm.so.2.4.0
7f5802900000-7f5802901000 rw-p 0000e000 08:06 393260                     /usr/lib/x86_64-linux-gnu/libdrm.so.2.4.0
7f5802901000-7f5802905000 r-xp 00000000 08:06 402646                     /usr/lib/x86_64-linux-gnu/libxcb-dri2.so.0.0.0
7f5802905000-7f5802b04000 ---p 00004000 08:06 402646                     /usr/lib/x86_64-linux-gnu/libxcb-dri2.so.0.0.0
7f5802b04000-7f5802b05000 r--p 00003000 08:06 402646                     /usr/lib/x86_64-linux-gnu/libxcb-dri2.so.0.0.0
7f5802b05000-7f5802b06000 rw-p 00004000 08:06 402646                     /usr/lib/x86_64-linux-gnu/libxcb-dri2.so.0.0.0
7f5802b06000-7f5802b1d000 r-xp 00000000 08:06 402650                     /usr/lib/x86_64-linux-gnu/libxcb-glx.so.0.0.0
7f5802b1d000-7f5802d1c000 ---p 00017000 08:06 402650                     /usr/lib/x86_64-linux-gnu/libxcb-glx.so.0.0.0
7f5802d1c000-7f5802d1e000 r--p 00016000 08:06 402650                     /usr/lib/x86_64-linux-gnu/libxcb-glx.so.0.0.0
7f5802d1e000-7f5802d1f000 rw-p 00018000 08:06 402650                     /usr/lib/x86_64-linux-gnu/libxcb-glx.so.0.0.0
7f5802d1f000-7f5802d20000 r-xp 00000000 08:06 401294                     /usr/lib/x86_64-linux-gnu/libX11-xcb.so.1.0.0
7f5802d20000-7f5802f1f000 ---p 00001000 08:06 401294                     /usr/lib/x86_64-linux-gnu/libX11-xcb.so.1.0.0
7f5802f1f000-7f5802f20000 r--p 00000000 08:06 401294                     /usr/lib/x86_64-linux-gnu/libX11-xcb.so.1.0.0
7f5802f20000-7f5802f21000 rw-p 00001000 08:06 401294                     /usr/lib/x86_64-linux-gnu/libX11-xcb.so.1.0.0
7f5802f21000-7f5802f4a000 r-xp 00000000 08:06 397464                     /usr/lib/x86_64-linux-gnu/libglapi.so.0.0.0
7f5802f4a000-7f5803149000 ---p 00029000 08:06 397464                     /usr/lib/x86_64-linux-gnu/libglapi.so.0.0.0
7f5803149000-7f580314d000 r--p 00028000 08:06 397464                     /usr/lib/x86_64-linux-gnu/libglapi.so.0.0.0
7f580314d000-7f580314e000 rw-p 0002c000 08:06 397464                     /usr/lib/x86_64-linux-gnu/libglapi.so.0.0.0
7f580314e000-7f580314f000 rw-p 00000000 00:00 0 
7f580314f000-7f5803150000 r-xp 00000000 08:06 402690                     /usr/lib/x86_64-linux-gnu/libxshmfence.so.1.0.0
7f5803150000-7f5803350000 ---p 00001000 08:06 402690                     /usr/lib/x86_64-linux-gnu/libxshmfence.so.1.0.0
7f5803350000-7f5803351000 r--p 00001000 08:06 402690                     /usr/lib/x86_64-linux-gnu/libxshmfence.so.1.0.0
7f5803351000-7f5803352000 rw-p 00002000 08:06 402690                     /usr/lib/x86_64-linux-gnu/libxshmfence.so.1.0.0
7f5803352000-7f5803357000 r-xp 00000000 08:06 402670                     /usr/lib/x86_64-linux-gnu/libxcb-sync.so.1.0.0
7f5803357000-7f5803557000 ---p 00005000 08:06 402670                     /usr/lib/x86_64-linux-gnu/libxcb-sync.so.1.0.0
7f5803557000-7f5803558000 r--p 00005000 08:06 402670                     /usr/lib/x86_64-linux-gnu/libxcb-sync.so.1.0.0
7f5803558000-7f5803559000 rw-p 00006000 08:06 402670                     /usr/lib/x86_64-linux-gnu/libxcb-sync.so.1.0.0
7f5803559000-7f580355b000 r-xp 00000000 08:06 402658                     /usr/lib/x86_64-linux-gnu/libxcb-present.so.0.0.0
7f580355b000-7f580375a000 ---p 00002000 08:06 402658                     /usr/lib/x86_64-linux-gnu/libxcb-present.so.0.0.0
7f580375a000-7f580375b000 r--p 00001000 08:06 402658                     /usr/lib/x86_64-linux-gnu/libxcb-present.so.0.0.0
7f580375b000-7f580375c000 rw-p 00002000 08:06 402658                     /usr/lib/x86_64-linux-gnu/libxcb-present.so.0.0.0
7f580375c000-7f580375e000 r-xp 00000000 08:06 402648                     /usr/lib/x86_64-linux-gnu/libxcb-dri3.so.0.0.0
7f580375e000-7f580395d000 ---p 00002000 08:06 402648                     /usr/lib/x86_64-linux-gnu/libxcb-dri3.so.0.0.0
7f580395d000-7f580395e000 r--p 00001000 08:06 402648                     /usr/lib/x86_64-linux-gnu/libxcb-dri3.so.0.0.0
7f580395e000-7f580395f000 rw-p 00002000 08:06 402648                     /usr/lib/x86_64-linux-gnu/libxcb-dri3.so.0.0.0
7f580395f000-7f58039cd000 r-xp 00000000 08:06 136307                     /lib/x86_64-linux-gnu/libpcre.so.3.13.2
7f58039cd000-7f5803bcd000 ---p 0006e000 08:06 136307                     /lib/x86_64-linux-gnu/libpcre.so.3.13.2
7f5803bcd000-7f5803bce000 r--p 0006e000 08:06 136307                     /lib/x86_64-linux-gnu/libpcre.so.3.13.2
7f5803bce000-7f5803bcf000 rw-p 0006f000 08:06 136307                     /lib/x86_64-linux-gnu/libpcre.so.3.13.2
7f5803bcf000-7f5803bd6000 r-xp 00000000 08:06 401682                     /usr/lib/x86_64-linux-gnu/libffi.so.6.0.4
7f5803bd6000-7f5803dd5000 ---p 00007000 08:06 401682                     /usr/lib/x86_64-linux-gnu/libffi.so.6.0.4
7f5803dd5000-7f5803dd6000 r--p 00006000 08:06 401682                     /usr/lib/x86_64-linux-gnu/libffi.so.6.0.4
7f5803dd6000-7f5803dd7000 rw-p 00007000 08:06 401682                     /usr/lib/x86_64-linux-gnu/libffi.so.6.0.4
7f5803dd7000-7f5803dfd000 r-xp 00000000 08:06 130323                     /lib/x86_64-linux-gnu/libexpat.so.1.6.0
7f5803dfd000-7f5803ffd000 ---p 00026000 08:06 130323                     /lib/x86_64-linux-gnu/libexpat.so.1.6.0
7f5803ffd000-7f5803fff000 r--p 00026000 08:06 130323                     /lib/x86_64-linux-gnu/libexpat.so.1.6.0
7f5803fff000-7f5804000000 rw-p 00028000 08:06 130323                     /lib/x86_64-linux-gnu/libexpat.so.1.6.0
7f5804000000-7f58056e7000 rw-p 00000000 00:00 0 
7f58056e7000-7f5808000000 ---p 00000000 00:00 0 
7f580800e000-7f5808021000 r--s 00345000 08:06 287797                     /usr/lib/jvm/java-8-oracle/jre/lib/resources.jar
7f5808021000-7f5808034000 r--p 00000000 08:06 286497                     /usr/lib/jvm/java-8-oracle/jre/lib/fonts/LucidaBrightDemiBold.ttf
7f5808034000-7f5808048000 r--p 00000000 08:06 286501                     /usr/lib/jvm/java-8-oracle/jre/lib/fonts/LucidaBrightItalic.ttf
7f5808048000-7f580805b000 r--p 00000000 08:06 286751                     /usr/lib/jvm/java-8-oracle/jre/lib/fonts/LucidaBrightDemiItalic.ttf
7f580805b000-7f5808060000 r--s 00084000 08:06 286766                     /usr/lib/jvm/java-8-oracle/jre/lib/jfr.jar
7f5808060000-7f580806b000 r--s 00000000 08:08 138339                     /var/cache/fontconfig/945677eb7aeaf62f1d50efc3fb3ec7d8-le64.cache-6
7f580806b000-7f5808073000 r--s 00000000 08:08 137272                     /var/cache/fontconfig/e25ca923d7a08ab6b0777bd7eb77ea77-le64.cache-6
7f5808073000-7f5808079000 r--s 00000000 08:08 136563                     /var/cache/fontconfig/2cd17615ca594fa2959ae173292e504c-le64.cache-6
7f5808079000-7f580807a000 r--s 00000000 08:08 136562                     /var/cache/fontconfig/0d8c3b2ac0904cb8a57a757ad11a4a08-le64.cache-6
7f580807a000-7f580808f000 r--s 00000000 08:08 136515                     /var/cache/fontconfig/04aabc0a78ac019cf9454389977116d2-le64.cache-6
7f580808f000-7f5808093000 r--s 00000000 08:08 136375                     /var/cache/fontconfig/385c0604a188198f04d133e54aba7fe7-le64.cache-6
7f5808093000-7f5808096000 r--s 00000000 08:08 136050                     /var/cache/fontconfig/767a8244fc0220cfb567a839d0392e0b-le64.cache-6
7f5808096000-7f580809b000 r--s 00000000 08:08 136046                     /var/cache/fontconfig/8801497958630a81b71ace7c5f9b32a8-le64.cache-6
7f580809b000-7f58080a2000 r--s 00000000 08:08 135388                     /var/cache/fontconfig/3047814df9a2f067bd2d96a2b9c36e5a-le64.cache-6
7f58080a2000-7f58080a8000 r--s 00000000 08:08 135245                     /var/cache/fontconfig/b47c4e1ecd0709278f4910c18777a504-le64.cache-6
7f58080a8000-7f58080bb000 r--s 00000000 08:08 135240                     /var/cache/fontconfig/d52a8644073d54c13679302ca1180695-le64.cache-6
7f58080bb000-7f580813b000 r-xp 00000000 08:06 130355                     /lib/x86_64-linux-gnu/libsystemd.so.0.14.0
7f580813b000-7f580813e000 r--p 0007f000 08:06 130355                     /lib/x86_64-linux-gnu/libsystemd.so.0.14.0
7f580813e000-7f580813f000 rw-p 00082000 08:06 130355                     /lib/x86_64-linux-gnu/libsystemd.so.0.14.0
7f580813f000-7f5808140000 rw-p 00000000 00:00 0 
7f5808140000-7f5808148000 r-xp 00000000 08:06 402456                     /usr/lib/x86_64-linux-gnu/libthai.so.0.2.4
7f5808148000-7f5808347000 ---p 00008000 08:06 402456                     /usr/lib/x86_64-linux-gnu/libthai.so.0.2.4
7f5808347000-7f5808348000 r--p 00007000 08:06 402456                     /usr/lib/x86_64-linux-gnu/libthai.so.0.2.4
7f5808348000-7f5808349000 rw-p 00008000 08:06 402456                     /usr/lib/x86_64-linux-gnu/libthai.so.0.2.4
7f5808349000-7f580836a000 r-xp 00000000 08:06 402678                     /usr/lib/x86_64-linux-gnu/libxcb.so.1.1.0
7f580836a000-7f5808569000 ---p 00021000 08:06 402678                     /usr/lib/x86_64-linux-gnu/libxcb.so.1.1.0
7f5808569000-7f580856a000 r--p 00020000 08:06 402678                     /usr/lib/x86_64-linux-gnu/libxcb.so.1.1.0
7f580856a000-7f580856b000 rw-p 00021000 08:06 402678                     /usr/lib/x86_64-linux-gnu/libxcb.so.1.1.0
7f580856b000-7f5808573000 r-xp 00000000 08:06 402664                     /usr/lib/x86_64-linux-gnu/libxcb-render.so.0.0.0
7f5808573000-7f5808773000 ---p 00008000 08:06 402664                     /usr/lib/x86_64-linux-gnu/libxcb-render.so.0.0.0
7f5808773000-7f5808774000 r--p 00008000 08:06 402664                     /usr/lib/x86_64-linux-gnu/libxcb-render.so.0.0.0
7f5808774000-7f5808775000 rw-p 00009000 08:06 402664                     /usr/lib/x86_64-linux-gnu/libxcb-render.so.0.0.0
7f5808775000-7f5808777000 r-xp 00000000 08:06 402668                     /usr/lib/x86_64-linux-gnu/libxcb-shm.so.0.0.0
7f5808777000-7f5808977000 ---p 00002000 08:06 402668                     /usr/lib/x86_64-linux-gnu/libxcb-shm.so.0.0.0
7f5808977000-7f5808978000 r--p 00002000 08:06 402668                     /usr/lib/x86_64-linux-gnu/libxcb-shm.so.0.0.0
7f5808978000-7f5808979000 rw-p 00003000 08:06 402668                     /usr/lib/x86_64-linux-gnu/libxcb-shm.so.0.0.0
7f5808979000-7f580899d000 r-xp 00000000 08:06 136319                     /lib/x86_64-linux-gnu/libpng12.so.0.54.0
7f580899d000-7f5808b9c000 ---p 00024000 08:06 136319                     /lib/x86_64-linux-gnu/libpng12.so.0.54.0
7f5808b9c000-7f5808b9d000 r--p 00023000 08:06 136319                     /lib/x86_64-linux-gnu/libpng12.so.0.54.0
7f5808b9d000-7f5808b9e000 rw-p 00024000 08:06 136319                     /lib/x86_64-linux-gnu/libpng12.so.0.54.0
7f5808b9e000-7f5808c3d000 r-xp 00000000 08:06 402261                     /usr/lib/x86_64-linux-gnu/libpixman-1.so.0.33.6
7f5808c3d000-7f5808e3d000 ---p 0009f000 08:06 402261                     /usr/lib/x86_64-linux-gnu/libpixman-1.so.0.33.6
7f5808e3d000-7f5808e45000 r--p 0009f000 08:06 402261                     /usr/lib/x86_64-linux-gnu/libpixman-1.so.0.33.6
7f5808e45000-7f5808e46000 rw-p 000a7000 08:06 402261                     /usr/lib/x86_64-linux-gnu/libpixman-1.so.0.33.6
7f5808e46000-7f5808ea2000 r-xp 00000000 08:06 401943                     /usr/lib/x86_64-linux-gnu/libharfbuzz.so.0.10000.1
7f5808ea2000-7f58090a2000 ---p 0005c000 08:06 401943                     /usr/lib/x86_64-linux-gnu/libharfbuzz.so.0.10000.1
7f58090a2000-7f58090a3000 r--p 0005c000 08:06 401943                     /usr/lib/x86_64-linux-gnu/libharfbuzz.so.0.10000.1
7f58090a3000-7f58090a4000 rw-p 0005d000 08:06 401943                     /usr/lib/x86_64-linux-gnu/libharfbuzz.so.0.10000.1
7f58090a4000-7f58090bb000 r-xp 00000000 08:06 136330                     /lib/x86_64-linux-gnu/libresolv-2.23.so
7f58090bb000-7f58092bb000 ---p 00017000 08:06 136330                     /lib/x86_64-linux-gnu/libresolv-2.23.so
7f58092bb000-7f58092bc000 r--p 00017000 08:06 136330                     /lib/x86_64-linux-gnu/libresolv-2.23.so
7f58092bc000-7f58092bd000 rw-p 00018000 08:06 136330                     /lib/x86_64-linux-gnu/libresolv-2.23.so
7f58092bd000-7f58092bf000 rw-p 00000000 00:00 0 
7f58092bf000-7f58092de000 r-xp 00000000 08:06 136336                     /lib/x86_64-linux-gnu/libselinux.so.1
7f58092de000-7f58094dd000 ---p 0001f000 08:06 136336                     /lib/x86_64-linux-gnu/libselinux.so.1
7f58094dd000-7f58094de000 r--p 0001e000 08:06 136336                     /lib/x86_64-linux-gnu/libselinux.so.1
7f58094de000-7f58094df000 rw-p 0001f000 08:06 136336                     /lib/x86_64-linux-gnu/libselinux.so.1
7f58094df000-7f58094e1000 rw-p 00000000 00:00 0 
7f58094e1000-7f58094fa000 r-xp 00000000 08:06 136369                     /lib/x86_64-linux-gnu/libz.so.1.2.8
7f58094fa000-7f58096f9000 ---p 00019000 08:06 136369                     /lib/x86_64-linux-gnu/libz.so.1.2.8
7f58096f9000-7f58096fa000 r--p 00018000 08:06 136369                     /lib/x86_64-linux-gnu/libz.so.1.2.8
7f58096fa000-7f58096fb000 rw-p 00019000 08:06 136369                     /lib/x86_64-linux-gnu/libz.so.1.2.8
7f58096fb000-7f580970c000 r-xp 00000000 08:06 401313                     /usr/lib/x86_64-linux-gnu/libXext.so.6.4.0
7f580970c000-7f580990b000 ---p 00011000 08:06 401313                     /usr/lib/x86_64-linux-gnu/libXext.so.6.4.0
7f580990b000-7f580990c000 r--p 00010000 08:06 401313                     /usr/lib/x86_64-linux-gnu/libXext.so.6.4.0
7f580990c000-7f580990d000 rw-p 00011000 08:06 401313                     /usr/lib/x86_64-linux-gnu/libXext.so.6.4.0
7f580990d000-7f580990f000 r-xp 00000000 08:06 401309                     /usr/lib/x86_64-linux-gnu/libXdamage.so.1.1.0
7f580990f000-7f5809b0e000 ---p 00002000 08:06 401309                     /usr/lib/x86_64-linux-gnu/libXdamage.so.1.1.0
7f5809b0e000-7f5809b0f000 r--p 00001000 08:06 401309                     /usr/lib/x86_64-linux-gnu/libXdamage.so.1.1.0
7f5809b0f000-7f5809b10000 rw-p 00002000 08:06 401309                     /usr/lib/x86_64-linux-gnu/libXdamage.so.1.1.0
7f5809b10000-7f5809b12000 r-xp 00000000 08:06 401305                     /usr/lib/x86_64-linux-gnu/libXcomposite.so.1.0.0
7f5809b12000-7f5809d11000 ---p 00002000 08:06 401305                     /usr/lib/x86_64-linux-gnu/libXcomposite.so.1.0.0
7f5809d11000-7f5809d12000 r--p 00001000 08:06 401305                     /usr/lib/x86_64-linux-gnu/libXcomposite.so.1.0.0
7f5809d12000-7f5809d13000 rw-p 00002000 08:06 401305                     /usr/lib/x86_64-linux-gnu/libXcomposite.so.1.0.0
7f5809d13000-7f5809d1c000 r-xp 00000000 08:06 401307                     /usr/lib/x86_64-linux-gnu/libXcursor.so.1.0.2
7f5809d1c000-7f5809f1b000 ---p 00009000 08:06 401307                     /usr/lib/x86_64-linux-gnu/libXcursor.so.1.0.2
7f5809f1b000-7f5809f1c000 r--p 00008000 08:06 401307                     /usr/lib/x86_64-linux-gnu/libXcursor.so.1.0.2
7f5809f1c000-7f5809f1d000 rw-p 00009000 08:06 401307                     /usr/lib/x86_64-linux-gnu/libXcursor.so.1.0.2
7f5809f1d000-7f5809f27000 r-xp 00000000 08:06 401331                     /usr/lib/x86_64-linux-gnu/libXrandr.so.2.2.0
7f5809f27000-7f580a126000 ---p 0000a000 08:06 401331                     /usr/lib/x86_64-linux-gnu/libXrandr.so.2.2.0
7f580a126000-7f580a127000 r--p 00009000 08:06 401331                     /usr/lib/x86_64-linux-gnu/libXrandr.so.2.2.0
7f580a127000-7f580a128000 rw-p 0000a000 08:06 401331                     /usr/lib/x86_64-linux-gnu/libXrandr.so.2.2.0
7f580a128000-7f580a137000 r-xp 00000000 08:06 401321                     /usr/lib/x86_64-linux-gnu/libXi.so.6.1.0
7f580a137000-7f580a336000 ---p 0000f000 08:06 401321                     /usr/lib/x86_64-linux-gnu/libXi.so.6.1.0
7f580a336000-7f580a337000 r--p 0000e000 08:06 401321                     /usr/lib/x86_64-linux-gnu/libXi.so.6.1.0
7f580a337000-7f580a338000 rw-p 0000f000 08:06 401321                     /usr/lib/x86_64-linux-gnu/libXi.so.6.1.0
7f580a338000-7f580a33a000 r-xp 00000000 08:06 401323                     /usr/lib/x86_64-linux-gnu/libXinerama.so.1.0.0
7f580a33a000-7f580a539000 ---p 00002000 08:06 401323                     /usr/lib/x86_64-linux-gnu/libXinerama.so.1.0.0
7f580a539000-7f580a53a000 r--p 00001000 08:06 401323                     /usr/lib/x86_64-linux-gnu/libXinerama.so.1.0.0
7f580a53a000-7f580a53b000 rw-p 00002000 08:06 401323                     /usr/lib/x86_64-linux-gnu/libXinerama.so.1.0.0
7f580a53b000-7f580a544000 r-xp 00000000 08:06 401333                     /usr/lib/x86_64-linux-gnu/libXrender.so.1.3.0
7f580a544000-7f580a743000 ---p 00009000 08:06 401333                     /usr/lib/x86_64-linux-gnu/libXrender.so.1.3.0
7f580a743000-7f580a744000 r--p 00008000 08:06 401333                     /usr/lib/x86_64-linux-gnu/libXrender.so.1.3.0
7f580a744000-7f580a745000 rw-p 00009000 08:06 401333                     /usr/lib/x86_64-linux-gnu/libXrender.so.1.3.0
7f580a745000-7f580a74a000 r-xp 00000000 08:06 401315                     /usr/lib/x86_64-linux-gnu/libXfixes.so.3.1.0
7f580a74a000-7f580a949000 ---p 00005000 08:06 401315                     /usr/lib/x86_64-linux-gnu/libXfixes.so.3.1.0
7f580a949000-7f580a94a000 r--p 00004000 08:06 401315                     /usr/lib/x86_64-linux-gnu/libXfixes.so.3.1.0
7f580a94a000-7f580a94b000 rw-p 00005000 08:06 401315                     /usr/lib/x86_64-linux-gnu/libXfixes.so.3.1.0
7f580a94b000-7f580a961000 r-xp 00000000 08:06 136216                     /lib/x86_64-linux-gnu/libgcc_s.so.1
7f580a961000-7f580ab60000 ---p 00016000 08:06 136216                     /lib/x86_64-linux-gnu/libgcc_s.so.1
7f580ab60000-7f580ab61000 rw-p 00015000 08:06 136216                     /lib/x86_64-linux-gnu/libgcc_s.so.1
7f580ab61000-7f580acd3000 r-xp 00000000 08:06 392705                     /usr/lib/x86_64-linux-gnu/libstdc++.so.6.0.21
7f580acd3000-7f580aed3000 ---p 00172000 08:06 392705                     /usr/lib/x86_64-linux-gnu/libstdc++.so.6.0.21
7f580aed3000-7f580aedd000 r--p 00172000 08:06 392705                     /usr/lib/x86_64-linux-gnu/libstdc++.so.6.0.21
7f580aedd000-7f580aedf000 rw-p 0017c000 08:06 392705                     /usr/lib/x86_64-linux-gnu/libstdc++.so.6.0.21
7f580aedf000-7f580aee3000 rw-p 00000000 00:00 0 
7f580aee3000-7f580af50000 r-xp 00000000 08:06 522838                     /usr/lib/x86_64-linux-gnu/mesa/libGL.so.1.2.0
7f580af50000-7f580b14f000 ---p 0006d000 08:06 522838                     /usr/lib/x86_64-linux-gnu/mesa/libGL.so.1.2.0
7f580b14f000-7f580b152000 r--p 0006c000 08:06 522838                     /usr/lib/x86_64-linux-gnu/mesa/libGL.so.1.2.0
7f580b152000-7f580b153000 rw-p 0006f000 08:06 522838                     /usr/lib/x86_64-linux-gnu/mesa/libGL.so.1.2.0
7f580b153000-7f580b154000 rw-p 00000000 00:00 0 
7f580b154000-7f580b159000 r-xp 00000000 08:06 401349                     /usr/lib/x86_64-linux-gnu/libXxf86vm.so.1.0.0
7f580b159000-7f580b358000 ---p 00005000 08:06 401349                     /usr/lib/x86_64-linux-gnu/libXxf86vm.so.1.0.0
7f580b358000-7f580b359000 r--p 00004000 08:06 401349                     /usr/lib/x86_64-linux-gnu/libXxf86vm.so.1.0.0
7f580b359000-7f580b35a000 rw-p 00005000 08:06 401349                     /usr/lib/x86_64-linux-gnu/libXxf86vm.so.1.0.0
7f580b35a000-7f580b48f000 r-xp 00000000 08:06 401296                     /usr/lib/x86_64-linux-gnu/libX11.so.6.3.0
7f580b48f000-7f580b68f000 ---p 00135000 08:06 401296                     /usr/lib/x86_64-linux-gnu/libX11.so.6.3.0
7f580b68f000-7f580b690000 r--p 00135000 08:06 401296                     /usr/lib/x86_64-linux-gnu/libX11.so.6.3.0
7f580b690000-7f580b694000 rw-p 00136000 08:06 401296                     /usr/lib/x86_64-linux-gnu/libX11.so.6.3.0
7f580b694000-7f580b699000 r-xp 00000000 08:06 401339                     /usr/lib/x86_64-linux-gnu/libXtst.so.6.1.0
7f580b699000-7f580b898000 ---p 00005000 08:06 401339                     /usr/lib/x86_64-linux-gnu/libXtst.so.6.1.0
7f580b898000-7f580b899000 r--p 00004000 08:06 401339                     /usr/lib/x86_64-linux-gnu/libXtst.so.6.1.0
7f580b899000-7f580b89a000 rw-p 00005000 08:06 401339                     /usr/lib/x86_64-linux-gnu/libXtst.so.6.1.0
7f580b89a000-7f580b9a9000 r-xp 00000000 08:06 135725                     /lib/x86_64-linux-gnu/libglib-2.0.so.0.4800.1
7f580b9a9000-7f580bba8000 ---p 0010f000 08:06 135725                     /lib/x86_64-linux-gnu/libglib-2.0.so.0.4800.1
7f580bba8000-7f580bba9000 r--p 0010e000 08:06 135725                     /lib/x86_64-linux-gnu/libglib-2.0.so.0.4800.1
7f580bba9000-7f580bbaa000 rw-p 0010f000 08:06 135725                     /lib/x86_64-linux-gnu/libglib-2.0.so.0.4800.1
7f580bbaa000-7f580bbab000 rw-p 00000000 00:00 0 
7f580bbab000-7f580bbac000 r-xp 00000000 08:06 403349                     /usr/lib/x86_64-linux-gnu/libgthread-2.0.so.0.4800.1
7f580bbac000-7f580bdab000 ---p 00001000 08:06 403349                     /usr/lib/x86_64-linux-gnu/libgthread-2.0.so.0.4800.1
7f580bdab000-7f580bdac000 r--p 00000000 08:06 403349                     /usr/lib/x86_64-linux-gnu/libgthread-2.0.so.0.4800.1
7f580bdac000-7f580bdad000 rw-p 00001000 08:06 403349                     /usr/lib/x86_64-linux-gnu/libgthread-2.0.so.0.4800.1
7f580bdad000-7f580bdff000 r-xp 00000000 08:06 403380                     /usr/lib/x86_64-linux-gnu/libgobject-2.0.so.0.4800.1
7f580bdff000-7f580bffe000 ---p 00052000 08:06 403380                     /usr/lib/x86_64-linux-gnu/libgobject-2.0.so.0.4800.1
7f580bffe000-7f580bfff000 r--p 00051000 08:06 403380                     /usr/lib/x86_64-linux-gnu/libgobject-2.0.so.0.4800.1
7f580bfff000-7f580c000000 rw-p 00052000 08:06 403380                     /usr/lib/x86_64-linux-gnu/libgobject-2.0.so.0.4800.1
7f580c000000-7f580c021000 rw-p 00000000 00:00 0 
7f580c021000-7f5810000000 ---p 00000000 00:00 0 
7f5810000000-7f5810021000 rw-p 00000000 00:00 0 
7f5810021000-7f5814000000 ---p 00000000 00:00 0 
7f5814000000-7f581414b000 rw-p 00000000 00:00 0 
7f581414b000-7f5818000000 ---p 00000000 00:00 0 
7f5818000000-7f5818357000 rw-p 00000000 00:00 0 
7f5818357000-7f581c000000 ---p 00000000 00:00 0 
7f581c000000-7f581c021000 rw-p 00000000 00:00 0 
7f581c021000-7f5820000000 ---p 00000000 00:00 0 
7f5820000000-7f5820190000 rw-p 00000000 00:00 0 
7f5820190000-7f5824000000 ---p 00000000 00:00 0 
7f5824000000-7f5824021000 rw-p 00000000 00:00 0 
7f5824021000-7f5828000000 ---p 00000000 00:00 0 
7f5828000000-7f5828021000 rw-p 00000000 00:00 0 
7f5828021000-7f582c000000 ---p 00000000 00:00 0 
7f582c000000-7f582c28d000 rw-p 00000000 00:00 0 
7f582c28d000-7f5830000000 ---p 00000000 00:00 0 
7f5830000000-7f5830021000 rw-p 00000000 00:00 0 
7f5830021000-7f5834000000 ---p 00000000 00:00 0 
7f5834000000-7f5834001000 r--s 00000000 08:08 136501                     /var/cache/fontconfig/1ac9eb803944fde146138c791f5cc56a-le64.cache-6
7f5834001000-7f5834002000 r--s 00000000 08:08 136263                     /var/cache/fontconfig/dc05db6664285cc2f12bf69c139ae4c3-le64.cache-6
7f5834002000-7f5834003000 r--s 00000000 08:08 136047                     /var/cache/fontconfig/4794a0821666d79190d59a36cb4f44b5-le64.cache-6
7f5834003000-7f5834004000 r--s 00000000 08:08 136045                     /var/cache/fontconfig/bab58bb527bb656aaa9f116d68a48d89-le64.cache-6
7f5834004000-7f583404a000 r--p 00000000 08:06 835                        /usr/share/glib-2.0/schemas/gschemas.compiled
7f583404a000-7f583404d000 r-xp 00000000 08:06 403354                     /usr/lib/x86_64-linux-gnu/libgmodule-2.0.so.0.4800.1
7f583404d000-7f583424c000 ---p 00003000 08:06 403354                     /usr/lib/x86_64-linux-gnu/libgmodule-2.0.so.0.4800.1
7f583424c000-7f583424d000 r--p 00002000 08:06 403354                     /usr/lib/x86_64-linux-gnu/libgmodule-2.0.so.0.4800.1
7f583424d000-7f583424e000 rw-p 00003000 08:06 403354                     /usr/lib/x86_64-linux-gnu/libgmodule-2.0.so.0.4800.1
7f583424e000-7f583428b000 r-xp 00000000 08:06 398567                     /usr/lib/x86_64-linux-gnu/libfontconfig.so.1.9.0
7f583428b000-7f583448a000 ---p 0003d000 08:06 398567                     /usr/lib/x86_64-linux-gnu/libfontconfig.so.1.9.0
7f583448a000-7f583448c000 r--p 0003c000 08:06 398567                     /usr/lib/x86_64-linux-gnu/libfontconfig.so.1.9.0
7f583448c000-7f5834491000 rw-p 0003e000 08:06 398567                     /usr/lib/x86_64-linux-gnu/libfontconfig.so.1.9.0
7f5834491000-7f5834535000 r-xp 00000000 08:06 401730                     /usr/lib/x86_64-linux-gnu/libfreetype.so.6.12.1
7f5834535000-7f5834734000 ---p 000a4000 08:06 401730                     /usr/lib/x86_64-linux-gnu/libfreetype.so.6.12.1
7f5834734000-7f583473a000 r--p 000a3000 08:06 401730                     /usr/lib/x86_64-linux-gnu/libfreetype.so.6.12.1
7f583473a000-7f583473b000 rw-p 000a9000 08:06 401730                     /usr/lib/x86_64-linux-gnu/libfreetype.so.6.12.1
7f583473b000-7f5834784000 r-xp 00000000 08:06 402231                     /usr/lib/x86_64-linux-gnu/libpango-1.0.so.0.3800.1
7f5834784000-7f5834984000 ---p 00049000 08:06 402231                     /usr/lib/x86_64-linux-gnu/libpango-1.0.so.0.3800.1
7f5834984000-7f5834986000 r--p 00049000 08:06 402231                     /usr/lib/x86_64-linux-gnu/libpango-1.0.so.0.3800.1
7f5834986000-7f5834987000 rw-p 0004b000 08:06 402231                     /usr/lib/x86_64-linux-gnu/libpango-1.0.so.0.3800.1
7f5834987000-7f5834a95000 r-xp 00000000 08:06 401460                     /usr/lib/x86_64-linux-gnu/libcairo.so.2.11400.6
7f5834a95000-7f5834c95000 ---p 0010e000 08:06 401460                     /usr/lib/x86_64-linux-gnu/libcairo.so.2.11400.6
7f5834c95000-7f5834c98000 r--p 0010e000 08:06 401460                     /usr/lib/x86_64-linux-gnu/libcairo.so.2.11400.6
7f5834c98000-7f5834c99000 rw-p 00111000 08:06 401460                     /usr/lib/x86_64-linux-gnu/libcairo.so.2.11400.6
7f5834c99000-7f5834c9b000 rw-p 00000000 00:00 0 
7f5834c9b000-7f5834ca7000 r-xp 00000000 08:06 402233                     /usr/lib/x86_64-linux-gnu/libpangocairo-1.0.so.0.3800.1
7f5834ca7000-7f5834ea6000 ---p 0000c000 08:06 402233                     /usr/lib/x86_64-linux-gnu/libpangocairo-1.0.so.0.3800.1
7f5834ea6000-7f5834ea7000 r--p 0000b000 08:06 402233                     /usr/lib/x86_64-linux-gnu/libpangocairo-1.0.so.0.3800.1
7f5834ea7000-7f5834ea8000 rw-p 0000c000 08:06 402233                     /usr/lib/x86_64-linux-gnu/libpangocairo-1.0.so.0.3800.1
7f5834ea8000-7f5834ec9000 r-xp 00000000 08:06 401771                     /usr/lib/x86_64-linux-gnu/libgdk_pixbuf-2.0.so.0.3200.2
7f5834ec9000-7f58350c8000 ---p 00021000 08:06 401771                     /usr/lib/x86_64-linux-gnu/libgdk_pixbuf-2.0.so.0.3200.2
7f58350c8000-7f58350c9000 r--p 00020000 08:06 401771                     /usr/lib/x86_64-linux-gnu/libgdk_pixbuf-2.0.so.0.3200.2
7f58350c9000-7f58350ca000 rw-p 00021000 08:06 401771                     /usr/lib/x86_64-linux-gnu/libgdk_pixbuf-2.0.so.0.3200.2
7f58350ca000-7f58350de000 r-xp 00000000 08:06 402235                     /usr/lib/x86_64-linux-gnu/libpangoft2-1.0.so.0.3800.1
7f58350de000-7f58352de000 ---p 00014000 08:06 402235                     /usr/lib/x86_64-linux-gnu/libpangoft2-1.0.so.0.3800.1
7f58352de000-7f58352df000 r--p 00014000 08:06 402235                     /usr/lib/x86_64-linux-gnu/libpangoft2-1.0.so.0.3800.1
7f58352df000-7f58352e0000 rw-p 00015000 08:06 402235                     /usr/lib/x86_64-linux-gnu/libpangoft2-1.0.so.0.3800.1
7f58352e0000-7f5835460000 r-xp 00000000 08:06 403373                     /usr/lib/x86_64-linux-gnu/libgio-2.0.so.0.4800.1
7f5835460000-7f5835660000 ---p 00180000 08:06 403373                     /usr/lib/x86_64-linux-gnu/libgio-2.0.so.0.4800.1
7f5835660000-7f5835664000 r--p 00180000 08:06 403373                     /usr/lib/x86_64-linux-gnu/libgio-2.0.so.0.4800.1
7f5835664000-7f5835666000 rw-p 00184000 08:06 403373                     /usr/lib/x86_64-linux-gnu/libgio-2.0.so.0.4800.1
7f5835666000-7f5835668000 rw-p 00000000 00:00 0 
7f5835668000-7f583568a000 r-xp 00000000 08:06 401404                     /usr/lib/x86_64-linux-gnu/libatk-1.0.so.0.21809.1
7f583568a000-7f5835889000 ---p 00022000 08:06 401404                     /usr/lib/x86_64-linux-gnu/libatk-1.0.so.0.21809.1
7f5835889000-7f583588c000 r--p 00021000 08:06 401404                     /usr/lib/x86_64-linux-gnu/libatk-1.0.so.0.21809.1
7f583588c000-7f583588d000 rw-p 00024000 08:06 401404                     /usr/lib/x86_64-linux-gnu/libatk-1.0.so.0.21809.1
7f583588d000-7f583593d000 r-xp 00000000 08:06 401769                     /usr/lib/x86_64-linux-gnu/libgdk-x11-2.0.so.0.2400.30
7f583593d000-7f5835b3c000 ---p 000b0000 08:06 401769                     /usr/lib/x86_64-linux-gnu/libgdk-x11-2.0.so.0.2400.30
7f5835b3c000-7f5835b40000 r--p 000af000 08:06 401769                     /usr/lib/x86_64-linux-gnu/libgdk-x11-2.0.so.0.2400.30
7f5835b40000-7f5835b42000 rw-p 000b3000 08:06 401769                     /usr/lib/x86_64-linux-gnu/libgdk-x11-2.0.so.0.2400.30
7f5835b42000-7f5835f80000 r-xp 00000000 08:06 401914                     /usr/lib/x86_64-linux-gnu/libgtk-x11-2.0.so.0.2400.30
7f5835f80000-7f583617f000 ---p 0043e000 08:06 401914                     /usr/lib/x86_64-linux-gnu/libgtk-x11-2.0.so.0.2400.30
7f583617f000-7f5836186000 r--p 0043d000 08:06 401914                     /usr/lib/x86_64-linux-gnu/libgtk-x11-2.0.so.0.2400.30
7f5836186000-7f583618a000 rw-p 00444000 08:06 401914                     /usr/lib/x86_64-linux-gnu/libgtk-x11-2.0.so.0.2400.30
7f583618a000-7f583618d000 rw-p 00000000 00:00 0 
7f583618d000-7f5836199000 r-xp 00000000 08:06 286423                     /usr/lib/jvm/java-8-oracle/jre/lib/amd64/libprism_es2.so
7f5836199000-7f5836398000 ---p 0000c000 08:06 286423                     /usr/lib/jvm/java-8-oracle/jre/lib/amd64/libprism_es2.so
7f5836398000-7f5836399000 rw-p 0000b000 08:06 286423                     /usr/lib/jvm/java-8-oracle/jre/lib/amd64/libprism_es2.so
7f5836399000-7f583639c000 ---p 00000000 00:00 0 
7f583639c000-7f583649a000 rw-p 00000000 00:00 0 
7f583649a000-7f5836530000 r--s 01102000 08:06 286484                     /usr/lib/jvm/java-8-oracle/jre/lib/ext/jfxrt.jar
7f5836530000-7f5836531000 ---p 00000000 00:00 0 
7f5836531000-7f5836631000 rw-p 00000000 00:00 0 
7f5836631000-7f5836634000 ---p 00000000 00:00 0 
7f5836634000-7f5836732000 rw-p 00000000 00:00 0 
7f5836732000-7f5836735000 ---p 00000000 00:00 0 
7f5836735000-7f5836833000 rw-p 00000000 00:00 0 
7f5836833000-7f5836836000 ---p 00000000 00:00 0 
7f5836836000-7f5836934000 rw-p 00000000 00:00 0 
7f5836934000-7f5836937000 ---p 00000000 00:00 0 
7f5836937000-7f5836a35000 rw-p 00000000 00:00 0 
7f5836a35000-7f5836a38000 ---p 00000000 00:00 0 
7f5836a38000-7f5836b36000 rw-p 00000000 00:00 0 
7f5836b36000-7f58374f5000 r--p 00000000 08:06 396917                     /usr/lib/locale/locale-archive
7f58374f5000-7f58374f8000 ---p 00000000 00:00 0 
7f58374f8000-7f58375f6000 rw-p 00000000 00:00 0 
7f58375f6000-7f58375f9000 ---p 00000000 00:00 0 
7f58375f9000-7f58376f7000 rw-p 00000000 00:00 0 
7f58376f7000-7f58376f8000 ---p 00000000 00:00 0 
7f58376f8000-7f5838000000 rw-p 00000000 00:00 0 
7f5838000000-7f5838021000 rw-p 00000000 00:00 0 
7f5838021000-7f583c000000 ---p 00000000 00:00 0 
7f583c000000-7f583c021000 rw-p 00000000 00:00 0 
7f583c021000-7f5840000000 ---p 00000000 00:00 0 
7f5840000000-7f5840021000 rw-p 00000000 00:00 0 
7f5840021000-7f5844000000 ---p 00000000 00:00 0 
7f5844000000-7f5844001000 r--s 00000000 08:08 135248                     /var/cache/fontconfig/56cf4f4769d0f4abc89a4895d7bd3ae1-le64.cache-6
7f5844001000-7f5844002000 r--s 00000000 08:08 135246                     /var/cache/fontconfig/b9d506c9ac06c20b433354fa67a72993-le64.cache-6
7f5844002000-7f584400d000 r--s 00000000 08:08 135009                     /var/cache/fontconfig/d589a48862398ed80a3d6066f4f56f4c-le64.cache-6
7f584400d000-7f5844018000 r--s 00000000 08:08 134481                     /var/cache/fontconfig/83bf95040141907cd45bb53cf7c1c148-le64.cache-6
7f5844018000-7f584402a000 r--s 00000000 08:08 134160                     /var/cache/fontconfig/9b89f8e3dae116d678bbf48e5f21f69b-le64.cache-6
7f584402a000-7f5844037000 r--s 00000000 08:08 133210                     /var/cache/fontconfig/e13b20fdb08344e0e664864cc2ede53d-le64.cache-6
7f5844037000-7f5844055000 r-xp 00000000 08:06 136190                     /lib/x86_64-linux-gnu/libudev.so.1.6.4
7f5844055000-7f5844056000 r--p 0001d000 08:06 136190                     /lib/x86_64-linux-gnu/libudev.so.1.6.4
7f5844056000-7f5844057000 rw-p 0001e000 08:06 136190                     /lib/x86_64-linux-gnu/libudev.so.1.6.4
7f5844057000-7f5844831000 rw-p 00000000 00:00 0 
7f5844831000-7f5844a0a000 r--s 03d29000 08:06 286400                     /usr/lib/jvm/java-8-oracle/jre/lib/rt.jar
7f5844a0a000-7f5849000000 rw-p 00000000 00:00 0 
7f5849000000-7f58493a0000 rwxp 00000000 00:00 0 
7f58493a0000-7f5858000000 ---p 00000000 00:00 0 
7f5858000000-7f58583bd000 rw-p 00000000 00:00 0 
7f58583bd000-7f585c000000 ---p 00000000 00:00 0 
7f585c000000-7f585c001000 r--s 00000000 08:08 135239                     /var/cache/fontconfig/551ecf3b0e8b0bca0f25c0944f561853-le64.cache-6
7f585c001000-7f585c002000 r--s 00000000 08:08 135008                     /var/cache/fontconfig/30829fa25452a46451e813d634d7f916-le64.cache-6
7f585c002000-7f585c005000 r--s 00000000 08:08 134482                     /var/cache/fontconfig/75114ca45c98e8a441da0ff356701271-le64.cache-6
7f585c005000-7f585c009000 r--s 00000000 08:08 128591                     /var/cache/fontconfig/7ef2298fde41cc6eeb7af42e48b7d293-le64.cache-6
7f585c009000-7f585c00b000 r--s 00000000 08:08 138451                     /var/cache/fontconfig/16326683038b281783a0ef8c680e3a10-le64.cache-6
7f585c00b000-7f585c018000 r--s 00000000 08:08 128618                     /var/cache/fontconfig/8f02d4cb045bd6ce15663e43f347c9f8-le64.cache-6
7f585c018000-7f585c020000 r--s 00045000 08:0a 824                        /home/mark/.p2/pool/plugins/org.junit_4.12.0.v201504281640/junit.jar
7f585c020000-7f585c3f8000 rw-p 00000000 00:00 0 
7f585c3f8000-7f585c3f9000 ---p 00000000 00:00 0 
7f585c3f9000-7f585c4f9000 rw-p 00000000 00:00 0 
7f585c4f9000-7f585c4fa000 ---p 00000000 00:00 0 
7f585c4fa000-7f585c5fa000 rw-p 00000000 00:00 0 
7f585c5fa000-7f585c5fb000 ---p 00000000 00:00 0 
7f585c5fb000-7f585c6fb000 rw-p 00000000 00:00 0 
7f585c6fb000-7f585c6fc000 ---p 00000000 00:00 0 
7f585c6fc000-7f585c826000 rw-p 00000000 00:00 0 
7f585c826000-7f585ca8c000 ---p 00000000 00:00 0 
7f585ca8c000-7f585cab6000 rw-p 00000000 00:00 0 
7f585cab6000-7f585cd1c000 ---p 00000000 00:00 0 
7f585cd1c000-7f585cd31000 rw-p 00000000 00:00 0 
7f585cd31000-7f585ce64000 ---p 00000000 00:00 0 
7f585ce64000-7f585ce74000 rw-p 00000000 00:00 0 
7f585ce74000-7f585d225000 ---p 00000000 00:00 0 
7f585d225000-7f585d23f000 r-xp 00000000 08:06 286432                     /usr/lib/jvm/java-8-oracle/jre/lib/amd64/libzip.so
7f585d23f000-7f585d43f000 ---p 0001a000 08:06 286432                     /usr/lib/jvm/java-8-oracle/jre/lib/amd64/libzip.so
7f585d43f000-7f585d440000 rw-p 0001a000 08:06 286432                     /usr/lib/jvm/java-8-oracle/jre/lib/amd64/libzip.so
7f585d440000-7f585d44b000 r-xp 00000000 08:06 136277                     /lib/x86_64-linux-gnu/libnss_files-2.23.so
7f585d44b000-7f585d64a000 ---p 0000b000 08:06 136277                     /lib/x86_64-linux-gnu/libnss_files-2.23.so
7f585d64a000-7f585d64b000 r--p 0000a000 08:06 136277                     /lib/x86_64-linux-gnu/libnss_files-2.23.so
7f585d64b000-7f585d64c000 rw-p 0000b000 08:06 136277                     /lib/x86_64-linux-gnu/libnss_files-2.23.so
7f585d64c000-7f585d652000 rw-p 00000000 00:00 0 
7f585d652000-7f585d65d000 r-xp 00000000 08:06 136287                     /lib/x86_64-linux-gnu/libnss_nis-2.23.so
7f585d65d000-7f585d85c000 ---p 0000b000 08:06 136287                     /lib/x86_64-linux-gnu/libnss_nis-2.23.so
7f585d85c000-7f585d85d000 r--p 0000a000 08:06 136287                     /lib/x86_64-linux-gnu/libnss_nis-2.23.so
7f585d85d000-7f585d85e000 rw-p 0000b000 08:06 136287                     /lib/x86_64-linux-gnu/libnss_nis-2.23.so
7f585d85e000-7f585d874000 r-xp 00000000 08:06 136271                     /lib/x86_64-linux-gnu/libnsl-2.23.so
7f585d874000-7f585da73000 ---p 00016000 08:06 136271                     /lib/x86_64-linux-gnu/libnsl-2.23.so
7f585da73000-7f585da74000 r--p 00015000 08:06 136271                     /lib/x86_64-linux-gnu/libnsl-2.23.so
7f585da74000-7f585da75000 rw-p 00016000 08:06 136271                     /lib/x86_64-linux-gnu/libnsl-2.23.so
7f585da75000-7f585da77000 rw-p 00000000 00:00 0 
7f585da77000-7f585da7f000 r-xp 00000000 08:06 136273                     /lib/x86_64-linux-gnu/libnss_compat-2.23.so
7f585da7f000-7f585dc7e000 ---p 00008000 08:06 136273                     /lib/x86_64-linux-gnu/libnss_compat-2.23.so
7f585dc7e000-7f585dc7f000 r--p 00007000 08:06 136273                     /lib/x86_64-linux-gnu/libnss_compat-2.23.so
7f585dc7f000-7f585dc80000 rw-p 00008000 08:06 136273                     /lib/x86_64-linux-gnu/libnss_compat-2.23.so
7f585dc80000-7f585dcaa000 r-xp 00000000 08:06 286458                     /usr/lib/jvm/java-8-oracle/jre/lib/amd64/libjava.so
7f585dcaa000-7f585deaa000 ---p 0002a000 08:06 286458                     /usr/lib/jvm/java-8-oracle/jre/lib/amd64/libjava.so
7f585deaa000-7f585deac000 rw-p 0002a000 08:06 286458                     /usr/lib/jvm/java-8-oracle/jre/lib/amd64/libjava.so
7f585deac000-7f585deb9000 r-xp 00000000 08:06 286409                     /usr/lib/jvm/java-8-oracle/jre/lib/amd64/libverify.so
7f585deb9000-7f585e0b9000 ---p 0000d000 08:06 286409                     /usr/lib/jvm/java-8-oracle/jre/lib/amd64/libverify.so
7f585e0b9000-7f585e0bb000 rw-p 0000d000 08:06 286409                     /usr/lib/jvm/java-8-oracle/jre/lib/amd64/libverify.so
7f585e0bb000-7f585e0c2000 r-xp 00000000 08:06 136332                     /lib/x86_64-linux-gnu/librt-2.23.so
7f585e0c2000-7f585e2c1000 ---p 00007000 08:06 136332                     /lib/x86_64-linux-gnu/librt-2.23.so
7f585e2c1000-7f585e2c2000 r--p 00006000 08:06 136332                     /lib/x86_64-linux-gnu/librt-2.23.so
7f585e2c2000-7f585e2c3000 rw-p 00007000 08:06 136332                     /lib/x86_64-linux-gnu/librt-2.23.so
7f585e2c3000-7f585e3cb000 r-xp 00000000 08:06 136248                     /lib/x86_64-linux-gnu/libm-2.23.so
7f585e3cb000-7f585e5ca000 ---p 00108000 08:06 136248                     /lib/x86_64-linux-gnu/libm-2.23.so
7f585e5ca000-7f585e5cb000 r--p 00107000 08:06 136248                     /lib/x86_64-linux-gnu/libm-2.23.so
7f585e5cb000-7f585e5cc000 rw-p 00108000 08:06 136248                     /lib/x86_64-linux-gnu/libm-2.23.so
7f585e5cc000-7f585f297000 r-xp 00000000 08:06 286462                     /usr/lib/jvm/java-8-oracle/jre/lib/amd64/server/libjvm.so
7f585f297000-7f585f496000 ---p 00ccb000 08:06 286462                     /usr/lib/jvm/java-8-oracle/jre/lib/amd64/server/libjvm.so
7f585f496000-7f585f56f000 rw-p 00cca000 08:06 286462                     /usr/lib/jvm/java-8-oracle/jre/lib/amd64/server/libjvm.so
7f585f56f000-7f585f5ba000 rw-p 00000000 00:00 0 
7f585f5ba000-7f585f77a000 r-xp 00000000 08:06 136178                     /lib/x86_64-linux-gnu/libc-2.23.so
7f585f77a000-7f585f979000 ---p 001c0000 08:06 136178                     /lib/x86_64-linux-gnu/libc-2.23.so
7f585f979000-7f585f97d000 r--p 001bf000 08:06 136178                     /lib/x86_64-linux-gnu/libc-2.23.so
7f585f97d000-7f585f97f000 rw-p 001c3000 08:06 136178                     /lib/x86_64-linux-gnu/libc-2.23.so
7f585f97f000-7f585f983000 rw-p 00000000 00:00 0 
7f585f983000-7f585f986000 r-xp 00000000 08:06 136202                     /lib/x86_64-linux-gnu/libdl-2.23.so
7f585f986000-7f585fb85000 ---p 00003000 08:06 136202                     /lib/x86_64-linux-gnu/libdl-2.23.so
7f585fb85000-7f585fb86000 r--p 00002000 08:06 136202                     /lib/x86_64-linux-gnu/libdl-2.23.so
7f585fb86000-7f585fb87000 rw-p 00003000 08:06 136202                     /lib/x86_64-linux-gnu/libdl-2.23.so
7f585fb87000-7f585fb9c000 r-xp 00000000 08:06 283059                     /usr/lib/jvm/java-8-oracle/lib/amd64/jli/libjli.so
7f585fb9c000-7f585fd9c000 ---p 00015000 08:06 283059                     /usr/lib/jvm/java-8-oracle/lib/amd64/jli/libjli.so
7f585fd9c000-7f585fd9d000 rw-p 00015000 08:06 283059                     /usr/lib/jvm/java-8-oracle/lib/amd64/jli/libjli.so
7f585fd9d000-7f585fdb5000 r-xp 00000000 08:06 136324                     /lib/x86_64-linux-gnu/libpthread-2.23.so
7f585fdb5000-7f585ffb4000 ---p 00018000 08:06 136324                     /lib/x86_64-linux-gnu/libpthread-2.23.so
7f585ffb4000-7f585ffb5000 r--p 00017000 08:06 136324                     /lib/x86_64-linux-gnu/libpthread-2.23.so
7f585ffb5000-7f585ffb6000 rw-p 00018000 08:06 136324                     /lib/x86_64-linux-gnu/libpthread-2.23.so
7f585ffb6000-7f585ffba000 rw-p 00000000 00:00 0 
7f585ffba000-7f585ffe0000 r-xp 00000000 08:06 136150                     /lib/x86_64-linux-gnu/ld-2.23.so
7f585ffe0000-7f585ffe1000 r--s 00000000 08:08 134703                     /var/cache/fontconfig/0c9eb80ebd1c36541ebe2852d3bb0c49-le64.cache-6
7f585ffe1000-7f585ffe9000 rw-s 00000000 00:05 36708                      /drm mm object (deleted)
7f585ffe9000-7f585fff1000 rw-s 00000000 00:05 36994                      /drm mm object (deleted)
7f585fff1000-7f585fff6000 r--p 00000000 08:0a 530255                     /home/mark/.config/dconf/user
7f585fff6000-7f58600c1000 rw-p 00000000 00:00 0 
7f58600c1000-7f58600c4000 ---p 00000000 00:00 0 
7f58600c4000-7f58601c6000 rw-p 00000000 00:00 0 
7f58601c6000-7f58601c7000 r--s 00008000 08:0a 548839                     /home/mark/.p2/pool/plugins/org.eclipse.fx.ide.css.jfx8_2.4.0.201605112122.jar
7f58601c7000-7f58601c9000 r--s 0000c000 08:0a 527585                     /home/mark/.p2/pool/plugins/org.hamcrest.core_1.3.0.v201303031735.jar
7f58601c9000-7f58601ca000 rw-s 1082f0000 00:06 473                       /dev/dri/card1
7f58601ca000-7f58601cb000 r--s 00000000 00:2d 34                         /run/user/1000/dconf/user
7f58601cb000-7f58601d3000 rw-s 00000000 00:05 36966                      /drm mm object (deleted)
7f58601d3000-7f58601db000 rw-s 00000000 08:09 128530                     /tmp/hsperfdata_mark/4574
7f58601db000-7f58601dc000 rw-p 00000000 00:00 0 
7f58601dc000-7f58601dd000 ---p 00000000 00:00 0 
7f58601dd000-7f58601df000 rw-p 00000000 00:00 0 
7f58601df000-7f58601e0000 r--p 00025000 08:06 136150                     /lib/x86_64-linux-gnu/ld-2.23.so
7f58601e0000-7f58601e1000 rw-p 00026000 08:06 136150                     /lib/x86_64-linux-gnu/ld-2.23.so
7f58601e1000-7f58601e2000 rw-p 00000000 00:00 0 
7ffcfa366000-7ffcfa387000 rw-p 00000000 00:00 0                          [stack]
7ffcfa3c0000-7ffcfa3c2000 r--p 00000000 00:00 0                          [vvar]
7ffcfa3c2000-7ffcfa3c4000 r-xp 00000000 00:00 0                          [vdso]
ffffffffff600000-ffffffffff601000 r-xp 00000000 00:00 0                  [vsyscall]

VM Arguments:
jvm_args: -Dfile.encoding=UTF-8 
java_command: warlords.control.WarlordsController
java_class_path (initial): /home/mark/Documents/COMPSYS 302/uoa-cs302-2017-group01/Warlords/bin:/home/mark/.p2/pool/plugins/org.junit_4.12.0.v201504281640/junit.jar:/home/mark/.p2/pool/plugins/org.hamcrest.core_1.3.0.v201303031735.jar:/home/mark/.p2/pool/plugins/org.eclipse.fx.ide.css.jfx8_2.4.0.201605112122.jar
Launcher Type: SUN_STANDARD

Environment Variables:
PATH=/usr/local/sbin:/usr/local/bin:/usr/sbin:/usr/bin:/sbin:/bin:/usr/games:/usr/local/games:/snap/bin
SHELL=/bin/bash
DISPLAY=:0

Signal Handlers:
SIGSEGV: [libjvm.so+0xac4790], sa_mask[0]=11111111011111111101111111111110, sa_flags=SA_RESTART|SA_SIGINFO
SIGBUS: [libjvm.so+0xac4790], sa_mask[0]=11111111011111111101111111111110, sa_flags=SA_RESTART|SA_SIGINFO
SIGFPE: [libjvm.so+0x91f140], sa_mask[0]=11111111011111111101111111111110, sa_flags=SA_RESTART|SA_SIGINFO
SIGPIPE: SIG_IGN, sa_mask[0]=00000000000010000000000000000000, sa_flags=SA_RESTART
SIGXFSZ: [libjvm.so+0x91f140], sa_mask[0]=11111111011111111101111111111110, sa_flags=SA_RESTART|SA_SIGINFO
SIGILL: [libjvm.so+0x91f140], sa_mask[0]=11111111011111111101111111111110, sa_flags=SA_RESTART|SA_SIGINFO
SIGUSR1: SIG_DFL, sa_mask[0]=00000000000000000000000000000000, sa_flags=none
SIGUSR2: [libjvm.so+0x920770], sa_mask[0]=00100000000000000000000000000000, sa_flags=SA_RESTART|SA_SIGINFO
SIGHUP: [libjvm.so+0x921b70], sa_mask[0]=11111111011111111101111111111110, sa_flags=SA_RESTART|SA_SIGINFO
SIGINT: [libjvm.so+0x921b70], sa_mask[0]=11111111011111111101111111111110, sa_flags=SA_RESTART|SA_SIGINFO
SIGTERM: [libjvm.so+0x921b70], sa_mask[0]=11111111011111111101111111111110, sa_flags=SA_RESTART|SA_SIGINFO
SIGQUIT: [libjvm.so+0x921b70], sa_mask[0]=11111111011111111101111111111110, sa_flags=SA_RESTART|SA_SIGINFO


---------------  S Y S T E M  ---------------

OS:DISTRIB_ID=Ubuntu
DISTRIB_RELEASE=16.04
DISTRIB_CODENAME=xenial
DISTRIB_DESCRIPTION="Ubuntu 16.04.1 LTS"

uname:Linux 4.4.0-34-generic #53-Ubuntu SMP Wed Jul 27 16:06:39 UTC 2016 x86_64
libc:glibc 2.23 NPTL 2.23 
rlimit: STACK 8192k, CORE 0k, NPROC 31060, NOFILE 65536, AS infinity
load average:11.12 5.10 2.24

/proc/meminfo:
MemTotal:        8055324 kB
MemFree:          819104 kB
MemAvailable:     715324 kB
Buffers:             624 kB
Cached:           340960 kB
SwapCached:          120 kB
Active:          6057012 kB
Inactive:         985160 kB
Active(anon):    6053528 kB
Inactive(anon):   950112 kB
Active(file):       3484 kB
Inactive(file):    35048 kB
Unevictable:          32 kB
Mlocked:              32 kB
SwapTotal:        498684 kB
SwapFree:          24196 kB
Dirty:               100 kB
Writeback:             0 kB
AnonPages:       6701732 kB
Mapped:            87388 kB
Shmem:            302356 kB
Slab:              65096 kB
SReclaimable:      28276 kB
SUnreclaim:        36820 kB
KernelStack:       12544 kB
PageTables:        46524 kB
NFS_Unstable:          0 kB
Bounce:                0 kB
WritebackTmp:          0 kB
CommitLimit:     4526344 kB
Committed_AS:   12636744 kB
VmallocTotal:   34359738367 kB
VmallocUsed:           0 kB
VmallocChunk:          0 kB
HardwareCorrupted:     0 kB
AnonHugePages:   4902912 kB
CmaTotal:              0 kB
CmaFree:               0 kB
HugePages_Total:       0
HugePages_Free:        0
HugePages_Rsvd:        0
HugePages_Surp:        0
Hugepagesize:       2048 kB
DirectMap4k:      118204 kB
DirectMap2M:     3956736 kB
DirectMap1G:     5242880 kB


CPU:total 4 (2 cores per cpu, 2 threads per core) family 6 model 78 stepping 3, cmov, cx8, fxsr, mmx, sse, sse2, sse3, ssse3, sse4.1, sse4.2, popcnt, avx, avx2, aes, clmul, erms, 3dnowpref, lzcnt, ht, tsc, tscinvbit, bmi1, bmi2, adx

/proc/cpuinfo:
processor	: 0
vendor_id	: GenuineIntel
cpu family	: 6
model		: 78
model name	: Intel(R) Core(TM) i7-6500U CPU @ 2.50GHz
stepping	: 3
microcode	: 0x9e
cpu MHz		: 757.148
cache size	: 4096 KB
physical id	: 0
siblings	: 4
core id		: 0
cpu cores	: 2
apicid		: 0
initial apicid	: 0
fpu		: yes
fpu_exception	: yes
cpuid level	: 22
wp		: yes
flags		: fpu vme de pse tsc msr pae mce cx8 apic sep mtrr pge mca cmov pat pse36 clflush dts acpi mmx fxsr sse sse2 ss ht tm pbe syscall nx pdpe1gb rdtscp lm constant_tsc art arch_perfmon pebs bts rep_good nopl xtopology nonstop_tsc aperfmperf eagerfpu pni pclmulqdq dtes64 monitor ds_cpl vmx est tm2 ssse3 sdbg fma cx16 xtpr pdcm pcid sse4_1 sse4_2 x2apic movbe popcnt tsc_deadline_timer aes xsave avx f16c rdrand lahf_lm abm 3dnowprefetch epb intel_pt tpr_shadow vnmi flexpriority ept vpid fsgsbase tsc_adjust bmi1 avx2 smep bmi2 erms invpcid mpx rdseed adx smap clflushopt xsaveopt xsavec xgetbv1 dtherm ida arat pln pts hwp hwp_notify hwp_act_window hwp_epp
bugs		:
bogomips	: 5183.84
clflush size	: 64
cache_alignment	: 64
address sizes	: 39 bits physical, 48 bits virtual
power management:

processor	: 1
vendor_id	: GenuineIntel
cpu family	: 6
model		: 78
model name	: Intel(R) Core(TM) i7-6500U CPU @ 2.50GHz
stepping	: 3
microcode	: 0x9e
cpu MHz		: 756.945
cache size	: 4096 KB
physical id	: 0
siblings	: 4
core id		: 1
cpu cores	: 2
apicid		: 2
initial apicid	: 2
fpu		: yes
fpu_exception	: yes
cpuid level	: 22
wp		: yes
flags		: fpu vme de pse tsc msr pae mce cx8 apic sep mtrr pge mca cmov pat pse36 clflush dts acpi mmx fxsr sse sse2 ss ht tm pbe syscall nx pdpe1gb rdtscp lm constant_tsc art arch_perfmon pebs bts rep_good nopl xtopology nonstop_tsc aperfmperf eagerfpu pni pclmulqdq dtes64 monitor ds_cpl vmx est tm2 ssse3 sdbg fma cx16 xtpr pdcm pcid sse4_1 sse4_2 x2apic movbe popcnt tsc_deadline_timer aes xsave avx f16c rdrand lahf_lm abm 3dnowprefetch epb intel_pt tpr_shadow vnmi flexpriority ept vpid fsgsbase tsc_adjust bmi1 avx2 smep bmi2 erms invpcid mpx rdseed adx smap clflushopt xsaveopt xsavec xgetbv1 dtherm ida arat pln pts hwp hwp_notify hwp_act_window hwp_epp
bugs		:
bogomips	: 5183.84
clflush size	: 64
cache_alignment	: 64
address sizes	: 39 bits physical, 48 bits virtual
power management:

processor	: 2
vendor_id	: GenuineIntel
cpu family	: 6
model		: 78
model name	: Intel(R) Core(TM) i7-6500U CPU @ 2.50GHz
stepping	: 3
microcode	: 0x9e
cpu MHz		: 776.750
cache size	: 4096 KB
physical id	: 0
siblings	: 4
core id		: 0
cpu cores	: 2
apicid		: 1
initial apicid	: 1
fpu		: yes
fpu_exception	: yes
cpuid level	: 22
wp		: yes
flags		: fpu vme de pse tsc msr pae mce cx8 apic sep mtrr pge mca cmov pat pse36 clflush dts acpi mmx fxsr sse sse2 ss ht tm pbe syscall nx pdpe1gb rdtscp lm constant_tsc art arch_perfmon pebs bts rep_good nopl xtopology nonstop_tsc aperfmperf eagerfpu pni pclmulqdq dtes64 monitor ds_cpl vmx est tm2 ssse3 sdbg fma cx16 xtpr pdcm pcid sse4_1 sse4_2 x2apic movbe popcnt tsc_deadline_timer aes xsave avx f16c rdrand lahf_lm abm 3dnowprefetch epb intel_pt tpr_shadow vnmi flexpriority ept vpid fsgsbase tsc_adjust bmi1 avx2 smep bmi2 erms invpcid mpx rdseed adx smap clflushopt xsaveopt xsavec xgetbv1 dtherm ida arat pln pts hwp hwp_notify hwp_act_window hwp_epp
bugs		:
bogomips	: 5183.84
clflush size	: 64
cache_alignment	: 64
address sizes	: 39 bits physical, 48 bits virtual
power management:

processor	: 3
vendor_id	: GenuineIntel
cpu family	: 6
model		: 78
model name	: Intel(R) Core(TM) i7-6500U CPU @ 2.50GHz
stepping	: 3
microcode	: 0x9e
cpu MHz		: 755.421
cache size	: 4096 KB
physical id	: 0
siblings	: 4
core id		: 1
cpu cores	: 2
apicid		: 3
initial apicid	: 3
fpu		: yes
fpu_exception	: yes
cpuid level	: 22
wp		: yes
flags		: fpu vme de pse tsc msr pae mce cx8 apic sep mtrr pge mca cmov pat pse36 clflush dts acpi mmx fxsr sse sse2 ss ht tm pbe syscall nx pdpe1gb rdtscp lm constant_tsc art arch_perfmon pebs bts rep_good nopl xtopology nonstop_tsc aperfmperf eagerfpu pni pclmulqdq dtes64 monitor ds_cpl vmx est tm2 ssse3 sdbg fma cx16 xtpr pdcm pcid sse4_1 sse4_2 x2apic movbe popcnt tsc_deadline_timer aes xsave avx f16c rdrand lahf_lm abm 3dnowprefetch epb intel_pt tpr_shadow vnmi flexpriority ept vpid fsgsbase tsc_adjust bmi1 avx2 smep bmi2 erms invpcid mpx rdseed adx smap clflushopt xsaveopt xsavec xgetbv1 dtherm ida arat pln pts hwp hwp_notify hwp_act_window hwp_epp
bugs		:
bogomips	: 5183.84
clflush size	: 64
cache_alignment	: 64
address sizes	: 39 bits physical, 48 bits virtual
power management:



Memory: 4k page, physical 8055324k(819104k free), swap 498684k(24204k free)

vm_info: Java HotSpot(TM) 64-Bit Server VM (25.101-b13) for linux-amd64 JRE (1.8.0_101-b13), built on Jun 22 2016 02:59:44 by "java_re" with gcc 4.3.0 20080428 (Red Hat 4.3.0-8)

time: Wed Mar 29 12:18:11 2017
elapsed time: 16 seconds (0d 0h 0m 16s)

