#
# There is insufficient memory for the Java Runtime Environment to continue.
# Native memory allocation (mmap) failed to map 15728640 bytes for committing reserved memory.
# Possible reasons:
#   The system is out of physical RAM or swap space
#   In 32 bit mode, the process size limit was hit
# Possible solutions:
#   Reduce memory load on the system
#   Increase physical memory or swap space
#   Check if swap backing store is full
#   Use 64 bit Java on a 64 bit OS
#   Decrease Java heap size (-Xmx/-Xms)
#   Decrease number of Java threads
#   Decrease Java thread stack sizes (-Xss)
#   Set larger code cache with -XX:ReservedCodeCacheSize=
# This output file may be truncated or incomplete.
#
#  Out of Memory Error (os_linux.cpp:2627), pid=4745, tid=0x00007f62efefe700
#
# JRE version: Java(TM) SE Runtime Environment (8.0_101-b13) (build 1.8.0_101-b13)
# Java VM: Java HotSpot(TM) 64-Bit Server VM (25.101-b13 mixed mode linux-amd64 compressed oops)
# Failed to write core dump. Core dumps have been disabled. To enable core dumping, try "ulimit -c unlimited" before starting Java again
#

---------------  T H R E A D  ---------------

Current thread (0x00007f6310077800):  VMThread [stack: 0x00007f62efdfe000,0x00007f62efeff000] [id=4755]

Stack: [0x00007f62efdfe000,0x00007f62efeff000],  sp=0x00007f62efefd0a0,  free space=1020k
Native frames: (J=compiled Java code, j=interpreted, Vv=VM code, C=native code)
V  [libjvm.so+0xac3f0a]  VMError::report_and_die()+0x2ba
V  [libjvm.so+0x4fbf9b]  report_vm_out_of_memory(char const*, int, unsigned long, VMErrorType, char const*)+0x8b
V  [libjvm.so+0x9222d3]  os::Linux::commit_memory_impl(char*, unsigned long, bool)+0x103
V  [libjvm.so+0x922829]  os::pd_commit_memory(char*, unsigned long, unsigned long, bool)+0x29
V  [libjvm.so+0x91cb2a]  os::commit_memory(char*, unsigned long, unsigned long, bool)+0x2a
V  [libjvm.so+0x991053]  PSVirtualSpace::expand_by(unsigned long)+0x53
V  [libjvm.so+0x992458]  PSYoungGen::resize_generation(unsigned long, unsigned long)+0xf8
V  [libjvm.so+0x9915b2]  PSYoungGen::resize(unsigned long, unsigned long)+0x22
V  [libjvm.so+0x98e88b]  PSScavenge::invoke_no_policy()+0xf3b
V  [libjvm.so+0x98f011]  PSScavenge::invoke()+0x41
V  [libjvm.so+0x945fc0]  ParallelScavengeHeap::failed_mem_allocate(unsigned long)+0x70
V  [libjvm.so+0xac5927]  VM_ParallelGCFailedAllocation::doit()+0x97
V  [libjvm.so+0xacd405]  VM_Operation::evaluate()+0x55
V  [libjvm.so+0xacb7da]  VMThread::evaluate_operation(VM_Operation*)+0xba
V  [libjvm.so+0xacbb5e]  VMThread::loop()+0x1ce
V  [libjvm.so+0xacbfd0]  VMThread::run()+0x70
V  [libjvm.so+0x924698]  java_start(Thread*)+0x108

VM_Operation (0x00007f629f758f60): ParallelGCFailedAllocation, mode: safepoint, requested by thread 0x00007f62a4256800


---------------  P R O C E S S  ---------------

Java Threads: ( => current thread )
  0x00007f631016e000 JavaThread "DestroyJavaVM" [_thread_blocked, id=4749, stack(0x00007f63187e8000,0x00007f63188e9000)]
  0x00007f62a4256800 JavaThread "Timer-0" [_thread_blocked, id=4774, stack(0x00007f629f65a000,0x00007f629f75b000)]
  0x00007f62a4284800 JavaThread "Prism Font Disposer" daemon [_thread_blocked, id=4772, stack(0x00007f629f95b000,0x00007f629fa5c000)]
  0x00007f63101f5800 JavaThread "Thread-1" daemon [_thread_blocked, id=4769, stack(0x00007f62b486e000,0x00007f62b496f000)]
  0x00007f63100c0000 JavaThread "Service Thread" daemon [_thread_blocked, id=4762, stack(0x00007f62eed38000,0x00007f62eee39000)]
  0x00007f63100bd000 JavaThread "C1 CompilerThread2" daemon [_thread_blocked, id=4761, stack(0x00007f62eee39000,0x00007f62eef3a000)]
  0x00007f63100bb800 JavaThread "C2 CompilerThread1" daemon [_thread_blocked, id=4760, stack(0x00007f62eef3a000,0x00007f62ef03b000)]
  0x00007f63100b8800 JavaThread "C2 CompilerThread0" daemon [_thread_blocked, id=4759, stack(0x00007f62ef03b000,0x00007f62ef13c000)]
  0x00007f63100b7000 JavaThread "Signal Dispatcher" daemon [_thread_blocked, id=4758, stack(0x00007f62ef13c000,0x00007f62ef23d000)]
  0x00007f6310084000 JavaThread "Finalizer" daemon [_thread_blocked, id=4757, stack(0x00007f62efbfc000,0x00007f62efcfd000)]
  0x00007f631007f800 JavaThread "Reference Handler" daemon [_thread_blocked, id=4756, stack(0x00007f62efcfd000,0x00007f62efdfe000)]

Other Threads:
=>0x00007f6310077800 VMThread [stack: 0x00007f62efdfe000,0x00007f62efeff000] [id=4755]
  0x00007f63100c3000 WatcherThread [stack: 0x00007f62eec37000,0x00007f62eed38000] [id=4763]

VM state:at safepoint (normal execution)

VM Mutex/Monitor currently owned by a thread:  ([mutex/lock_event])
[0x00007f63100060b0] Threads_lock - owner thread: 0x00007f6310077800
[0x00007f63100065b0] Heap_lock - owner thread: 0x00007f62a4256800

Heap:
 PSYoungGen      total 629760K, used 64K [0x00000000d7000000, 0x00000000ff100000, 0x0000000100000000)
  eden space 629248K, 0% used [0x00000000d7000000,0x00000000d7000000,0x00000000fd680000)
  from space 512K, 12% used [0x00000000fd680000,0x00000000fd690000,0x00000000fd700000)
  to   space 512K, 0% used [0x00000000fd700000,0x00000000fd700000,0x00000000fd780000)
 ParOldGen       total 84992K, used 6114K [0x0000000085000000, 0x000000008a300000, 0x00000000d7000000)
  object space 84992K, 7% used [0x0000000085000000,0x00000000855f89b0,0x000000008a300000)
 Metaspace       used 15815K, capacity 16492K, committed 16768K, reserved 1062912K
  class space    used 2166K, capacity 2355K, committed 2432K, reserved 1048576K

Card table byte_map: [0x00007f63151b3000,0x00007f631558c000] byte_map_base: 0x00007f6314d8b000

Marking Bits: (ParMarkBitMap*) 0x00007f6317cb4120
 Begin Bits: [0x00007f62fd280000, 0x00007f62ff140000)
 End Bits:   [0x00007f62ff140000, 0x00007f6301000000)

Polling page: 0x00007f6318903000

CodeCache: size=245760Kb used=6580Kb max_used=6580Kb free=239179Kb
 bounds [0x00007f6301000000, 0x00007f6301680000, 0x00007f6310000000]
 total_blobs=2588 nmethods=1988 adapters=512
 compilation: enabled

Compilation events (10 events):
Event: 25.286 Thread 0x00007f63100bd000 1992       3       java.util.concurrent.locks.AbstractQueuedSynchronizer::acquireInterruptibly (28 bytes)
Event: 25.286 Thread 0x00007f63100bd000 nmethod 1992 0x00007f630166e790 code [0x00007f630166e940, 0x00007f630166ed78]
Event: 25.318 Thread 0x00007f63100bd000 1994       3       sun.reflect.ReflectionFactory::copyConstructor (10 bytes)
Event: 25.320 Thread 0x00007f63100bd000 nmethod 1994 0x00007f630166f290 code [0x00007f630166f420, 0x00007f630166f808]
Event: 25.320 Thread 0x00007f63100bd000 1995       3       java.lang.reflect.Constructor::<init> (50 bytes)
Event: 25.320 Thread 0x00007f63100bd000 nmethod 1995 0x00007f630166f9d0 code [0x00007f630166fb40, 0x00007f630166fe50]
Event: 25.322 Thread 0x00007f63100bd000 1996       3       java.util.concurrent.ThreadPoolExecutor::runStateAtLeast (11 bytes)
Event: 25.322 Thread 0x00007f63100bd000 nmethod 1996 0x00007f630166ffd0 code [0x00007f6301670140, 0x00007f63016702d0]
Event: 25.322 Thread 0x00007f63100bd000 1997       3       java.util.concurrent.ThreadPoolExecutor$Worker::tryAcquire (20 bytes)
Event: 25.322 Thread 0x00007f63100bd000 nmethod 1997 0x00007f6301670350 code [0x00007f63016704c0, 0x00007f6301670870]

GC Heap History (10 events):
Event: 47.881 GC heap after
Heap after GC invocations=56 (full 0):
 PSYoungGen      total 500224K, used 32K [0x00000000d7000000, 0x00000000fd780000, 0x0000000100000000)
  eden space 499712K, 0% used [0x00000000d7000000,0x00000000d7000000,0x00000000f5800000)
  from space 512K, 6% used [0x00000000fd700000,0x00000000fd708000,0x00000000fd780000)
  to   space 512K, 0% used [0x00000000fd680000,0x00000000fd680000,0x00000000fd700000)
 ParOldGen       total 84992K, used 6114K [0x0000000085000000, 0x000000008a300000, 0x00000000d7000000)
  object space 84992K, 7% used [0x0000000085000000,0x00000000855f89b0,0x000000008a300000)
 Metaspace       used 15815K, capacity 16492K, committed 16768K, reserved 1062912K
  class space    used 2166K, capacity 2355K, committed 2432K, reserved 1048576K
}
Event: 48.910 GC heap before
{Heap before GC invocations=57 (full 0):
 PSYoungGen      total 500224K, used 499744K [0x00000000d7000000, 0x00000000fd780000, 0x0000000100000000)
  eden space 499712K, 100% used [0x00000000d7000000,0x00000000f5800000,0x00000000f5800000)
  from space 512K, 6% used [0x00000000fd700000,0x00000000fd708000,0x00000000fd780000)
  to   space 512K, 0% used [0x00000000fd680000,0x00000000fd680000,0x00000000fd700000)
 ParOldGen       total 84992K, used 6114K [0x0000000085000000, 0x000000008a300000, 0x00000000d7000000)
  object space 84992K, 7% used [0x0000000085000000,0x00000000855f89b0,0x000000008a300000)
 Metaspace       used 15815K, capacity 16492K, committed 16768K, reserved 1062912K
  class space    used 2166K, capacity 2355K, committed 2432K, reserved 1048576K
Event: 48.913 GC heap after
Heap after GC invocations=57 (full 0):
 PSYoungGen      total 477184K, used 32K [0x00000000d7000000, 0x00000000fd780000, 0x0000000100000000)
  eden space 476672K, 0% used [0x00000000d7000000,0x00000000d7000000,0x00000000f4180000)
  from space 512K, 6% used [0x00000000fd680000,0x00000000fd688000,0x00000000fd700000)
  to   space 512K, 0% used [0x00000000fd700000,0x00000000fd700000,0x00000000fd780000)
 ParOldGen       total 84992K, used 6114K [0x0000000085000000, 0x000000008a300000, 0x00000000d7000000)
  object space 84992K, 7% used [0x0000000085000000,0x00000000855f89b0,0x000000008a300000)
 Metaspace       used 15815K, capacity 16492K, committed 16768K, reserved 1062912K
  class space    used 2166K, capacity 2355K, committed 2432K, reserved 1048576K
}
Event: 50.049 GC heap before
{Heap before GC invocations=58 (full 0):
 PSYoungGen      total 477184K, used 476704K [0x00000000d7000000, 0x00000000fd780000, 0x0000000100000000)
  eden space 476672K, 100% used [0x00000000d7000000,0x00000000f4180000,0x00000000f4180000)
  from space 512K, 6% used [0x00000000fd680000,0x00000000fd688000,0x00000000fd700000)
  to   space 512K, 0% used [0x00000000fd700000,0x00000000fd700000,0x00000000fd780000)
 ParOldGen       total 84992K, used 6114K [0x0000000085000000, 0x000000008a300000, 0x00000000d7000000)
  object space 84992K, 7% used [0x0000000085000000,0x00000000855f89b0,0x000000008a300000)
 Metaspace       used 15815K, capacity 16492K, committed 16768K, reserved 1062912K
  class space    used 2166K, capacity 2355K, committed 2432K, reserved 1048576K
Event: 50.061 GC heap after
Heap after GC invocations=58 (full 0):
 PSYoungGen      total 455168K, used 32K [0x00000000d7000000, 0x00000000fd780000, 0x0000000100000000)
  eden space 454656K, 0% used [0x00000000d7000000,0x00000000d7000000,0x00000000f2c00000)
  from space 512K, 6% used [0x00000000fd700000,0x00000000fd708000,0x00000000fd780000)
  to   space 512K, 0% used [0x00000000fd680000,0x00000000fd680000,0x00000000fd700000)
 ParOldGen       total 84992K, used 6114K [0x0000000085000000, 0x000000008a300000, 0x00000000d7000000)
  object space 84992K, 7% used [0x0000000085000000,0x00000000855f89b0,0x000000008a300000)
 Metaspace       used 15815K, capacity 16492K, committed 16768K, reserved 1062912K
  class space    used 2166K, capacity 2355K, committed 2432K, reserved 1048576K
}
Event: 51.176 GC heap before
{Heap before GC invocations=59 (full 0):
 PSYoungGen      total 455168K, used 454688K [0x00000000d7000000, 0x00000000fd780000, 0x0000000100000000)
  eden space 454656K, 100% used [0x00000000d7000000,0x00000000f2c00000,0x00000000f2c00000)
  from space 512K, 6% used [0x00000000fd700000,0x00000000fd708000,0x00000000fd780000)
  to   space 512K, 0% used [0x00000000fd680000,0x00000000fd680000,0x00000000fd700000)
 ParOldGen       total 84992K, used 6114K [0x0000000085000000, 0x000000008a300000, 0x00000000d7000000)
  object space 84992K, 7% used [0x0000000085000000,0x00000000855f89b0,0x000000008a300000)
 Metaspace       used 15815K, capacity 16492K, committed 16768K, reserved 1062912K
  class space    used 2166K, capacity 2355K, committed 2432K, reserved 1048576K
Event: 51.210 GC heap after
Heap after GC invocations=59 (full 0):
 PSYoungGen      total 546304K, used 32K [0x00000000d7000000, 0x00000000fd780000, 0x0000000100000000)
  eden space 545792K, 0% used [0x00000000d7000000,0x00000000d7000000,0x00000000f8500000)
  from space 512K, 6% used [0x00000000fd680000,0x00000000fd688000,0x00000000fd700000)
  to   space 512K, 0% used [0x00000000fd700000,0x00000000fd700000,0x00000000fd780000)
 ParOldGen       total 84992K, used 6114K [0x0000000085000000, 0x000000008a300000, 0x00000000d7000000)
  object space 84992K, 7% used [0x0000000085000000,0x00000000855f89b0,0x000000008a300000)
 Metaspace       used 15815K, capacity 16492K, committed 16768K, reserved 1062912K
  class space    used 2166K, capacity 2355K, committed 2432K, reserved 1048576K
}
Event: 52.488 GC heap before
{Heap before GC invocations=60 (full 0):
 PSYoungGen      total 546304K, used 545824K [0x00000000d7000000, 0x00000000fd780000, 0x0000000100000000)
  eden space 545792K, 100% used [0x00000000d7000000,0x00000000f8500000,0x00000000f8500000)
  from space 512K, 6% used [0x00000000fd680000,0x00000000fd688000,0x00000000fd700000)
  to   space 512K, 0% used [0x00000000fd700000,0x00000000fd700000,0x00000000fd780000)
 ParOldGen       total 84992K, used 6114K [0x0000000085000000, 0x000000008a300000, 0x00000000d7000000)
  object space 84992K, 7% used [0x0000000085000000,0x00000000855f89b0,0x000000008a300000)
 Metaspace       used 15815K, capacity 16492K, committed 16768K, reserved 1062912K
  class space    used 2166K, capacity 2355K, committed 2432K, reserved 1048576K
Event: 52.495 GC heap after
Heap after GC invocations=60 (full 0):
 PSYoungGen      total 629760K, used 32K [0x00000000d7000000, 0x00000000ff100000, 0x0000000100000000)
  eden space 629248K, 0% used [0x00000000d7000000,0x00000000d7000000,0x00000000fd680000)
  from space 512K, 6% used [0x00000000fd700000,0x00000000fd708000,0x00000000fd780000)
  to   space 512K, 0% used [0x00000000fd680000,0x00000000fd680000,0x00000000fd700000)
 ParOldGen       total 84992K, used 6114K [0x0000000085000000, 0x000000008a300000, 0x00000000d7000000)
  object space 84992K, 7% used [0x0000000085000000,0x00000000855f89b0,0x000000008a300000)
 Metaspace       used 15815K, capacity 16492K, committed 16768K, reserved 1062912K
  class space    used 2166K, capacity 2355K, committed 2432K, reserved 1048576K
}
Event: 56.990 GC heap before
{Heap before GC invocations=61 (full 0):
 PSYoungGen      total 629760K, used 629280K [0x00000000d7000000, 0x00000000ff100000, 0x0000000100000000)
  eden space 629248K, 100% used [0x00000000d7000000,0x00000000fd680000,0x00000000fd680000)
  from space 512K, 6% used [0x00000000fd700000,0x00000000fd708000,0x00000000fd780000)
  to   space 512K, 0% used [0x00000000fd680000,0x00000000fd680000,0x00000000fd700000)
 ParOldGen       total 84992K, used 6114K [0x0000000085000000, 0x000000008a300000, 0x00000000d7000000)
  object space 84992K, 7% used [0x0000000085000000,0x00000000855f89b0,0x000000008a300000)
 Metaspace       used 15815K, capacity 16492K, committed 16768K, reserved 1062912K
  class space    used 2166K, capacity 2355K, committed 2432K, reserved 1048576K

Deoptimization events (10 events):
Event: 8.775 Thread 0x00007f62a4256800 Uncommon trap: reason=unstable_if action=reinterpret pc=0x00007f6301466718 method=java.lang.Math.abs(I)I @ 1
Event: 12.059 Thread 0x00007f62a4256800 Uncommon trap: reason=unstable_if action=reinterpret pc=0x00007f630147e7ac method=warlords.model.Game.coordInBallPath(II)Z @ 133
Event: 12.065 Thread 0x00007f62a4256800 Uncommon trap: reason=unstable_if action=reinterpret pc=0x00007f6301474d24 method=warlords.model.Game.coordInBallPath(II)Z @ 133
Event: 12.069 Thread 0x00007f62a4256800 Uncommon trap: reason=unstable_if action=reinterpret pc=0x00007f6301477df0 method=warlords.model.Game.coordInBallPath(II)Z @ 133
Event: 12.080 Thread 0x00007f62a4256800 Uncommon trap: reason=unstable_if action=reinterpret pc=0x00007f63013b9684 method=warlords.model.Game.coordInBallPath(II)Z @ 133
Event: 14.308 Thread 0x00007f62a4256800 Uncommon trap: reason=unstable_if action=reinterpret pc=0x00007f630144b3fc method=warlords.model.Game.checkWalls()Z @ 83
Event: 23.038 Thread 0x00007f631016e000 Uncommon trap: reason=unstable_if action=reinterpret pc=0x00007f6301631d04 method=com.sun.javafx.geom.RectBounds.contains(Lcom/sun/javafx/geom/RectBounds;)Z @ 61
Event: 23.283 Thread 0x00007f631016e000 Uncommon trap: reason=unstable_if action=reinterpret pc=0x00007f6301625d70 method=java.util.Arrays.equals([F[F)Z @ 47
Event: 23.283 Thread 0x00007f631016e000 Uncommon trap: reason=unstable_if action=reinterpret pc=0x00007f630163016c method=com.sun.javafx.geom.transform.AffineBase.updateState2D()V @ 42
Event: 23.283 Thread 0x00007f631016e000 Uncommon trap: reason=unstable_if action=reinterpret pc=0x00007f630162e580 method=com.sun.javafx.geom.transform.AffineBase.updateState2D()V @ 42

Internal exceptions (10 events):
Event: 1.046 Thread 0x00007f631000a000 Exception <a 'java/security/PrivilegedActionException'> (0x00000000d729f4c8) thrown at [/HUDSON3/workspace/8-2-build-linux-amd64/jdk8u101/7261/hotspot/src/share/vm/prims/jvm.cpp, line 1386]
Event: 1.061 Thread 0x00007f631000a000 Exception <a 'java/lang/NullPointerException'> (0x00000000d729faa0) thrown at [/HUDSON3/workspace/8-2-build-linux-amd64/jdk8u101/7261/hotspot/src/share/vm/interpreter/linkResolver.cpp, line 1178]
Event: 3.213 Thread 0x00007f63101f9000 Exception <a 'java/lang/NullPointerException'> (0x00000000d7b96e98) thrown at [/HUDSON3/workspace/8-2-build-linux-amd64/jdk8u101/7261/hotspot/src/share/vm/interpreter/linkResolver.cpp, line 1178]
Event: 3.213 Thread 0x00007f63101f9000 Exception <a 'java/lang/NullPointerException'> (0x00000000d7b96e98) thrown at [/HUDSON3/workspace/8-2-build-linux-amd64/jdk8u101/7261/hotspot/src/share/vm/prims/jvm.cpp, line 1390]
Event: 4.035 Thread 0x00007f63101f9000 Exception <a 'java/lang/ArrayIndexOutOfBoundsException': 70> (0x00000000d7f83ad0) thrown at [/HUDSON3/workspace/8-2-build-linux-amd64/jdk8u101/7261/hotspot/src/share/vm/interpreter/interpreterRuntime.cpp, line 366]
Event: 4.046 Thread 0x00007f63101f9000 Exception <a 'java/lang/ArrayIndexOutOfBoundsException': 18> (0x00000000d7f847a0) thrown at [/HUDSON3/workspace/8-2-build-linux-amd64/jdk8u101/7261/hotspot/src/share/vm/interpreter/interpreterRuntime.cpp, line 366]
Event: 4.046 Thread 0x00007f63101f9000 Exception <a 'java/lang/ArrayIndexOutOfBoundsException': 86> (0x00000000d7f85b48) thrown at [/HUDSON3/workspace/8-2-build-linux-amd64/jdk8u101/7261/hotspot/src/share/vm/interpreter/interpreterRuntime.cpp, line 366]
Event: 4.047 Thread 0x00007f63101f9000 Exception <a 'java/lang/ArrayIndexOutOfBoundsException'> (0x00000000d7f87e58) thrown at [/HUDSON3/workspace/8-2-build-linux-amd64/jdk8u101/7261/hotspot/src/share/vm/runtime/sharedRuntime.cpp, line 605]
Event: 4.600 Thread 0x00007f63101f9000 Implicit null exception at 0x00007f630128b2b5 to 0x00007f630128b4d1
Event: 6.012 Thread 0x00007f63101f9000 Exception <a 'java/lang/ArrayIndexOutOfBoundsException'> (0x00000000d892ab00) thrown at [/HUDSON3/workspace/8-2-build-linux-amd64/jdk8u101/7261/hotspot/src/share/vm/runtime/sharedRuntime.cpp, line 605]

Events (10 events):
Event: 47.881 Executing VM operation: ParallelGCFailedAllocation done
Event: 48.910 Executing VM operation: ParallelGCFailedAllocation
Event: 48.913 Executing VM operation: ParallelGCFailedAllocation done
Event: 50.049 Executing VM operation: ParallelGCFailedAllocation
Event: 50.061 Executing VM operation: ParallelGCFailedAllocation done
Event: 51.176 Executing VM operation: ParallelGCFailedAllocation
Event: 51.210 Executing VM operation: ParallelGCFailedAllocation done
Event: 52.488 Executing VM operation: ParallelGCFailedAllocation
Event: 52.495 Executing VM operation: ParallelGCFailedAllocation done
Event: 55.330 Executing VM operation: ParallelGCFailedAllocation


Dynamic libraries:
00400000-00401000 r-xp 00000000 08:06 286265                             /usr/lib/jvm/java-8-oracle/bin/java
00600000-00601000 rw-p 00000000 08:06 286265                             /usr/lib/jvm/java-8-oracle/bin/java
01989000-019aa000 rw-p 00000000 00:00 0                                  [heap]
85000000-8a300000 rw-p 00000000 00:00 0 
8a300000-d7000000 ---p 00000000 00:00 0 
d7000000-ff100000 rw-p 00000000 00:00 0 
100000000-100260000 rw-p 00000000 00:00 0 
100260000-140000000 ---p 00000000 00:00 0 
7f628c000000-7f628c28f000 rw-p 00000000 00:00 0 
7f628c28f000-7f6290000000 ---p 00000000 00:00 0 
7f6294000000-7f6294021000 rw-p 00000000 00:00 0 
7f6294021000-7f6298000000 ---p 00000000 00:00 0 
7f6298000000-7f6298021000 rw-p 00000000 00:00 0 
7f6298021000-7f629c000000 ---p 00000000 00:00 0 
7f629f40c000-7f629f410000 rw-s 107533000 00:06 473                       /dev/dri/card1
7f629f410000-7f629f5d0000 rw-s 00000000 00:05 40223                      /drm mm object (deleted)
7f629f5d0000-7f629f5e0000 rw-s 00000000 00:05 37728                      /drm mm object (deleted)
7f629f5e2000-7f629f5ea000 rw-s 00000000 00:05 37726                      /drm mm object (deleted)
7f629f5ea000-7f629f64a000 rw-s 00000000 00:05 37725                      /drm mm object (deleted)
7f629f64a000-7f629f65a000 rw-s 00000000 00:05 37723                      /drm mm object (deleted)
7f629f65a000-7f629f65d000 ---p 00000000 00:00 0 
7f629f65d000-7f629f95b000 rw-p 00000000 00:00 0 
7f629f95b000-7f629f95e000 ---p 00000000 00:00 0 
7f629f95e000-7f629fa5c000 rw-p 00000000 00:00 0 
7f629fa5c000-7f629fb15000 r--p 00000000 08:06 531015                     /usr/share/fonts/truetype/dejavu/DejaVuSans.ttf
7f629fb15000-7f629fb51000 r--p 00000000 08:06 286531                     /usr/lib/jvm/java-8-oracle/jre/lib/fonts/LucidaTypewriterRegular.ttf
7f629fb51000-7f629fbfc000 r--p 00000000 08:06 286496                     /usr/lib/jvm/java-8-oracle/jre/lib/fonts/LucidaSansRegular.ttf
7f629fbfc000-7f629fc00000 r-xp 00000000 08:06 286446                     /usr/lib/jvm/java-8-oracle/jre/lib/amd64/libjavafx_font_pango.so
7f629fc00000-7f629fdff000 ---p 00004000 08:06 286446                     /usr/lib/jvm/java-8-oracle/jre/lib/amd64/libjavafx_font_pango.so
7f629fdff000-7f629fe00000 rw-p 00003000 08:06 286446                     /usr/lib/jvm/java-8-oracle/jre/lib/amd64/libjavafx_font_pango.so
7f629fe00000-7f62a0000000 rw-p 00000000 00:00 0 
7f62a0000000-7f62a0021000 rw-p 00000000 00:00 0 
7f62a0021000-7f62a4000000 ---p 00000000 00:00 0 
7f62a4000000-7f62a4298000 rw-p 00000000 00:00 0 
7f62a4298000-7f62a8000000 ---p 00000000 00:00 0 
7f62a8000000-7f62a8022000 rw-p 00000000 00:00 0 
7f62a8022000-7f62ac000000 ---p 00000000 00:00 0 
7f62ac000000-7f62ac021000 rw-p 00000000 00:00 0 
7f62ac021000-7f62b0000000 ---p 00000000 00:00 0 
7f62b0000000-7f62b0021000 rw-p 00000000 00:00 0 
7f62b0021000-7f62b4000000 ---p 00000000 00:00 0 
7f62b4001000-7f62b400f000 rw-s 00000000 00:05 37724                      /drm mm object (deleted)
7f62b400f000-7f62b4064000 r--p 00000000 08:06 286499                     /usr/lib/jvm/java-8-oracle/jre/lib/fonts/LucidaBrightRegular.ttf
7f62b4064000-7f62b4069000 r-xp 00000000 08:06 286442                     /usr/lib/jvm/java-8-oracle/jre/lib/amd64/libjavafx_font_freetype.so
7f62b4069000-7f62b4268000 ---p 00005000 08:06 286442                     /usr/lib/jvm/java-8-oracle/jre/lib/amd64/libjavafx_font_freetype.so
7f62b4268000-7f62b4269000 rw-p 00004000 08:06 286442                     /usr/lib/jvm/java-8-oracle/jre/lib/amd64/libjavafx_font_freetype.so
7f62b4269000-7f62b426c000 r-xp 00000000 08:06 286403                     /usr/lib/jvm/java-8-oracle/jre/lib/amd64/libjavafx_font.so
7f62b426c000-7f62b446b000 ---p 00003000 08:06 286403                     /usr/lib/jvm/java-8-oracle/jre/lib/amd64/libjavafx_font.so
7f62b446b000-7f62b446c000 rw-p 00002000 08:06 286403                     /usr/lib/jvm/java-8-oracle/jre/lib/amd64/libjavafx_font.so
7f62b446c000-7f62b466c000 rw-p 00000000 00:00 0 
7f62b466c000-7f62b466f000 ---p 00000000 00:00 0 
7f62b466f000-7f62b476d000 rw-p 00000000 00:00 0 
7f62b476d000-7f62b4770000 ---p 00000000 00:00 0 
7f62b4770000-7f62b486e000 rw-p 00000000 00:00 0 
7f62b486e000-7f62b4871000 ---p 00000000 00:00 0 
7f62b4871000-7f62b496f000 rw-p 00000000 00:00 0 
7f62b496f000-7f62b4970000 ---p 00000000 00:00 0 
7f62b4970000-7f62b5170000 rw-p 00000000 00:00 0 
7f62b5170000-7f62b5171000 ---p 00000000 00:00 0 
7f62b5171000-7f62b5971000 rw-p 00000000 00:00 0 
7f62b5971000-7f62b5972000 ---p 00000000 00:00 0 
7f62b5972000-7f62b6172000 rw-p 00000000 00:00 0 
7f62b6172000-7f62b617d000 r-xp 00000000 08:06 523554                     /usr/lib/x86_64-linux-gnu/gio/modules/libdconfsettings.so
7f62b617d000-7f62b637d000 ---p 0000b000 08:06 523554                     /usr/lib/x86_64-linux-gnu/gio/modules/libdconfsettings.so
7f62b637d000-7f62b637e000 r--p 0000b000 08:06 523554                     /usr/lib/x86_64-linux-gnu/gio/modules/libdconfsettings.so
7f62b637e000-7f62b637f000 rw-p 0000c000 08:06 523554                     /usr/lib/x86_64-linux-gnu/gio/modules/libdconfsettings.so
7f62b637f000-7f62b6386000 r-xp 00000000 08:06 402206                     /usr/lib/x86_64-linux-gnu/libogg.so.0.8.2
7f62b6386000-7f62b6586000 ---p 00007000 08:06 402206                     /usr/lib/x86_64-linux-gnu/libogg.so.0.8.2
7f62b6586000-7f62b6587000 r--p 00007000 08:06 402206                     /usr/lib/x86_64-linux-gnu/libogg.so.0.8.2
7f62b6587000-7f62b6588000 rw-p 00008000 08:06 402206                     /usr/lib/x86_64-linux-gnu/libogg.so.0.8.2
7f62b6588000-7f62b65b2000 r-xp 00000000 08:06 402555                     /usr/lib/x86_64-linux-gnu/libvorbis.so.0.4.8
7f62b65b2000-7f62b67b2000 ---p 0002a000 08:06 402555                     /usr/lib/x86_64-linux-gnu/libvorbis.so.0.4.8
7f62b67b2000-7f62b67b3000 r--p 0002a000 08:06 402555                     /usr/lib/x86_64-linux-gnu/libvorbis.so.0.4.8
7f62b67b3000-7f62b67b4000 rw-p 0002b000 08:06 402555                     /usr/lib/x86_64-linux-gnu/libvorbis.so.0.4.8
7f62b67b4000-7f62b67bd000 r-xp 00000000 08:06 402073                     /usr/lib/x86_64-linux-gnu/libltdl.so.7.3.1
7f62b67bd000-7f62b69bc000 ---p 00009000 08:06 402073                     /usr/lib/x86_64-linux-gnu/libltdl.so.7.3.1
7f62b69bc000-7f62b69bd000 r--p 00008000 08:06 402073                     /usr/lib/x86_64-linux-gnu/libltdl.so.7.3.1
7f62b69bd000-7f62b69be000 rw-p 00009000 08:06 402073                     /usr/lib/x86_64-linux-gnu/libltdl.so.7.3.1
7f62b69be000-7f62b69d2000 r-xp 00000000 08:06 402448                     /usr/lib/x86_64-linux-gnu/libtdb.so.1.3.8
7f62b69d2000-7f62b6bd1000 ---p 00014000 08:06 402448                     /usr/lib/x86_64-linux-gnu/libtdb.so.1.3.8
7f62b6bd1000-7f62b6bd2000 r--p 00013000 08:06 402448                     /usr/lib/x86_64-linux-gnu/libtdb.so.1.3.8
7f62b6bd2000-7f62b6bd3000 rw-p 00014000 08:06 402448                     /usr/lib/x86_64-linux-gnu/libtdb.so.1.3.8
7f62b6bd3000-7f62b6bda000 r-xp 00000000 08:06 402559                     /usr/lib/x86_64-linux-gnu/libvorbisfile.so.3.3.7
7f62b6bda000-7f62b6dda000 ---p 00007000 08:06 402559                     /usr/lib/x86_64-linux-gnu/libvorbisfile.so.3.3.7
7f62b6dda000-7f62b6ddb000 r--p 00007000 08:06 402559                     /usr/lib/x86_64-linux-gnu/libvorbisfile.so.3.3.7
7f62b6ddb000-7f62b6ddc000 rw-p 00008000 08:06 402559                     /usr/lib/x86_64-linux-gnu/libvorbisfile.so.3.3.7
7f62b6ddc000-7f62b6dec000 r-xp 00000000 08:06 401470                     /usr/lib/x86_64-linux-gnu/libcanberra.so.0.2.5
7f62b6dec000-7f62b6feb000 ---p 00010000 08:06 401470                     /usr/lib/x86_64-linux-gnu/libcanberra.so.0.2.5
7f62b6feb000-7f62b6fec000 r--p 0000f000 08:06 401470                     /usr/lib/x86_64-linux-gnu/libcanberra.so.0.2.5
7f62b6fec000-7f62b6fed000 rw-p 00010000 08:06 401470                     /usr/lib/x86_64-linux-gnu/libcanberra.so.0.2.5
7f62b6fed000-7f62b6ff1000 r-xp 00000000 08:06 401466                     /usr/lib/x86_64-linux-gnu/libcanberra-gtk.so.0.1.9
7f62b6ff1000-7f62b71f0000 ---p 00004000 08:06 401466                     /usr/lib/x86_64-linux-gnu/libcanberra-gtk.so.0.1.9
7f62b71f0000-7f62b71f1000 r--p 00003000 08:06 401466                     /usr/lib/x86_64-linux-gnu/libcanberra-gtk.so.0.1.9
7f62b71f1000-7f62b71f2000 rw-p 00004000 08:06 401466                     /usr/lib/x86_64-linux-gnu/libcanberra-gtk.so.0.1.9
7f62b71f2000-7f62b71f7000 r-xp 00000000 08:06 523769                     /usr/lib/x86_64-linux-gnu/gtk-2.0/modules/libcanberra-gtk-module.so
7f62b71f7000-7f62b73f6000 ---p 00005000 08:06 523769                     /usr/lib/x86_64-linux-gnu/gtk-2.0/modules/libcanberra-gtk-module.so
7f62b73f6000-7f62b73f7000 r--p 00004000 08:06 523769                     /usr/lib/x86_64-linux-gnu/gtk-2.0/modules/libcanberra-gtk-module.so
7f62b73f7000-7f62b73f8000 rw-p 00005000 08:06 523769                     /usr/lib/x86_64-linux-gnu/gtk-2.0/modules/libcanberra-gtk-module.so
7f62b73f8000-7f62b7428000 r-xp 00000000 08:06 523648                     /usr/lib/x86_64-linux-gnu/gtk-2.0/2.10.0/engines/libmurrine.so
7f62b7428000-7f62b7628000 ---p 00030000 08:06 523648                     /usr/lib/x86_64-linux-gnu/gtk-2.0/2.10.0/engines/libmurrine.so
7f62b7628000-7f62b7629000 r--p 00030000 08:06 523648                     /usr/lib/x86_64-linux-gnu/gtk-2.0/2.10.0/engines/libmurrine.so
7f62b7629000-7f62b762a000 rw-p 00031000 08:06 523648                     /usr/lib/x86_64-linux-gnu/gtk-2.0/2.10.0/engines/libmurrine.so
7f62b762a000-7f62b763a000 r-xp 00000000 08:06 402504                     /usr/lib/x86_64-linux-gnu/libunity-gtk2-parser.so.0.0.0
7f62b763a000-7f62b783a000 ---p 00010000 08:06 402504                     /usr/lib/x86_64-linux-gnu/libunity-gtk2-parser.so.0.0.0
7f62b783a000-7f62b783b000 r--p 00010000 08:06 402504                     /usr/lib/x86_64-linux-gnu/libunity-gtk2-parser.so.0.0.0
7f62b783b000-7f62b783c000 rw-p 00011000 08:06 402504                     /usr/lib/x86_64-linux-gnu/libunity-gtk2-parser.so.0.0.0
7f62b783c000-7f62b7841000 r-xp 00000000 08:06 523773                     /usr/lib/x86_64-linux-gnu/gtk-2.0/modules/libunity-gtk-module.so
7f62b7841000-7f62b7a40000 ---p 00005000 08:06 523773                     /usr/lib/x86_64-linux-gnu/gtk-2.0/modules/libunity-gtk-module.so
7f62b7a40000-7f62b7a41000 r--p 00004000 08:06 523773                     /usr/lib/x86_64-linux-gnu/gtk-2.0/modules/libunity-gtk-module.so
7f62b7a41000-7f62b7a42000 rw-p 00005000 08:06 523773                     /usr/lib/x86_64-linux-gnu/gtk-2.0/modules/libunity-gtk-module.so
7f62b7a42000-7f62b7a54000 r-xp 00000000 08:06 136222                     /lib/x86_64-linux-gnu/libgpg-error.so.0.17.0
7f62b7a54000-7f62b7c54000 ---p 00012000 08:06 136222                     /lib/x86_64-linux-gnu/libgpg-error.so.0.17.0
7f62b7c54000-7f62b7c55000 r--p 00012000 08:06 136222                     /lib/x86_64-linux-gnu/libgpg-error.so.0.17.0
7f62b7c55000-7f62b7c56000 rw-p 00013000 08:06 136222                     /lib/x86_64-linux-gnu/libgpg-error.so.0.17.0
7f62b7c56000-7f62b7d2e000 r-xp 00000000 08:06 130337                     /lib/x86_64-linux-gnu/libgcrypt.so.20.0.5
7f62b7d2e000-7f62b7f2d000 ---p 000d8000 08:06 130337                     /lib/x86_64-linux-gnu/libgcrypt.so.20.0.5
7f62b7f2d000-7f62b7f2e000 r--p 000d7000 08:06 130337                     /lib/x86_64-linux-gnu/libgcrypt.so.20.0.5
7f62b7f2e000-7f62b7f36000 rw-p 000d8000 08:06 130337                     /lib/x86_64-linux-gnu/libgcrypt.so.20.0.5
7f62b7f36000-7f62b7f37000 rw-p 00000000 00:00 0 
7f62b7f37000-7f62b7f58000 r-xp 00000000 08:06 136245                     /lib/x86_64-linux-gnu/liblzma.so.5.0.0
7f62b7f58000-7f62b8157000 ---p 00021000 08:06 136245                     /lib/x86_64-linux-gnu/liblzma.so.5.0.0
7f62b8157000-7f62b8158000 r--p 00020000 08:06 136245                     /lib/x86_64-linux-gnu/liblzma.so.5.0.0
7f62b8158000-7f62b8159000 rw-p 00021000 08:06 136245                     /lib/x86_64-linux-gnu/liblzma.so.5.0.0
7f62b8159000-7f62b81a3000 r-xp 00000000 08:06 136194                     /lib/x86_64-linux-gnu/libdbus-1.so.3.14.6
7f62b81a3000-7f62b83a3000 ---p 0004a000 08:06 136194                     /lib/x86_64-linux-gnu/libdbus-1.so.3.14.6
7f62b83a3000-7f62b83a4000 r--p 0004a000 08:06 136194                     /lib/x86_64-linux-gnu/libdbus-1.so.3.14.6
7f62b83a4000-7f62b83a5000 rw-p 0004b000 08:06 136194                     /lib/x86_64-linux-gnu/libdbus-1.so.3.14.6
7f62b83a5000-7f62b83d1000 r-xp 00000000 08:06 401412                     /usr/lib/x86_64-linux-gnu/libatspi.so.0.0.1
7f62b83d1000-7f62b85d0000 ---p 0002c000 08:06 401412                     /usr/lib/x86_64-linux-gnu/libatspi.so.0.0.1
7f62b85d0000-7f62b85d3000 r--p 0002b000 08:06 401412                     /usr/lib/x86_64-linux-gnu/libatspi.so.0.0.1
7f62b85d3000-7f62b85d4000 rw-p 0002e000 08:06 401412                     /usr/lib/x86_64-linux-gnu/libatspi.so.0.0.1
7f62b85d4000-7f62b8601000 r-xp 00000000 08:06 401406                     /usr/lib/x86_64-linux-gnu/libatk-bridge-2.0.so.0.0.0
7f62b8601000-7f62b8800000 ---p 0002d000 08:06 401406                     /usr/lib/x86_64-linux-gnu/libatk-bridge-2.0.so.0.0.0
7f62b8800000-7f62b8801000 r--p 0002c000 08:06 401406                     /usr/lib/x86_64-linux-gnu/libatk-bridge-2.0.so.0.0.0
7f62b8801000-7f62b8803000 rw-p 0002d000 08:06 401406                     /usr/lib/x86_64-linux-gnu/libatk-bridge-2.0.so.0.0.0
7f62b8803000-7f62b8804000 r-xp 00000000 08:06 523768                     /usr/lib/x86_64-linux-gnu/gtk-2.0/modules/libatk-bridge.so
7f62b8804000-7f62b8a03000 ---p 00001000 08:06 523768                     /usr/lib/x86_64-linux-gnu/gtk-2.0/modules/libatk-bridge.so
7f62b8a03000-7f62b8a04000 r--p 00000000 08:06 523768                     /usr/lib/x86_64-linux-gnu/gtk-2.0/modules/libatk-bridge.so
7f62b8a04000-7f62b8a05000 rw-p 00001000 08:06 523768                     /usr/lib/x86_64-linux-gnu/gtk-2.0/modules/libatk-bridge.so
7f62b8a05000-7f62b8a0c000 r-xp 00000000 08:06 401741                     /usr/lib/x86_64-linux-gnu/libgailutil.so.18.0.1
7f62b8a0c000-7f62b8c0b000 ---p 00007000 08:06 401741                     /usr/lib/x86_64-linux-gnu/libgailutil.so.18.0.1
7f62b8c0b000-7f62b8c0c000 r--p 00006000 08:06 401741                     /usr/lib/x86_64-linux-gnu/libgailutil.so.18.0.1
7f62b8c0c000-7f62b8c0d000 rw-p 00007000 08:06 401741                     /usr/lib/x86_64-linux-gnu/libgailutil.so.18.0.1
7f62b8c0d000-7f62b8c5b000 r-xp 00000000 08:06 523771                     /usr/lib/x86_64-linux-gnu/gtk-2.0/modules/libgail.so
7f62b8c5b000-7f62b8e5a000 ---p 0004e000 08:06 523771                     /usr/lib/x86_64-linux-gnu/gtk-2.0/modules/libgail.so
7f62b8e5a000-7f62b8e5b000 r--p 0004d000 08:06 523771                     /usr/lib/x86_64-linux-gnu/gtk-2.0/modules/libgail.so
7f62b8e5b000-7f62b8e5d000 rw-p 0004e000 08:06 523771                     /usr/lib/x86_64-linux-gnu/gtk-2.0/modules/libgail.so
7f62b8e5d000-7f62b8e6e000 r-xp 00000000 08:06 523772                     /usr/lib/x86_64-linux-gnu/gtk-2.0/modules/liboverlay-scrollbar.so
7f62b8e6e000-7f62b906e000 ---p 00011000 08:06 523772                     /usr/lib/x86_64-linux-gnu/gtk-2.0/modules/liboverlay-scrollbar.so
7f62b906e000-7f62b906f000 r--p 00011000 08:06 523772                     /usr/lib/x86_64-linux-gnu/gtk-2.0/modules/liboverlay-scrollbar.so
7f62b906f000-7f62b9070000 rw-p 00012000 08:06 523772                     /usr/lib/x86_64-linux-gnu/gtk-2.0/modules/liboverlay-scrollbar.so
7f62b9070000-7f62b9099000 r-xp 00000000 08:06 286454                     /usr/lib/jvm/java-8-oracle/jre/lib/amd64/libglass.so
7f62b9099000-7f62b9298000 ---p 00029000 08:06 286454                     /usr/lib/jvm/java-8-oracle/jre/lib/amd64/libglass.so
7f62b9298000-7f62b929b000 rw-p 00028000 08:06 286454                     /usr/lib/jvm/java-8-oracle/jre/lib/amd64/libglass.so
7f62b929b000-7f62b92d2000 r-xp 00000000 08:06 402485                     /usr/lib/x86_64-linux-gnu/libtxc_dxtn_s2tc.so.0.0.0
7f62b92d2000-7f62b94d1000 ---p 00037000 08:06 402485                     /usr/lib/x86_64-linux-gnu/libtxc_dxtn_s2tc.so.0.0.0
7f62b94d1000-7f62b94d2000 r--p 00036000 08:06 402485                     /usr/lib/x86_64-linux-gnu/libtxc_dxtn_s2tc.so.0.0.0
7f62b94d2000-7f62b94d3000 rw-p 00037000 08:06 402485                     /usr/lib/x86_64-linux-gnu/libtxc_dxtn_s2tc.so.0.0.0
7f62b94d3000-7f62b94db000 r-xp 00000000 08:06 402247                     /usr/lib/x86_64-linux-gnu/libpciaccess.so.0.11.1
7f62b94db000-7f62b96db000 ---p 00008000 08:06 402247                     /usr/lib/x86_64-linux-gnu/libpciaccess.so.0.11.1
7f62b96db000-7f62b96dc000 r--p 00008000 08:06 402247                     /usr/lib/x86_64-linux-gnu/libpciaccess.so.0.11.1
7f62b96dc000-7f62b96dd000 rw-p 00009000 08:06 402247                     /usr/lib/x86_64-linux-gnu/libpciaccess.so.0.11.1
7f62b96dd000-7f62b96e8000 r-xp 00000000 08:06 401609                     /usr/lib/x86_64-linux-gnu/libdrm_radeon.so.1.0.1
7f62b96e8000-7f62b98e7000 ---p 0000b000 08:06 401609                     /usr/lib/x86_64-linux-gnu/libdrm_radeon.so.1.0.1
7f62b98e7000-7f62b98e8000 r--p 0000a000 08:06 401609                     /usr/lib/x86_64-linux-gnu/libdrm_radeon.so.1.0.1
7f62b98e8000-7f62b98e9000 rw-p 0000b000 08:06 401609                     /usr/lib/x86_64-linux-gnu/libdrm_radeon.so.1.0.1
7f62b98e9000-7f62b98f0000 r-xp 00000000 08:06 401607                     /usr/lib/x86_64-linux-gnu/libdrm_nouveau.so.2.0.0
7f62b98f0000-7f62b9aef000 ---p 00007000 08:06 401607                     /usr/lib/x86_64-linux-gnu/libdrm_nouveau.so.2.0.0
7f62b9aef000-7f62b9af0000 r--p 00006000 08:06 401607                     /usr/lib/x86_64-linux-gnu/libdrm_nouveau.so.2.0.0
7f62b9af0000-7f62b9af1000 rw-p 00007000 08:06 401607                     /usr/lib/x86_64-linux-gnu/libdrm_nouveau.so.2.0.0
7f62b9af1000-7f62b9b11000 r-xp 00000000 08:06 401605                     /usr/lib/x86_64-linux-gnu/libdrm_intel.so.1.0.0
7f62b9b11000-7f62b9d10000 ---p 00020000 08:06 401605                     /usr/lib/x86_64-linux-gnu/libdrm_intel.so.1.0.0
7f62b9d10000-7f62b9d11000 r--p 0001f000 08:06 401605                     /usr/lib/x86_64-linux-gnu/libdrm_intel.so.1.0.0
7f62b9d11000-7f62b9d12000 rw-p 00020000 08:06 401605                     /usr/lib/x86_64-linux-gnu/libdrm_intel.so.1.0.0
7f62b9d12000-7f62ba317000 r-xp 00000000 08:06 524258                     /usr/lib/x86_64-linux-gnu/dri/i965_dri.so
7f62ba317000-7f62ba517000 ---p 00605000 08:06 524258                     /usr/lib/x86_64-linux-gnu/dri/i965_dri.so
7f62ba517000-7f62ba54d000 r--p 00605000 08:06 524258                     /usr/lib/x86_64-linux-gnu/dri/i965_dri.so
7f62ba54d000-7f62ba554000 rw-p 0063b000 08:06 524258                     /usr/lib/x86_64-linux-gnu/dri/i965_dri.so
7f62ba554000-7f62ba55c000 rw-p 00000000 00:00 0 
7f62ba55c000-7f62ba562000 r-xp 00000000 08:06 401553                     /usr/lib/x86_64-linux-gnu/libdatrie.so.1.3.3
7f62ba562000-7f62ba762000 ---p 00006000 08:06 401553                     /usr/lib/x86_64-linux-gnu/libdatrie.so.1.3.3
7f62ba762000-7f62ba763000 r--p 00006000 08:06 401553                     /usr/lib/x86_64-linux-gnu/libdatrie.so.1.3.3
7f62ba763000-7f62ba764000 rw-p 00007000 08:06 401553                     /usr/lib/x86_64-linux-gnu/libdatrie.so.1.3.3
7f62ba764000-7f62ba769000 r-xp 00000000 08:06 401311                     /usr/lib/x86_64-linux-gnu/libXdmcp.so.6.0.0
7f62ba769000-7f62ba968000 ---p 00005000 08:06 401311                     /usr/lib/x86_64-linux-gnu/libXdmcp.so.6.0.0
7f62ba968000-7f62ba969000 r--p 00004000 08:06 401311                     /usr/lib/x86_64-linux-gnu/libXdmcp.so.6.0.0
7f62ba969000-7f62ba96a000 rw-p 00005000 08:06 401311                     /usr/lib/x86_64-linux-gnu/libXdmcp.so.6.0.0
7f62ba96a000-7f62ba96c000 r-xp 00000000 08:06 401300                     /usr/lib/x86_64-linux-gnu/libXau.so.6.0.0
7f62ba96c000-7f62bab6c000 ---p 00002000 08:06 401300                     /usr/lib/x86_64-linux-gnu/libXau.so.6.0.0
7f62bab6c000-7f62bab6d000 r--p 00002000 08:06 401300                     /usr/lib/x86_64-linux-gnu/libXau.so.6.0.0
7f62bab6d000-7f62bab6e000 rw-p 00003000 08:06 401300                     /usr/lib/x86_64-linux-gnu/libXau.so.6.0.0
7f62bab6e000-7f62bab91000 r-xp 00000000 08:06 401857                     /usr/lib/x86_64-linux-gnu/libgraphite2.so.3.0.1
7f62bab91000-7f62bad90000 ---p 00023000 08:06 401857                     /usr/lib/x86_64-linux-gnu/libgraphite2.so.3.0.1
7f62bad90000-7f62bad92000 r--p 00022000 08:06 401857                     /usr/lib/x86_64-linux-gnu/libgraphite2.so.3.0.1
7f62bad92000-7f62bad93000 rw-p 00024000 08:06 401857                     /usr/lib/x86_64-linux-gnu/libgraphite2.so.3.0.1
7f62bad93000-7f62bada1000 r-xp 00000000 08:06 393260                     /usr/lib/x86_64-linux-gnu/libdrm.so.2.4.0
7f62bada1000-7f62bafa0000 ---p 0000e000 08:06 393260                     /usr/lib/x86_64-linux-gnu/libdrm.so.2.4.0
7f62bafa0000-7f62bafa1000 r--p 0000d000 08:06 393260                     /usr/lib/x86_64-linux-gnu/libdrm.so.2.4.0
7f62bafa1000-7f62bafa2000 rw-p 0000e000 08:06 393260                     /usr/lib/x86_64-linux-gnu/libdrm.so.2.4.0
7f62bafa2000-7f62bafa6000 r-xp 00000000 08:06 402646                     /usr/lib/x86_64-linux-gnu/libxcb-dri2.so.0.0.0
7f62bafa6000-7f62bb1a5000 ---p 00004000 08:06 402646                     /usr/lib/x86_64-linux-gnu/libxcb-dri2.so.0.0.0
7f62bb1a5000-7f62bb1a6000 r--p 00003000 08:06 402646                     /usr/lib/x86_64-linux-gnu/libxcb-dri2.so.0.0.0
7f62bb1a6000-7f62bb1a7000 rw-p 00004000 08:06 402646                     /usr/lib/x86_64-linux-gnu/libxcb-dri2.so.0.0.0
7f62bb1a7000-7f62bb1be000 r-xp 00000000 08:06 402650                     /usr/lib/x86_64-linux-gnu/libxcb-glx.so.0.0.0
7f62bb1be000-7f62bb3bd000 ---p 00017000 08:06 402650                     /usr/lib/x86_64-linux-gnu/libxcb-glx.so.0.0.0
7f62bb3bd000-7f62bb3bf000 r--p 00016000 08:06 402650                     /usr/lib/x86_64-linux-gnu/libxcb-glx.so.0.0.0
7f62bb3bf000-7f62bb3c0000 rw-p 00018000 08:06 402650                     /usr/lib/x86_64-linux-gnu/libxcb-glx.so.0.0.0
7f62bb3c0000-7f62bb3c1000 r-xp 00000000 08:06 401294                     /usr/lib/x86_64-linux-gnu/libX11-xcb.so.1.0.0
7f62bb3c1000-7f62bb5c0000 ---p 00001000 08:06 401294                     /usr/lib/x86_64-linux-gnu/libX11-xcb.so.1.0.0
7f62bb5c0000-7f62bb5c1000 r--p 00000000 08:06 401294                     /usr/lib/x86_64-linux-gnu/libX11-xcb.so.1.0.0
7f62bb5c1000-7f62bb5c2000 rw-p 00001000 08:06 401294                     /usr/lib/x86_64-linux-gnu/libX11-xcb.so.1.0.0
7f62bb5c2000-7f62bb5eb000 r-xp 00000000 08:06 397464                     /usr/lib/x86_64-linux-gnu/libglapi.so.0.0.0
7f62bb5eb000-7f62bb7ea000 ---p 00029000 08:06 397464                     /usr/lib/x86_64-linux-gnu/libglapi.so.0.0.0
7f62bb7ea000-7f62bb7ee000 r--p 00028000 08:06 397464                     /usr/lib/x86_64-linux-gnu/libglapi.so.0.0.0
7f62bb7ee000-7f62bb7ef000 rw-p 0002c000 08:06 397464                     /usr/lib/x86_64-linux-gnu/libglapi.so.0.0.0
7f62bb7ef000-7f62bb7f0000 rw-p 00000000 00:00 0 
7f62bb7f0000-7f62bb7f1000 r-xp 00000000 08:06 402690                     /usr/lib/x86_64-linux-gnu/libxshmfence.so.1.0.0
7f62bb7f1000-7f62bb9f1000 ---p 00001000 08:06 402690                     /usr/lib/x86_64-linux-gnu/libxshmfence.so.1.0.0
7f62bb9f1000-7f62bb9f2000 r--p 00001000 08:06 402690                     /usr/lib/x86_64-linux-gnu/libxshmfence.so.1.0.0
7f62bb9f2000-7f62bb9f3000 rw-p 00002000 08:06 402690                     /usr/lib/x86_64-linux-gnu/libxshmfence.so.1.0.0
7f62bb9f3000-7f62bb9f8000 r-xp 00000000 08:06 402670                     /usr/lib/x86_64-linux-gnu/libxcb-sync.so.1.0.0
7f62bb9f8000-7f62bbbf8000 ---p 00005000 08:06 402670                     /usr/lib/x86_64-linux-gnu/libxcb-sync.so.1.0.0
7f62bbbf8000-7f62bbbf9000 r--p 00005000 08:06 402670                     /usr/lib/x86_64-linux-gnu/libxcb-sync.so.1.0.0
7f62bbbf9000-7f62bbbfa000 rw-p 00006000 08:06 402670                     /usr/lib/x86_64-linux-gnu/libxcb-sync.so.1.0.0
7f62bbbfa000-7f62bbbfc000 r-xp 00000000 08:06 402658                     /usr/lib/x86_64-linux-gnu/libxcb-present.so.0.0.0
7f62bbbfc000-7f62bbdfb000 ---p 00002000 08:06 402658                     /usr/lib/x86_64-linux-gnu/libxcb-present.so.0.0.0
7f62bbdfb000-7f62bbdfc000 r--p 00001000 08:06 402658                     /usr/lib/x86_64-linux-gnu/libxcb-present.so.0.0.0
7f62bbdfc000-7f62bbdfd000 rw-p 00002000 08:06 402658                     /usr/lib/x86_64-linux-gnu/libxcb-present.so.0.0.0
7f62bbdfd000-7f62bbdff000 r-xp 00000000 08:06 402648                     /usr/lib/x86_64-linux-gnu/libxcb-dri3.so.0.0.0
7f62bbdff000-7f62bbffe000 ---p 00002000 08:06 402648                     /usr/lib/x86_64-linux-gnu/libxcb-dri3.so.0.0.0
7f62bbffe000-7f62bbfff000 r--p 00001000 08:06 402648                     /usr/lib/x86_64-linux-gnu/libxcb-dri3.so.0.0.0
7f62bbfff000-7f62bc000000 rw-p 00002000 08:06 402648                     /usr/lib/x86_64-linux-gnu/libxcb-dri3.so.0.0.0
7f62bc000000-7f62bde55000 rw-p 00000000 00:00 0 
7f62bde55000-7f62c0000000 ---p 00000000 00:00 0 
7f62c0000000-7f62c000c000 rw-s 00000000 00:05 37715                      /drm mm object (deleted)
7f62c000c000-7f62c001f000 r--s 00345000 08:06 287797                     /usr/lib/jvm/java-8-oracle/jre/lib/resources.jar
7f62c001f000-7f62c0032000 r--p 00000000 08:06 286497                     /usr/lib/jvm/java-8-oracle/jre/lib/fonts/LucidaBrightDemiBold.ttf
7f62c0032000-7f62c006c000 r--p 00000000 08:06 286498                     /usr/lib/jvm/java-8-oracle/jre/lib/fonts/LucidaTypewriterBold.ttf
7f62c006c000-7f62c0080000 r--p 00000000 08:06 286501                     /usr/lib/jvm/java-8-oracle/jre/lib/fonts/LucidaBrightItalic.ttf
7f62c0080000-7f62c00ce000 r--p 00000000 08:06 286702                     /usr/lib/jvm/java-8-oracle/jre/lib/fonts/LucidaSansDemiBold.ttf
7f62c00ce000-7f62c00e1000 r--p 00000000 08:06 286751                     /usr/lib/jvm/java-8-oracle/jre/lib/fonts/LucidaBrightDemiItalic.ttf
7f62c00e1000-7f62c00ec000 r--s 00000000 08:08 138339                     /var/cache/fontconfig/945677eb7aeaf62f1d50efc3fb3ec7d8-le64.cache-6
7f62c00ec000-7f62c00f4000 r--s 00000000 08:08 137272                     /var/cache/fontconfig/e25ca923d7a08ab6b0777bd7eb77ea77-le64.cache-6
7f62c00f4000-7f62c00fa000 r--s 00000000 08:08 136563                     /var/cache/fontconfig/2cd17615ca594fa2959ae173292e504c-le64.cache-6
7f62c00fa000-7f62c0168000 r-xp 00000000 08:06 136307                     /lib/x86_64-linux-gnu/libpcre.so.3.13.2
7f62c0168000-7f62c0368000 ---p 0006e000 08:06 136307                     /lib/x86_64-linux-gnu/libpcre.so.3.13.2
7f62c0368000-7f62c0369000 r--p 0006e000 08:06 136307                     /lib/x86_64-linux-gnu/libpcre.so.3.13.2
7f62c0369000-7f62c036a000 rw-p 0006f000 08:06 136307                     /lib/x86_64-linux-gnu/libpcre.so.3.13.2
7f62c036a000-7f62c0371000 r-xp 00000000 08:06 401682                     /usr/lib/x86_64-linux-gnu/libffi.so.6.0.4
7f62c0371000-7f62c0570000 ---p 00007000 08:06 401682                     /usr/lib/x86_64-linux-gnu/libffi.so.6.0.4
7f62c0570000-7f62c0571000 r--p 00006000 08:06 401682                     /usr/lib/x86_64-linux-gnu/libffi.so.6.0.4
7f62c0571000-7f62c0572000 rw-p 00007000 08:06 401682                     /usr/lib/x86_64-linux-gnu/libffi.so.6.0.4
7f62c0572000-7f62c0598000 r-xp 00000000 08:06 130323                     /lib/x86_64-linux-gnu/libexpat.so.1.6.0
7f62c0598000-7f62c0798000 ---p 00026000 08:06 130323                     /lib/x86_64-linux-gnu/libexpat.so.1.6.0
7f62c0798000-7f62c079a000 r--p 00026000 08:06 130323                     /lib/x86_64-linux-gnu/libexpat.so.1.6.0
7f62c079a000-7f62c079b000 rw-p 00028000 08:06 130323                     /lib/x86_64-linux-gnu/libexpat.so.1.6.0
7f62c079b000-7f62c07a3000 r-xp 00000000 08:06 402456                     /usr/lib/x86_64-linux-gnu/libthai.so.0.2.4
7f62c07a3000-7f62c09a2000 ---p 00008000 08:06 402456                     /usr/lib/x86_64-linux-gnu/libthai.so.0.2.4
7f62c09a2000-7f62c09a3000 r--p 00007000 08:06 402456                     /usr/lib/x86_64-linux-gnu/libthai.so.0.2.4
7f62c09a3000-7f62c09a4000 rw-p 00008000 08:06 402456                     /usr/lib/x86_64-linux-gnu/libthai.so.0.2.4
7f62c09a4000-7f62c09c5000 r-xp 00000000 08:06 402678                     /usr/lib/x86_64-linux-gnu/libxcb.so.1.1.0
7f62c09c5000-7f62c0bc4000 ---p 00021000 08:06 402678                     /usr/lib/x86_64-linux-gnu/libxcb.so.1.1.0
7f62c0bc4000-7f62c0bc5000 r--p 00020000 08:06 402678                     /usr/lib/x86_64-linux-gnu/libxcb.so.1.1.0
7f62c0bc5000-7f62c0bc6000 rw-p 00021000 08:06 402678                     /usr/lib/x86_64-linux-gnu/libxcb.so.1.1.0
7f62c0bc6000-7f62c0bce000 r-xp 00000000 08:06 402664                     /usr/lib/x86_64-linux-gnu/libxcb-render.so.0.0.0
7f62c0bce000-7f62c0dce000 ---p 00008000 08:06 402664                     /usr/lib/x86_64-linux-gnu/libxcb-render.so.0.0.0
7f62c0dce000-7f62c0dcf000 r--p 00008000 08:06 402664                     /usr/lib/x86_64-linux-gnu/libxcb-render.so.0.0.0
7f62c0dcf000-7f62c0dd0000 rw-p 00009000 08:06 402664                     /usr/lib/x86_64-linux-gnu/libxcb-render.so.0.0.0
7f62c0dd0000-7f62c0dd2000 r-xp 00000000 08:06 402668                     /usr/lib/x86_64-linux-gnu/libxcb-shm.so.0.0.0
7f62c0dd2000-7f62c0fd2000 ---p 00002000 08:06 402668                     /usr/lib/x86_64-linux-gnu/libxcb-shm.so.0.0.0
7f62c0fd2000-7f62c0fd3000 r--p 00002000 08:06 402668                     /usr/lib/x86_64-linux-gnu/libxcb-shm.so.0.0.0
7f62c0fd3000-7f62c0fd4000 rw-p 00003000 08:06 402668                     /usr/lib/x86_64-linux-gnu/libxcb-shm.so.0.0.0
7f62c0fd4000-7f62c0ff8000 r-xp 00000000 08:06 136319                     /lib/x86_64-linux-gnu/libpng12.so.0.54.0
7f62c0ff8000-7f62c11f7000 ---p 00024000 08:06 136319                     /lib/x86_64-linux-gnu/libpng12.so.0.54.0
7f62c11f7000-7f62c11f8000 r--p 00023000 08:06 136319                     /lib/x86_64-linux-gnu/libpng12.so.0.54.0
7f62c11f8000-7f62c11f9000 rw-p 00024000 08:06 136319                     /lib/x86_64-linux-gnu/libpng12.so.0.54.0
7f62c11f9000-7f62c1298000 r-xp 00000000 08:06 402261                     /usr/lib/x86_64-linux-gnu/libpixman-1.so.0.33.6
7f62c1298000-7f62c1498000 ---p 0009f000 08:06 402261                     /usr/lib/x86_64-linux-gnu/libpixman-1.so.0.33.6
7f62c1498000-7f62c14a0000 r--p 0009f000 08:06 402261                     /usr/lib/x86_64-linux-gnu/libpixman-1.so.0.33.6
7f62c14a0000-7f62c14a1000 rw-p 000a7000 08:06 402261                     /usr/lib/x86_64-linux-gnu/libpixman-1.so.0.33.6
7f62c14a1000-7f62c14fd000 r-xp 00000000 08:06 401943                     /usr/lib/x86_64-linux-gnu/libharfbuzz.so.0.10000.1
7f62c14fd000-7f62c16fd000 ---p 0005c000 08:06 401943                     /usr/lib/x86_64-linux-gnu/libharfbuzz.so.0.10000.1
7f62c16fd000-7f62c16fe000 r--p 0005c000 08:06 401943                     /usr/lib/x86_64-linux-gnu/libharfbuzz.so.0.10000.1
7f62c16fe000-7f62c16ff000 rw-p 0005d000 08:06 401943                     /usr/lib/x86_64-linux-gnu/libharfbuzz.so.0.10000.1
7f62c16ff000-7f62c1716000 r-xp 00000000 08:06 136330                     /lib/x86_64-linux-gnu/libresolv-2.23.so
7f62c1716000-7f62c1916000 ---p 00017000 08:06 136330                     /lib/x86_64-linux-gnu/libresolv-2.23.so
7f62c1916000-7f62c1917000 r--p 00017000 08:06 136330                     /lib/x86_64-linux-gnu/libresolv-2.23.so
7f62c1917000-7f62c1918000 rw-p 00018000 08:06 136330                     /lib/x86_64-linux-gnu/libresolv-2.23.so
7f62c1918000-7f62c191a000 rw-p 00000000 00:00 0 
7f62c191a000-7f62c1939000 r-xp 00000000 08:06 136336                     /lib/x86_64-linux-gnu/libselinux.so.1
7f62c1939000-7f62c1b38000 ---p 0001f000 08:06 136336                     /lib/x86_64-linux-gnu/libselinux.so.1
7f62c1b38000-7f62c1b39000 r--p 0001e000 08:06 136336                     /lib/x86_64-linux-gnu/libselinux.so.1
7f62c1b39000-7f62c1b3a000 rw-p 0001f000 08:06 136336                     /lib/x86_64-linux-gnu/libselinux.so.1
7f62c1b3a000-7f62c1b3c000 rw-p 00000000 00:00 0 
7f62c1b3c000-7f62c1b55000 r-xp 00000000 08:06 136369                     /lib/x86_64-linux-gnu/libz.so.1.2.8
7f62c1b55000-7f62c1d54000 ---p 00019000 08:06 136369                     /lib/x86_64-linux-gnu/libz.so.1.2.8
7f62c1d54000-7f62c1d55000 r--p 00018000 08:06 136369                     /lib/x86_64-linux-gnu/libz.so.1.2.8
7f62c1d55000-7f62c1d56000 rw-p 00019000 08:06 136369                     /lib/x86_64-linux-gnu/libz.so.1.2.8
7f62c1d56000-7f62c1d67000 r-xp 00000000 08:06 401313                     /usr/lib/x86_64-linux-gnu/libXext.so.6.4.0
7f62c1d67000-7f62c1f66000 ---p 00011000 08:06 401313                     /usr/lib/x86_64-linux-gnu/libXext.so.6.4.0
7f62c1f66000-7f62c1f67000 r--p 00010000 08:06 401313                     /usr/lib/x86_64-linux-gnu/libXext.so.6.4.0
7f62c1f67000-7f62c1f68000 rw-p 00011000 08:06 401313                     /usr/lib/x86_64-linux-gnu/libXext.so.6.4.0
7f62c1f68000-7f62c1f6a000 r-xp 00000000 08:06 401309                     /usr/lib/x86_64-linux-gnu/libXdamage.so.1.1.0
7f62c1f6a000-7f62c2169000 ---p 00002000 08:06 401309                     /usr/lib/x86_64-linux-gnu/libXdamage.so.1.1.0
7f62c2169000-7f62c216a000 r--p 00001000 08:06 401309                     /usr/lib/x86_64-linux-gnu/libXdamage.so.1.1.0
7f62c216a000-7f62c216b000 rw-p 00002000 08:06 401309                     /usr/lib/x86_64-linux-gnu/libXdamage.so.1.1.0
7f62c216b000-7f62c216d000 r-xp 00000000 08:06 401305                     /usr/lib/x86_64-linux-gnu/libXcomposite.so.1.0.0
7f62c216d000-7f62c236c000 ---p 00002000 08:06 401305                     /usr/lib/x86_64-linux-gnu/libXcomposite.so.1.0.0
7f62c236c000-7f62c236d000 r--p 00001000 08:06 401305                     /usr/lib/x86_64-linux-gnu/libXcomposite.so.1.0.0
7f62c236d000-7f62c236e000 rw-p 00002000 08:06 401305                     /usr/lib/x86_64-linux-gnu/libXcomposite.so.1.0.0
7f62c236e000-7f62c2377000 r-xp 00000000 08:06 401307                     /usr/lib/x86_64-linux-gnu/libXcursor.so.1.0.2
7f62c2377000-7f62c2576000 ---p 00009000 08:06 401307                     /usr/lib/x86_64-linux-gnu/libXcursor.so.1.0.2
7f62c2576000-7f62c2577000 r--p 00008000 08:06 401307                     /usr/lib/x86_64-linux-gnu/libXcursor.so.1.0.2
7f62c2577000-7f62c2578000 rw-p 00009000 08:06 401307                     /usr/lib/x86_64-linux-gnu/libXcursor.so.1.0.2
7f62c2578000-7f62c2582000 r-xp 00000000 08:06 401331                     /usr/lib/x86_64-linux-gnu/libXrandr.so.2.2.0
7f62c2582000-7f62c2781000 ---p 0000a000 08:06 401331                     /usr/lib/x86_64-linux-gnu/libXrandr.so.2.2.0
7f62c2781000-7f62c2782000 r--p 00009000 08:06 401331                     /usr/lib/x86_64-linux-gnu/libXrandr.so.2.2.0
7f62c2782000-7f62c2783000 rw-p 0000a000 08:06 401331                     /usr/lib/x86_64-linux-gnu/libXrandr.so.2.2.0
7f62c2783000-7f62c2792000 r-xp 00000000 08:06 401321                     /usr/lib/x86_64-linux-gnu/libXi.so.6.1.0
7f62c2792000-7f62c2991000 ---p 0000f000 08:06 401321                     /usr/lib/x86_64-linux-gnu/libXi.so.6.1.0
7f62c2991000-7f62c2992000 r--p 0000e000 08:06 401321                     /usr/lib/x86_64-linux-gnu/libXi.so.6.1.0
7f62c2992000-7f62c2993000 rw-p 0000f000 08:06 401321                     /usr/lib/x86_64-linux-gnu/libXi.so.6.1.0
7f62c2993000-7f62c2995000 r-xp 00000000 08:06 401323                     /usr/lib/x86_64-linux-gnu/libXinerama.so.1.0.0
7f62c2995000-7f62c2b94000 ---p 00002000 08:06 401323                     /usr/lib/x86_64-linux-gnu/libXinerama.so.1.0.0
7f62c2b94000-7f62c2b95000 r--p 00001000 08:06 401323                     /usr/lib/x86_64-linux-gnu/libXinerama.so.1.0.0
7f62c2b95000-7f62c2b96000 rw-p 00002000 08:06 401323                     /usr/lib/x86_64-linux-gnu/libXinerama.so.1.0.0
7f62c2b96000-7f62c2b9f000 r-xp 00000000 08:06 401333                     /usr/lib/x86_64-linux-gnu/libXrender.so.1.3.0
7f62c2b9f000-7f62c2d9e000 ---p 00009000 08:06 401333                     /usr/lib/x86_64-linux-gnu/libXrender.so.1.3.0
7f62c2d9e000-7f62c2d9f000 r--p 00008000 08:06 401333                     /usr/lib/x86_64-linux-gnu/libXrender.so.1.3.0
7f62c2d9f000-7f62c2da0000 rw-p 00009000 08:06 401333                     /usr/lib/x86_64-linux-gnu/libXrender.so.1.3.0
7f62c2da0000-7f62c2da5000 r-xp 00000000 08:06 401315                     /usr/lib/x86_64-linux-gnu/libXfixes.so.3.1.0
7f62c2da5000-7f62c2fa4000 ---p 00005000 08:06 401315                     /usr/lib/x86_64-linux-gnu/libXfixes.so.3.1.0
7f62c2fa4000-7f62c2fa5000 r--p 00004000 08:06 401315                     /usr/lib/x86_64-linux-gnu/libXfixes.so.3.1.0
7f62c2fa5000-7f62c2fa6000 rw-p 00005000 08:06 401315                     /usr/lib/x86_64-linux-gnu/libXfixes.so.3.1.0
7f62c2fa6000-7f62c2fbc000 r-xp 00000000 08:06 136216                     /lib/x86_64-linux-gnu/libgcc_s.so.1
7f62c2fbc000-7f62c31bb000 ---p 00016000 08:06 136216                     /lib/x86_64-linux-gnu/libgcc_s.so.1
7f62c31bb000-7f62c31bc000 rw-p 00015000 08:06 136216                     /lib/x86_64-linux-gnu/libgcc_s.so.1
7f62c31bc000-7f62c332e000 r-xp 00000000 08:06 392705                     /usr/lib/x86_64-linux-gnu/libstdc++.so.6.0.21
7f62c332e000-7f62c352e000 ---p 00172000 08:06 392705                     /usr/lib/x86_64-linux-gnu/libstdc++.so.6.0.21
7f62c352e000-7f62c3538000 r--p 00172000 08:06 392705                     /usr/lib/x86_64-linux-gnu/libstdc++.so.6.0.21
7f62c3538000-7f62c353a000 rw-p 0017c000 08:06 392705                     /usr/lib/x86_64-linux-gnu/libstdc++.so.6.0.21
7f62c353a000-7f62c353e000 rw-p 00000000 00:00 0 
7f62c353e000-7f62c35ab000 r-xp 00000000 08:06 522838                     /usr/lib/x86_64-linux-gnu/mesa/libGL.so.1.2.0
7f62c35ab000-7f62c37aa000 ---p 0006d000 08:06 522838                     /usr/lib/x86_64-linux-gnu/mesa/libGL.so.1.2.0
7f62c37aa000-7f62c37ad000 r--p 0006c000 08:06 522838                     /usr/lib/x86_64-linux-gnu/mesa/libGL.so.1.2.0
7f62c37ad000-7f62c37ae000 rw-p 0006f000 08:06 522838                     /usr/lib/x86_64-linux-gnu/mesa/libGL.so.1.2.0
7f62c37ae000-7f62c37af000 rw-p 00000000 00:00 0 
7f62c37af000-7f62c37b4000 r-xp 00000000 08:06 401349                     /usr/lib/x86_64-linux-gnu/libXxf86vm.so.1.0.0
7f62c37b4000-7f62c39b3000 ---p 00005000 08:06 401349                     /usr/lib/x86_64-linux-gnu/libXxf86vm.so.1.0.0
7f62c39b3000-7f62c39b4000 r--p 00004000 08:06 401349                     /usr/lib/x86_64-linux-gnu/libXxf86vm.so.1.0.0
7f62c39b4000-7f62c39b5000 rw-p 00005000 08:06 401349                     /usr/lib/x86_64-linux-gnu/libXxf86vm.so.1.0.0
7f62c39b5000-7f62c3aea000 r-xp 00000000 08:06 401296                     /usr/lib/x86_64-linux-gnu/libX11.so.6.3.0
7f62c3aea000-7f62c3cea000 ---p 00135000 08:06 401296                     /usr/lib/x86_64-linux-gnu/libX11.so.6.3.0
7f62c3cea000-7f62c3ceb000 r--p 00135000 08:06 401296                     /usr/lib/x86_64-linux-gnu/libX11.so.6.3.0
7f62c3ceb000-7f62c3cef000 rw-p 00136000 08:06 401296                     /usr/lib/x86_64-linux-gnu/libX11.so.6.3.0
7f62c3cef000-7f62c3dfe000 r-xp 00000000 08:06 135725                     /lib/x86_64-linux-gnu/libglib-2.0.so.0.4800.1
7f62c3dfe000-7f62c3ffd000 ---p 0010f000 08:06 135725                     /lib/x86_64-linux-gnu/libglib-2.0.so.0.4800.1
7f62c3ffd000-7f62c3ffe000 r--p 0010e000 08:06 135725                     /lib/x86_64-linux-gnu/libglib-2.0.so.0.4800.1
7f62c3ffe000-7f62c3fff000 rw-p 0010f000 08:06 135725                     /lib/x86_64-linux-gnu/libglib-2.0.so.0.4800.1
7f62c3fff000-7f62c4000000 rw-p 00000000 00:00 0 
7f62c4000000-7f62c4021000 rw-p 00000000 00:00 0 
7f62c4021000-7f62c8000000 ---p 00000000 00:00 0 
7f62c8000000-7f62c8021000 rw-p 00000000 00:00 0 
7f62c8021000-7f62cc000000 ---p 00000000 00:00 0 
7f62cc000000-7f62cc178000 rw-p 00000000 00:00 0 
7f62cc178000-7f62d0000000 ---p 00000000 00:00 0 
7f62d0000000-7f62d0638000 rw-p 00000000 00:00 0 
7f62d0638000-7f62d4000000 ---p 00000000 00:00 0 
7f62d4000000-7f62d4021000 rw-p 00000000 00:00 0 
7f62d4021000-7f62d8000000 ---p 00000000 00:00 0 
7f62d8000000-7f62d81a2000 rw-p 00000000 00:00 0 
7f62d81a2000-7f62dc000000 ---p 00000000 00:00 0 
7f62dc000000-7f62dc021000 rw-p 00000000 00:00 0 
7f62dc021000-7f62e0000000 ---p 00000000 00:00 0 
7f62e0000000-7f62e0021000 rw-p 00000000 00:00 0 
7f62e0021000-7f62e4000000 ---p 00000000 00:00 0 
7f62e4000000-7f62e428d000 rw-p 00000000 00:00 0 
7f62e428d000-7f62e8000000 ---p 00000000 00:00 0 
7f62e8000000-7f62e8021000 rw-p 00000000 00:00 0 
7f62e8021000-7f62ec000000 ---p 00000000 00:00 0 
7f62ec000000-7f62ec005000 r--s 00084000 08:06 286766                     /usr/lib/jvm/java-8-oracle/jre/lib/jfr.jar
7f62ec005000-7f62ec006000 r--s 00000000 08:08 136562                     /var/cache/fontconfig/0d8c3b2ac0904cb8a57a757ad11a4a08-le64.cache-6
7f62ec006000-7f62ec01b000 r--s 00000000 08:08 136515                     /var/cache/fontconfig/04aabc0a78ac019cf9454389977116d2-le64.cache-6
7f62ec01b000-7f62ec01c000 r--s 00000000 08:08 136501                     /var/cache/fontconfig/1ac9eb803944fde146138c791f5cc56a-le64.cache-6
7f62ec01c000-7f62ec020000 r--s 00000000 08:08 136375                     /var/cache/fontconfig/385c0604a188198f04d133e54aba7fe7-le64.cache-6
7f62ec020000-7f62ec021000 r--s 00000000 08:08 136263                     /var/cache/fontconfig/dc05db6664285cc2f12bf69c139ae4c3-le64.cache-6
7f62ec021000-7f62ec024000 r--s 00000000 08:08 136050                     /var/cache/fontconfig/767a8244fc0220cfb567a839d0392e0b-le64.cache-6
7f62ec024000-7f62ec029000 r--s 00000000 08:08 136046                     /var/cache/fontconfig/8801497958630a81b71ace7c5f9b32a8-le64.cache-6
7f62ec029000-7f62ec030000 r--s 00000000 08:08 135388                     /var/cache/fontconfig/3047814df9a2f067bd2d96a2b9c36e5a-le64.cache-6
7f62ec030000-7f62ec036000 r--s 00000000 08:08 135245                     /var/cache/fontconfig/b47c4e1ecd0709278f4910c18777a504-le64.cache-6
7f62ec036000-7f62ec049000 r--s 00000000 08:08 135240                     /var/cache/fontconfig/d52a8644073d54c13679302ca1180695-le64.cache-6
7f62ec049000-7f62ec054000 r--s 00000000 08:08 135009                     /var/cache/fontconfig/d589a48862398ed80a3d6066f4f56f4c-le64.cache-6
7f62ec054000-7f62ec05f000 r--s 00000000 08:08 134481                     /var/cache/fontconfig/83bf95040141907cd45bb53cf7c1c148-le64.cache-6
7f62ec05f000-7f62ec071000 r--s 00000000 08:08 134160                     /var/cache/fontconfig/9b89f8e3dae116d678bbf48e5f21f69b-le64.cache-6
7f62ec071000-7f62ec0f1000 r-xp 00000000 08:06 130355                     /lib/x86_64-linux-gnu/libsystemd.so.0.14.0
7f62ec0f1000-7f62ec0f4000 r--p 0007f000 08:06 130355                     /lib/x86_64-linux-gnu/libsystemd.so.0.14.0
7f62ec0f4000-7f62ec0f5000 rw-p 00082000 08:06 130355                     /lib/x86_64-linux-gnu/libsystemd.so.0.14.0
7f62ec0f5000-7f62ec0f6000 rw-p 00000000 00:00 0 
7f62ec0f6000-7f62ec0fb000 r-xp 00000000 08:06 401339                     /usr/lib/x86_64-linux-gnu/libXtst.so.6.1.0
7f62ec0fb000-7f62ec2fa000 ---p 00005000 08:06 401339                     /usr/lib/x86_64-linux-gnu/libXtst.so.6.1.0
7f62ec2fa000-7f62ec2fb000 r--p 00004000 08:06 401339                     /usr/lib/x86_64-linux-gnu/libXtst.so.6.1.0
7f62ec2fb000-7f62ec2fc000 rw-p 00005000 08:06 401339                     /usr/lib/x86_64-linux-gnu/libXtst.so.6.1.0
7f62ec2fc000-7f62ec2fd000 r-xp 00000000 08:06 403349                     /usr/lib/x86_64-linux-gnu/libgthread-2.0.so.0.4800.1
7f62ec2fd000-7f62ec4fc000 ---p 00001000 08:06 403349                     /usr/lib/x86_64-linux-gnu/libgthread-2.0.so.0.4800.1
7f62ec4fc000-7f62ec4fd000 r--p 00000000 08:06 403349                     /usr/lib/x86_64-linux-gnu/libgthread-2.0.so.0.4800.1
7f62ec4fd000-7f62ec4fe000 rw-p 00001000 08:06 403349                     /usr/lib/x86_64-linux-gnu/libgthread-2.0.so.0.4800.1
7f62ec4fe000-7f62ec501000 r-xp 00000000 08:06 403354                     /usr/lib/x86_64-linux-gnu/libgmodule-2.0.so.0.4800.1
7f62ec501000-7f62ec700000 ---p 00003000 08:06 403354                     /usr/lib/x86_64-linux-gnu/libgmodule-2.0.so.0.4800.1
7f62ec700000-7f62ec701000 r--p 00002000 08:06 403354                     /usr/lib/x86_64-linux-gnu/libgmodule-2.0.so.0.4800.1
7f62ec701000-7f62ec702000 rw-p 00003000 08:06 403354                     /usr/lib/x86_64-linux-gnu/libgmodule-2.0.so.0.4800.1
7f62ec702000-7f62ec754000 r-xp 00000000 08:06 403380                     /usr/lib/x86_64-linux-gnu/libgobject-2.0.so.0.4800.1
7f62ec754000-7f62ec953000 ---p 00052000 08:06 403380                     /usr/lib/x86_64-linux-gnu/libgobject-2.0.so.0.4800.1
7f62ec953000-7f62ec954000 r--p 00051000 08:06 403380                     /usr/lib/x86_64-linux-gnu/libgobject-2.0.so.0.4800.1
7f62ec954000-7f62ec955000 rw-p 00052000 08:06 403380                     /usr/lib/x86_64-linux-gnu/libgobject-2.0.so.0.4800.1
7f62ec955000-7f62ec992000 r-xp 00000000 08:06 398567                     /usr/lib/x86_64-linux-gnu/libfontconfig.so.1.9.0
7f62ec992000-7f62ecb91000 ---p 0003d000 08:06 398567                     /usr/lib/x86_64-linux-gnu/libfontconfig.so.1.9.0
7f62ecb91000-7f62ecb93000 r--p 0003c000 08:06 398567                     /usr/lib/x86_64-linux-gnu/libfontconfig.so.1.9.0
7f62ecb93000-7f62ecb98000 rw-p 0003e000 08:06 398567                     /usr/lib/x86_64-linux-gnu/libfontconfig.so.1.9.0
7f62ecb98000-7f62ecc3c000 r-xp 00000000 08:06 401730                     /usr/lib/x86_64-linux-gnu/libfreetype.so.6.12.1
7f62ecc3c000-7f62ece3b000 ---p 000a4000 08:06 401730                     /usr/lib/x86_64-linux-gnu/libfreetype.so.6.12.1
7f62ece3b000-7f62ece41000 r--p 000a3000 08:06 401730                     /usr/lib/x86_64-linux-gnu/libfreetype.so.6.12.1
7f62ece41000-7f62ece42000 rw-p 000a9000 08:06 401730                     /usr/lib/x86_64-linux-gnu/libfreetype.so.6.12.1
7f62ece42000-7f62ece8b000 r-xp 00000000 08:06 402231                     /usr/lib/x86_64-linux-gnu/libpango-1.0.so.0.3800.1
7f62ece8b000-7f62ed08b000 ---p 00049000 08:06 402231                     /usr/lib/x86_64-linux-gnu/libpango-1.0.so.0.3800.1
7f62ed08b000-7f62ed08d000 r--p 00049000 08:06 402231                     /usr/lib/x86_64-linux-gnu/libpango-1.0.so.0.3800.1
7f62ed08d000-7f62ed08e000 rw-p 0004b000 08:06 402231                     /usr/lib/x86_64-linux-gnu/libpango-1.0.so.0.3800.1
7f62ed08e000-7f62ed19c000 r-xp 00000000 08:06 401460                     /usr/lib/x86_64-linux-gnu/libcairo.so.2.11400.6
7f62ed19c000-7f62ed39c000 ---p 0010e000 08:06 401460                     /usr/lib/x86_64-linux-gnu/libcairo.so.2.11400.6
7f62ed39c000-7f62ed39f000 r--p 0010e000 08:06 401460                     /usr/lib/x86_64-linux-gnu/libcairo.so.2.11400.6
7f62ed39f000-7f62ed3a0000 rw-p 00111000 08:06 401460                     /usr/lib/x86_64-linux-gnu/libcairo.so.2.11400.6
7f62ed3a0000-7f62ed3a2000 rw-p 00000000 00:00 0 
7f62ed3a2000-7f62ed3ae000 r-xp 00000000 08:06 402233                     /usr/lib/x86_64-linux-gnu/libpangocairo-1.0.so.0.3800.1
7f62ed3ae000-7f62ed5ad000 ---p 0000c000 08:06 402233                     /usr/lib/x86_64-linux-gnu/libpangocairo-1.0.so.0.3800.1
7f62ed5ad000-7f62ed5ae000 r--p 0000b000 08:06 402233                     /usr/lib/x86_64-linux-gnu/libpangocairo-1.0.so.0.3800.1
7f62ed5ae000-7f62ed5af000 rw-p 0000c000 08:06 402233                     /usr/lib/x86_64-linux-gnu/libpangocairo-1.0.so.0.3800.1
7f62ed5af000-7f62ed5d0000 r-xp 00000000 08:06 401771                     /usr/lib/x86_64-linux-gnu/libgdk_pixbuf-2.0.so.0.3200.2
7f62ed5d0000-7f62ed7cf000 ---p 00021000 08:06 401771                     /usr/lib/x86_64-linux-gnu/libgdk_pixbuf-2.0.so.0.3200.2
7f62ed7cf000-7f62ed7d0000 r--p 00020000 08:06 401771                     /usr/lib/x86_64-linux-gnu/libgdk_pixbuf-2.0.so.0.3200.2
7f62ed7d0000-7f62ed7d1000 rw-p 00021000 08:06 401771                     /usr/lib/x86_64-linux-gnu/libgdk_pixbuf-2.0.so.0.3200.2
7f62ed7d1000-7f62ed7e5000 r-xp 00000000 08:06 402235                     /usr/lib/x86_64-linux-gnu/libpangoft2-1.0.so.0.3800.1
7f62ed7e5000-7f62ed9e5000 ---p 00014000 08:06 402235                     /usr/lib/x86_64-linux-gnu/libpangoft2-1.0.so.0.3800.1
7f62ed9e5000-7f62ed9e6000 r--p 00014000 08:06 402235                     /usr/lib/x86_64-linux-gnu/libpangoft2-1.0.so.0.3800.1
7f62ed9e6000-7f62ed9e7000 rw-p 00015000 08:06 402235                     /usr/lib/x86_64-linux-gnu/libpangoft2-1.0.so.0.3800.1
7f62ed9e7000-7f62edb67000 r-xp 00000000 08:06 403373                     /usr/lib/x86_64-linux-gnu/libgio-2.0.so.0.4800.1
7f62edb67000-7f62edd67000 ---p 00180000 08:06 403373                     /usr/lib/x86_64-linux-gnu/libgio-2.0.so.0.4800.1
7f62edd67000-7f62edd6b000 r--p 00180000 08:06 403373                     /usr/lib/x86_64-linux-gnu/libgio-2.0.so.0.4800.1
7f62edd6b000-7f62edd6d000 rw-p 00184000 08:06 403373                     /usr/lib/x86_64-linux-gnu/libgio-2.0.so.0.4800.1
7f62edd6d000-7f62edd6f000 rw-p 00000000 00:00 0 
7f62edd6f000-7f62edd91000 r-xp 00000000 08:06 401404                     /usr/lib/x86_64-linux-gnu/libatk-1.0.so.0.21809.1
7f62edd91000-7f62edf90000 ---p 00022000 08:06 401404                     /usr/lib/x86_64-linux-gnu/libatk-1.0.so.0.21809.1
7f62edf90000-7f62edf93000 r--p 00021000 08:06 401404                     /usr/lib/x86_64-linux-gnu/libatk-1.0.so.0.21809.1
7f62edf93000-7f62edf94000 rw-p 00024000 08:06 401404                     /usr/lib/x86_64-linux-gnu/libatk-1.0.so.0.21809.1
7f62edf94000-7f62ee044000 r-xp 00000000 08:06 401769                     /usr/lib/x86_64-linux-gnu/libgdk-x11-2.0.so.0.2400.30
7f62ee044000-7f62ee243000 ---p 000b0000 08:06 401769                     /usr/lib/x86_64-linux-gnu/libgdk-x11-2.0.so.0.2400.30
7f62ee243000-7f62ee247000 r--p 000af000 08:06 401769                     /usr/lib/x86_64-linux-gnu/libgdk-x11-2.0.so.0.2400.30
7f62ee247000-7f62ee249000 rw-p 000b3000 08:06 401769                     /usr/lib/x86_64-linux-gnu/libgdk-x11-2.0.so.0.2400.30
7f62ee249000-7f62ee687000 r-xp 00000000 08:06 401914                     /usr/lib/x86_64-linux-gnu/libgtk-x11-2.0.so.0.2400.30
7f62ee687000-7f62ee886000 ---p 0043e000 08:06 401914                     /usr/lib/x86_64-linux-gnu/libgtk-x11-2.0.so.0.2400.30
7f62ee886000-7f62ee88d000 r--p 0043d000 08:06 401914                     /usr/lib/x86_64-linux-gnu/libgtk-x11-2.0.so.0.2400.30
7f62ee88d000-7f62ee891000 rw-p 00444000 08:06 401914                     /usr/lib/x86_64-linux-gnu/libgtk-x11-2.0.so.0.2400.30
7f62ee891000-7f62ee894000 rw-p 00000000 00:00 0 
7f62ee894000-7f62ee8a0000 r-xp 00000000 08:06 286423                     /usr/lib/jvm/java-8-oracle/jre/lib/amd64/libprism_es2.so
7f62ee8a0000-7f62eea9f000 ---p 0000c000 08:06 286423                     /usr/lib/jvm/java-8-oracle/jre/lib/amd64/libprism_es2.so
7f62eea9f000-7f62eeaa0000 rw-p 0000b000 08:06 286423                     /usr/lib/jvm/java-8-oracle/jre/lib/amd64/libprism_es2.so
7f62eeaa0000-7f62eeaa3000 ---p 00000000 00:00 0 
7f62eeaa3000-7f62eeba1000 rw-p 00000000 00:00 0 
7f62eeba1000-7f62eec37000 r--s 01102000 08:06 286484                     /usr/lib/jvm/java-8-oracle/jre/lib/ext/jfxrt.jar
7f62eec37000-7f62eec38000 ---p 00000000 00:00 0 
7f62eec38000-7f62eed38000 rw-p 00000000 00:00 0 
7f62eed38000-7f62eed3b000 ---p 00000000 00:00 0 
7f62eed3b000-7f62eee39000 rw-p 00000000 00:00 0 
7f62eee39000-7f62eee3c000 ---p 00000000 00:00 0 
7f62eee3c000-7f62eef3a000 rw-p 00000000 00:00 0 
7f62eef3a000-7f62eef3d000 ---p 00000000 00:00 0 
7f62eef3d000-7f62ef03b000 rw-p 00000000 00:00 0 
7f62ef03b000-7f62ef03e000 ---p 00000000 00:00 0 
7f62ef03e000-7f62ef13c000 rw-p 00000000 00:00 0 
7f62ef13c000-7f62ef13f000 ---p 00000000 00:00 0 
7f62ef13f000-7f62ef23d000 rw-p 00000000 00:00 0 
7f62ef23d000-7f62efbfc000 r--p 00000000 08:06 396917                     /usr/lib/locale/locale-archive
7f62efbfc000-7f62efbff000 ---p 00000000 00:00 0 
7f62efbff000-7f62efcfd000 rw-p 00000000 00:00 0 
7f62efcfd000-7f62efd00000 ---p 00000000 00:00 0 
7f62efd00000-7f62efdfe000 rw-p 00000000 00:00 0 
7f62efdfe000-7f62efdff000 ---p 00000000 00:00 0 
7f62efdff000-7f62f0000000 rw-p 00000000 00:00 0 
7f62f0000000-7f62f0021000 rw-p 00000000 00:00 0 
7f62f0021000-7f62f4000000 ---p 00000000 00:00 0 
7f62f4000000-7f62f4021000 rw-p 00000000 00:00 0 
7f62f4021000-7f62f8000000 ---p 00000000 00:00 0 
7f62f8000000-7f62f8021000 rw-p 00000000 00:00 0 
7f62f8021000-7f62fc000000 ---p 00000000 00:00 0 
7f62fc000000-7f62fc001000 r--s 00000000 08:08 136047                     /var/cache/fontconfig/4794a0821666d79190d59a36cb4f44b5-le64.cache-6
7f62fc001000-7f62fc002000 r--s 00000000 08:08 136045                     /var/cache/fontconfig/bab58bb527bb656aaa9f116d68a48d89-le64.cache-6
7f62fc002000-7f62fc003000 r--s 00000000 08:08 135248                     /var/cache/fontconfig/56cf4f4769d0f4abc89a4895d7bd3ae1-le64.cache-6
7f62fc003000-7f62fc010000 r--s 00000000 08:08 133210                     /var/cache/fontconfig/e13b20fdb08344e0e664864cc2ede53d-le64.cache-6
7f62fc010000-7f62fc056000 r--p 00000000 08:06 835                        /usr/share/glib-2.0/schemas/gschemas.compiled
7f62fc056000-7f62fc074000 r-xp 00000000 08:06 136190                     /lib/x86_64-linux-gnu/libudev.so.1.6.4
7f62fc074000-7f62fc075000 r--p 0001d000 08:06 136190                     /lib/x86_64-linux-gnu/libudev.so.1.6.4
7f62fc075000-7f62fc076000 rw-p 0001e000 08:06 136190                     /lib/x86_64-linux-gnu/libudev.so.1.6.4
7f62fc076000-7f6301000000 rw-p 00000000 00:00 0 
7f6301000000-7f6301680000 rwxp 00000000 00:00 0 
7f6301680000-7f6310000000 ---p 00000000 00:00 0 
7f6310000000-7f63103bc000 rw-p 00000000 00:00 0 
7f63103bc000-7f6314000000 ---p 00000000 00:00 0 
7f6314000000-7f6314001000 r--s 00000000 08:08 135246                     /var/cache/fontconfig/b9d506c9ac06c20b433354fa67a72993-le64.cache-6
7f6314001000-7f6314002000 r--s 00000000 08:08 135239                     /var/cache/fontconfig/551ecf3b0e8b0bca0f25c0944f561853-le64.cache-6
7f6314002000-7f6314003000 r--s 00000000 08:08 135008                     /var/cache/fontconfig/30829fa25452a46451e813d634d7f916-le64.cache-6
7f6314003000-7f6314006000 r--s 00000000 08:08 134482                     /var/cache/fontconfig/75114ca45c98e8a441da0ff356701271-le64.cache-6
7f6314006000-7f631400a000 r--s 00000000 08:08 128591                     /var/cache/fontconfig/7ef2298fde41cc6eeb7af42e48b7d293-le64.cache-6
7f631400a000-7f631400c000 r--s 00000000 08:08 138451                     /var/cache/fontconfig/16326683038b281783a0ef8c680e3a10-le64.cache-6
7f631400c000-7f6314019000 r--s 00000000 08:08 128618                     /var/cache/fontconfig/8f02d4cb045bd6ce15663e43f347c9f8-le64.cache-6
7f6314019000-7f6314021000 r--s 00045000 08:0a 824                        /home/mark/.p2/pool/plugins/org.junit_4.12.0.v201504281640/junit.jar
7f6314021000-7f63144f8000 rw-p 00000000 00:00 0 
7f63144f8000-7f63146d1000 r--s 03d29000 08:06 286400                     /usr/lib/jvm/java-8-oracle/jre/lib/rt.jar
7f63146d1000-7f6314b1f000 rw-p 00000000 00:00 0 
7f6314b1f000-7f6314b20000 ---p 00000000 00:00 0 
7f6314b20000-7f6314c20000 rw-p 00000000 00:00 0 
7f6314c20000-7f6314c21000 ---p 00000000 00:00 0 
7f6314c21000-7f6314d21000 rw-p 00000000 00:00 0 
7f6314d21000-7f6314d22000 ---p 00000000 00:00 0 
7f6314d22000-7f6314e22000 rw-p 00000000 00:00 0 
7f6314e22000-7f6314e23000 ---p 00000000 00:00 0 
7f6314e23000-7f6314f4d000 rw-p 00000000 00:00 0 
7f6314f4d000-7f63151b3000 ---p 00000000 00:00 0 
7f63151b3000-7f63151dd000 rw-p 00000000 00:00 0 
7f63151dd000-7f6315443000 ---p 00000000 00:00 0 
7f6315443000-7f6315584000 rw-p 00000000 00:00 0 
7f6315584000-7f631558b000 ---p 00000000 00:00 0 
7f631558b000-7f63155a6000 rw-p 00000000 00:00 0 
7f63155a6000-7f631594c000 ---p 00000000 00:00 0 
7f631594c000-7f6315966000 r-xp 00000000 08:06 286432                     /usr/lib/jvm/java-8-oracle/jre/lib/amd64/libzip.so
7f6315966000-7f6315b66000 ---p 0001a000 08:06 286432                     /usr/lib/jvm/java-8-oracle/jre/lib/amd64/libzip.so
7f6315b66000-7f6315b67000 rw-p 0001a000 08:06 286432                     /usr/lib/jvm/java-8-oracle/jre/lib/amd64/libzip.so
7f6315b67000-7f6315b72000 r-xp 00000000 08:06 136277                     /lib/x86_64-linux-gnu/libnss_files-2.23.so
7f6315b72000-7f6315d71000 ---p 0000b000 08:06 136277                     /lib/x86_64-linux-gnu/libnss_files-2.23.so
7f6315d71000-7f6315d72000 r--p 0000a000 08:06 136277                     /lib/x86_64-linux-gnu/libnss_files-2.23.so
7f6315d72000-7f6315d73000 rw-p 0000b000 08:06 136277                     /lib/x86_64-linux-gnu/libnss_files-2.23.so
7f6315d73000-7f6315d79000 rw-p 00000000 00:00 0 
7f6315d79000-7f6315d84000 r-xp 00000000 08:06 136287                     /lib/x86_64-linux-gnu/libnss_nis-2.23.so
7f6315d84000-7f6315f83000 ---p 0000b000 08:06 136287                     /lib/x86_64-linux-gnu/libnss_nis-2.23.so
7f6315f83000-7f6315f84000 r--p 0000a000 08:06 136287                     /lib/x86_64-linux-gnu/libnss_nis-2.23.so
7f6315f84000-7f6315f85000 rw-p 0000b000 08:06 136287                     /lib/x86_64-linux-gnu/libnss_nis-2.23.so
7f6315f85000-7f6315f9b000 r-xp 00000000 08:06 136271                     /lib/x86_64-linux-gnu/libnsl-2.23.so
7f6315f9b000-7f631619a000 ---p 00016000 08:06 136271                     /lib/x86_64-linux-gnu/libnsl-2.23.so
7f631619a000-7f631619b000 r--p 00015000 08:06 136271                     /lib/x86_64-linux-gnu/libnsl-2.23.so
7f631619b000-7f631619c000 rw-p 00016000 08:06 136271                     /lib/x86_64-linux-gnu/libnsl-2.23.so
7f631619c000-7f631619e000 rw-p 00000000 00:00 0 
7f631619e000-7f63161a6000 r-xp 00000000 08:06 136273                     /lib/x86_64-linux-gnu/libnss_compat-2.23.so
7f63161a6000-7f63163a5000 ---p 00008000 08:06 136273                     /lib/x86_64-linux-gnu/libnss_compat-2.23.so
7f63163a5000-7f63163a6000 r--p 00007000 08:06 136273                     /lib/x86_64-linux-gnu/libnss_compat-2.23.so
7f63163a6000-7f63163a7000 rw-p 00008000 08:06 136273                     /lib/x86_64-linux-gnu/libnss_compat-2.23.so
7f63163a7000-7f63163d1000 r-xp 00000000 08:06 286458                     /usr/lib/jvm/java-8-oracle/jre/lib/amd64/libjava.so
7f63163d1000-7f63165d1000 ---p 0002a000 08:06 286458                     /usr/lib/jvm/java-8-oracle/jre/lib/amd64/libjava.so
7f63165d1000-7f63165d3000 rw-p 0002a000 08:06 286458                     /usr/lib/jvm/java-8-oracle/jre/lib/amd64/libjava.so
7f63165d3000-7f63165e0000 r-xp 00000000 08:06 286409                     /usr/lib/jvm/java-8-oracle/jre/lib/amd64/libverify.so
7f63165e0000-7f63167e0000 ---p 0000d000 08:06 286409                     /usr/lib/jvm/java-8-oracle/jre/lib/amd64/libverify.so
7f63167e0000-7f63167e2000 rw-p 0000d000 08:06 286409                     /usr/lib/jvm/java-8-oracle/jre/lib/amd64/libverify.so
7f63167e2000-7f63167e9000 r-xp 00000000 08:06 136332                     /lib/x86_64-linux-gnu/librt-2.23.so
7f63167e9000-7f63169e8000 ---p 00007000 08:06 136332                     /lib/x86_64-linux-gnu/librt-2.23.so
7f63169e8000-7f63169e9000 r--p 00006000 08:06 136332                     /lib/x86_64-linux-gnu/librt-2.23.so
7f63169e9000-7f63169ea000 rw-p 00007000 08:06 136332                     /lib/x86_64-linux-gnu/librt-2.23.so
7f63169ea000-7f6316af2000 r-xp 00000000 08:06 136248                     /lib/x86_64-linux-gnu/libm-2.23.so
7f6316af2000-7f6316cf1000 ---p 00108000 08:06 136248                     /lib/x86_64-linux-gnu/libm-2.23.so
7f6316cf1000-7f6316cf2000 r--p 00107000 08:06 136248                     /lib/x86_64-linux-gnu/libm-2.23.so
7f6316cf2000-7f6316cf3000 rw-p 00108000 08:06 136248                     /lib/x86_64-linux-gnu/libm-2.23.so
7f6316cf3000-7f63179be000 r-xp 00000000 08:06 286462                     /usr/lib/jvm/java-8-oracle/jre/lib/amd64/server/libjvm.so
7f63179be000-7f6317bbd000 ---p 00ccb000 08:06 286462                     /usr/lib/jvm/java-8-oracle/jre/lib/amd64/server/libjvm.so
7f6317bbd000-7f6317c96000 rw-p 00cca000 08:06 286462                     /usr/lib/jvm/java-8-oracle/jre/lib/amd64/server/libjvm.so
7f6317c96000-7f6317ce1000 rw-p 00000000 00:00 0 
7f6317ce1000-7f6317ea1000 r-xp 00000000 08:06 136178                     /lib/x86_64-linux-gnu/libc-2.23.so
7f6317ea1000-7f63180a0000 ---p 001c0000 08:06 136178                     /lib/x86_64-linux-gnu/libc-2.23.so
7f63180a0000-7f63180a4000 r--p 001bf000 08:06 136178                     /lib/x86_64-linux-gnu/libc-2.23.so
7f63180a4000-7f63180a6000 rw-p 001c3000 08:06 136178                     /lib/x86_64-linux-gnu/libc-2.23.so
7f63180a6000-7f63180aa000 rw-p 00000000 00:00 0 
7f63180aa000-7f63180ad000 r-xp 00000000 08:06 136202                     /lib/x86_64-linux-gnu/libdl-2.23.so
7f63180ad000-7f63182ac000 ---p 00003000 08:06 136202                     /lib/x86_64-linux-gnu/libdl-2.23.so
7f63182ac000-7f63182ad000 r--p 00002000 08:06 136202                     /lib/x86_64-linux-gnu/libdl-2.23.so
7f63182ad000-7f63182ae000 rw-p 00003000 08:06 136202                     /lib/x86_64-linux-gnu/libdl-2.23.so
7f63182ae000-7f63182c3000 r-xp 00000000 08:06 283059                     /usr/lib/jvm/java-8-oracle/lib/amd64/jli/libjli.so
7f63182c3000-7f63184c3000 ---p 00015000 08:06 283059                     /usr/lib/jvm/java-8-oracle/lib/amd64/jli/libjli.so
7f63184c3000-7f63184c4000 rw-p 00015000 08:06 283059                     /usr/lib/jvm/java-8-oracle/lib/amd64/jli/libjli.so
7f63184c4000-7f63184dc000 r-xp 00000000 08:06 136324                     /lib/x86_64-linux-gnu/libpthread-2.23.so
7f63184dc000-7f63186db000 ---p 00018000 08:06 136324                     /lib/x86_64-linux-gnu/libpthread-2.23.so
7f63186db000-7f63186dc000 r--p 00017000 08:06 136324                     /lib/x86_64-linux-gnu/libpthread-2.23.so
7f63186dc000-7f63186dd000 rw-p 00018000 08:06 136324                     /lib/x86_64-linux-gnu/libpthread-2.23.so
7f63186dd000-7f63186e1000 rw-p 00000000 00:00 0 
7f63186e1000-7f6318707000 r-xp 00000000 08:06 136150                     /lib/x86_64-linux-gnu/ld-2.23.so
7f6318707000-7f6318708000 r--s 00000000 08:08 134703                     /var/cache/fontconfig/0c9eb80ebd1c36541ebe2852d3bb0c49-le64.cache-6
7f6318708000-7f6318710000 rw-s 00000000 00:05 37714                      /drm mm object (deleted)
7f6318710000-7f6318718000 rw-s 00000000 00:05 39253                      /drm mm object (deleted)
7f6318718000-7f631871d000 r--p 00000000 08:0a 530255                     /home/mark/.config/dconf/user
7f631871d000-7f63187e8000 rw-p 00000000 00:00 0 
7f63187e8000-7f63187eb000 ---p 00000000 00:00 0 
7f63187eb000-7f63188ed000 rw-p 00000000 00:00 0 
7f63188ed000-7f63188ee000 r--s 00008000 08:0a 548839                     /home/mark/.p2/pool/plugins/org.eclipse.fx.ide.css.jfx8_2.4.0.201605112122.jar
7f63188ee000-7f63188f0000 r--s 0000c000 08:0a 527585                     /home/mark/.p2/pool/plugins/org.hamcrest.core_1.3.0.v201303031735.jar
7f63188f0000-7f63188f1000 rw-s 107b70000 00:06 473                       /dev/dri/card1
7f63188f1000-7f63188f2000 r--s 00000000 00:2d 34                         /run/user/1000/dconf/user
7f63188f2000-7f63188fa000 rw-s 00000000 00:05 39229                      /drm mm object (deleted)
7f63188fa000-7f6318902000 rw-s 00000000 08:09 128527                     /tmp/hsperfdata_mark/4745
7f6318902000-7f6318903000 rw-p 00000000 00:00 0 
7f6318903000-7f6318904000 ---p 00000000 00:00 0 
7f6318904000-7f6318906000 rw-p 00000000 00:00 0 
7f6318906000-7f6318907000 r--p 00025000 08:06 136150                     /lib/x86_64-linux-gnu/ld-2.23.so
7f6318907000-7f6318908000 rw-p 00026000 08:06 136150                     /lib/x86_64-linux-gnu/ld-2.23.so
7f6318908000-7f6318909000 rw-p 00000000 00:00 0 
7ffd72f6a000-7ffd72f8b000 rw-p 00000000 00:00 0                          [stack]
7ffd72fe0000-7ffd72fe2000 r--p 00000000 00:00 0                          [vvar]
7ffd72fe2000-7ffd72fe4000 r-xp 00000000 00:00 0                          [vdso]
ffffffffff600000-ffffffffff601000 r-xp 00000000 00:00 0                  [vsyscall]

VM Arguments:
jvm_args: -Dfile.encoding=UTF-8 
java_command: warlords.control.WarlordsController
java_class_path (initial): /home/mark/Documents/COMPSYS 302/uoa-cs302-2017-group01/Warlords/bin:/home/mark/.p2/pool/plugins/org.junit_4.12.0.v201504281640/junit.jar:/home/mark/.p2/pool/plugins/org.hamcrest.core_1.3.0.v201303031735.jar:/home/mark/.p2/pool/plugins/org.eclipse.fx.ide.css.jfx8_2.4.0.201605112122.jar
Launcher Type: SUN_STANDARD

Environment Variables:
PATH=/usr/local/sbin:/usr/local/bin:/usr/sbin:/usr/bin:/sbin:/bin:/usr/games:/usr/local/games:/snap/bin
SHELL=/bin/bash
DISPLAY=:0

Signal Handlers:
SIGSEGV: [libjvm.so+0xac4790], sa_mask[0]=11111111011111111101111111111110, sa_flags=SA_RESTART|SA_SIGINFO
SIGBUS: [libjvm.so+0xac4790], sa_mask[0]=11111111011111111101111111111110, sa_flags=SA_RESTART|SA_SIGINFO
SIGFPE: [libjvm.so+0x91f140], sa_mask[0]=11111111011111111101111111111110, sa_flags=SA_RESTART|SA_SIGINFO
SIGPIPE: SIG_IGN, sa_mask[0]=00000000000010000000000000000000, sa_flags=SA_RESTART
SIGXFSZ: [libjvm.so+0x91f140], sa_mask[0]=11111111011111111101111111111110, sa_flags=SA_RESTART|SA_SIGINFO
SIGILL: [libjvm.so+0x91f140], sa_mask[0]=11111111011111111101111111111110, sa_flags=SA_RESTART|SA_SIGINFO
SIGUSR1: SIG_DFL, sa_mask[0]=00000000000000000000000000000000, sa_flags=none
SIGUSR2: [libjvm.so+0x920770], sa_mask[0]=00100000000000000000000000000000, sa_flags=SA_RESTART|SA_SIGINFO
SIGHUP: [libjvm.so+0x921b70], sa_mask[0]=11111111011111111101111111111110, sa_flags=SA_RESTART|SA_SIGINFO
SIGINT: [libjvm.so+0x921b70], sa_mask[0]=11111111011111111101111111111110, sa_flags=SA_RESTART|SA_SIGINFO
SIGTERM: [libjvm.so+0x921b70], sa_mask[0]=11111111011111111101111111111110, sa_flags=SA_RESTART|SA_SIGINFO
SIGQUIT: [libjvm.so+0x921b70], sa_mask[0]=11111111011111111101111111111110, sa_flags=SA_RESTART|SA_SIGINFO


---------------  S Y S T E M  ---------------

OS:DISTRIB_ID=Ubuntu
DISTRIB_RELEASE=16.04
DISTRIB_CODENAME=xenial
DISTRIB_DESCRIPTION="Ubuntu 16.04.1 LTS"

uname:Linux 4.4.0-34-generic #53-Ubuntu SMP Wed Jul 27 16:06:39 UTC 2016 x86_64
libc:glibc 2.23 NPTL 2.23 
rlimit: STACK 8192k, CORE 0k, NPROC 31060, NOFILE 65536, AS infinity
load average:37.97 17.77 7.51

/proc/meminfo:
MemTotal:        8055324 kB
MemFree:          118332 kB
MemAvailable:          0 kB
Buffers:             268 kB
Cached:           294896 kB
SwapCached:          712 kB
Active:          6471684 kB
Inactive:        1269164 kB
Active(anon):    6469800 kB
Inactive(anon):  1266584 kB
Active(file):       1884 kB
Inactive(file):     2580 kB
Unevictable:          32 kB
Mlocked:              32 kB
SwapTotal:        498684 kB
SwapFree:              0 kB
Dirty:                 8 kB
Writeback:             0 kB
AnonPages:       7445888 kB
Mapped:            30988 kB
Shmem:            290116 kB
Slab:              64780 kB
SReclaimable:      28004 kB
SUnreclaim:        36776 kB
KernelStack:       11920 kB
PageTables:        47772 kB
NFS_Unstable:          0 kB
Bounce:                0 kB
WritebackTmp:          0 kB
CommitLimit:     4526344 kB
Committed_AS:   13329992 kB
VmallocTotal:   34359738367 kB
VmallocUsed:           0 kB
VmallocChunk:          0 kB
HardwareCorrupted:     0 kB
AnonHugePages:   5560320 kB
CmaTotal:              0 kB
CmaFree:               0 kB
HugePages_Total:       0
HugePages_Free:        0
HugePages_Rsvd:        0
HugePages_Surp:        0
Hugepagesize:       2048 kB
DirectMap4k:      118204 kB
DirectMap2M:     3956736 kB
DirectMap1G:     5242880 kB


CPU:total 4 (2 cores per cpu, 2 threads per core) family 6 model 78 stepping 3, cmov, cx8, fxsr, mmx, sse, sse2, sse3, ssse3, sse4.1, sse4.2, popcnt, avx, avx2, aes, clmul, erms, 3dnowpref, lzcnt, ht, tsc, tscinvbit, bmi1, bmi2, adx

/proc/cpuinfo:
processor	: 0
vendor_id	: GenuineIntel
cpu family	: 6
model		: 78
model name	: Intel(R) Core(TM) i7-6500U CPU @ 2.50GHz
stepping	: 3
microcode	: 0x9e
cpu MHz		: 2999.953
cache size	: 4096 KB
physical id	: 0
siblings	: 4
core id		: 0
cpu cores	: 2
apicid		: 0
initial apicid	: 0
fpu		: yes
fpu_exception	: yes
cpuid level	: 22
wp		: yes
flags		: fpu vme de pse tsc msr pae mce cx8 apic sep mtrr pge mca cmov pat pse36 clflush dts acpi mmx fxsr sse sse2 ss ht tm pbe syscall nx pdpe1gb rdtscp lm constant_tsc art arch_perfmon pebs bts rep_good nopl xtopology nonstop_tsc aperfmperf eagerfpu pni pclmulqdq dtes64 monitor ds_cpl vmx est tm2 ssse3 sdbg fma cx16 xtpr pdcm pcid sse4_1 sse4_2 x2apic movbe popcnt tsc_deadline_timer aes xsave avx f16c rdrand lahf_lm abm 3dnowprefetch epb intel_pt tpr_shadow vnmi flexpriority ept vpid fsgsbase tsc_adjust bmi1 avx2 smep bmi2 erms invpcid mpx rdseed adx smap clflushopt xsaveopt xsavec xgetbv1 dtherm ida arat pln pts hwp hwp_notify hwp_act_window hwp_epp
bugs		:
bogomips	: 5183.84
clflush size	: 64
cache_alignment	: 64
address sizes	: 39 bits physical, 48 bits virtual
power management:

processor	: 1
vendor_id	: GenuineIntel
cpu family	: 6
model		: 78
model name	: Intel(R) Core(TM) i7-6500U CPU @ 2.50GHz
stepping	: 3
microcode	: 0x9e
cpu MHz		: 2999.953
cache size	: 4096 KB
physical id	: 0
siblings	: 4
core id		: 1
cpu cores	: 2
apicid		: 2
initial apicid	: 2
fpu		: yes
fpu_exception	: yes
cpuid level	: 22
wp		: yes
flags		: fpu vme de pse tsc msr pae mce cx8 apic sep mtrr pge mca cmov pat pse36 clflush dts acpi mmx fxsr sse sse2 ss ht tm pbe syscall nx pdpe1gb rdtscp lm constant_tsc art arch_perfmon pebs bts rep_good nopl xtopology nonstop_tsc aperfmperf eagerfpu pni pclmulqdq dtes64 monitor ds_cpl vmx est tm2 ssse3 sdbg fma cx16 xtpr pdcm pcid sse4_1 sse4_2 x2apic movbe popcnt tsc_deadline_timer aes xsave avx f16c rdrand lahf_lm abm 3dnowprefetch epb intel_pt tpr_shadow vnmi flexpriority ept vpid fsgsbase tsc_adjust bmi1 avx2 smep bmi2 erms invpcid mpx rdseed adx smap clflushopt xsaveopt xsavec xgetbv1 dtherm ida arat pln pts hwp hwp_notify hwp_act_window hwp_epp
bugs		:
bogomips	: 5183.84
clflush size	: 64
cache_alignment	: 64
address sizes	: 39 bits physical, 48 bits virtual
power management:

processor	: 2
vendor_id	: GenuineIntel
cpu family	: 6
model		: 78
model name	: Intel(R) Core(TM) i7-6500U CPU @ 2.50GHz
stepping	: 3
microcode	: 0x9e
cpu MHz		: 2999.953
cache size	: 4096 KB
physical id	: 0
siblings	: 4
core id		: 0
cpu cores	: 2
apicid		: 1
initial apicid	: 1
fpu		: yes
fpu_exception	: yes
cpuid level	: 22
wp		: yes
flags		: fpu vme de pse tsc msr pae mce cx8 apic sep mtrr pge mca cmov pat pse36 clflush dts acpi mmx fxsr sse sse2 ss ht tm pbe syscall nx pdpe1gb rdtscp lm constant_tsc art arch_perfmon pebs bts rep_good nopl xtopology nonstop_tsc aperfmperf eagerfpu pni pclmulqdq dtes64 monitor ds_cpl vmx est tm2 ssse3 sdbg fma cx16 xtpr pdcm pcid sse4_1 sse4_2 x2apic movbe popcnt tsc_deadline_timer aes xsave avx f16c rdrand lahf_lm abm 3dnowprefetch epb intel_pt tpr_shadow vnmi flexpriority ept vpid fsgsbase tsc_adjust bmi1 avx2 smep bmi2 erms invpcid mpx rdseed adx smap clflushopt xsaveopt xsavec xgetbv1 dtherm ida arat pln pts hwp hwp_notify hwp_act_window hwp_epp
bugs		:
bogomips	: 5183.84
clflush size	: 64
cache_alignment	: 64
address sizes	: 39 bits physical, 48 bits virtual
power management:

processor	: 3
vendor_id	: GenuineIntel
cpu family	: 6
model		: 78
model name	: Intel(R) Core(TM) i7-6500U CPU @ 2.50GHz
stepping	: 3
microcode	: 0x9e
cpu MHz		: 2999.953
cache size	: 4096 KB
physical id	: 0
siblings	: 4
core id		: 1
cpu cores	: 2
apicid		: 3
initial apicid	: 3
fpu		: yes
fpu_exception	: yes
cpuid level	: 22
wp		: yes
flags		: fpu vme de pse tsc msr pae mce cx8 apic sep mtrr pge mca cmov pat pse36 clflush dts acpi mmx fxsr sse sse2 ss ht tm pbe syscall nx pdpe1gb rdtscp lm constant_tsc art arch_perfmon pebs bts rep_good nopl xtopology nonstop_tsc aperfmperf eagerfpu pni pclmulqdq dtes64 monitor ds_cpl vmx est tm2 ssse3 sdbg fma cx16 xtpr pdcm pcid sse4_1 sse4_2 x2apic movbe popcnt tsc_deadline_timer aes xsave avx f16c rdrand lahf_lm abm 3dnowprefetch epb intel_pt tpr_shadow vnmi flexpriority ept vpid fsgsbase tsc_adjust bmi1 avx2 smep bmi2 erms invpcid mpx rdseed adx smap clflushopt xsaveopt xsavec xgetbv1 dtherm ida arat pln pts hwp hwp_notify hwp_act_window hwp_epp
bugs		:
bogomips	: 5183.84
clflush size	: 64
cache_alignment	: 64
address sizes	: 39 bits physical, 48 bits virtual
power management:



Memory: 4k page, physical 8055324k(118512k free), swap 498684k(0k free)

vm_info: Java HotSpot(TM) 64-Bit Server VM (25.101-b13) for linux-amd64 JRE (1.8.0_101-b13), built on Jun 22 2016 02:59:44 by "java_re" with gcc 4.3.0 20080428 (Red Hat 4.3.0-8)

time: Wed Mar 29 12:21:46 2017
elapsed time: 174 seconds (0d 0h 2m 54s)

