#
# There is insufficient memory for the Java Runtime Environment to continue.
# Native memory allocation (mmap) failed to map 87031808 bytes for committing reserved memory.
# Possible reasons:
#   The system is out of physical RAM or swap space
#   In 32 bit mode, the process size limit was hit
# Possible solutions:
#   Reduce memory load on the system
#   Increase physical memory or swap space
#   Check if swap backing store is full
#   Use 64 bit Java on a 64 bit OS
#   Decrease Java heap size (-Xmx/-Xms)
#   Decrease number of Java threads
#   Decrease Java thread stack sizes (-Xss)
#   Set larger code cache with -XX:ReservedCodeCacheSize=
# This output file may be truncated or incomplete.
#
#  Out of Memory Error (os_linux.cpp:2627), pid=4611, tid=0x00007fa5d2ad4700
#
# JRE version:  (8.0_101-b13) (build )
# Java VM: Java HotSpot(TM) 64-Bit Server VM (25.101-b13 mixed mode linux-amd64 compressed oops)
# Failed to write core dump. Core dumps have been disabled. To enable core dumping, try "ulimit -c unlimited" before starting Java again
#

---------------  T H R E A D  ---------------

Current thread (0x00007fa5cc00a000):  JavaThread "Unknown thread" [_thread_in_vm, id=4616, stack(0x00007fa5d29d4000,0x00007fa5d2ad5000)]

Stack: [0x00007fa5d29d4000,0x00007fa5d2ad5000],  sp=0x00007fa5d2ad33c0,  free space=1020k
Native frames: (J=compiled Java code, j=interpreted, Vv=VM code, C=native code)
V  [libjvm.so+0xac3f0a]  VMError::report_and_die()+0x2ba
V  [libjvm.so+0x4fbf9b]  report_vm_out_of_memory(char const*, int, unsigned long, VMErrorType, char const*)+0x8b
V  [libjvm.so+0x9222d3]  os::Linux::commit_memory_impl(char*, unsigned long, bool)+0x103
V  [libjvm.so+0x922829]  os::pd_commit_memory(char*, unsigned long, unsigned long, bool)+0x29
V  [libjvm.so+0x91cb2a]  os::commit_memory(char*, unsigned long, unsigned long, bool)+0x2a
V  [libjvm.so+0x991053]  PSVirtualSpace::expand_by(unsigned long)+0x53
V  [libjvm.so+0x981177]  PSOldGen::initialize(ReservedSpace, unsigned long, char const*, int)+0xb7
V  [libjvm.so+0x2d884a]  AdjoiningGenerations::AdjoiningGenerations(ReservedSpace, GenerationSizer*, unsigned long)+0x39a
V  [libjvm.so+0x945686]  ParallelScavengeHeap::initialize()+0x1d6
V  [libjvm.so+0xa8c753]  Universe::initialize_heap()+0xf3
V  [libjvm.so+0xa8c99e]  universe_init()+0x3e
V  [libjvm.so+0x63bdf5]  init_globals()+0x65
V  [libjvm.so+0xa70bfe]  Threads::create_vm(JavaVMInitArgs*, bool*)+0x23e
V  [libjvm.so+0x6d08f4]  JNI_CreateJavaVM+0x74
C  [libjli.so+0x745e]  JavaMain+0x9e
C  [libpthread.so.0+0x76fa]  start_thread+0xca


---------------  P R O C E S S  ---------------

Java Threads: ( => current thread )

Other Threads:

=>0x00007fa5cc00a000 (exited) JavaThread "Unknown thread" [_thread_in_vm, id=4616, stack(0x00007fa5d29d4000,0x00007fa5d2ad5000)]

VM state:not at safepoint (not fully initialized)

VM Mutex/Monitor currently owned by a thread: None

GC Heap History (0 events):
No events

Deoptimization events (0 events):
No events

Internal exceptions (0 events):
No events

Events (0 events):
No events


Dynamic libraries:
00400000-00401000 r-xp 00000000 08:06 286265                             /usr/lib/jvm/java-8-oracle/bin/java
00600000-00601000 rw-p 00000000 08:06 286265                             /usr/lib/jvm/java-8-oracle/bin/java
023b7000-023d8000 rw-p 00000000 00:00 0                                  [heap]
8a300000-d7000000 ---p 00000000 00:00 0 
d7000000-d9900000 rw-p 00000000 00:00 0 
d9900000-100000000 ---p 00000000 00:00 0 
7fa5bc097000-7fa5bc22e000 rw-p 00000000 00:00 0 
7fa5bc22e000-7fa5bc4be000 ---p 00000000 00:00 0 
7fa5bc4be000-7fa5bc4d3000 rw-p 00000000 00:00 0 
7fa5bc4d3000-7fa5bc606000 ---p 00000000 00:00 0 
7fa5bc606000-7fa5bc611000 rw-p 00000000 00:00 0 
7fa5bc611000-7fa5bc9c7000 ---p 00000000 00:00 0 
7fa5bc9c7000-7fa5bcc37000 rwxp 00000000 00:00 0 
7fa5bcc37000-7fa5cb9c7000 ---p 00000000 00:00 0 
7fa5cb9c7000-7fa5cb9e1000 r-xp 00000000 08:06 286432                     /usr/lib/jvm/java-8-oracle/jre/lib/amd64/libzip.so
7fa5cb9e1000-7fa5cbbe1000 ---p 0001a000 08:06 286432                     /usr/lib/jvm/java-8-oracle/jre/lib/amd64/libzip.so
7fa5cbbe1000-7fa5cbbe2000 rw-p 0001a000 08:06 286432                     /usr/lib/jvm/java-8-oracle/jre/lib/amd64/libzip.so
7fa5cbbe2000-7fa5cbbed000 r-xp 00000000 08:06 136277                     /lib/x86_64-linux-gnu/libnss_files-2.23.so
7fa5cbbed000-7fa5cbdec000 ---p 0000b000 08:06 136277                     /lib/x86_64-linux-gnu/libnss_files-2.23.so
7fa5cbdec000-7fa5cbded000 r--p 0000a000 08:06 136277                     /lib/x86_64-linux-gnu/libnss_files-2.23.so
7fa5cbded000-7fa5cbdee000 rw-p 0000b000 08:06 136277                     /lib/x86_64-linux-gnu/libnss_files-2.23.so
7fa5cbdee000-7fa5cbdf4000 rw-p 00000000 00:00 0 
7fa5cbdf4000-7fa5cbdff000 r-xp 00000000 08:06 136287                     /lib/x86_64-linux-gnu/libnss_nis-2.23.so
7fa5cbdff000-7fa5cbffe000 ---p 0000b000 08:06 136287                     /lib/x86_64-linux-gnu/libnss_nis-2.23.so
7fa5cbffe000-7fa5cbfff000 r--p 0000a000 08:06 136287                     /lib/x86_64-linux-gnu/libnss_nis-2.23.so
7fa5cbfff000-7fa5cc000000 rw-p 0000b000 08:06 136287                     /lib/x86_64-linux-gnu/libnss_nis-2.23.so
7fa5cc000000-7fa5cc034000 rw-p 00000000 00:00 0 
7fa5cc034000-7fa5d0000000 ---p 00000000 00:00 0 
7fa5d0081000-7fa5d0171000 rw-p 00000000 00:00 0 
7fa5d0171000-7fa5d0187000 r-xp 00000000 08:06 136271                     /lib/x86_64-linux-gnu/libnsl-2.23.so
7fa5d0187000-7fa5d0386000 ---p 00016000 08:06 136271                     /lib/x86_64-linux-gnu/libnsl-2.23.so
7fa5d0386000-7fa5d0387000 r--p 00015000 08:06 136271                     /lib/x86_64-linux-gnu/libnsl-2.23.so
7fa5d0387000-7fa5d0388000 rw-p 00016000 08:06 136271                     /lib/x86_64-linux-gnu/libnsl-2.23.so
7fa5d0388000-7fa5d038a000 rw-p 00000000 00:00 0 
7fa5d038a000-7fa5d0392000 r-xp 00000000 08:06 136273                     /lib/x86_64-linux-gnu/libnss_compat-2.23.so
7fa5d0392000-7fa5d0591000 ---p 00008000 08:06 136273                     /lib/x86_64-linux-gnu/libnss_compat-2.23.so
7fa5d0591000-7fa5d0592000 r--p 00007000 08:06 136273                     /lib/x86_64-linux-gnu/libnss_compat-2.23.so
7fa5d0592000-7fa5d0593000 rw-p 00008000 08:06 136273                     /lib/x86_64-linux-gnu/libnss_compat-2.23.so
7fa5d0593000-7fa5d05bd000 r-xp 00000000 08:06 286458                     /usr/lib/jvm/java-8-oracle/jre/lib/amd64/libjava.so
7fa5d05bd000-7fa5d07bd000 ---p 0002a000 08:06 286458                     /usr/lib/jvm/java-8-oracle/jre/lib/amd64/libjava.so
7fa5d07bd000-7fa5d07bf000 rw-p 0002a000 08:06 286458                     /usr/lib/jvm/java-8-oracle/jre/lib/amd64/libjava.so
7fa5d07bf000-7fa5d07cc000 r-xp 00000000 08:06 286409                     /usr/lib/jvm/java-8-oracle/jre/lib/amd64/libverify.so
7fa5d07cc000-7fa5d09cc000 ---p 0000d000 08:06 286409                     /usr/lib/jvm/java-8-oracle/jre/lib/amd64/libverify.so
7fa5d09cc000-7fa5d09ce000 rw-p 0000d000 08:06 286409                     /usr/lib/jvm/java-8-oracle/jre/lib/amd64/libverify.so
7fa5d09ce000-7fa5d09d5000 r-xp 00000000 08:06 136332                     /lib/x86_64-linux-gnu/librt-2.23.so
7fa5d09d5000-7fa5d0bd4000 ---p 00007000 08:06 136332                     /lib/x86_64-linux-gnu/librt-2.23.so
7fa5d0bd4000-7fa5d0bd5000 r--p 00006000 08:06 136332                     /lib/x86_64-linux-gnu/librt-2.23.so
7fa5d0bd5000-7fa5d0bd6000 rw-p 00007000 08:06 136332                     /lib/x86_64-linux-gnu/librt-2.23.so
7fa5d0bd6000-7fa5d0cde000 r-xp 00000000 08:06 136248                     /lib/x86_64-linux-gnu/libm-2.23.so
7fa5d0cde000-7fa5d0edd000 ---p 00108000 08:06 136248                     /lib/x86_64-linux-gnu/libm-2.23.so
7fa5d0edd000-7fa5d0ede000 r--p 00107000 08:06 136248                     /lib/x86_64-linux-gnu/libm-2.23.so
7fa5d0ede000-7fa5d0edf000 rw-p 00108000 08:06 136248                     /lib/x86_64-linux-gnu/libm-2.23.so
7fa5d0edf000-7fa5d1baa000 r-xp 00000000 08:06 286462                     /usr/lib/jvm/java-8-oracle/jre/lib/amd64/server/libjvm.so
7fa5d1baa000-7fa5d1da9000 ---p 00ccb000 08:06 286462                     /usr/lib/jvm/java-8-oracle/jre/lib/amd64/server/libjvm.so
7fa5d1da9000-7fa5d1e82000 rw-p 00cca000 08:06 286462                     /usr/lib/jvm/java-8-oracle/jre/lib/amd64/server/libjvm.so
7fa5d1e82000-7fa5d1ecd000 rw-p 00000000 00:00 0 
7fa5d1ecd000-7fa5d208d000 r-xp 00000000 08:06 136178                     /lib/x86_64-linux-gnu/libc-2.23.so
7fa5d208d000-7fa5d228c000 ---p 001c0000 08:06 136178                     /lib/x86_64-linux-gnu/libc-2.23.so
7fa5d228c000-7fa5d2290000 r--p 001bf000 08:06 136178                     /lib/x86_64-linux-gnu/libc-2.23.so
7fa5d2290000-7fa5d2292000 rw-p 001c3000 08:06 136178                     /lib/x86_64-linux-gnu/libc-2.23.so
7fa5d2292000-7fa5d2296000 rw-p 00000000 00:00 0 
7fa5d2296000-7fa5d2299000 r-xp 00000000 08:06 136202                     /lib/x86_64-linux-gnu/libdl-2.23.so
7fa5d2299000-7fa5d2498000 ---p 00003000 08:06 136202                     /lib/x86_64-linux-gnu/libdl-2.23.so
7fa5d2498000-7fa5d2499000 r--p 00002000 08:06 136202                     /lib/x86_64-linux-gnu/libdl-2.23.so
7fa5d2499000-7fa5d249a000 rw-p 00003000 08:06 136202                     /lib/x86_64-linux-gnu/libdl-2.23.so
7fa5d249a000-7fa5d24af000 r-xp 00000000 08:06 283059                     /usr/lib/jvm/java-8-oracle/lib/amd64/jli/libjli.so
7fa5d24af000-7fa5d26af000 ---p 00015000 08:06 283059                     /usr/lib/jvm/java-8-oracle/lib/amd64/jli/libjli.so
7fa5d26af000-7fa5d26b0000 rw-p 00015000 08:06 283059                     /usr/lib/jvm/java-8-oracle/lib/amd64/jli/libjli.so
7fa5d26b0000-7fa5d26c8000 r-xp 00000000 08:06 136324                     /lib/x86_64-linux-gnu/libpthread-2.23.so
7fa5d26c8000-7fa5d28c7000 ---p 00018000 08:06 136324                     /lib/x86_64-linux-gnu/libpthread-2.23.so
7fa5d28c7000-7fa5d28c8000 r--p 00017000 08:06 136324                     /lib/x86_64-linux-gnu/libpthread-2.23.so
7fa5d28c8000-7fa5d28c9000 rw-p 00018000 08:06 136324                     /lib/x86_64-linux-gnu/libpthread-2.23.so
7fa5d28c9000-7fa5d28cd000 rw-p 00000000 00:00 0 
7fa5d28cd000-7fa5d28f3000 r-xp 00000000 08:06 136150                     /lib/x86_64-linux-gnu/ld-2.23.so
7fa5d29d4000-7fa5d29d7000 ---p 00000000 00:00 0 
7fa5d29d7000-7fa5d2ad9000 rw-p 00000000 00:00 0 
7fa5d2ae6000-7fa5d2aee000 rw-s 00000000 08:09 128531                     /tmp/hsperfdata_mark/4611
7fa5d2aee000-7fa5d2aef000 rw-p 00000000 00:00 0 
7fa5d2aef000-7fa5d2af0000 r--p 00000000 00:00 0 
7fa5d2af0000-7fa5d2af2000 rw-p 00000000 00:00 0 
7fa5d2af2000-7fa5d2af3000 r--p 00025000 08:06 136150                     /lib/x86_64-linux-gnu/ld-2.23.so
7fa5d2af3000-7fa5d2af4000 rw-p 00026000 08:06 136150                     /lib/x86_64-linux-gnu/ld-2.23.so
7fa5d2af4000-7fa5d2af5000 rw-p 00000000 00:00 0 
7ffd852be000-7ffd852df000 rw-p 00000000 00:00 0                          [stack]
7ffd853a1000-7ffd853a3000 r--p 00000000 00:00 0                          [vvar]
7ffd853a3000-7ffd853a5000 r-xp 00000000 00:00 0                          [vdso]
ffffffffff600000-ffffffffff601000 r-xp 00000000 00:00 0                  [vsyscall]

VM Arguments:
jvm_args: -Dfile.encoding=UTF-8 
java_command: warlords.control.WarlordsController
java_class_path (initial): /home/mark/Documents/COMPSYS 302/uoa-cs302-2017-group01/Warlords/bin:/home/mark/.p2/pool/plugins/org.junit_4.12.0.v201504281640/junit.jar:/home/mark/.p2/pool/plugins/org.hamcrest.core_1.3.0.v201303031735.jar:/home/mark/.p2/pool/plugins/org.eclipse.fx.ide.css.jfx8_2.4.0.201605112122.jar
Launcher Type: SUN_STANDARD

Environment Variables:
PATH=/usr/local/sbin:/usr/local/bin:/usr/sbin:/usr/bin:/sbin:/bin:/usr/games:/usr/local/games:/snap/bin
SHELL=/bin/bash
DISPLAY=:0

Signal Handlers:
SIGSEGV: [libjvm.so+0xac4790], sa_mask[0]=11111111011111111101111111111110, sa_flags=SA_RESTART|SA_SIGINFO
SIGBUS: [libjvm.so+0xac4790], sa_mask[0]=11111111011111111101111111111110, sa_flags=SA_RESTART|SA_SIGINFO
SIGFPE: [libjvm.so+0x91f140], sa_mask[0]=11111111011111111101111111111110, sa_flags=SA_RESTART|SA_SIGINFO
SIGPIPE: [libjvm.so+0x91f140], sa_mask[0]=11111111011111111101111111111110, sa_flags=SA_RESTART|SA_SIGINFO
SIGXFSZ: [libjvm.so+0x91f140], sa_mask[0]=11111111011111111101111111111110, sa_flags=SA_RESTART|SA_SIGINFO
SIGILL: [libjvm.so+0x91f140], sa_mask[0]=11111111011111111101111111111110, sa_flags=SA_RESTART|SA_SIGINFO
SIGUSR1: SIG_DFL, sa_mask[0]=00000000000000000000000000000000, sa_flags=none
SIGUSR2: [libjvm.so+0x920770], sa_mask[0]=00100000000000000000000000000000, sa_flags=SA_RESTART|SA_SIGINFO
SIGHUP: SIG_DFL, sa_mask[0]=00000000000000000000000000000000, sa_flags=none
SIGINT: SIG_DFL, sa_mask[0]=00000000000000000000000000000000, sa_flags=none
SIGTERM: SIG_DFL, sa_mask[0]=00000000000000000000000000000000, sa_flags=none
SIGQUIT: SIG_DFL, sa_mask[0]=00000000000000000000000000000000, sa_flags=none


---------------  S Y S T E M  ---------------

OS:DISTRIB_ID=Ubuntu
DISTRIB_RELEASE=16.04
DISTRIB_CODENAME=xenial
DISTRIB_DESCRIPTION="Ubuntu 16.04.1 LTS"

uname:Linux 4.4.0-34-generic #53-Ubuntu SMP Wed Jul 27 16:06:39 UTC 2016 x86_64
libc:glibc 2.23 NPTL 2.23 
rlimit: STACK 8192k, CORE 0k, NPROC 31060, NOFILE 65536, AS infinity
load average:8.25 4.29 1.94

/proc/meminfo:
MemTotal:        8055324 kB
MemFree:          133416 kB
MemAvailable:      40188 kB
Buffers:            2956 kB
Cached:           352176 kB
SwapCached:         3732 kB
Active:          6444476 kB
Inactive:        1279052 kB
Active(anon):    6410792 kB
Inactive(anon):  1254064 kB
Active(file):      33684 kB
Inactive(file):    24988 kB
Unevictable:          32 kB
Mlocked:              32 kB
SwapTotal:        498684 kB
SwapFree:             16 kB
Dirty:               272 kB
Writeback:             0 kB
AnonPages:       7365920 kB
Mapped:           222348 kB
Shmem:            295668 kB
Slab:              65952 kB
SReclaimable:      29248 kB
SUnreclaim:        36704 kB
KernelStack:       12416 kB
PageTables:        48268 kB
NFS_Unstable:          0 kB
Bounce:                0 kB
WritebackTmp:          0 kB
CommitLimit:     4526344 kB
Committed_AS:   13557708 kB
VmallocTotal:   34359738367 kB
VmallocUsed:           0 kB
VmallocChunk:          0 kB
HardwareCorrupted:     0 kB
AnonHugePages:   5507072 kB
CmaTotal:              0 kB
CmaFree:               0 kB
HugePages_Total:       0
HugePages_Free:        0
HugePages_Rsvd:        0
HugePages_Surp:        0
Hugepagesize:       2048 kB
DirectMap4k:      118204 kB
DirectMap2M:     3956736 kB
DirectMap1G:     5242880 kB


CPU:total 4 (2 cores per cpu, 2 threads per core) family 6 model 78 stepping 3, cmov, cx8, fxsr, mmx, sse, sse2, sse3, ssse3, sse4.1, sse4.2, popcnt, avx, avx2, aes, clmul, erms, 3dnowpref, lzcnt, ht, tsc, tscinvbit, bmi1, bmi2, adx

/proc/cpuinfo:
processor	: 0
vendor_id	: GenuineIntel
cpu family	: 6
model		: 78
model name	: Intel(R) Core(TM) i7-6500U CPU @ 2.50GHz
stepping	: 3
microcode	: 0x9e
cpu MHz		: 2799.976
cache size	: 4096 KB
physical id	: 0
siblings	: 4
core id		: 0
cpu cores	: 2
apicid		: 0
initial apicid	: 0
fpu		: yes
fpu_exception	: yes
cpuid level	: 22
wp		: yes
flags		: fpu vme de pse tsc msr pae mce cx8 apic sep mtrr pge mca cmov pat pse36 clflush dts acpi mmx fxsr sse sse2 ss ht tm pbe syscall nx pdpe1gb rdtscp lm constant_tsc art arch_perfmon pebs bts rep_good nopl xtopology nonstop_tsc aperfmperf eagerfpu pni pclmulqdq dtes64 monitor ds_cpl vmx est tm2 ssse3 sdbg fma cx16 xtpr pdcm pcid sse4_1 sse4_2 x2apic movbe popcnt tsc_deadline_timer aes xsave avx f16c rdrand lahf_lm abm 3dnowprefetch epb intel_pt tpr_shadow vnmi flexpriority ept vpid fsgsbase tsc_adjust bmi1 avx2 smep bmi2 erms invpcid mpx rdseed adx smap clflushopt xsaveopt xsavec xgetbv1 dtherm ida arat pln pts hwp hwp_notify hwp_act_window hwp_epp
bugs		:
bogomips	: 5183.84
clflush size	: 64
cache_alignment	: 64
address sizes	: 39 bits physical, 48 bits virtual
power management:

processor	: 1
vendor_id	: GenuineIntel
cpu family	: 6
model		: 78
model name	: Intel(R) Core(TM) i7-6500U CPU @ 2.50GHz
stepping	: 3
microcode	: 0x9e
cpu MHz		: 2799.976
cache size	: 4096 KB
physical id	: 0
siblings	: 4
core id		: 1
cpu cores	: 2
apicid		: 2
initial apicid	: 2
fpu		: yes
fpu_exception	: yes
cpuid level	: 22
wp		: yes
flags		: fpu vme de pse tsc msr pae mce cx8 apic sep mtrr pge mca cmov pat pse36 clflush dts acpi mmx fxsr sse sse2 ss ht tm pbe syscall nx pdpe1gb rdtscp lm constant_tsc art arch_perfmon pebs bts rep_good nopl xtopology nonstop_tsc aperfmperf eagerfpu pni pclmulqdq dtes64 monitor ds_cpl vmx est tm2 ssse3 sdbg fma cx16 xtpr pdcm pcid sse4_1 sse4_2 x2apic movbe popcnt tsc_deadline_timer aes xsave avx f16c rdrand lahf_lm abm 3dnowprefetch epb intel_pt tpr_shadow vnmi flexpriority ept vpid fsgsbase tsc_adjust bmi1 avx2 smep bmi2 erms invpcid mpx rdseed adx smap clflushopt xsaveopt xsavec xgetbv1 dtherm ida arat pln pts hwp hwp_notify hwp_act_window hwp_epp
bugs		:
bogomips	: 5183.84
clflush size	: 64
cache_alignment	: 64
address sizes	: 39 bits physical, 48 bits virtual
power management:

processor	: 2
vendor_id	: GenuineIntel
cpu family	: 6
model		: 78
model name	: Intel(R) Core(TM) i7-6500U CPU @ 2.50GHz
stepping	: 3
microcode	: 0x9e
cpu MHz		: 2813.382
cache size	: 4096 KB
physical id	: 0
siblings	: 4
core id		: 0
cpu cores	: 2
apicid		: 1
initial apicid	: 1
fpu		: yes
fpu_exception	: yes
cpuid level	: 22
wp		: yes
flags		: fpu vme de pse tsc msr pae mce cx8 apic sep mtrr pge mca cmov pat pse36 clflush dts acpi mmx fxsr sse sse2 ss ht tm pbe syscall nx pdpe1gb rdtscp lm constant_tsc art arch_perfmon pebs bts rep_good nopl xtopology nonstop_tsc aperfmperf eagerfpu pni pclmulqdq dtes64 monitor ds_cpl vmx est tm2 ssse3 sdbg fma cx16 xtpr pdcm pcid sse4_1 sse4_2 x2apic movbe popcnt tsc_deadline_timer aes xsave avx f16c rdrand lahf_lm abm 3dnowprefetch epb intel_pt tpr_shadow vnmi flexpriority ept vpid fsgsbase tsc_adjust bmi1 avx2 smep bmi2 erms invpcid mpx rdseed adx smap clflushopt xsaveopt xsavec xgetbv1 dtherm ida arat pln pts hwp hwp_notify hwp_act_window hwp_epp
bugs		:
bogomips	: 5183.84
clflush size	: 64
cache_alignment	: 64
address sizes	: 39 bits physical, 48 bits virtual
power management:

processor	: 3
vendor_id	: GenuineIntel
cpu family	: 6
model		: 78
model name	: Intel(R) Core(TM) i7-6500U CPU @ 2.50GHz
stepping	: 3
microcode	: 0x9e
cpu MHz		: 2813.382
cache size	: 4096 KB
physical id	: 0
siblings	: 4
core id		: 1
cpu cores	: 2
apicid		: 3
initial apicid	: 3
fpu		: yes
fpu_exception	: yes
cpuid level	: 22
wp		: yes
flags		: fpu vme de pse tsc msr pae mce cx8 apic sep mtrr pge mca cmov pat pse36 clflush dts acpi mmx fxsr sse sse2 ss ht tm pbe syscall nx pdpe1gb rdtscp lm constant_tsc art arch_perfmon pebs bts rep_good nopl xtopology nonstop_tsc aperfmperf eagerfpu pni pclmulqdq dtes64 monitor ds_cpl vmx est tm2 ssse3 sdbg fma cx16 xtpr pdcm pcid sse4_1 sse4_2 x2apic movbe popcnt tsc_deadline_timer aes xsave avx f16c rdrand lahf_lm abm 3dnowprefetch epb intel_pt tpr_shadow vnmi flexpriority ept vpid fsgsbase tsc_adjust bmi1 avx2 smep bmi2 erms invpcid mpx rdseed adx smap clflushopt xsaveopt xsavec xgetbv1 dtherm ida arat pln pts hwp hwp_notify hwp_act_window hwp_epp
bugs		:
bogomips	: 5183.84
clflush size	: 64
cache_alignment	: 64
address sizes	: 39 bits physical, 48 bits virtual
power management:



Memory: 4k page, physical 8055324k(132920k free), swap 498684k(16k free)

vm_info: Java HotSpot(TM) 64-Bit Server VM (25.101-b13) for linux-amd64 JRE (1.8.0_101-b13), built on Jun 22 2016 02:59:44 by "java_re" with gcc 4.3.0 20080428 (Red Hat 4.3.0-8)

time: Wed Mar 29 12:17:58 2017
elapsed time: 0 seconds (0d 0h 0m 0s)

