#
# There is insufficient memory for the Java Runtime Environment to continue.
# Native memory allocation (mmap) failed to map 32505856 bytes for committing reserved memory.
# Possible reasons:
#   The system is out of physical RAM or swap space
#   In 32 bit mode, the process size limit was hit
# Possible solutions:
#   Reduce memory load on the system
#   Increase physical memory or swap space
#   Check if swap backing store is full
#   Use 64 bit Java on a 64 bit OS
#   Decrease Java heap size (-Xmx/-Xms)
#   Decrease number of Java threads
#   Decrease Java thread stack sizes (-Xss)
#   Set larger code cache with -XX:ReservedCodeCacheSize=
# This output file may be truncated or incomplete.
#
#  Out of Memory Error (os_linux.cpp:2627), pid=4473, tid=0x00007fdd0416d700
#
# JRE version: Java(TM) SE Runtime Environment (8.0_101-b13) (build 1.8.0_101-b13)
# Java VM: Java HotSpot(TM) 64-Bit Server VM (25.101-b13 mixed mode linux-amd64 compressed oops)
# Failed to write core dump. Core dumps have been disabled. To enable core dumping, try "ulimit -c unlimited" before starting Java again
#

---------------  T H R E A D  ---------------

Current thread (0x00007fdd14077800):  VMThread [stack: 0x00007fdd0406d000,0x00007fdd0416e000] [id=4484]

Stack: [0x00007fdd0406d000,0x00007fdd0416e000],  sp=0x00007fdd0416c0a0,  free space=1020k
Native frames: (J=compiled Java code, j=interpreted, Vv=VM code, C=native code)
V  [libjvm.so+0xac3f0a]  VMError::report_and_die()+0x2ba
V  [libjvm.so+0x4fbf9b]  report_vm_out_of_memory(char const*, int, unsigned long, VMErrorType, char const*)+0x8b
V  [libjvm.so+0x9222d3]  os::Linux::commit_memory_impl(char*, unsigned long, bool)+0x103
V  [libjvm.so+0x922829]  os::pd_commit_memory(char*, unsigned long, unsigned long, bool)+0x29
V  [libjvm.so+0x91cb2a]  os::commit_memory(char*, unsigned long, unsigned long, bool)+0x2a
V  [libjvm.so+0x991053]  PSVirtualSpace::expand_by(unsigned long)+0x53
V  [libjvm.so+0x992458]  PSYoungGen::resize_generation(unsigned long, unsigned long)+0xf8
V  [libjvm.so+0x9915b2]  PSYoungGen::resize(unsigned long, unsigned long)+0x22
V  [libjvm.so+0x98e88b]  PSScavenge::invoke_no_policy()+0xf3b
V  [libjvm.so+0x98f011]  PSScavenge::invoke()+0x41
V  [libjvm.so+0x945fc0]  ParallelScavengeHeap::failed_mem_allocate(unsigned long)+0x70
V  [libjvm.so+0xac5927]  VM_ParallelGCFailedAllocation::doit()+0x97
V  [libjvm.so+0xacd405]  VM_Operation::evaluate()+0x55
V  [libjvm.so+0xacb7da]  VMThread::evaluate_operation(VM_Operation*)+0xba
V  [libjvm.so+0xacbb5e]  VMThread::loop()+0x1ce
V  [libjvm.so+0xacbfd0]  VMThread::run()+0x70
V  [libjvm.so+0x924698]  java_start(Thread*)+0x108

VM_Operation (0x00007fdca3bb2f20): ParallelGCFailedAllocation, mode: safepoint, requested by thread 0x00007fdca826d000


---------------  P R O C E S S  ---------------

Java Threads: ( => current thread )
  0x00007fdd14176800 JavaThread "DestroyJavaVM" [_thread_blocked, id=4475, stack(0x00007fdd1cc55000,0x00007fdd1cd56000)]
  0x00007fdca826d000 JavaThread "Timer-0" [_thread_blocked, id=4511, stack(0x00007fdca3ab4000,0x00007fdca3bb5000)]
  0x00007fdca8259800 JavaThread "Prism Font Disposer" daemon [_thread_blocked, id=4510, stack(0x00007fdca3db5000,0x00007fdca3eb6000)]
  0x00007fdd14200800 JavaThread "Thread-1" daemon [_thread_blocked, id=4496, stack(0x00007fdcf4063000,0x00007fdcf4164000)]
  0x00007fdd140c0800 JavaThread "Service Thread" daemon [_thread_blocked, id=4491, stack(0x00007fdcf713c000,0x00007fdcf723d000)]
  0x00007fdd140bd000 JavaThread "C1 CompilerThread2" daemon [_thread_blocked, id=4490, stack(0x00007fdcf723d000,0x00007fdcf733e000)]
  0x00007fdd140bb800 JavaThread "C2 CompilerThread1" daemon [_thread_blocked, id=4489, stack(0x00007fdcf733e000,0x00007fdcf743f000)]
  0x00007fdd140b8800 JavaThread "C2 CompilerThread0" daemon [_thread_blocked, id=4488, stack(0x00007fdcf743f000,0x00007fdcf7540000)]
  0x00007fdd140b7000 JavaThread "Signal Dispatcher" daemon [_thread_blocked, id=4487, stack(0x00007fdcf7540000,0x00007fdcf7641000)]
  0x00007fdd14084000 JavaThread "Finalizer" daemon [_thread_blocked, id=4486, stack(0x00007fdcfc07e000,0x00007fdcfc17f000)]
  0x00007fdd1407f800 JavaThread "Reference Handler" daemon [_thread_blocked, id=4485, stack(0x00007fdcfc17f000,0x00007fdcfc280000)]

Other Threads:
=>0x00007fdd14077800 VMThread [stack: 0x00007fdd0406d000,0x00007fdd0416e000] [id=4484]
  0x00007fdd140c3800 WatcherThread [stack: 0x00007fdcf703b000,0x00007fdcf713c000] [id=4492]

VM state:at safepoint (normal execution)

VM Mutex/Monitor currently owned by a thread:  ([mutex/lock_event])
[0x00007fdd140060b0] Threads_lock - owner thread: 0x00007fdd14077800
[0x00007fdd140065b0] Heap_lock - owner thread: 0x00007fdca826d000

Heap:
 PSYoungGen      total 585216K, used 32K [0x00000000d7000000, 0x00000000fe100000, 0x0000000100000000)
  eden space 584704K, 0% used [0x00000000d7000000,0x00000000d7000000,0x00000000fab00000)
  from space 512K, 6% used [0x00000000fe000000,0x00000000fe008000,0x00000000fe080000)
  to   space 512K, 0% used [0x00000000fe080000,0x00000000fe080000,0x00000000fe100000)
 ParOldGen       total 84992K, used 6098K [0x0000000085000000, 0x000000008a300000, 0x00000000d7000000)
  object space 84992K, 7% used [0x0000000085000000,0x00000000855f4970,0x000000008a300000)
 Metaspace       used 15670K, capacity 16328K, committed 16512K, reserved 1062912K
  class space    used 2171K, capacity 2387K, committed 2432K, reserved 1048576K

Card table byte_map: [0x00007fdd19620000,0x00007fdd199f9000] byte_map_base: 0x00007fdd191f8000

Marking Bits: (ParMarkBitMap*) 0x00007fdd1c121120
 Begin Bits: [0x00007fdcfc280000, 0x00007fdcfe140000)
 End Bits:   [0x00007fdcfe140000, 0x00007fdd00000000)

Polling page: 0x00007fdd1cd70000

CodeCache: size=245760Kb used=5964Kb max_used=5977Kb free=239795Kb
 bounds [0x00007fdd05000000, 0x00007fdd055e0000, 0x00007fdd14000000]
 total_blobs=2438 nmethods=1838 adapters=512
 compilation: enabled

Compilation events (10 events):
Event: 23.769 Thread 0x00007fdd140bd000 nmethod 1847 0x00007fdd055bdd90 code [0x00007fdd055befa0, 0x00007fdd055cce68]
Event: 23.769 Thread 0x00007fdd140bd000 1848       3       warlords.model.Game::tick (381 bytes)
Event: 23.770 Thread 0x00007fdd140bd000 nmethod 1848 0x00007fdd055d4850 code [0x00007fdd055d4b00, 0x00007fdd055d5888]
Event: 61.894 Thread 0x00007fdd140bd000 1849       1       java.util.TaskQueue::getMin (7 bytes)
Event: 61.894 Thread 0x00007fdd140bd000 nmethod 1849 0x00007fdd055d5b90 code [0x00007fdd055d5ce0, 0x00007fdd055d5e10]
Event: 69.469 Thread 0x00007fdd140bd000 1850       3       warlords.model.Game::checkWarlords (1014 bytes)
Event: 69.472 Thread 0x00007fdd140bd000 nmethod 1850 0x00007fdd055d5ed0 code [0x00007fdd055d6340, 0x00007fdd055d89e8]
Event: 69.703 Thread 0x00007fdd140b8800 1851       4       warlords.model.Game::checkWarlords (1014 bytes)
Event: 69.719 Thread 0x00007fdd140b8800 nmethod 1851 0x00007fdd05123110 code [0x00007fdd051232c0, 0x00007fdd05123888]
Event: 122.260 Thread 0x00007fdd140bb800 1852       4       java.util.TaskQueue::isEmpty (13 bytes)

GC Heap History (10 events):
Event: 119.190 GC heap after
Heap after GC invocations=188 (full 0):
 PSYoungGen      total 282112K, used 32K [0x00000000d7000000, 0x00000000fe100000, 0x0000000100000000)
  eden space 281600K, 0% used [0x00000000d7000000,0x00000000d7000000,0x00000000e8300000)
  from space 512K, 6% used [0x00000000fe080000,0x00000000fe088000,0x00000000fe100000)
  to   space 512K, 0% used [0x00000000fe000000,0x00000000fe000000,0x00000000fe080000)
 ParOldGen       total 84992K, used 6098K [0x0000000085000000, 0x000000008a300000, 0x00000000d7000000)
  object space 84992K, 7% used [0x0000000085000000,0x00000000855f4970,0x000000008a300000)
 Metaspace       used 15670K, capacity 16328K, committed 16512K, reserved 1062912K
  class space    used 2171K, capacity 2387K, committed 2432K, reserved 1048576K
}
Event: 119.696 GC heap before
{Heap before GC invocations=189 (full 0):
 PSYoungGen      total 282112K, used 281632K [0x00000000d7000000, 0x00000000fe100000, 0x0000000100000000)
  eden space 281600K, 100% used [0x00000000d7000000,0x00000000e8300000,0x00000000e8300000)
  from space 512K, 6% used [0x00000000fe080000,0x00000000fe088000,0x00000000fe100000)
  to   space 512K, 0% used [0x00000000fe000000,0x00000000fe000000,0x00000000fe080000)
 ParOldGen       total 84992K, used 6098K [0x0000000085000000, 0x000000008a300000, 0x00000000d7000000)
  object space 84992K, 7% used [0x0000000085000000,0x00000000855f4970,0x000000008a300000)
 Metaspace       used 15670K, capacity 16328K, committed 16512K, reserved 1062912K
  class space    used 2171K, capacity 2387K, committed 2432K, reserved 1048576K
Event: 119.700 GC heap after
Heap after GC invocations=189 (full 0):
 PSYoungGen      total 338432K, used 32K [0x00000000d7000000, 0x00000000fe100000, 0x0000000100000000)
  eden space 337920K, 0% used [0x00000000d7000000,0x00000000d7000000,0x00000000eba00000)
  from space 512K, 6% used [0x00000000fe000000,0x00000000fe008000,0x00000000fe080000)
  to   space 512K, 0% used [0x00000000fe080000,0x00000000fe080000,0x00000000fe100000)
 ParOldGen       total 84992K, used 6098K [0x0000000085000000, 0x000000008a300000, 0x00000000d7000000)
  object space 84992K, 7% used [0x0000000085000000,0x00000000855f4970,0x000000008a300000)
 Metaspace       used 15670K, capacity 16328K, committed 16512K, reserved 1062912K
  class space    used 2171K, capacity 2387K, committed 2432K, reserved 1048576K
}
Event: 120.130 GC heap before
{Heap before GC invocations=190 (full 0):
 PSYoungGen      total 338432K, used 337952K [0x00000000d7000000, 0x00000000fe100000, 0x0000000100000000)
  eden space 337920K, 100% used [0x00000000d7000000,0x00000000eba00000,0x00000000eba00000)
  from space 512K, 6% used [0x00000000fe000000,0x00000000fe008000,0x00000000fe080000)
  to   space 512K, 0% used [0x00000000fe080000,0x00000000fe080000,0x00000000fe100000)
 ParOldGen       total 84992K, used 6098K [0x0000000085000000, 0x000000008a300000, 0x00000000d7000000)
  object space 84992K, 7% used [0x0000000085000000,0x00000000855f4970,0x000000008a300000)
 Metaspace       used 15670K, capacity 16328K, committed 16512K, reserved 1062912K
  class space    used 2171K, capacity 2387K, committed 2432K, reserved 1048576K
Event: 120.177 GC heap after
Heap after GC invocations=190 (full 0):
 PSYoungGen      total 406016K, used 32K [0x00000000d7000000, 0x00000000fe100000, 0x0000000100000000)
  eden space 405504K, 0% used [0x00000000d7000000,0x00000000d7000000,0x00000000efc00000)
  from space 512K, 6% used [0x00000000fe080000,0x00000000fe088000,0x00000000fe100000)
  to   space 512K, 0% used [0x00000000fe000000,0x00000000fe000000,0x00000000fe080000)
 ParOldGen       total 84992K, used 6098K [0x0000000085000000, 0x000000008a300000, 0x00000000d7000000)
  object space 84992K, 7% used [0x0000000085000000,0x00000000855f4970,0x000000008a300000)
 Metaspace       used 15670K, capacity 16328K, committed 16512K, reserved 1062912K
  class space    used 2171K, capacity 2387K, committed 2432K, reserved 1048576K
}
Event: 120.882 GC heap before
{Heap before GC invocations=191 (full 0):
 PSYoungGen      total 406016K, used 405536K [0x00000000d7000000, 0x00000000fe100000, 0x0000000100000000)
  eden space 405504K, 100% used [0x00000000d7000000,0x00000000efc00000,0x00000000efc00000)
  from space 512K, 6% used [0x00000000fe080000,0x00000000fe088000,0x00000000fe100000)
  to   space 512K, 0% used [0x00000000fe000000,0x00000000fe000000,0x00000000fe080000)
 ParOldGen       total 84992K, used 6098K [0x0000000085000000, 0x000000008a300000, 0x00000000d7000000)
  object space 84992K, 7% used [0x0000000085000000,0x00000000855f4970,0x000000008a300000)
 Metaspace       used 15670K, capacity 16328K, committed 16512K, reserved 1062912K
  class space    used 2171K, capacity 2387K, committed 2432K, reserved 1048576K
Event: 120.885 GC heap after
Heap after GC invocations=191 (full 0):
 PSYoungGen      total 487424K, used 32K [0x00000000d7000000, 0x00000000fe100000, 0x0000000100000000)
  eden space 486912K, 0% used [0x00000000d7000000,0x00000000d7000000,0x00000000f4b80000)
  from space 512K, 6% used [0x00000000fe000000,0x00000000fe008000,0x00000000fe080000)
  to   space 512K, 0% used [0x00000000fe080000,0x00000000fe080000,0x00000000fe100000)
 ParOldGen       total 84992K, used 6098K [0x0000000085000000, 0x000000008a300000, 0x00000000d7000000)
  object space 84992K, 7% used [0x0000000085000000,0x00000000855f4970,0x000000008a300000)
 Metaspace       used 15670K, capacity 16328K, committed 16512K, reserved 1062912K
  class space    used 2171K, capacity 2387K, committed 2432K, reserved 1048576K
}
Event: 121.766 GC heap before
{Heap before GC invocations=192 (full 0):
 PSYoungGen      total 487424K, used 486944K [0x00000000d7000000, 0x00000000fe100000, 0x0000000100000000)
  eden space 486912K, 100% used [0x00000000d7000000,0x00000000f4b80000,0x00000000f4b80000)
  from space 512K, 6% used [0x00000000fe000000,0x00000000fe008000,0x00000000fe080000)
  to   space 512K, 0% used [0x00000000fe080000,0x00000000fe080000,0x00000000fe100000)
 ParOldGen       total 84992K, used 6098K [0x0000000085000000, 0x000000008a300000, 0x00000000d7000000)
  object space 84992K, 7% used [0x0000000085000000,0x00000000855f4970,0x000000008a300000)
 Metaspace       used 15670K, capacity 16328K, committed 16512K, reserved 1062912K
  class space    used 2171K, capacity 2387K, committed 2432K, reserved 1048576K
Event: 121.834 GC heap after
Heap after GC invocations=192 (full 0):
 PSYoungGen      total 585216K, used 64K [0x00000000d7000000, 0x00000000fe100000, 0x0000000100000000)
  eden space 584704K, 0% used [0x00000000d7000000,0x00000000d7000000,0x00000000fab00000)
  from space 512K, 12% used [0x00000000fe080000,0x00000000fe090000,0x00000000fe100000)
  to   space 512K, 0% used [0x00000000fe000000,0x00000000fe000000,0x00000000fe080000)
 ParOldGen       total 84992K, used 6098K [0x0000000085000000, 0x000000008a300000, 0x00000000d7000000)
  object space 84992K, 7% used [0x0000000085000000,0x00000000855f4970,0x000000008a300000)
 Metaspace       used 15670K, capacity 16328K, committed 16512K, reserved 1062912K
  class space    used 2171K, capacity 2387K, committed 2432K, reserved 1048576K
}
Event: 123.396 GC heap before
{Heap before GC invocations=193 (full 0):
 PSYoungGen      total 585216K, used 584768K [0x00000000d7000000, 0x00000000fe100000, 0x0000000100000000)
  eden space 584704K, 100% used [0x00000000d7000000,0x00000000fab00000,0x00000000fab00000)
  from space 512K, 12% used [0x00000000fe080000,0x00000000fe090000,0x00000000fe100000)
  to   space 512K, 0% used [0x00000000fe000000,0x00000000fe000000,0x00000000fe080000)
 ParOldGen       total 84992K, used 6098K [0x0000000085000000, 0x000000008a300000, 0x00000000d7000000)
  object space 84992K, 7% used [0x0000000085000000,0x00000000855f4970,0x000000008a300000)
 Metaspace       used 15670K, capacity 16328K, committed 16512K, reserved 1062912K
  class space    used 2171K, capacity 2387K, committed 2432K, reserved 1048576K

Deoptimization events (10 events):
Event: 6.652 Thread 0x00007fdca826d000 Uncommon trap: reason=unstable_if action=reinterpret pc=0x00007fdd0546e0c4 method=warlords.model.Game.coordInBallPath(II)Z @ 302
Event: 6.652 Thread 0x00007fdca826d000 Uncommon trap: reason=unstable_if action=reinterpret pc=0x00007fdd05415668 method=warlords.model.Game.checkPaddles()Z @ 86
Event: 6.652 Thread 0x00007fdca826d000 Uncommon trap: reason=unstable_if action=reinterpret pc=0x00007fdd0539ce0c method=java.lang.Math.abs(I)I @ 1
Event: 6.652 Thread 0x00007fdca826d000 Uncommon trap: reason=predicate action=maybe_recompile pc=0x00007fdd053bd6fc method=warlords.model.Game.coordInBallPath(II)Z @ 267
Event: 6.652 Thread 0x00007fdca826d000 Uncommon trap: reason=unstable_if action=reinterpret pc=0x00007fdd053c2a34 method=java.lang.Math.abs(I)I @ 1
Event: 6.654 Thread 0x00007fdca826d000 Uncommon trap: reason=unstable_if action=reinterpret pc=0x00007fdd053c5b54 method=java.lang.Math.abs(I)I @ 1
Event: 11.366 Thread 0x00007fdca826d000 Uncommon trap: reason=unstable_if action=reinterpret pc=0x00007fdd0547d834 method=warlords.model.Game.coordInBallPath(II)Z @ 133
Event: 11.372 Thread 0x00007fdca826d000 Uncommon trap: reason=unstable_if action=reinterpret pc=0x00007fdd0547be1c method=warlords.model.Game.coordInBallPath(II)Z @ 133
Event: 13.820 Thread 0x00007fdca826d000 Uncommon trap: reason=unstable_if action=reinterpret pc=0x00007fdd0544ff40 method=warlords.model.Game.checkWalls()Z @ 83
Event: 69.446 Thread 0x00007fdca826d000 Uncommon trap: reason=unstable_if action=reinterpret pc=0x00007fdd053f8e3c method=warlords.model.Game.checkWarlords()Z @ 83

Internal exceptions (10 events):
Event: 0.776 Thread 0x00007fdd1400a000 Exception <a 'java/security/PrivilegedActionException'> (0x00000000d729f4c8) thrown at [/HUDSON3/workspace/8-2-build-linux-amd64/jdk8u101/7261/hotspot/src/share/vm/prims/jvm.cpp, line 1386]
Event: 0.776 Thread 0x00007fdd1400a000 Exception <a 'java/lang/NullPointerException'> (0x00000000d729faa0) thrown at [/HUDSON3/workspace/8-2-build-linux-amd64/jdk8u101/7261/hotspot/src/share/vm/interpreter/linkResolver.cpp, line 1178]
Event: 1.968 Thread 0x00007fdd14232800 Exception <a 'java/lang/NullPointerException'> (0x00000000d7b96e98) thrown at [/HUDSON3/workspace/8-2-build-linux-amd64/jdk8u101/7261/hotspot/src/share/vm/interpreter/linkResolver.cpp, line 1178]
Event: 1.968 Thread 0x00007fdd14232800 Exception <a 'java/lang/NullPointerException'> (0x00000000d7b96e98) thrown at [/HUDSON3/workspace/8-2-build-linux-amd64/jdk8u101/7261/hotspot/src/share/vm/prims/jvm.cpp, line 1390]
Event: 2.387 Thread 0x00007fdd14232800 Exception <a 'java/lang/ArrayIndexOutOfBoundsException': 70> (0x00000000d7f83a28) thrown at [/HUDSON3/workspace/8-2-build-linux-amd64/jdk8u101/7261/hotspot/src/share/vm/interpreter/interpreterRuntime.cpp, line 366]
Event: 2.388 Thread 0x00007fdd14232800 Exception <a 'java/lang/ArrayIndexOutOfBoundsException': 18> (0x00000000d7f846f8) thrown at [/HUDSON3/workspace/8-2-build-linux-amd64/jdk8u101/7261/hotspot/src/share/vm/interpreter/interpreterRuntime.cpp, line 366]
Event: 2.388 Thread 0x00007fdd14232800 Exception <a 'java/lang/ArrayIndexOutOfBoundsException'> (0x00000000d7f85aa0) thrown at [/HUDSON3/workspace/8-2-build-linux-amd64/jdk8u101/7261/hotspot/src/share/vm/runtime/sharedRuntime.cpp, line 605]
Event: 2.389 Thread 0x00007fdd14232800 Exception <a 'java/lang/ArrayIndexOutOfBoundsException'> (0x00000000d7f87db0) thrown at [/HUDSON3/workspace/8-2-build-linux-amd64/jdk8u101/7261/hotspot/src/share/vm/runtime/sharedRuntime.cpp, line 605]
Event: 2.802 Thread 0x00007fdd14232800 Implicit null exception at 0x00007fdd0528f775 to 0x00007fdd0528f991
Event: 3.966 Thread 0x00007fdd14232800 Exception <a 'java/lang/ArrayIndexOutOfBoundsException'> (0x00000000d892aa90) thrown at [/HUDSON3/workspace/8-2-build-linux-amd64/jdk8u101/7261/hotspot/src/share/vm/runtime/sharedRuntime.cpp, line 605]

Events (10 events):
Event: 119.190 Executing VM operation: ParallelGCFailedAllocation done
Event: 119.696 Executing VM operation: ParallelGCFailedAllocation
Event: 119.700 Executing VM operation: ParallelGCFailedAllocation done
Event: 120.130 Executing VM operation: ParallelGCFailedAllocation
Event: 120.178 Executing VM operation: ParallelGCFailedAllocation done
Event: 120.879 Executing VM operation: ParallelGCFailedAllocation
Event: 120.885 Executing VM operation: ParallelGCFailedAllocation done
Event: 121.760 Executing VM operation: ParallelGCFailedAllocation
Event: 121.850 Executing VM operation: ParallelGCFailedAllocation done
Event: 123.068 Executing VM operation: ParallelGCFailedAllocation


Dynamic libraries:
00400000-00401000 r-xp 00000000 08:06 286265                             /usr/lib/jvm/java-8-oracle/bin/java
00600000-00601000 rw-p 00000000 08:06 286265                             /usr/lib/jvm/java-8-oracle/bin/java
00c2c000-00c4d000 rw-p 00000000 00:00 0                                  [heap]
85000000-8a300000 rw-p 00000000 00:00 0 
8a300000-d7000000 ---p 00000000 00:00 0 
d7000000-fe100000 rw-p 00000000 00:00 0 
100000000-100260000 rw-p 00000000 00:00 0 
100260000-140000000 ---p 00000000 00:00 0 
7fdc90000000-7fdc9029c000 rw-p 00000000 00:00 0 
7fdc9029c000-7fdc94000000 ---p 00000000 00:00 0 
7fdc98000000-7fdc98021000 rw-p 00000000 00:00 0 
7fdc98021000-7fdc9c000000 ---p 00000000 00:00 0 
7fdc9c000000-7fdc9c021000 rw-p 00000000 00:00 0 
7fdc9c021000-7fdca0000000 ---p 00000000 00:00 0 
7fdca386e000-7fdca3a2e000 rw-s 00000000 00:05 35342                      /drm mm object (deleted)
7fdca3a46000-7fdca3aa6000 rw-s 00000000 00:05 36382                      /drm mm object (deleted)
7fdca3aa6000-7fdca3ab4000 rw-s 00000000 00:05 36381                      /drm mm object (deleted)
7fdca3ab4000-7fdca3ab7000 ---p 00000000 00:00 0 
7fdca3ab7000-7fdca3d75000 rw-p 00000000 00:00 0 
7fdca3d75000-7fdca3db5000 ---p 00000000 00:00 0 
7fdca3db5000-7fdca3db8000 ---p 00000000 00:00 0 
7fdca3db8000-7fdca3eb6000 rw-p 00000000 00:00 0 
7fdca3eb6000-7fdca3f6f000 r--p 00000000 08:06 531015                     /usr/share/fonts/truetype/dejavu/DejaVuSans.ttf
7fdca3f6f000-7fdca3fab000 r--p 00000000 08:06 286531                     /usr/lib/jvm/java-8-oracle/jre/lib/fonts/LucidaTypewriterRegular.ttf
7fdca3fab000-7fdca4000000 r--p 00000000 08:06 286499                     /usr/lib/jvm/java-8-oracle/jre/lib/fonts/LucidaBrightRegular.ttf
7fdca4000000-7fdca4022000 rw-p 00000000 00:00 0 
7fdca4022000-7fdca8000000 ---p 00000000 00:00 0 
7fdca8000000-7fdca82a2000 rw-p 00000000 00:00 0 
7fdca82a2000-7fdcac000000 ---p 00000000 00:00 0 
7fdcac000000-7fdcac021000 rw-p 00000000 00:00 0 
7fdcac021000-7fdcb0000000 ---p 00000000 00:00 0 
7fdcb0000000-7fdcb0021000 rw-p 00000000 00:00 0 
7fdcb0021000-7fdcb4000000 ---p 00000000 00:00 0 
7fdcb4000000-7fdcb4021000 rw-p 00000000 00:00 0 
7fdcb4021000-7fdcb8000000 ---p 00000000 00:00 0 
7fdcb8005000-7fdcb8015000 rw-s 00000000 00:05 33535                      /drm mm object (deleted)
7fdcb8015000-7fdcb8021000 rw-s 00000000 00:05 35340                      /drm mm object (deleted)
7fdcb8021000-7fdcb8034000 r--s 00345000 08:06 287797                     /usr/lib/jvm/java-8-oracle/jre/lib/resources.jar
7fdcb8034000-7fdcb80df000 r--p 00000000 08:06 286496                     /usr/lib/jvm/java-8-oracle/jre/lib/fonts/LucidaSansRegular.ttf
7fdcb80df000-7fdcb8119000 r--p 00000000 08:06 286498                     /usr/lib/jvm/java-8-oracle/jre/lib/fonts/LucidaTypewriterBold.ttf
7fdcb8119000-7fdcb8167000 r--p 00000000 08:06 286702                     /usr/lib/jvm/java-8-oracle/jre/lib/fonts/LucidaSansDemiBold.ttf
7fdcb8167000-7fdcb816b000 r-xp 00000000 08:06 286446                     /usr/lib/jvm/java-8-oracle/jre/lib/amd64/libjavafx_font_pango.so
7fdcb816b000-7fdcb836a000 ---p 00004000 08:06 286446                     /usr/lib/jvm/java-8-oracle/jre/lib/amd64/libjavafx_font_pango.so
7fdcb836a000-7fdcb836b000 rw-p 00003000 08:06 286446                     /usr/lib/jvm/java-8-oracle/jre/lib/amd64/libjavafx_font_pango.so
7fdcb836b000-7fdcb856b000 rw-p 00000000 00:00 0 
7fdcb856b000-7fdcb8570000 r-xp 00000000 08:06 286442                     /usr/lib/jvm/java-8-oracle/jre/lib/amd64/libjavafx_font_freetype.so
7fdcb8570000-7fdcb876f000 ---p 00005000 08:06 286442                     /usr/lib/jvm/java-8-oracle/jre/lib/amd64/libjavafx_font_freetype.so
7fdcb876f000-7fdcb8770000 rw-p 00004000 08:06 286442                     /usr/lib/jvm/java-8-oracle/jre/lib/amd64/libjavafx_font_freetype.so
7fdcb8770000-7fdcb8773000 r-xp 00000000 08:06 286403                     /usr/lib/jvm/java-8-oracle/jre/lib/amd64/libjavafx_font.so
7fdcb8773000-7fdcb8972000 ---p 00003000 08:06 286403                     /usr/lib/jvm/java-8-oracle/jre/lib/amd64/libjavafx_font.so
7fdcb8972000-7fdcb8973000 rw-p 00002000 08:06 286403                     /usr/lib/jvm/java-8-oracle/jre/lib/amd64/libjavafx_font.so
7fdcb8973000-7fdcb8b73000 rw-p 00000000 00:00 0 
7fdcb8b73000-7fdcb8b76000 ---p 00000000 00:00 0 
7fdcb8b76000-7fdcb8c74000 rw-p 00000000 00:00 0 
7fdcb8c74000-7fdcb8c77000 ---p 00000000 00:00 0 
7fdcb8c77000-7fdcb8d75000 rw-p 00000000 00:00 0 
7fdcb8d75000-7fdcb8d76000 ---p 00000000 00:00 0 
7fdcb8d76000-7fdcb9576000 rw-p 00000000 00:00 0 
7fdcb9576000-7fdcb9577000 ---p 00000000 00:00 0 
7fdcb9577000-7fdcb9d77000 rw-p 00000000 00:00 0 
7fdcb9d77000-7fdcb9d78000 ---p 00000000 00:00 0 
7fdcb9d78000-7fdcba578000 rw-p 00000000 00:00 0 
7fdcba578000-7fdcba583000 r-xp 00000000 08:06 523554                     /usr/lib/x86_64-linux-gnu/gio/modules/libdconfsettings.so
7fdcba583000-7fdcba783000 ---p 0000b000 08:06 523554                     /usr/lib/x86_64-linux-gnu/gio/modules/libdconfsettings.so
7fdcba783000-7fdcba784000 r--p 0000b000 08:06 523554                     /usr/lib/x86_64-linux-gnu/gio/modules/libdconfsettings.so
7fdcba784000-7fdcba785000 rw-p 0000c000 08:06 523554                     /usr/lib/x86_64-linux-gnu/gio/modules/libdconfsettings.so
7fdcba785000-7fdcba78c000 r-xp 00000000 08:06 402206                     /usr/lib/x86_64-linux-gnu/libogg.so.0.8.2
7fdcba78c000-7fdcba98c000 ---p 00007000 08:06 402206                     /usr/lib/x86_64-linux-gnu/libogg.so.0.8.2
7fdcba98c000-7fdcba98d000 r--p 00007000 08:06 402206                     /usr/lib/x86_64-linux-gnu/libogg.so.0.8.2
7fdcba98d000-7fdcba98e000 rw-p 00008000 08:06 402206                     /usr/lib/x86_64-linux-gnu/libogg.so.0.8.2
7fdcba98e000-7fdcba9b8000 r-xp 00000000 08:06 402555                     /usr/lib/x86_64-linux-gnu/libvorbis.so.0.4.8
7fdcba9b8000-7fdcbabb8000 ---p 0002a000 08:06 402555                     /usr/lib/x86_64-linux-gnu/libvorbis.so.0.4.8
7fdcbabb8000-7fdcbabb9000 r--p 0002a000 08:06 402555                     /usr/lib/x86_64-linux-gnu/libvorbis.so.0.4.8
7fdcbabb9000-7fdcbabba000 rw-p 0002b000 08:06 402555                     /usr/lib/x86_64-linux-gnu/libvorbis.so.0.4.8
7fdcbabba000-7fdcbabc3000 r-xp 00000000 08:06 402073                     /usr/lib/x86_64-linux-gnu/libltdl.so.7.3.1
7fdcbabc3000-7fdcbadc2000 ---p 00009000 08:06 402073                     /usr/lib/x86_64-linux-gnu/libltdl.so.7.3.1
7fdcbadc2000-7fdcbadc3000 r--p 00008000 08:06 402073                     /usr/lib/x86_64-linux-gnu/libltdl.so.7.3.1
7fdcbadc3000-7fdcbadc4000 rw-p 00009000 08:06 402073                     /usr/lib/x86_64-linux-gnu/libltdl.so.7.3.1
7fdcbadc4000-7fdcbadd8000 r-xp 00000000 08:06 402448                     /usr/lib/x86_64-linux-gnu/libtdb.so.1.3.8
7fdcbadd8000-7fdcbafd7000 ---p 00014000 08:06 402448                     /usr/lib/x86_64-linux-gnu/libtdb.so.1.3.8
7fdcbafd7000-7fdcbafd8000 r--p 00013000 08:06 402448                     /usr/lib/x86_64-linux-gnu/libtdb.so.1.3.8
7fdcbafd8000-7fdcbafd9000 rw-p 00014000 08:06 402448                     /usr/lib/x86_64-linux-gnu/libtdb.so.1.3.8
7fdcbafd9000-7fdcbafe0000 r-xp 00000000 08:06 402559                     /usr/lib/x86_64-linux-gnu/libvorbisfile.so.3.3.7
7fdcbafe0000-7fdcbb1e0000 ---p 00007000 08:06 402559                     /usr/lib/x86_64-linux-gnu/libvorbisfile.so.3.3.7
7fdcbb1e0000-7fdcbb1e1000 r--p 00007000 08:06 402559                     /usr/lib/x86_64-linux-gnu/libvorbisfile.so.3.3.7
7fdcbb1e1000-7fdcbb1e2000 rw-p 00008000 08:06 402559                     /usr/lib/x86_64-linux-gnu/libvorbisfile.so.3.3.7
7fdcbb1e2000-7fdcbb1f2000 r-xp 00000000 08:06 401470                     /usr/lib/x86_64-linux-gnu/libcanberra.so.0.2.5
7fdcbb1f2000-7fdcbb3f1000 ---p 00010000 08:06 401470                     /usr/lib/x86_64-linux-gnu/libcanberra.so.0.2.5
7fdcbb3f1000-7fdcbb3f2000 r--p 0000f000 08:06 401470                     /usr/lib/x86_64-linux-gnu/libcanberra.so.0.2.5
7fdcbb3f2000-7fdcbb3f3000 rw-p 00010000 08:06 401470                     /usr/lib/x86_64-linux-gnu/libcanberra.so.0.2.5
7fdcbb3f3000-7fdcbb3f7000 r-xp 00000000 08:06 401466                     /usr/lib/x86_64-linux-gnu/libcanberra-gtk.so.0.1.9
7fdcbb3f7000-7fdcbb5f6000 ---p 00004000 08:06 401466                     /usr/lib/x86_64-linux-gnu/libcanberra-gtk.so.0.1.9
7fdcbb5f6000-7fdcbb5f7000 r--p 00003000 08:06 401466                     /usr/lib/x86_64-linux-gnu/libcanberra-gtk.so.0.1.9
7fdcbb5f7000-7fdcbb5f8000 rw-p 00004000 08:06 401466                     /usr/lib/x86_64-linux-gnu/libcanberra-gtk.so.0.1.9
7fdcbb5f8000-7fdcbb5fd000 r-xp 00000000 08:06 523769                     /usr/lib/x86_64-linux-gnu/gtk-2.0/modules/libcanberra-gtk-module.so
7fdcbb5fd000-7fdcbb7fc000 ---p 00005000 08:06 523769                     /usr/lib/x86_64-linux-gnu/gtk-2.0/modules/libcanberra-gtk-module.so
7fdcbb7fc000-7fdcbb7fd000 r--p 00004000 08:06 523769                     /usr/lib/x86_64-linux-gnu/gtk-2.0/modules/libcanberra-gtk-module.so
7fdcbb7fd000-7fdcbb7fe000 rw-p 00005000 08:06 523769                     /usr/lib/x86_64-linux-gnu/gtk-2.0/modules/libcanberra-gtk-module.so
7fdcbb7fe000-7fdcbb82e000 r-xp 00000000 08:06 523648                     /usr/lib/x86_64-linux-gnu/gtk-2.0/2.10.0/engines/libmurrine.so
7fdcbb82e000-7fdcbba2e000 ---p 00030000 08:06 523648                     /usr/lib/x86_64-linux-gnu/gtk-2.0/2.10.0/engines/libmurrine.so
7fdcbba2e000-7fdcbba2f000 r--p 00030000 08:06 523648                     /usr/lib/x86_64-linux-gnu/gtk-2.0/2.10.0/engines/libmurrine.so
7fdcbba2f000-7fdcbba30000 rw-p 00031000 08:06 523648                     /usr/lib/x86_64-linux-gnu/gtk-2.0/2.10.0/engines/libmurrine.so
7fdcbba30000-7fdcbba40000 r-xp 00000000 08:06 402504                     /usr/lib/x86_64-linux-gnu/libunity-gtk2-parser.so.0.0.0
7fdcbba40000-7fdcbbc40000 ---p 00010000 08:06 402504                     /usr/lib/x86_64-linux-gnu/libunity-gtk2-parser.so.0.0.0
7fdcbbc40000-7fdcbbc41000 r--p 00010000 08:06 402504                     /usr/lib/x86_64-linux-gnu/libunity-gtk2-parser.so.0.0.0
7fdcbbc41000-7fdcbbc42000 rw-p 00011000 08:06 402504                     /usr/lib/x86_64-linux-gnu/libunity-gtk2-parser.so.0.0.0
7fdcbbc42000-7fdcbbc47000 r-xp 00000000 08:06 523773                     /usr/lib/x86_64-linux-gnu/gtk-2.0/modules/libunity-gtk-module.so
7fdcbbc47000-7fdcbbe46000 ---p 00005000 08:06 523773                     /usr/lib/x86_64-linux-gnu/gtk-2.0/modules/libunity-gtk-module.so
7fdcbbe46000-7fdcbbe47000 r--p 00004000 08:06 523773                     /usr/lib/x86_64-linux-gnu/gtk-2.0/modules/libunity-gtk-module.so
7fdcbbe47000-7fdcbbe48000 rw-p 00005000 08:06 523773                     /usr/lib/x86_64-linux-gnu/gtk-2.0/modules/libunity-gtk-module.so
7fdcbbe48000-7fdcbbe5a000 r-xp 00000000 08:06 136222                     /lib/x86_64-linux-gnu/libgpg-error.so.0.17.0
7fdcbbe5a000-7fdcbc05a000 ---p 00012000 08:06 136222                     /lib/x86_64-linux-gnu/libgpg-error.so.0.17.0
7fdcbc05a000-7fdcbc05b000 r--p 00012000 08:06 136222                     /lib/x86_64-linux-gnu/libgpg-error.so.0.17.0
7fdcbc05b000-7fdcbc05c000 rw-p 00013000 08:06 136222                     /lib/x86_64-linux-gnu/libgpg-error.so.0.17.0
7fdcbc05c000-7fdcbc134000 r-xp 00000000 08:06 130337                     /lib/x86_64-linux-gnu/libgcrypt.so.20.0.5
7fdcbc134000-7fdcbc333000 ---p 000d8000 08:06 130337                     /lib/x86_64-linux-gnu/libgcrypt.so.20.0.5
7fdcbc333000-7fdcbc334000 r--p 000d7000 08:06 130337                     /lib/x86_64-linux-gnu/libgcrypt.so.20.0.5
7fdcbc334000-7fdcbc33c000 rw-p 000d8000 08:06 130337                     /lib/x86_64-linux-gnu/libgcrypt.so.20.0.5
7fdcbc33c000-7fdcbc33d000 rw-p 00000000 00:00 0 
7fdcbc33d000-7fdcbc35e000 r-xp 00000000 08:06 136245                     /lib/x86_64-linux-gnu/liblzma.so.5.0.0
7fdcbc35e000-7fdcbc55d000 ---p 00021000 08:06 136245                     /lib/x86_64-linux-gnu/liblzma.so.5.0.0
7fdcbc55d000-7fdcbc55e000 r--p 00020000 08:06 136245                     /lib/x86_64-linux-gnu/liblzma.so.5.0.0
7fdcbc55e000-7fdcbc55f000 rw-p 00021000 08:06 136245                     /lib/x86_64-linux-gnu/liblzma.so.5.0.0
7fdcbc55f000-7fdcbc5a9000 r-xp 00000000 08:06 136194                     /lib/x86_64-linux-gnu/libdbus-1.so.3.14.6
7fdcbc5a9000-7fdcbc7a9000 ---p 0004a000 08:06 136194                     /lib/x86_64-linux-gnu/libdbus-1.so.3.14.6
7fdcbc7a9000-7fdcbc7aa000 r--p 0004a000 08:06 136194                     /lib/x86_64-linux-gnu/libdbus-1.so.3.14.6
7fdcbc7aa000-7fdcbc7ab000 rw-p 0004b000 08:06 136194                     /lib/x86_64-linux-gnu/libdbus-1.so.3.14.6
7fdcbc7ab000-7fdcbc7d7000 r-xp 00000000 08:06 401412                     /usr/lib/x86_64-linux-gnu/libatspi.so.0.0.1
7fdcbc7d7000-7fdcbc9d6000 ---p 0002c000 08:06 401412                     /usr/lib/x86_64-linux-gnu/libatspi.so.0.0.1
7fdcbc9d6000-7fdcbc9d9000 r--p 0002b000 08:06 401412                     /usr/lib/x86_64-linux-gnu/libatspi.so.0.0.1
7fdcbc9d9000-7fdcbc9da000 rw-p 0002e000 08:06 401412                     /usr/lib/x86_64-linux-gnu/libatspi.so.0.0.1
7fdcbc9da000-7fdcbca07000 r-xp 00000000 08:06 401406                     /usr/lib/x86_64-linux-gnu/libatk-bridge-2.0.so.0.0.0
7fdcbca07000-7fdcbcc06000 ---p 0002d000 08:06 401406                     /usr/lib/x86_64-linux-gnu/libatk-bridge-2.0.so.0.0.0
7fdcbcc06000-7fdcbcc07000 r--p 0002c000 08:06 401406                     /usr/lib/x86_64-linux-gnu/libatk-bridge-2.0.so.0.0.0
7fdcbcc07000-7fdcbcc09000 rw-p 0002d000 08:06 401406                     /usr/lib/x86_64-linux-gnu/libatk-bridge-2.0.so.0.0.0
7fdcbcc09000-7fdcbcc0a000 r-xp 00000000 08:06 523768                     /usr/lib/x86_64-linux-gnu/gtk-2.0/modules/libatk-bridge.so
7fdcbcc0a000-7fdcbce09000 ---p 00001000 08:06 523768                     /usr/lib/x86_64-linux-gnu/gtk-2.0/modules/libatk-bridge.so
7fdcbce09000-7fdcbce0a000 r--p 00000000 08:06 523768                     /usr/lib/x86_64-linux-gnu/gtk-2.0/modules/libatk-bridge.so
7fdcbce0a000-7fdcbce0b000 rw-p 00001000 08:06 523768                     /usr/lib/x86_64-linux-gnu/gtk-2.0/modules/libatk-bridge.so
7fdcbce0b000-7fdcbce12000 r-xp 00000000 08:06 401741                     /usr/lib/x86_64-linux-gnu/libgailutil.so.18.0.1
7fdcbce12000-7fdcbd011000 ---p 00007000 08:06 401741                     /usr/lib/x86_64-linux-gnu/libgailutil.so.18.0.1
7fdcbd011000-7fdcbd012000 r--p 00006000 08:06 401741                     /usr/lib/x86_64-linux-gnu/libgailutil.so.18.0.1
7fdcbd012000-7fdcbd013000 rw-p 00007000 08:06 401741                     /usr/lib/x86_64-linux-gnu/libgailutil.so.18.0.1
7fdcbd013000-7fdcbd061000 r-xp 00000000 08:06 523771                     /usr/lib/x86_64-linux-gnu/gtk-2.0/modules/libgail.so
7fdcbd061000-7fdcbd260000 ---p 0004e000 08:06 523771                     /usr/lib/x86_64-linux-gnu/gtk-2.0/modules/libgail.so
7fdcbd260000-7fdcbd261000 r--p 0004d000 08:06 523771                     /usr/lib/x86_64-linux-gnu/gtk-2.0/modules/libgail.so
7fdcbd261000-7fdcbd263000 rw-p 0004e000 08:06 523771                     /usr/lib/x86_64-linux-gnu/gtk-2.0/modules/libgail.so
7fdcbd263000-7fdcbd274000 r-xp 00000000 08:06 523772                     /usr/lib/x86_64-linux-gnu/gtk-2.0/modules/liboverlay-scrollbar.so
7fdcbd274000-7fdcbd474000 ---p 00011000 08:06 523772                     /usr/lib/x86_64-linux-gnu/gtk-2.0/modules/liboverlay-scrollbar.so
7fdcbd474000-7fdcbd475000 r--p 00011000 08:06 523772                     /usr/lib/x86_64-linux-gnu/gtk-2.0/modules/liboverlay-scrollbar.so
7fdcbd475000-7fdcbd476000 rw-p 00012000 08:06 523772                     /usr/lib/x86_64-linux-gnu/gtk-2.0/modules/liboverlay-scrollbar.so
7fdcbd476000-7fdcbd49f000 r-xp 00000000 08:06 286454                     /usr/lib/jvm/java-8-oracle/jre/lib/amd64/libglass.so
7fdcbd49f000-7fdcbd69e000 ---p 00029000 08:06 286454                     /usr/lib/jvm/java-8-oracle/jre/lib/amd64/libglass.so
7fdcbd69e000-7fdcbd6a1000 rw-p 00028000 08:06 286454                     /usr/lib/jvm/java-8-oracle/jre/lib/amd64/libglass.so
7fdcbd6a1000-7fdcbd6d8000 r-xp 00000000 08:06 402485                     /usr/lib/x86_64-linux-gnu/libtxc_dxtn_s2tc.so.0.0.0
7fdcbd6d8000-7fdcbd8d7000 ---p 00037000 08:06 402485                     /usr/lib/x86_64-linux-gnu/libtxc_dxtn_s2tc.so.0.0.0
7fdcbd8d7000-7fdcbd8d8000 r--p 00036000 08:06 402485                     /usr/lib/x86_64-linux-gnu/libtxc_dxtn_s2tc.so.0.0.0
7fdcbd8d8000-7fdcbd8d9000 rw-p 00037000 08:06 402485                     /usr/lib/x86_64-linux-gnu/libtxc_dxtn_s2tc.so.0.0.0
7fdcbd8d9000-7fdcbd8e1000 r-xp 00000000 08:06 402247                     /usr/lib/x86_64-linux-gnu/libpciaccess.so.0.11.1
7fdcbd8e1000-7fdcbdae1000 ---p 00008000 08:06 402247                     /usr/lib/x86_64-linux-gnu/libpciaccess.so.0.11.1
7fdcbdae1000-7fdcbdae2000 r--p 00008000 08:06 402247                     /usr/lib/x86_64-linux-gnu/libpciaccess.so.0.11.1
7fdcbdae2000-7fdcbdae3000 rw-p 00009000 08:06 402247                     /usr/lib/x86_64-linux-gnu/libpciaccess.so.0.11.1
7fdcbdae3000-7fdcbdaee000 r-xp 00000000 08:06 401609                     /usr/lib/x86_64-linux-gnu/libdrm_radeon.so.1.0.1
7fdcbdaee000-7fdcbdced000 ---p 0000b000 08:06 401609                     /usr/lib/x86_64-linux-gnu/libdrm_radeon.so.1.0.1
7fdcbdced000-7fdcbdcee000 r--p 0000a000 08:06 401609                     /usr/lib/x86_64-linux-gnu/libdrm_radeon.so.1.0.1
7fdcbdcee000-7fdcbdcef000 rw-p 0000b000 08:06 401609                     /usr/lib/x86_64-linux-gnu/libdrm_radeon.so.1.0.1
7fdcbdcef000-7fdcbdcf6000 r-xp 00000000 08:06 401607                     /usr/lib/x86_64-linux-gnu/libdrm_nouveau.so.2.0.0
7fdcbdcf6000-7fdcbdef5000 ---p 00007000 08:06 401607                     /usr/lib/x86_64-linux-gnu/libdrm_nouveau.so.2.0.0
7fdcbdef5000-7fdcbdef6000 r--p 00006000 08:06 401607                     /usr/lib/x86_64-linux-gnu/libdrm_nouveau.so.2.0.0
7fdcbdef6000-7fdcbdef7000 rw-p 00007000 08:06 401607                     /usr/lib/x86_64-linux-gnu/libdrm_nouveau.so.2.0.0
7fdcbdef7000-7fdcbdf17000 r-xp 00000000 08:06 401605                     /usr/lib/x86_64-linux-gnu/libdrm_intel.so.1.0.0
7fdcbdf17000-7fdcbe116000 ---p 00020000 08:06 401605                     /usr/lib/x86_64-linux-gnu/libdrm_intel.so.1.0.0
7fdcbe116000-7fdcbe117000 r--p 0001f000 08:06 401605                     /usr/lib/x86_64-linux-gnu/libdrm_intel.so.1.0.0
7fdcbe117000-7fdcbe118000 rw-p 00020000 08:06 401605                     /usr/lib/x86_64-linux-gnu/libdrm_intel.so.1.0.0
7fdcbe118000-7fdcbe71d000 r-xp 00000000 08:06 524258                     /usr/lib/x86_64-linux-gnu/dri/i965_dri.so
7fdcbe71d000-7fdcbe91d000 ---p 00605000 08:06 524258                     /usr/lib/x86_64-linux-gnu/dri/i965_dri.so
7fdcbe91d000-7fdcbe953000 r--p 00605000 08:06 524258                     /usr/lib/x86_64-linux-gnu/dri/i965_dri.so
7fdcbe953000-7fdcbe95a000 rw-p 0063b000 08:06 524258                     /usr/lib/x86_64-linux-gnu/dri/i965_dri.so
7fdcbe95a000-7fdcbe962000 rw-p 00000000 00:00 0 
7fdcbe962000-7fdcbe968000 r-xp 00000000 08:06 401553                     /usr/lib/x86_64-linux-gnu/libdatrie.so.1.3.3
7fdcbe968000-7fdcbeb68000 ---p 00006000 08:06 401553                     /usr/lib/x86_64-linux-gnu/libdatrie.so.1.3.3
7fdcbeb68000-7fdcbeb69000 r--p 00006000 08:06 401553                     /usr/lib/x86_64-linux-gnu/libdatrie.so.1.3.3
7fdcbeb69000-7fdcbeb6a000 rw-p 00007000 08:06 401553                     /usr/lib/x86_64-linux-gnu/libdatrie.so.1.3.3
7fdcbeb6a000-7fdcbeb6f000 r-xp 00000000 08:06 401311                     /usr/lib/x86_64-linux-gnu/libXdmcp.so.6.0.0
7fdcbeb6f000-7fdcbed6e000 ---p 00005000 08:06 401311                     /usr/lib/x86_64-linux-gnu/libXdmcp.so.6.0.0
7fdcbed6e000-7fdcbed6f000 r--p 00004000 08:06 401311                     /usr/lib/x86_64-linux-gnu/libXdmcp.so.6.0.0
7fdcbed6f000-7fdcbed70000 rw-p 00005000 08:06 401311                     /usr/lib/x86_64-linux-gnu/libXdmcp.so.6.0.0
7fdcbed70000-7fdcbed72000 r-xp 00000000 08:06 401300                     /usr/lib/x86_64-linux-gnu/libXau.so.6.0.0
7fdcbed72000-7fdcbef72000 ---p 00002000 08:06 401300                     /usr/lib/x86_64-linux-gnu/libXau.so.6.0.0
7fdcbef72000-7fdcbef73000 r--p 00002000 08:06 401300                     /usr/lib/x86_64-linux-gnu/libXau.so.6.0.0
7fdcbef73000-7fdcbef74000 rw-p 00003000 08:06 401300                     /usr/lib/x86_64-linux-gnu/libXau.so.6.0.0
7fdcbef74000-7fdcbef97000 r-xp 00000000 08:06 401857                     /usr/lib/x86_64-linux-gnu/libgraphite2.so.3.0.1
7fdcbef97000-7fdcbf196000 ---p 00023000 08:06 401857                     /usr/lib/x86_64-linux-gnu/libgraphite2.so.3.0.1
7fdcbf196000-7fdcbf198000 r--p 00022000 08:06 401857                     /usr/lib/x86_64-linux-gnu/libgraphite2.so.3.0.1
7fdcbf198000-7fdcbf199000 rw-p 00024000 08:06 401857                     /usr/lib/x86_64-linux-gnu/libgraphite2.so.3.0.1
7fdcbf199000-7fdcbf1a7000 r-xp 00000000 08:06 393260                     /usr/lib/x86_64-linux-gnu/libdrm.so.2.4.0
7fdcbf1a7000-7fdcbf3a6000 ---p 0000e000 08:06 393260                     /usr/lib/x86_64-linux-gnu/libdrm.so.2.4.0
7fdcbf3a6000-7fdcbf3a7000 r--p 0000d000 08:06 393260                     /usr/lib/x86_64-linux-gnu/libdrm.so.2.4.0
7fdcbf3a7000-7fdcbf3a8000 rw-p 0000e000 08:06 393260                     /usr/lib/x86_64-linux-gnu/libdrm.so.2.4.0
7fdcbf3a8000-7fdcbf3ac000 r-xp 00000000 08:06 402646                     /usr/lib/x86_64-linux-gnu/libxcb-dri2.so.0.0.0
7fdcbf3ac000-7fdcbf5ab000 ---p 00004000 08:06 402646                     /usr/lib/x86_64-linux-gnu/libxcb-dri2.so.0.0.0
7fdcbf5ab000-7fdcbf5ac000 r--p 00003000 08:06 402646                     /usr/lib/x86_64-linux-gnu/libxcb-dri2.so.0.0.0
7fdcbf5ac000-7fdcbf5ad000 rw-p 00004000 08:06 402646                     /usr/lib/x86_64-linux-gnu/libxcb-dri2.so.0.0.0
7fdcbf5ad000-7fdcbf5c4000 r-xp 00000000 08:06 402650                     /usr/lib/x86_64-linux-gnu/libxcb-glx.so.0.0.0
7fdcbf5c4000-7fdcbf7c3000 ---p 00017000 08:06 402650                     /usr/lib/x86_64-linux-gnu/libxcb-glx.so.0.0.0
7fdcbf7c3000-7fdcbf7c5000 r--p 00016000 08:06 402650                     /usr/lib/x86_64-linux-gnu/libxcb-glx.so.0.0.0
7fdcbf7c5000-7fdcbf7c6000 rw-p 00018000 08:06 402650                     /usr/lib/x86_64-linux-gnu/libxcb-glx.so.0.0.0
7fdcbf7c6000-7fdcbf7c7000 r-xp 00000000 08:06 401294                     /usr/lib/x86_64-linux-gnu/libX11-xcb.so.1.0.0
7fdcbf7c7000-7fdcbf9c6000 ---p 00001000 08:06 401294                     /usr/lib/x86_64-linux-gnu/libX11-xcb.so.1.0.0
7fdcbf9c6000-7fdcbf9c7000 r--p 00000000 08:06 401294                     /usr/lib/x86_64-linux-gnu/libX11-xcb.so.1.0.0
7fdcbf9c7000-7fdcbf9c8000 rw-p 00001000 08:06 401294                     /usr/lib/x86_64-linux-gnu/libX11-xcb.so.1.0.0
7fdcbf9c8000-7fdcbf9f1000 r-xp 00000000 08:06 397464                     /usr/lib/x86_64-linux-gnu/libglapi.so.0.0.0
7fdcbf9f1000-7fdcbfbf0000 ---p 00029000 08:06 397464                     /usr/lib/x86_64-linux-gnu/libglapi.so.0.0.0
7fdcbfbf0000-7fdcbfbf4000 r--p 00028000 08:06 397464                     /usr/lib/x86_64-linux-gnu/libglapi.so.0.0.0
7fdcbfbf4000-7fdcbfbf5000 rw-p 0002c000 08:06 397464                     /usr/lib/x86_64-linux-gnu/libglapi.so.0.0.0
7fdcbfbf5000-7fdcbfbf6000 rw-p 00000000 00:00 0 
7fdcbfbf6000-7fdcbfbf7000 r-xp 00000000 08:06 402690                     /usr/lib/x86_64-linux-gnu/libxshmfence.so.1.0.0
7fdcbfbf7000-7fdcbfdf7000 ---p 00001000 08:06 402690                     /usr/lib/x86_64-linux-gnu/libxshmfence.so.1.0.0
7fdcbfdf7000-7fdcbfdf8000 r--p 00001000 08:06 402690                     /usr/lib/x86_64-linux-gnu/libxshmfence.so.1.0.0
7fdcbfdf8000-7fdcbfdf9000 rw-p 00002000 08:06 402690                     /usr/lib/x86_64-linux-gnu/libxshmfence.so.1.0.0
7fdcbfdf9000-7fdcbfdfe000 r-xp 00000000 08:06 402670                     /usr/lib/x86_64-linux-gnu/libxcb-sync.so.1.0.0
7fdcbfdfe000-7fdcbfffe000 ---p 00005000 08:06 402670                     /usr/lib/x86_64-linux-gnu/libxcb-sync.so.1.0.0
7fdcbfffe000-7fdcbffff000 r--p 00005000 08:06 402670                     /usr/lib/x86_64-linux-gnu/libxcb-sync.so.1.0.0
7fdcbffff000-7fdcc0000000 rw-p 00006000 08:06 402670                     /usr/lib/x86_64-linux-gnu/libxcb-sync.so.1.0.0
7fdcc0000000-7fdcc1e55000 rw-p 00000000 00:00 0 
7fdcc1e55000-7fdcc4000000 ---p 00000000 00:00 0 
7fdcc4005000-7fdcc4007000 r-xp 00000000 08:06 402658                     /usr/lib/x86_64-linux-gnu/libxcb-present.so.0.0.0
7fdcc4007000-7fdcc4206000 ---p 00002000 08:06 402658                     /usr/lib/x86_64-linux-gnu/libxcb-present.so.0.0.0
7fdcc4206000-7fdcc4207000 r--p 00001000 08:06 402658                     /usr/lib/x86_64-linux-gnu/libxcb-present.so.0.0.0
7fdcc4207000-7fdcc4208000 rw-p 00002000 08:06 402658                     /usr/lib/x86_64-linux-gnu/libxcb-present.so.0.0.0
7fdcc4208000-7fdcc420a000 r-xp 00000000 08:06 402648                     /usr/lib/x86_64-linux-gnu/libxcb-dri3.so.0.0.0
7fdcc420a000-7fdcc4409000 ---p 00002000 08:06 402648                     /usr/lib/x86_64-linux-gnu/libxcb-dri3.so.0.0.0
7fdcc4409000-7fdcc440a000 r--p 00001000 08:06 402648                     /usr/lib/x86_64-linux-gnu/libxcb-dri3.so.0.0.0
7fdcc440a000-7fdcc440b000 rw-p 00002000 08:06 402648                     /usr/lib/x86_64-linux-gnu/libxcb-dri3.so.0.0.0
7fdcc440b000-7fdcc4479000 r-xp 00000000 08:06 136307                     /lib/x86_64-linux-gnu/libpcre.so.3.13.2
7fdcc4479000-7fdcc4679000 ---p 0006e000 08:06 136307                     /lib/x86_64-linux-gnu/libpcre.so.3.13.2
7fdcc4679000-7fdcc467a000 r--p 0006e000 08:06 136307                     /lib/x86_64-linux-gnu/libpcre.so.3.13.2
7fdcc467a000-7fdcc467b000 rw-p 0006f000 08:06 136307                     /lib/x86_64-linux-gnu/libpcre.so.3.13.2
7fdcc467b000-7fdcc4682000 r-xp 00000000 08:06 401682                     /usr/lib/x86_64-linux-gnu/libffi.so.6.0.4
7fdcc4682000-7fdcc4881000 ---p 00007000 08:06 401682                     /usr/lib/x86_64-linux-gnu/libffi.so.6.0.4
7fdcc4881000-7fdcc4882000 r--p 00006000 08:06 401682                     /usr/lib/x86_64-linux-gnu/libffi.so.6.0.4
7fdcc4882000-7fdcc4883000 rw-p 00007000 08:06 401682                     /usr/lib/x86_64-linux-gnu/libffi.so.6.0.4
7fdcc4883000-7fdcc48a9000 r-xp 00000000 08:06 130323                     /lib/x86_64-linux-gnu/libexpat.so.1.6.0
7fdcc48a9000-7fdcc4aa9000 ---p 00026000 08:06 130323                     /lib/x86_64-linux-gnu/libexpat.so.1.6.0
7fdcc4aa9000-7fdcc4aab000 r--p 00026000 08:06 130323                     /lib/x86_64-linux-gnu/libexpat.so.1.6.0
7fdcc4aab000-7fdcc4aac000 rw-p 00028000 08:06 130323                     /lib/x86_64-linux-gnu/libexpat.so.1.6.0
7fdcc4aac000-7fdcc4ab4000 r-xp 00000000 08:06 402456                     /usr/lib/x86_64-linux-gnu/libthai.so.0.2.4
7fdcc4ab4000-7fdcc4cb3000 ---p 00008000 08:06 402456                     /usr/lib/x86_64-linux-gnu/libthai.so.0.2.4
7fdcc4cb3000-7fdcc4cb4000 r--p 00007000 08:06 402456                     /usr/lib/x86_64-linux-gnu/libthai.so.0.2.4
7fdcc4cb4000-7fdcc4cb5000 rw-p 00008000 08:06 402456                     /usr/lib/x86_64-linux-gnu/libthai.so.0.2.4
7fdcc4cb5000-7fdcc4cd6000 r-xp 00000000 08:06 402678                     /usr/lib/x86_64-linux-gnu/libxcb.so.1.1.0
7fdcc4cd6000-7fdcc4ed5000 ---p 00021000 08:06 402678                     /usr/lib/x86_64-linux-gnu/libxcb.so.1.1.0
7fdcc4ed5000-7fdcc4ed6000 r--p 00020000 08:06 402678                     /usr/lib/x86_64-linux-gnu/libxcb.so.1.1.0
7fdcc4ed6000-7fdcc4ed7000 rw-p 00021000 08:06 402678                     /usr/lib/x86_64-linux-gnu/libxcb.so.1.1.0
7fdcc4ed7000-7fdcc4edf000 r-xp 00000000 08:06 402664                     /usr/lib/x86_64-linux-gnu/libxcb-render.so.0.0.0
7fdcc4edf000-7fdcc50df000 ---p 00008000 08:06 402664                     /usr/lib/x86_64-linux-gnu/libxcb-render.so.0.0.0
7fdcc50df000-7fdcc50e0000 r--p 00008000 08:06 402664                     /usr/lib/x86_64-linux-gnu/libxcb-render.so.0.0.0
7fdcc50e0000-7fdcc50e1000 rw-p 00009000 08:06 402664                     /usr/lib/x86_64-linux-gnu/libxcb-render.so.0.0.0
7fdcc50e1000-7fdcc50e3000 r-xp 00000000 08:06 402668                     /usr/lib/x86_64-linux-gnu/libxcb-shm.so.0.0.0
7fdcc50e3000-7fdcc52e3000 ---p 00002000 08:06 402668                     /usr/lib/x86_64-linux-gnu/libxcb-shm.so.0.0.0
7fdcc52e3000-7fdcc52e4000 r--p 00002000 08:06 402668                     /usr/lib/x86_64-linux-gnu/libxcb-shm.so.0.0.0
7fdcc52e4000-7fdcc52e5000 rw-p 00003000 08:06 402668                     /usr/lib/x86_64-linux-gnu/libxcb-shm.so.0.0.0
7fdcc52e5000-7fdcc5309000 r-xp 00000000 08:06 136319                     /lib/x86_64-linux-gnu/libpng12.so.0.54.0
7fdcc5309000-7fdcc5508000 ---p 00024000 08:06 136319                     /lib/x86_64-linux-gnu/libpng12.so.0.54.0
7fdcc5508000-7fdcc5509000 r--p 00023000 08:06 136319                     /lib/x86_64-linux-gnu/libpng12.so.0.54.0
7fdcc5509000-7fdcc550a000 rw-p 00024000 08:06 136319                     /lib/x86_64-linux-gnu/libpng12.so.0.54.0
7fdcc550a000-7fdcc55a9000 r-xp 00000000 08:06 402261                     /usr/lib/x86_64-linux-gnu/libpixman-1.so.0.33.6
7fdcc55a9000-7fdcc57a9000 ---p 0009f000 08:06 402261                     /usr/lib/x86_64-linux-gnu/libpixman-1.so.0.33.6
7fdcc57a9000-7fdcc57b1000 r--p 0009f000 08:06 402261                     /usr/lib/x86_64-linux-gnu/libpixman-1.so.0.33.6
7fdcc57b1000-7fdcc57b2000 rw-p 000a7000 08:06 402261                     /usr/lib/x86_64-linux-gnu/libpixman-1.so.0.33.6
7fdcc57b2000-7fdcc580e000 r-xp 00000000 08:06 401943                     /usr/lib/x86_64-linux-gnu/libharfbuzz.so.0.10000.1
7fdcc580e000-7fdcc5a0e000 ---p 0005c000 08:06 401943                     /usr/lib/x86_64-linux-gnu/libharfbuzz.so.0.10000.1
7fdcc5a0e000-7fdcc5a0f000 r--p 0005c000 08:06 401943                     /usr/lib/x86_64-linux-gnu/libharfbuzz.so.0.10000.1
7fdcc5a0f000-7fdcc5a10000 rw-p 0005d000 08:06 401943                     /usr/lib/x86_64-linux-gnu/libharfbuzz.so.0.10000.1
7fdcc5a10000-7fdcc5a27000 r-xp 00000000 08:06 136330                     /lib/x86_64-linux-gnu/libresolv-2.23.so
7fdcc5a27000-7fdcc5c27000 ---p 00017000 08:06 136330                     /lib/x86_64-linux-gnu/libresolv-2.23.so
7fdcc5c27000-7fdcc5c28000 r--p 00017000 08:06 136330                     /lib/x86_64-linux-gnu/libresolv-2.23.so
7fdcc5c28000-7fdcc5c29000 rw-p 00018000 08:06 136330                     /lib/x86_64-linux-gnu/libresolv-2.23.so
7fdcc5c29000-7fdcc5c2b000 rw-p 00000000 00:00 0 
7fdcc5c2b000-7fdcc5c4a000 r-xp 00000000 08:06 136336                     /lib/x86_64-linux-gnu/libselinux.so.1
7fdcc5c4a000-7fdcc5e49000 ---p 0001f000 08:06 136336                     /lib/x86_64-linux-gnu/libselinux.so.1
7fdcc5e49000-7fdcc5e4a000 r--p 0001e000 08:06 136336                     /lib/x86_64-linux-gnu/libselinux.so.1
7fdcc5e4a000-7fdcc5e4b000 rw-p 0001f000 08:06 136336                     /lib/x86_64-linux-gnu/libselinux.so.1
7fdcc5e4b000-7fdcc5e4d000 rw-p 00000000 00:00 0 
7fdcc5e4d000-7fdcc5e66000 r-xp 00000000 08:06 136369                     /lib/x86_64-linux-gnu/libz.so.1.2.8
7fdcc5e66000-7fdcc6065000 ---p 00019000 08:06 136369                     /lib/x86_64-linux-gnu/libz.so.1.2.8
7fdcc6065000-7fdcc6066000 r--p 00018000 08:06 136369                     /lib/x86_64-linux-gnu/libz.so.1.2.8
7fdcc6066000-7fdcc6067000 rw-p 00019000 08:06 136369                     /lib/x86_64-linux-gnu/libz.so.1.2.8
7fdcc6067000-7fdcc6078000 r-xp 00000000 08:06 401313                     /usr/lib/x86_64-linux-gnu/libXext.so.6.4.0
7fdcc6078000-7fdcc6277000 ---p 00011000 08:06 401313                     /usr/lib/x86_64-linux-gnu/libXext.so.6.4.0
7fdcc6277000-7fdcc6278000 r--p 00010000 08:06 401313                     /usr/lib/x86_64-linux-gnu/libXext.so.6.4.0
7fdcc6278000-7fdcc6279000 rw-p 00011000 08:06 401313                     /usr/lib/x86_64-linux-gnu/libXext.so.6.4.0
7fdcc6279000-7fdcc627b000 r-xp 00000000 08:06 401309                     /usr/lib/x86_64-linux-gnu/libXdamage.so.1.1.0
7fdcc627b000-7fdcc647a000 ---p 00002000 08:06 401309                     /usr/lib/x86_64-linux-gnu/libXdamage.so.1.1.0
7fdcc647a000-7fdcc647b000 r--p 00001000 08:06 401309                     /usr/lib/x86_64-linux-gnu/libXdamage.so.1.1.0
7fdcc647b000-7fdcc647c000 rw-p 00002000 08:06 401309                     /usr/lib/x86_64-linux-gnu/libXdamage.so.1.1.0
7fdcc647c000-7fdcc647e000 r-xp 00000000 08:06 401305                     /usr/lib/x86_64-linux-gnu/libXcomposite.so.1.0.0
7fdcc647e000-7fdcc667d000 ---p 00002000 08:06 401305                     /usr/lib/x86_64-linux-gnu/libXcomposite.so.1.0.0
7fdcc667d000-7fdcc667e000 r--p 00001000 08:06 401305                     /usr/lib/x86_64-linux-gnu/libXcomposite.so.1.0.0
7fdcc667e000-7fdcc667f000 rw-p 00002000 08:06 401305                     /usr/lib/x86_64-linux-gnu/libXcomposite.so.1.0.0
7fdcc667f000-7fdcc6688000 r-xp 00000000 08:06 401307                     /usr/lib/x86_64-linux-gnu/libXcursor.so.1.0.2
7fdcc6688000-7fdcc6887000 ---p 00009000 08:06 401307                     /usr/lib/x86_64-linux-gnu/libXcursor.so.1.0.2
7fdcc6887000-7fdcc6888000 r--p 00008000 08:06 401307                     /usr/lib/x86_64-linux-gnu/libXcursor.so.1.0.2
7fdcc6888000-7fdcc6889000 rw-p 00009000 08:06 401307                     /usr/lib/x86_64-linux-gnu/libXcursor.so.1.0.2
7fdcc6889000-7fdcc6893000 r-xp 00000000 08:06 401331                     /usr/lib/x86_64-linux-gnu/libXrandr.so.2.2.0
7fdcc6893000-7fdcc6a92000 ---p 0000a000 08:06 401331                     /usr/lib/x86_64-linux-gnu/libXrandr.so.2.2.0
7fdcc6a92000-7fdcc6a93000 r--p 00009000 08:06 401331                     /usr/lib/x86_64-linux-gnu/libXrandr.so.2.2.0
7fdcc6a93000-7fdcc6a94000 rw-p 0000a000 08:06 401331                     /usr/lib/x86_64-linux-gnu/libXrandr.so.2.2.0
7fdcc6a94000-7fdcc6aa3000 r-xp 00000000 08:06 401321                     /usr/lib/x86_64-linux-gnu/libXi.so.6.1.0
7fdcc6aa3000-7fdcc6ca2000 ---p 0000f000 08:06 401321                     /usr/lib/x86_64-linux-gnu/libXi.so.6.1.0
7fdcc6ca2000-7fdcc6ca3000 r--p 0000e000 08:06 401321                     /usr/lib/x86_64-linux-gnu/libXi.so.6.1.0
7fdcc6ca3000-7fdcc6ca4000 rw-p 0000f000 08:06 401321                     /usr/lib/x86_64-linux-gnu/libXi.so.6.1.0
7fdcc6ca4000-7fdcc6ca6000 r-xp 00000000 08:06 401323                     /usr/lib/x86_64-linux-gnu/libXinerama.so.1.0.0
7fdcc6ca6000-7fdcc6ea5000 ---p 00002000 08:06 401323                     /usr/lib/x86_64-linux-gnu/libXinerama.so.1.0.0
7fdcc6ea5000-7fdcc6ea6000 r--p 00001000 08:06 401323                     /usr/lib/x86_64-linux-gnu/libXinerama.so.1.0.0
7fdcc6ea6000-7fdcc6ea7000 rw-p 00002000 08:06 401323                     /usr/lib/x86_64-linux-gnu/libXinerama.so.1.0.0
7fdcc6ea7000-7fdcc6eb0000 r-xp 00000000 08:06 401333                     /usr/lib/x86_64-linux-gnu/libXrender.so.1.3.0
7fdcc6eb0000-7fdcc70af000 ---p 00009000 08:06 401333                     /usr/lib/x86_64-linux-gnu/libXrender.so.1.3.0
7fdcc70af000-7fdcc70b0000 r--p 00008000 08:06 401333                     /usr/lib/x86_64-linux-gnu/libXrender.so.1.3.0
7fdcc70b0000-7fdcc70b1000 rw-p 00009000 08:06 401333                     /usr/lib/x86_64-linux-gnu/libXrender.so.1.3.0
7fdcc70b1000-7fdcc70b6000 r-xp 00000000 08:06 401315                     /usr/lib/x86_64-linux-gnu/libXfixes.so.3.1.0
7fdcc70b6000-7fdcc72b5000 ---p 00005000 08:06 401315                     /usr/lib/x86_64-linux-gnu/libXfixes.so.3.1.0
7fdcc72b5000-7fdcc72b6000 r--p 00004000 08:06 401315                     /usr/lib/x86_64-linux-gnu/libXfixes.so.3.1.0
7fdcc72b6000-7fdcc72b7000 rw-p 00005000 08:06 401315                     /usr/lib/x86_64-linux-gnu/libXfixes.so.3.1.0
7fdcc72b7000-7fdcc72cd000 r-xp 00000000 08:06 136216                     /lib/x86_64-linux-gnu/libgcc_s.so.1
7fdcc72cd000-7fdcc74cc000 ---p 00016000 08:06 136216                     /lib/x86_64-linux-gnu/libgcc_s.so.1
7fdcc74cc000-7fdcc74cd000 rw-p 00015000 08:06 136216                     /lib/x86_64-linux-gnu/libgcc_s.so.1
7fdcc74cd000-7fdcc763f000 r-xp 00000000 08:06 392705                     /usr/lib/x86_64-linux-gnu/libstdc++.so.6.0.21
7fdcc763f000-7fdcc783f000 ---p 00172000 08:06 392705                     /usr/lib/x86_64-linux-gnu/libstdc++.so.6.0.21
7fdcc783f000-7fdcc7849000 r--p 00172000 08:06 392705                     /usr/lib/x86_64-linux-gnu/libstdc++.so.6.0.21
7fdcc7849000-7fdcc784b000 rw-p 0017c000 08:06 392705                     /usr/lib/x86_64-linux-gnu/libstdc++.so.6.0.21
7fdcc784b000-7fdcc784f000 rw-p 00000000 00:00 0 
7fdcc784f000-7fdcc78bc000 r-xp 00000000 08:06 522838                     /usr/lib/x86_64-linux-gnu/mesa/libGL.so.1.2.0
7fdcc78bc000-7fdcc7abb000 ---p 0006d000 08:06 522838                     /usr/lib/x86_64-linux-gnu/mesa/libGL.so.1.2.0
7fdcc7abb000-7fdcc7abe000 r--p 0006c000 08:06 522838                     /usr/lib/x86_64-linux-gnu/mesa/libGL.so.1.2.0
7fdcc7abe000-7fdcc7abf000 rw-p 0006f000 08:06 522838                     /usr/lib/x86_64-linux-gnu/mesa/libGL.so.1.2.0
7fdcc7abf000-7fdcc7ac0000 rw-p 00000000 00:00 0 
7fdcc7ac0000-7fdcc7ac5000 r-xp 00000000 08:06 401349                     /usr/lib/x86_64-linux-gnu/libXxf86vm.so.1.0.0
7fdcc7ac5000-7fdcc7cc4000 ---p 00005000 08:06 401349                     /usr/lib/x86_64-linux-gnu/libXxf86vm.so.1.0.0
7fdcc7cc4000-7fdcc7cc5000 r--p 00004000 08:06 401349                     /usr/lib/x86_64-linux-gnu/libXxf86vm.so.1.0.0
7fdcc7cc5000-7fdcc7cc6000 rw-p 00005000 08:06 401349                     /usr/lib/x86_64-linux-gnu/libXxf86vm.so.1.0.0
7fdcc7cc6000-7fdcc7dfb000 r-xp 00000000 08:06 401296                     /usr/lib/x86_64-linux-gnu/libX11.so.6.3.0
7fdcc7dfb000-7fdcc7ffb000 ---p 00135000 08:06 401296                     /usr/lib/x86_64-linux-gnu/libX11.so.6.3.0
7fdcc7ffb000-7fdcc7ffc000 r--p 00135000 08:06 401296                     /usr/lib/x86_64-linux-gnu/libX11.so.6.3.0
7fdcc7ffc000-7fdcc8000000 rw-p 00136000 08:06 401296                     /usr/lib/x86_64-linux-gnu/libX11.so.6.3.0
7fdcc8000000-7fdcc8021000 rw-p 00000000 00:00 0 
7fdcc8021000-7fdccc000000 ---p 00000000 00:00 0 
7fdccc000000-7fdccc021000 rw-p 00000000 00:00 0 
7fdccc021000-7fdcd0000000 ---p 00000000 00:00 0 
7fdcd0000000-7fdcd01b7000 rw-p 00000000 00:00 0 
7fdcd01b7000-7fdcd4000000 ---p 00000000 00:00 0 
7fdcd4000000-7fdcd46bb000 rw-p 00000000 00:00 0 
7fdcd46bb000-7fdcd8000000 ---p 00000000 00:00 0 
7fdcd8000000-7fdcd8021000 rw-p 00000000 00:00 0 
7fdcd8021000-7fdcdc000000 ---p 00000000 00:00 0 
7fdcdc000000-7fdcdc29c000 rw-p 00000000 00:00 0 
7fdcdc29c000-7fdce0000000 ---p 00000000 00:00 0 
7fdce0000000-7fdce0021000 rw-p 00000000 00:00 0 
7fdce0021000-7fdce4000000 ---p 00000000 00:00 0 
7fdce4000000-7fdce4021000 rw-p 00000000 00:00 0 
7fdce4021000-7fdce8000000 ---p 00000000 00:00 0 
7fdce8000000-7fdce8021000 rw-p 00000000 00:00 0 
7fdce8021000-7fdcec000000 ---p 00000000 00:00 0 
7fdcec000000-7fdcec295000 rw-p 00000000 00:00 0 
7fdcec295000-7fdcf0000000 ---p 00000000 00:00 0 
7fdcf0000000-7fdcf0021000 rw-p 00000000 00:00 0 
7fdcf0021000-7fdcf4000000 ---p 00000000 00:00 0 
7fdcf4000000-7fdcf4004000 rw-s 10766f000 00:06 473                       /dev/dri/card1
7fdcf4004000-7fdcf4017000 r--p 00000000 08:06 286497                     /usr/lib/jvm/java-8-oracle/jre/lib/fonts/LucidaBrightDemiBold.ttf
7fdcf4017000-7fdcf402b000 r--p 00000000 08:06 286501                     /usr/lib/jvm/java-8-oracle/jre/lib/fonts/LucidaBrightItalic.ttf
7fdcf402b000-7fdcf403e000 r--p 00000000 08:06 286751                     /usr/lib/jvm/java-8-oracle/jre/lib/fonts/LucidaBrightDemiItalic.ttf
7fdcf403e000-7fdcf4043000 r--s 00084000 08:06 286766                     /usr/lib/jvm/java-8-oracle/jre/lib/jfr.jar
7fdcf4043000-7fdcf404e000 r--s 00000000 08:08 138339                     /var/cache/fontconfig/945677eb7aeaf62f1d50efc3fb3ec7d8-le64.cache-6
7fdcf404e000-7fdcf4063000 r--s 00000000 08:08 136515                     /var/cache/fontconfig/04aabc0a78ac019cf9454389977116d2-le64.cache-6
7fdcf4063000-7fdcf4066000 ---p 00000000 00:00 0 
7fdcf4066000-7fdcf4164000 rw-p 00000000 00:00 0 
7fdcf4164000-7fdcf41e4000 r-xp 00000000 08:06 130355                     /lib/x86_64-linux-gnu/libsystemd.so.0.14.0
7fdcf41e4000-7fdcf41e7000 r--p 0007f000 08:06 130355                     /lib/x86_64-linux-gnu/libsystemd.so.0.14.0
7fdcf41e7000-7fdcf41e8000 rw-p 00082000 08:06 130355                     /lib/x86_64-linux-gnu/libsystemd.so.0.14.0
7fdcf41e8000-7fdcf41e9000 rw-p 00000000 00:00 0 
7fdcf41e9000-7fdcf41ee000 r-xp 00000000 08:06 401339                     /usr/lib/x86_64-linux-gnu/libXtst.so.6.1.0
7fdcf41ee000-7fdcf43ed000 ---p 00005000 08:06 401339                     /usr/lib/x86_64-linux-gnu/libXtst.so.6.1.0
7fdcf43ed000-7fdcf43ee000 r--p 00004000 08:06 401339                     /usr/lib/x86_64-linux-gnu/libXtst.so.6.1.0
7fdcf43ee000-7fdcf43ef000 rw-p 00005000 08:06 401339                     /usr/lib/x86_64-linux-gnu/libXtst.so.6.1.0
7fdcf43ef000-7fdcf44fe000 r-xp 00000000 08:06 135725                     /lib/x86_64-linux-gnu/libglib-2.0.so.0.4800.1
7fdcf44fe000-7fdcf46fd000 ---p 0010f000 08:06 135725                     /lib/x86_64-linux-gnu/libglib-2.0.so.0.4800.1
7fdcf46fd000-7fdcf46fe000 r--p 0010e000 08:06 135725                     /lib/x86_64-linux-gnu/libglib-2.0.so.0.4800.1
7fdcf46fe000-7fdcf46ff000 rw-p 0010f000 08:06 135725                     /lib/x86_64-linux-gnu/libglib-2.0.so.0.4800.1
7fdcf46ff000-7fdcf4700000 rw-p 00000000 00:00 0 
7fdcf4700000-7fdcf4701000 r-xp 00000000 08:06 403349                     /usr/lib/x86_64-linux-gnu/libgthread-2.0.so.0.4800.1
7fdcf4701000-7fdcf4900000 ---p 00001000 08:06 403349                     /usr/lib/x86_64-linux-gnu/libgthread-2.0.so.0.4800.1
7fdcf4900000-7fdcf4901000 r--p 00000000 08:06 403349                     /usr/lib/x86_64-linux-gnu/libgthread-2.0.so.0.4800.1
7fdcf4901000-7fdcf4902000 rw-p 00001000 08:06 403349                     /usr/lib/x86_64-linux-gnu/libgthread-2.0.so.0.4800.1
7fdcf4902000-7fdcf4905000 r-xp 00000000 08:06 403354                     /usr/lib/x86_64-linux-gnu/libgmodule-2.0.so.0.4800.1
7fdcf4905000-7fdcf4b04000 ---p 00003000 08:06 403354                     /usr/lib/x86_64-linux-gnu/libgmodule-2.0.so.0.4800.1
7fdcf4b04000-7fdcf4b05000 r--p 00002000 08:06 403354                     /usr/lib/x86_64-linux-gnu/libgmodule-2.0.so.0.4800.1
7fdcf4b05000-7fdcf4b06000 rw-p 00003000 08:06 403354                     /usr/lib/x86_64-linux-gnu/libgmodule-2.0.so.0.4800.1
7fdcf4b06000-7fdcf4b58000 r-xp 00000000 08:06 403380                     /usr/lib/x86_64-linux-gnu/libgobject-2.0.so.0.4800.1
7fdcf4b58000-7fdcf4d57000 ---p 00052000 08:06 403380                     /usr/lib/x86_64-linux-gnu/libgobject-2.0.so.0.4800.1
7fdcf4d57000-7fdcf4d58000 r--p 00051000 08:06 403380                     /usr/lib/x86_64-linux-gnu/libgobject-2.0.so.0.4800.1
7fdcf4d58000-7fdcf4d59000 rw-p 00052000 08:06 403380                     /usr/lib/x86_64-linux-gnu/libgobject-2.0.so.0.4800.1
7fdcf4d59000-7fdcf4d96000 r-xp 00000000 08:06 398567                     /usr/lib/x86_64-linux-gnu/libfontconfig.so.1.9.0
7fdcf4d96000-7fdcf4f95000 ---p 0003d000 08:06 398567                     /usr/lib/x86_64-linux-gnu/libfontconfig.so.1.9.0
7fdcf4f95000-7fdcf4f97000 r--p 0003c000 08:06 398567                     /usr/lib/x86_64-linux-gnu/libfontconfig.so.1.9.0
7fdcf4f97000-7fdcf4f9c000 rw-p 0003e000 08:06 398567                     /usr/lib/x86_64-linux-gnu/libfontconfig.so.1.9.0
7fdcf4f9c000-7fdcf5040000 r-xp 00000000 08:06 401730                     /usr/lib/x86_64-linux-gnu/libfreetype.so.6.12.1
7fdcf5040000-7fdcf523f000 ---p 000a4000 08:06 401730                     /usr/lib/x86_64-linux-gnu/libfreetype.so.6.12.1
7fdcf523f000-7fdcf5245000 r--p 000a3000 08:06 401730                     /usr/lib/x86_64-linux-gnu/libfreetype.so.6.12.1
7fdcf5245000-7fdcf5246000 rw-p 000a9000 08:06 401730                     /usr/lib/x86_64-linux-gnu/libfreetype.so.6.12.1
7fdcf5246000-7fdcf528f000 r-xp 00000000 08:06 402231                     /usr/lib/x86_64-linux-gnu/libpango-1.0.so.0.3800.1
7fdcf528f000-7fdcf548f000 ---p 00049000 08:06 402231                     /usr/lib/x86_64-linux-gnu/libpango-1.0.so.0.3800.1
7fdcf548f000-7fdcf5491000 r--p 00049000 08:06 402231                     /usr/lib/x86_64-linux-gnu/libpango-1.0.so.0.3800.1
7fdcf5491000-7fdcf5492000 rw-p 0004b000 08:06 402231                     /usr/lib/x86_64-linux-gnu/libpango-1.0.so.0.3800.1
7fdcf5492000-7fdcf55a0000 r-xp 00000000 08:06 401460                     /usr/lib/x86_64-linux-gnu/libcairo.so.2.11400.6
7fdcf55a0000-7fdcf57a0000 ---p 0010e000 08:06 401460                     /usr/lib/x86_64-linux-gnu/libcairo.so.2.11400.6
7fdcf57a0000-7fdcf57a3000 r--p 0010e000 08:06 401460                     /usr/lib/x86_64-linux-gnu/libcairo.so.2.11400.6
7fdcf57a3000-7fdcf57a4000 rw-p 00111000 08:06 401460                     /usr/lib/x86_64-linux-gnu/libcairo.so.2.11400.6
7fdcf57a4000-7fdcf57a6000 rw-p 00000000 00:00 0 
7fdcf57a6000-7fdcf57b2000 r-xp 00000000 08:06 402233                     /usr/lib/x86_64-linux-gnu/libpangocairo-1.0.so.0.3800.1
7fdcf57b2000-7fdcf59b1000 ---p 0000c000 08:06 402233                     /usr/lib/x86_64-linux-gnu/libpangocairo-1.0.so.0.3800.1
7fdcf59b1000-7fdcf59b2000 r--p 0000b000 08:06 402233                     /usr/lib/x86_64-linux-gnu/libpangocairo-1.0.so.0.3800.1
7fdcf59b2000-7fdcf59b3000 rw-p 0000c000 08:06 402233                     /usr/lib/x86_64-linux-gnu/libpangocairo-1.0.so.0.3800.1
7fdcf59b3000-7fdcf59d4000 r-xp 00000000 08:06 401771                     /usr/lib/x86_64-linux-gnu/libgdk_pixbuf-2.0.so.0.3200.2
7fdcf59d4000-7fdcf5bd3000 ---p 00021000 08:06 401771                     /usr/lib/x86_64-linux-gnu/libgdk_pixbuf-2.0.so.0.3200.2
7fdcf5bd3000-7fdcf5bd4000 r--p 00020000 08:06 401771                     /usr/lib/x86_64-linux-gnu/libgdk_pixbuf-2.0.so.0.3200.2
7fdcf5bd4000-7fdcf5bd5000 rw-p 00021000 08:06 401771                     /usr/lib/x86_64-linux-gnu/libgdk_pixbuf-2.0.so.0.3200.2
7fdcf5bd5000-7fdcf5be9000 r-xp 00000000 08:06 402235                     /usr/lib/x86_64-linux-gnu/libpangoft2-1.0.so.0.3800.1
7fdcf5be9000-7fdcf5de9000 ---p 00014000 08:06 402235                     /usr/lib/x86_64-linux-gnu/libpangoft2-1.0.so.0.3800.1
7fdcf5de9000-7fdcf5dea000 r--p 00014000 08:06 402235                     /usr/lib/x86_64-linux-gnu/libpangoft2-1.0.so.0.3800.1
7fdcf5dea000-7fdcf5deb000 rw-p 00015000 08:06 402235                     /usr/lib/x86_64-linux-gnu/libpangoft2-1.0.so.0.3800.1
7fdcf5deb000-7fdcf5f6b000 r-xp 00000000 08:06 403373                     /usr/lib/x86_64-linux-gnu/libgio-2.0.so.0.4800.1
7fdcf5f6b000-7fdcf616b000 ---p 00180000 08:06 403373                     /usr/lib/x86_64-linux-gnu/libgio-2.0.so.0.4800.1
7fdcf616b000-7fdcf616f000 r--p 00180000 08:06 403373                     /usr/lib/x86_64-linux-gnu/libgio-2.0.so.0.4800.1
7fdcf616f000-7fdcf6171000 rw-p 00184000 08:06 403373                     /usr/lib/x86_64-linux-gnu/libgio-2.0.so.0.4800.1
7fdcf6171000-7fdcf6173000 rw-p 00000000 00:00 0 
7fdcf6173000-7fdcf6195000 r-xp 00000000 08:06 401404                     /usr/lib/x86_64-linux-gnu/libatk-1.0.so.0.21809.1
7fdcf6195000-7fdcf6394000 ---p 00022000 08:06 401404                     /usr/lib/x86_64-linux-gnu/libatk-1.0.so.0.21809.1
7fdcf6394000-7fdcf6397000 r--p 00021000 08:06 401404                     /usr/lib/x86_64-linux-gnu/libatk-1.0.so.0.21809.1
7fdcf6397000-7fdcf6398000 rw-p 00024000 08:06 401404                     /usr/lib/x86_64-linux-gnu/libatk-1.0.so.0.21809.1
7fdcf6398000-7fdcf6448000 r-xp 00000000 08:06 401769                     /usr/lib/x86_64-linux-gnu/libgdk-x11-2.0.so.0.2400.30
7fdcf6448000-7fdcf6647000 ---p 000b0000 08:06 401769                     /usr/lib/x86_64-linux-gnu/libgdk-x11-2.0.so.0.2400.30
7fdcf6647000-7fdcf664b000 r--p 000af000 08:06 401769                     /usr/lib/x86_64-linux-gnu/libgdk-x11-2.0.so.0.2400.30
7fdcf664b000-7fdcf664d000 rw-p 000b3000 08:06 401769                     /usr/lib/x86_64-linux-gnu/libgdk-x11-2.0.so.0.2400.30
7fdcf664d000-7fdcf6a8b000 r-xp 00000000 08:06 401914                     /usr/lib/x86_64-linux-gnu/libgtk-x11-2.0.so.0.2400.30
7fdcf6a8b000-7fdcf6c8a000 ---p 0043e000 08:06 401914                     /usr/lib/x86_64-linux-gnu/libgtk-x11-2.0.so.0.2400.30
7fdcf6c8a000-7fdcf6c91000 r--p 0043d000 08:06 401914                     /usr/lib/x86_64-linux-gnu/libgtk-x11-2.0.so.0.2400.30
7fdcf6c91000-7fdcf6c95000 rw-p 00444000 08:06 401914                     /usr/lib/x86_64-linux-gnu/libgtk-x11-2.0.so.0.2400.30
7fdcf6c95000-7fdcf6c98000 rw-p 00000000 00:00 0 
7fdcf6c98000-7fdcf6ca4000 r-xp 00000000 08:06 286423                     /usr/lib/jvm/java-8-oracle/jre/lib/amd64/libprism_es2.so
7fdcf6ca4000-7fdcf6ea3000 ---p 0000c000 08:06 286423                     /usr/lib/jvm/java-8-oracle/jre/lib/amd64/libprism_es2.so
7fdcf6ea3000-7fdcf6ea4000 rw-p 0000b000 08:06 286423                     /usr/lib/jvm/java-8-oracle/jre/lib/amd64/libprism_es2.so
7fdcf6ea4000-7fdcf6ea7000 ---p 00000000 00:00 0 
7fdcf6ea7000-7fdcf6fa5000 rw-p 00000000 00:00 0 
7fdcf6fa5000-7fdcf703b000 r--s 01102000 08:06 286484                     /usr/lib/jvm/java-8-oracle/jre/lib/ext/jfxrt.jar
7fdcf703b000-7fdcf703c000 ---p 00000000 00:00 0 
7fdcf703c000-7fdcf713c000 rw-p 00000000 00:00 0 
7fdcf713c000-7fdcf713f000 ---p 00000000 00:00 0 
7fdcf713f000-7fdcf723d000 rw-p 00000000 00:00 0 
7fdcf723d000-7fdcf7240000 ---p 00000000 00:00 0 
7fdcf7240000-7fdcf733e000 rw-p 00000000 00:00 0 
7fdcf733e000-7fdcf7341000 ---p 00000000 00:00 0 
7fdcf7341000-7fdcf743f000 rw-p 00000000 00:00 0 
7fdcf743f000-7fdcf7442000 ---p 00000000 00:00 0 
7fdcf7442000-7fdcf7540000 rw-p 00000000 00:00 0 
7fdcf7540000-7fdcf7543000 ---p 00000000 00:00 0 
7fdcf7543000-7fdcf7641000 rw-p 00000000 00:00 0 
7fdcf7641000-7fdcf8000000 r--p 00000000 08:06 396917                     /usr/lib/locale/locale-archive
7fdcf8000000-7fdcf8021000 rw-p 00000000 00:00 0 
7fdcf8021000-7fdcfc000000 ---p 00000000 00:00 0 
7fdcfc004000-7fdcfc00c000 r--s 00000000 08:08 137272                     /var/cache/fontconfig/e25ca923d7a08ab6b0777bd7eb77ea77-le64.cache-6
7fdcfc00c000-7fdcfc012000 r--s 00000000 08:08 136563                     /var/cache/fontconfig/2cd17615ca594fa2959ae173292e504c-le64.cache-6
7fdcfc012000-7fdcfc013000 r--s 00000000 08:08 136562                     /var/cache/fontconfig/0d8c3b2ac0904cb8a57a757ad11a4a08-le64.cache-6
7fdcfc013000-7fdcfc014000 r--s 00000000 08:08 136501                     /var/cache/fontconfig/1ac9eb803944fde146138c791f5cc56a-le64.cache-6
7fdcfc014000-7fdcfc018000 r--s 00000000 08:08 136375                     /var/cache/fontconfig/385c0604a188198f04d133e54aba7fe7-le64.cache-6
7fdcfc018000-7fdcfc019000 r--s 00000000 08:08 136263                     /var/cache/fontconfig/dc05db6664285cc2f12bf69c139ae4c3-le64.cache-6
7fdcfc019000-7fdcfc01e000 r--s 00000000 08:08 136046                     /var/cache/fontconfig/8801497958630a81b71ace7c5f9b32a8-le64.cache-6
7fdcfc01e000-7fdcfc025000 r--s 00000000 08:08 135388                     /var/cache/fontconfig/3047814df9a2f067bd2d96a2b9c36e5a-le64.cache-6
7fdcfc025000-7fdcfc038000 r--s 00000000 08:08 135240                     /var/cache/fontconfig/d52a8644073d54c13679302ca1180695-le64.cache-6
7fdcfc038000-7fdcfc07e000 r--p 00000000 08:06 835                        /usr/share/glib-2.0/schemas/gschemas.compiled
7fdcfc07e000-7fdcfc081000 ---p 00000000 00:00 0 
7fdcfc081000-7fdcfc17f000 rw-p 00000000 00:00 0 
7fdcfc17f000-7fdcfc182000 ---p 00000000 00:00 0 
7fdcfc182000-7fdd00000000 rw-p 00000000 00:00 0 
7fdd00000000-7fdd00021000 rw-p 00000000 00:00 0 
7fdd00021000-7fdd04000000 ---p 00000000 00:00 0 
7fdd04000000-7fdd04003000 r--s 00000000 08:08 136050                     /var/cache/fontconfig/767a8244fc0220cfb567a839d0392e0b-le64.cache-6
7fdd04003000-7fdd04004000 r--s 00000000 08:08 136047                     /var/cache/fontconfig/4794a0821666d79190d59a36cb4f44b5-le64.cache-6
7fdd04004000-7fdd04005000 r--s 00000000 08:08 136045                     /var/cache/fontconfig/bab58bb527bb656aaa9f116d68a48d89-le64.cache-6
7fdd04005000-7fdd04006000 r--s 00000000 08:08 135248                     /var/cache/fontconfig/56cf4f4769d0f4abc89a4895d7bd3ae1-le64.cache-6
7fdd04006000-7fdd04007000 r--s 00000000 08:08 135246                     /var/cache/fontconfig/b9d506c9ac06c20b433354fa67a72993-le64.cache-6
7fdd04007000-7fdd0400d000 r--s 00000000 08:08 135245                     /var/cache/fontconfig/b47c4e1ecd0709278f4910c18777a504-le64.cache-6
7fdd0400d000-7fdd0400e000 r--s 00000000 08:08 135239                     /var/cache/fontconfig/551ecf3b0e8b0bca0f25c0944f561853-le64.cache-6
7fdd0400e000-7fdd04019000 r--s 00000000 08:08 135009                     /var/cache/fontconfig/d589a48862398ed80a3d6066f4f56f4c-le64.cache-6
7fdd04019000-7fdd04024000 r--s 00000000 08:08 134481                     /var/cache/fontconfig/83bf95040141907cd45bb53cf7c1c148-le64.cache-6
7fdd04024000-7fdd04036000 r--s 00000000 08:08 134160                     /var/cache/fontconfig/9b89f8e3dae116d678bbf48e5f21f69b-le64.cache-6
7fdd04036000-7fdd04054000 r-xp 00000000 08:06 136190                     /lib/x86_64-linux-gnu/libudev.so.1.6.4
7fdd04054000-7fdd04055000 r--p 0001d000 08:06 136190                     /lib/x86_64-linux-gnu/libudev.so.1.6.4
7fdd04055000-7fdd04056000 rw-p 0001e000 08:06 136190                     /lib/x86_64-linux-gnu/libudev.so.1.6.4
7fdd04056000-7fdd04057000 r--s 00000000 08:08 135008                     /var/cache/fontconfig/30829fa25452a46451e813d634d7f916-le64.cache-6
7fdd04057000-7fdd0405a000 r--s 00000000 08:08 134482                     /var/cache/fontconfig/75114ca45c98e8a441da0ff356701271-le64.cache-6
7fdd0405a000-7fdd04067000 r--s 00000000 08:08 133210                     /var/cache/fontconfig/e13b20fdb08344e0e664864cc2ede53d-le64.cache-6
7fdd04067000-7fdd0406b000 r--s 00000000 08:08 128591                     /var/cache/fontconfig/7ef2298fde41cc6eeb7af42e48b7d293-le64.cache-6
7fdd0406b000-7fdd0406d000 r--s 00000000 08:08 138451                     /var/cache/fontconfig/16326683038b281783a0ef8c680e3a10-le64.cache-6
7fdd0406d000-7fdd0406e000 ---p 00000000 00:00 0 
7fdd0406e000-7fdd05000000 rw-p 00000000 00:00 0 
7fdd05000000-7fdd055e0000 rwxp 00000000 00:00 0 
7fdd055e0000-7fdd14000000 ---p 00000000 00:00 0 
7fdd14000000-7fdd143c5000 rw-p 00000000 00:00 0 
7fdd143c5000-7fdd18000000 ---p 00000000 00:00 0 
7fdd18000000-7fdd1800d000 r--s 00000000 08:08 128618                     /var/cache/fontconfig/8f02d4cb045bd6ce15663e43f347c9f8-le64.cache-6
7fdd1800d000-7fdd18015000 r--s 00045000 08:0a 824                        /home/mark/.p2/pool/plugins/org.junit_4.12.0.v201504281640/junit.jar
7fdd18015000-7fdd18165000 rw-p 00000000 00:00 0 
7fdd18165000-7fdd1833e000 r--s 03d29000 08:06 286400                     /usr/lib/jvm/java-8-oracle/jre/lib/rt.jar
7fdd1833e000-7fdd18f8c000 rw-p 00000000 00:00 0 
7fdd18f8c000-7fdd18f8d000 ---p 00000000 00:00 0 
7fdd18f8d000-7fdd1908d000 rw-p 00000000 00:00 0 
7fdd1908d000-7fdd1908e000 ---p 00000000 00:00 0 
7fdd1908e000-7fdd1918e000 rw-p 00000000 00:00 0 
7fdd1918e000-7fdd1918f000 ---p 00000000 00:00 0 
7fdd1918f000-7fdd1928f000 rw-p 00000000 00:00 0 
7fdd1928f000-7fdd19290000 ---p 00000000 00:00 0 
7fdd19290000-7fdd193ba000 rw-p 00000000 00:00 0 
7fdd193ba000-7fdd19620000 ---p 00000000 00:00 0 
7fdd19620000-7fdd1964a000 rw-p 00000000 00:00 0 
7fdd1964a000-7fdd198b0000 ---p 00000000 00:00 0 
7fdd198b0000-7fdd199e9000 rw-p 00000000 00:00 0 
7fdd199e9000-7fdd199f8000 ---p 00000000 00:00 0 
7fdd199f8000-7fdd19a11000 rw-p 00000000 00:00 0 
7fdd19a11000-7fdd19db9000 ---p 00000000 00:00 0 
7fdd19db9000-7fdd19dd3000 r-xp 00000000 08:06 286432                     /usr/lib/jvm/java-8-oracle/jre/lib/amd64/libzip.so
7fdd19dd3000-7fdd19fd3000 ---p 0001a000 08:06 286432                     /usr/lib/jvm/java-8-oracle/jre/lib/amd64/libzip.so
7fdd19fd3000-7fdd19fd4000 rw-p 0001a000 08:06 286432                     /usr/lib/jvm/java-8-oracle/jre/lib/amd64/libzip.so
7fdd19fd4000-7fdd19fdf000 r-xp 00000000 08:06 136277                     /lib/x86_64-linux-gnu/libnss_files-2.23.so
7fdd19fdf000-7fdd1a1de000 ---p 0000b000 08:06 136277                     /lib/x86_64-linux-gnu/libnss_files-2.23.so
7fdd1a1de000-7fdd1a1df000 r--p 0000a000 08:06 136277                     /lib/x86_64-linux-gnu/libnss_files-2.23.so
7fdd1a1df000-7fdd1a1e0000 rw-p 0000b000 08:06 136277                     /lib/x86_64-linux-gnu/libnss_files-2.23.so
7fdd1a1e0000-7fdd1a1e6000 rw-p 00000000 00:00 0 
7fdd1a1e6000-7fdd1a1f1000 r-xp 00000000 08:06 136287                     /lib/x86_64-linux-gnu/libnss_nis-2.23.so
7fdd1a1f1000-7fdd1a3f0000 ---p 0000b000 08:06 136287                     /lib/x86_64-linux-gnu/libnss_nis-2.23.so
7fdd1a3f0000-7fdd1a3f1000 r--p 0000a000 08:06 136287                     /lib/x86_64-linux-gnu/libnss_nis-2.23.so
7fdd1a3f1000-7fdd1a3f2000 rw-p 0000b000 08:06 136287                     /lib/x86_64-linux-gnu/libnss_nis-2.23.so
7fdd1a3f2000-7fdd1a408000 r-xp 00000000 08:06 136271                     /lib/x86_64-linux-gnu/libnsl-2.23.so
7fdd1a408000-7fdd1a607000 ---p 00016000 08:06 136271                     /lib/x86_64-linux-gnu/libnsl-2.23.so
7fdd1a607000-7fdd1a608000 r--p 00015000 08:06 136271                     /lib/x86_64-linux-gnu/libnsl-2.23.so
7fdd1a608000-7fdd1a609000 rw-p 00016000 08:06 136271                     /lib/x86_64-linux-gnu/libnsl-2.23.so
7fdd1a609000-7fdd1a60b000 rw-p 00000000 00:00 0 
7fdd1a60b000-7fdd1a613000 r-xp 00000000 08:06 136273                     /lib/x86_64-linux-gnu/libnss_compat-2.23.so
7fdd1a613000-7fdd1a812000 ---p 00008000 08:06 136273                     /lib/x86_64-linux-gnu/libnss_compat-2.23.so
7fdd1a812000-7fdd1a813000 r--p 00007000 08:06 136273                     /lib/x86_64-linux-gnu/libnss_compat-2.23.so
7fdd1a813000-7fdd1a814000 rw-p 00008000 08:06 136273                     /lib/x86_64-linux-gnu/libnss_compat-2.23.so
7fdd1a814000-7fdd1a83e000 r-xp 00000000 08:06 286458                     /usr/lib/jvm/java-8-oracle/jre/lib/amd64/libjava.so
7fdd1a83e000-7fdd1aa3e000 ---p 0002a000 08:06 286458                     /usr/lib/jvm/java-8-oracle/jre/lib/amd64/libjava.so
7fdd1aa3e000-7fdd1aa40000 rw-p 0002a000 08:06 286458                     /usr/lib/jvm/java-8-oracle/jre/lib/amd64/libjava.so
7fdd1aa40000-7fdd1aa4d000 r-xp 00000000 08:06 286409                     /usr/lib/jvm/java-8-oracle/jre/lib/amd64/libverify.so
7fdd1aa4d000-7fdd1ac4d000 ---p 0000d000 08:06 286409                     /usr/lib/jvm/java-8-oracle/jre/lib/amd64/libverify.so
7fdd1ac4d000-7fdd1ac4f000 rw-p 0000d000 08:06 286409                     /usr/lib/jvm/java-8-oracle/jre/lib/amd64/libverify.so
7fdd1ac4f000-7fdd1ac56000 r-xp 00000000 08:06 136332                     /lib/x86_64-linux-gnu/librt-2.23.so
7fdd1ac56000-7fdd1ae55000 ---p 00007000 08:06 136332                     /lib/x86_64-linux-gnu/librt-2.23.so
7fdd1ae55000-7fdd1ae56000 r--p 00006000 08:06 136332                     /lib/x86_64-linux-gnu/librt-2.23.so
7fdd1ae56000-7fdd1ae57000 rw-p 00007000 08:06 136332                     /lib/x86_64-linux-gnu/librt-2.23.so
7fdd1ae57000-7fdd1af5f000 r-xp 00000000 08:06 136248                     /lib/x86_64-linux-gnu/libm-2.23.so
7fdd1af5f000-7fdd1b15e000 ---p 00108000 08:06 136248                     /lib/x86_64-linux-gnu/libm-2.23.so
7fdd1b15e000-7fdd1b15f000 r--p 00107000 08:06 136248                     /lib/x86_64-linux-gnu/libm-2.23.so
7fdd1b15f000-7fdd1b160000 rw-p 00108000 08:06 136248                     /lib/x86_64-linux-gnu/libm-2.23.so
7fdd1b160000-7fdd1be2b000 r-xp 00000000 08:06 286462                     /usr/lib/jvm/java-8-oracle/jre/lib/amd64/server/libjvm.so
7fdd1be2b000-7fdd1c02a000 ---p 00ccb000 08:06 286462                     /usr/lib/jvm/java-8-oracle/jre/lib/amd64/server/libjvm.so
7fdd1c02a000-7fdd1c103000 rw-p 00cca000 08:06 286462                     /usr/lib/jvm/java-8-oracle/jre/lib/amd64/server/libjvm.so
7fdd1c103000-7fdd1c14e000 rw-p 00000000 00:00 0 
7fdd1c14e000-7fdd1c30e000 r-xp 00000000 08:06 136178                     /lib/x86_64-linux-gnu/libc-2.23.so
7fdd1c30e000-7fdd1c50d000 ---p 001c0000 08:06 136178                     /lib/x86_64-linux-gnu/libc-2.23.so
7fdd1c50d000-7fdd1c511000 r--p 001bf000 08:06 136178                     /lib/x86_64-linux-gnu/libc-2.23.so
7fdd1c511000-7fdd1c513000 rw-p 001c3000 08:06 136178                     /lib/x86_64-linux-gnu/libc-2.23.so
7fdd1c513000-7fdd1c517000 rw-p 00000000 00:00 0 
7fdd1c517000-7fdd1c51a000 r-xp 00000000 08:06 136202                     /lib/x86_64-linux-gnu/libdl-2.23.so
7fdd1c51a000-7fdd1c719000 ---p 00003000 08:06 136202                     /lib/x86_64-linux-gnu/libdl-2.23.so
7fdd1c719000-7fdd1c71a000 r--p 00002000 08:06 136202                     /lib/x86_64-linux-gnu/libdl-2.23.so
7fdd1c71a000-7fdd1c71b000 rw-p 00003000 08:06 136202                     /lib/x86_64-linux-gnu/libdl-2.23.so
7fdd1c71b000-7fdd1c730000 r-xp 00000000 08:06 283059                     /usr/lib/jvm/java-8-oracle/lib/amd64/jli/libjli.so
7fdd1c730000-7fdd1c930000 ---p 00015000 08:06 283059                     /usr/lib/jvm/java-8-oracle/lib/amd64/jli/libjli.so
7fdd1c930000-7fdd1c931000 rw-p 00015000 08:06 283059                     /usr/lib/jvm/java-8-oracle/lib/amd64/jli/libjli.so
7fdd1c931000-7fdd1c949000 r-xp 00000000 08:06 136324                     /lib/x86_64-linux-gnu/libpthread-2.23.so
7fdd1c949000-7fdd1cb48000 ---p 00018000 08:06 136324                     /lib/x86_64-linux-gnu/libpthread-2.23.so
7fdd1cb48000-7fdd1cb49000 r--p 00017000 08:06 136324                     /lib/x86_64-linux-gnu/libpthread-2.23.so
7fdd1cb49000-7fdd1cb4a000 rw-p 00018000 08:06 136324                     /lib/x86_64-linux-gnu/libpthread-2.23.so
7fdd1cb4a000-7fdd1cb4e000 rw-p 00000000 00:00 0 
7fdd1cb4e000-7fdd1cb74000 r-xp 00000000 08:06 136150                     /lib/x86_64-linux-gnu/ld-2.23.so
7fdd1cb74000-7fdd1cb75000 r--s 00000000 08:08 134703                     /var/cache/fontconfig/0c9eb80ebd1c36541ebe2852d3bb0c49-le64.cache-6
7fdd1cb75000-7fdd1cb7d000 rw-s 00000000 00:05 35339                      /drm mm object (deleted)
7fdd1cb7d000-7fdd1cb85000 rw-s 00000000 00:05 35329                      /drm mm object (deleted)
7fdd1cb85000-7fdd1cb8a000 r--p 00000000 08:0a 530255                     /home/mark/.config/dconf/user
7fdd1cb8a000-7fdd1cc55000 rw-p 00000000 00:00 0 
7fdd1cc55000-7fdd1cc58000 ---p 00000000 00:00 0 
7fdd1cc58000-7fdd1cd5a000 rw-p 00000000 00:00 0 
7fdd1cd5a000-7fdd1cd5b000 r--s 00008000 08:0a 548839                     /home/mark/.p2/pool/plugins/org.eclipse.fx.ide.css.jfx8_2.4.0.201605112122.jar
7fdd1cd5b000-7fdd1cd5d000 r--s 0000c000 08:0a 527585                     /home/mark/.p2/pool/plugins/org.hamcrest.core_1.3.0.v201303031735.jar
7fdd1cd5e000-7fdd1cd5f000 r--s 00000000 00:2d 34                         /run/user/1000/dconf/user
7fdd1cd5f000-7fdd1cd67000 rw-s 00000000 00:05 36340                      /drm mm object (deleted)
7fdd1cd67000-7fdd1cd6f000 rw-s 00000000 08:09 128527                     /tmp/hsperfdata_mark/4473
7fdd1cd6f000-7fdd1cd70000 rw-p 00000000 00:00 0 
7fdd1cd70000-7fdd1cd71000 ---p 00000000 00:00 0 
7fdd1cd71000-7fdd1cd73000 rw-p 00000000 00:00 0 
7fdd1cd73000-7fdd1cd74000 r--p 00025000 08:06 136150                     /lib/x86_64-linux-gnu/ld-2.23.so
7fdd1cd74000-7fdd1cd75000 rw-p 00026000 08:06 136150                     /lib/x86_64-linux-gnu/ld-2.23.so
7fdd1cd75000-7fdd1cd76000 rw-p 00000000 00:00 0 
7ffe7773a000-7ffe7775b000 rw-p 00000000 00:00 0                          [stack]
7ffe777a3000-7ffe777a5000 r--p 00000000 00:00 0                          [vvar]
7ffe777a5000-7ffe777a7000 r-xp 00000000 00:00 0                          [vdso]
ffffffffff600000-ffffffffff601000 r-xp 00000000 00:00 0                  [vsyscall]

VM Arguments:
jvm_args: -Dfile.encoding=UTF-8 
java_command: warlords.control.WarlordsController
java_class_path (initial): /home/mark/Documents/COMPSYS 302/uoa-cs302-2017-group01/Warlords/bin:/home/mark/.p2/pool/plugins/org.junit_4.12.0.v201504281640/junit.jar:/home/mark/.p2/pool/plugins/org.hamcrest.core_1.3.0.v201303031735.jar:/home/mark/.p2/pool/plugins/org.eclipse.fx.ide.css.jfx8_2.4.0.201605112122.jar
Launcher Type: SUN_STANDARD

Environment Variables:
PATH=/usr/local/sbin:/usr/local/bin:/usr/sbin:/usr/bin:/sbin:/bin:/usr/games:/usr/local/games:/snap/bin
SHELL=/bin/bash
DISPLAY=:0

Signal Handlers:
SIGSEGV: [libjvm.so+0xac4790], sa_mask[0]=11111111011111111101111111111110, sa_flags=SA_RESTART|SA_SIGINFO
SIGBUS: [libjvm.so+0xac4790], sa_mask[0]=11111111011111111101111111111110, sa_flags=SA_RESTART|SA_SIGINFO
SIGFPE: [libjvm.so+0x91f140], sa_mask[0]=11111111011111111101111111111110, sa_flags=SA_RESTART|SA_SIGINFO
SIGPIPE: SIG_IGN, sa_mask[0]=00000000000010000000000000000000, sa_flags=SA_RESTART
SIGXFSZ: [libjvm.so+0x91f140], sa_mask[0]=11111111011111111101111111111110, sa_flags=SA_RESTART|SA_SIGINFO
SIGILL: [libjvm.so+0x91f140], sa_mask[0]=11111111011111111101111111111110, sa_flags=SA_RESTART|SA_SIGINFO
SIGUSR1: SIG_DFL, sa_mask[0]=00000000000000000000000000000000, sa_flags=none
SIGUSR2: [libjvm.so+0x920770], sa_mask[0]=00100000000000000000000000000000, sa_flags=SA_RESTART|SA_SIGINFO
SIGHUP: [libjvm.so+0x921b70], sa_mask[0]=11111111011111111101111111111110, sa_flags=SA_RESTART|SA_SIGINFO
SIGINT: [libjvm.so+0x921b70], sa_mask[0]=11111111011111111101111111111110, sa_flags=SA_RESTART|SA_SIGINFO
SIGTERM: [libjvm.so+0x921b70], sa_mask[0]=11111111011111111101111111111110, sa_flags=SA_RESTART|SA_SIGINFO
SIGQUIT: [libjvm.so+0x921b70], sa_mask[0]=11111111011111111101111111111110, sa_flags=SA_RESTART|SA_SIGINFO


---------------  S Y S T E M  ---------------

OS:DISTRIB_ID=Ubuntu
DISTRIB_RELEASE=16.04
DISTRIB_CODENAME=xenial
DISTRIB_DESCRIPTION="Ubuntu 16.04.1 LTS"

uname:Linux 4.4.0-34-generic #53-Ubuntu SMP Wed Jul 27 16:06:39 UTC 2016 x86_64
libc:glibc 2.23 NPTL 2.23 
rlimit: STACK 8192k, CORE 0k, NPROC 31060, NOFILE 65536, AS infinity
load average:11.12 5.10 2.24

/proc/meminfo:
MemTotal:        8055324 kB
MemFree:          818856 kB
MemAvailable:     715248 kB
Buffers:             756 kB
Cached:           341080 kB
SwapCached:          124 kB
Active:          6057184 kB
Inactive:         985332 kB
Active(anon):    6053528 kB
Inactive(anon):   950112 kB
Active(file):       3656 kB
Inactive(file):    35220 kB
Unevictable:          32 kB
Mlocked:              32 kB
SwapTotal:        498684 kB
SwapFree:          24204 kB
Dirty:               100 kB
Writeback:             0 kB
AnonPages:       6701732 kB
Mapped:            87388 kB
Shmem:            302356 kB
Slab:              65096 kB
SReclaimable:      28276 kB
SUnreclaim:        36820 kB
KernelStack:       12544 kB
PageTables:        46524 kB
NFS_Unstable:          0 kB
Bounce:                0 kB
WritebackTmp:          0 kB
CommitLimit:     4526344 kB
Committed_AS:   12636744 kB
VmallocTotal:   34359738367 kB
VmallocUsed:           0 kB
VmallocChunk:          0 kB
HardwareCorrupted:     0 kB
AnonHugePages:   4902912 kB
CmaTotal:              0 kB
CmaFree:               0 kB
HugePages_Total:       0
HugePages_Free:        0
HugePages_Rsvd:        0
HugePages_Surp:        0
Hugepagesize:       2048 kB
DirectMap4k:      118204 kB
DirectMap2M:     3956736 kB
DirectMap1G:     5242880 kB


CPU:total 4 (2 cores per cpu, 2 threads per core) family 6 model 78 stepping 3, cmov, cx8, fxsr, mmx, sse, sse2, sse3, ssse3, sse4.1, sse4.2, popcnt, avx, avx2, aes, clmul, erms, 3dnowpref, lzcnt, ht, tsc, tscinvbit, bmi1, bmi2, adx

/proc/cpuinfo:
processor	: 0
vendor_id	: GenuineIntel
cpu family	: 6
model		: 78
model name	: Intel(R) Core(TM) i7-6500U CPU @ 2.50GHz
stepping	: 3
microcode	: 0x9e
cpu MHz		: 757.148
cache size	: 4096 KB
physical id	: 0
siblings	: 4
core id		: 0
cpu cores	: 2
apicid		: 0
initial apicid	: 0
fpu		: yes
fpu_exception	: yes
cpuid level	: 22
wp		: yes
flags		: fpu vme de pse tsc msr pae mce cx8 apic sep mtrr pge mca cmov pat pse36 clflush dts acpi mmx fxsr sse sse2 ss ht tm pbe syscall nx pdpe1gb rdtscp lm constant_tsc art arch_perfmon pebs bts rep_good nopl xtopology nonstop_tsc aperfmperf eagerfpu pni pclmulqdq dtes64 monitor ds_cpl vmx est tm2 ssse3 sdbg fma cx16 xtpr pdcm pcid sse4_1 sse4_2 x2apic movbe popcnt tsc_deadline_timer aes xsave avx f16c rdrand lahf_lm abm 3dnowprefetch epb intel_pt tpr_shadow vnmi flexpriority ept vpid fsgsbase tsc_adjust bmi1 avx2 smep bmi2 erms invpcid mpx rdseed adx smap clflushopt xsaveopt xsavec xgetbv1 dtherm ida arat pln pts hwp hwp_notify hwp_act_window hwp_epp
bugs		:
bogomips	: 5183.84
clflush size	: 64
cache_alignment	: 64
address sizes	: 39 bits physical, 48 bits virtual
power management:

processor	: 1
vendor_id	: GenuineIntel
cpu family	: 6
model		: 78
model name	: Intel(R) Core(TM) i7-6500U CPU @ 2.50GHz
stepping	: 3
microcode	: 0x9e
cpu MHz		: 756.945
cache size	: 4096 KB
physical id	: 0
siblings	: 4
core id		: 1
cpu cores	: 2
apicid		: 2
initial apicid	: 2
fpu		: yes
fpu_exception	: yes
cpuid level	: 22
wp		: yes
flags		: fpu vme de pse tsc msr pae mce cx8 apic sep mtrr pge mca cmov pat pse36 clflush dts acpi mmx fxsr sse sse2 ss ht tm pbe syscall nx pdpe1gb rdtscp lm constant_tsc art arch_perfmon pebs bts rep_good nopl xtopology nonstop_tsc aperfmperf eagerfpu pni pclmulqdq dtes64 monitor ds_cpl vmx est tm2 ssse3 sdbg fma cx16 xtpr pdcm pcid sse4_1 sse4_2 x2apic movbe popcnt tsc_deadline_timer aes xsave avx f16c rdrand lahf_lm abm 3dnowprefetch epb intel_pt tpr_shadow vnmi flexpriority ept vpid fsgsbase tsc_adjust bmi1 avx2 smep bmi2 erms invpcid mpx rdseed adx smap clflushopt xsaveopt xsavec xgetbv1 dtherm ida arat pln pts hwp hwp_notify hwp_act_window hwp_epp
bugs		:
bogomips	: 5183.84
clflush size	: 64
cache_alignment	: 64
address sizes	: 39 bits physical, 48 bits virtual
power management:

processor	: 2
vendor_id	: GenuineIntel
cpu family	: 6
model		: 78
model name	: Intel(R) Core(TM) i7-6500U CPU @ 2.50GHz
stepping	: 3
microcode	: 0x9e
cpu MHz		: 776.750
cache size	: 4096 KB
physical id	: 0
siblings	: 4
core id		: 0
cpu cores	: 2
apicid		: 1
initial apicid	: 1
fpu		: yes
fpu_exception	: yes
cpuid level	: 22
wp		: yes
flags		: fpu vme de pse tsc msr pae mce cx8 apic sep mtrr pge mca cmov pat pse36 clflush dts acpi mmx fxsr sse sse2 ss ht tm pbe syscall nx pdpe1gb rdtscp lm constant_tsc art arch_perfmon pebs bts rep_good nopl xtopology nonstop_tsc aperfmperf eagerfpu pni pclmulqdq dtes64 monitor ds_cpl vmx est tm2 ssse3 sdbg fma cx16 xtpr pdcm pcid sse4_1 sse4_2 x2apic movbe popcnt tsc_deadline_timer aes xsave avx f16c rdrand lahf_lm abm 3dnowprefetch epb intel_pt tpr_shadow vnmi flexpriority ept vpid fsgsbase tsc_adjust bmi1 avx2 smep bmi2 erms invpcid mpx rdseed adx smap clflushopt xsaveopt xsavec xgetbv1 dtherm ida arat pln pts hwp hwp_notify hwp_act_window hwp_epp
bugs		:
bogomips	: 5183.84
clflush size	: 64
cache_alignment	: 64
address sizes	: 39 bits physical, 48 bits virtual
power management:

processor	: 3
vendor_id	: GenuineIntel
cpu family	: 6
model		: 78
model name	: Intel(R) Core(TM) i7-6500U CPU @ 2.50GHz
stepping	: 3
microcode	: 0x9e
cpu MHz		: 755.421
cache size	: 4096 KB
physical id	: 0
siblings	: 4
core id		: 1
cpu cores	: 2
apicid		: 3
initial apicid	: 3
fpu		: yes
fpu_exception	: yes
cpuid level	: 22
wp		: yes
flags		: fpu vme de pse tsc msr pae mce cx8 apic sep mtrr pge mca cmov pat pse36 clflush dts acpi mmx fxsr sse sse2 ss ht tm pbe syscall nx pdpe1gb rdtscp lm constant_tsc art arch_perfmon pebs bts rep_good nopl xtopology nonstop_tsc aperfmperf eagerfpu pni pclmulqdq dtes64 monitor ds_cpl vmx est tm2 ssse3 sdbg fma cx16 xtpr pdcm pcid sse4_1 sse4_2 x2apic movbe popcnt tsc_deadline_timer aes xsave avx f16c rdrand lahf_lm abm 3dnowprefetch epb intel_pt tpr_shadow vnmi flexpriority ept vpid fsgsbase tsc_adjust bmi1 avx2 smep bmi2 erms invpcid mpx rdseed adx smap clflushopt xsaveopt xsavec xgetbv1 dtherm ida arat pln pts hwp hwp_notify hwp_act_window hwp_epp
bugs		:
bogomips	: 5183.84
clflush size	: 64
cache_alignment	: 64
address sizes	: 39 bits physical, 48 bits virtual
power management:



Memory: 4k page, physical 8055324k(818360k free), swap 498684k(24244k free)

vm_info: Java HotSpot(TM) 64-Bit Server VM (25.101-b13) for linux-amd64 JRE (1.8.0_101-b13), built on Jun 22 2016 02:59:44 by "java_re" with gcc 4.3.0 20080428 (Red Hat 4.3.0-8)

time: Wed Mar 29 12:18:11 2017
elapsed time: 129 seconds (0d 0h 2m 9s)

