#
# There is insufficient memory for the Java Runtime Environment to continue.
# Native memory allocation (mmap) failed to map 27787264 bytes for committing reserved memory.
# Possible reasons:
#   The system is out of physical RAM or swap space
#   In 32 bit mode, the process size limit was hit
# Possible solutions:
#   Reduce memory load on the system
#   Increase physical memory or swap space
#   Check if swap backing store is full
#   Use 64 bit Java on a 64 bit OS
#   Decrease Java heap size (-Xmx/-Xms)
#   Decrease number of Java threads
#   Decrease Java thread stack sizes (-Xss)
#   Set larger code cache with -XX:ReservedCodeCacheSize=
# This output file may be truncated or incomplete.
#
#  Out of Memory Error (os_linux.cpp:2627), pid=4443, tid=0x00007fc4d5621700
#
# JRE version: Java(TM) SE Runtime Environment (8.0_101-b13) (build 1.8.0_101-b13)
# Java VM: Java HotSpot(TM) 64-Bit Server VM (25.101-b13 mixed mode linux-amd64 compressed oops)
# Failed to write core dump. Core dumps have been disabled. To enable core dumping, try "ulimit -c unlimited" before starting Java again
#

---------------  T H R E A D  ---------------

Current thread (0x00007fc4ec077800):  VMThread [stack: 0x00007fc4d5521000,0x00007fc4d5622000] [id=4454]

Stack: [0x00007fc4d5521000,0x00007fc4d5622000],  sp=0x00007fc4d561ffa0,  free space=1019k
Native frames: (J=compiled Java code, j=interpreted, Vv=VM code, C=native code)
V  [libjvm.so+0xac3f0a]  VMError::report_and_die()+0x2ba
V  [libjvm.so+0x4fbf9b]  report_vm_out_of_memory(char const*, int, unsigned long, VMErrorType, char const*)+0x8b
V  [libjvm.so+0x9222d3]  os::Linux::commit_memory_impl(char*, unsigned long, bool)+0x103
V  [libjvm.so+0x922829]  os::pd_commit_memory(char*, unsigned long, unsigned long, bool)+0x29
V  [libjvm.so+0x91cb2a]  os::commit_memory(char*, unsigned long, unsigned long, bool)+0x2a
V  [libjvm.so+0x991053]  PSVirtualSpace::expand_by(unsigned long)+0x53
V  [libjvm.so+0x992458]  PSYoungGen::resize_generation(unsigned long, unsigned long)+0xf8
V  [libjvm.so+0x9915b2]  PSYoungGen::resize(unsigned long, unsigned long)+0x22
V  [libjvm.so+0x98e88b]  PSScavenge::invoke_no_policy()+0xf3b
V  [libjvm.so+0x98f011]  PSScavenge::invoke()+0x41
V  [libjvm.so+0x945fc0]  ParallelScavengeHeap::failed_mem_allocate(unsigned long)+0x70
V  [libjvm.so+0xac5927]  VM_ParallelGCFailedAllocation::doit()+0x97
V  [libjvm.so+0xacd405]  VM_Operation::evaluate()+0x55
V  [libjvm.so+0xacb7da]  VMThread::evaluate_operation(VM_Operation*)+0xba
V  [libjvm.so+0xacbb5e]  VMThread::loop()+0x1ce
V  [libjvm.so+0xacbfd0]  VMThread::run()+0x70
V  [libjvm.so+0x924698]  java_start(Thread*)+0x108

VM_Operation (0x00007fc48cdf6060): ParallelGCFailedAllocation, mode: safepoint, requested by thread 0x00007fc47c283000


---------------  P R O C E S S  ---------------

Java Threads: ( => current thread )
  0x00007fc47c283000 JavaThread "Timer-0" [_thread_blocked, id=4471, stack(0x00007fc48ccf7000,0x00007fc48cdf8000)]
  0x00007fc47c2a4000 JavaThread "Prism Font Disposer" daemon [_thread_blocked, id=4470, stack(0x00007fc48d00b000,0x00007fc48d10c000)]
  0x00007fc4ec22f800 JavaThread "JavaFX-Launcher" [_thread_blocked, id=4469, stack(0x00007fc48dcd1000,0x00007fc48ddd2000)]
  0x00007fc4ec1f6800 JavaThread "JavaFX Application Thread" [_thread_blocked, id=4468, stack(0x00007fc48ddd2000,0x00007fc48ded3000)]
  0x00007fc4ec22b800 JavaThread "Thread-1" daemon [_thread_blocked, id=4465, stack(0x00007fc49c0eb000,0x00007fc49c1ec000)]
  0x00007fc4ec16d800 JavaThread "QuantumRenderer-0" daemon [_thread_blocked, id=4463, stack(0x00007fc4d41c3000,0x00007fc4d42c4000)]
  0x00007fc4ec0c0000 JavaThread "Service Thread" daemon [_thread_blocked, id=4461, stack(0x00007fc4d445b000,0x00007fc4d455c000)]
  0x00007fc4ec0bd000 JavaThread "C1 CompilerThread2" daemon [_thread_blocked, id=4460, stack(0x00007fc4d455c000,0x00007fc4d465d000)]
  0x00007fc4ec0bb800 JavaThread "C2 CompilerThread1" daemon [_thread_blocked, id=4459, stack(0x00007fc4d465d000,0x00007fc4d475e000)]
  0x00007fc4ec0b8800 JavaThread "C2 CompilerThread0" daemon [_thread_blocked, id=4458, stack(0x00007fc4d475e000,0x00007fc4d485f000)]
  0x00007fc4ec0b7000 JavaThread "Signal Dispatcher" daemon [_thread_blocked, id=4457, stack(0x00007fc4d485f000,0x00007fc4d4960000)]
  0x00007fc4ec084000 JavaThread "Finalizer" daemon [_thread_blocked, id=4456, stack(0x00007fc4d531f000,0x00007fc4d5420000)]
  0x00007fc4ec07f800 JavaThread "Reference Handler" daemon [_thread_blocked, id=4455, stack(0x00007fc4d5420000,0x00007fc4d5521000)]
  0x00007fc4ec00a000 JavaThread "main" [_thread_blocked, id=4445, stack(0x00007fc4f1e7a000,0x00007fc4f1f7b000)]

Other Threads:
=>0x00007fc4ec077800 VMThread [stack: 0x00007fc4d5521000,0x00007fc4d5622000] [id=4454]
  0x00007fc4ec0c3000 WatcherThread [stack: 0x00007fc4d435a000,0x00007fc4d445b000] [id=4462]

VM state:at safepoint (normal execution)

VM Mutex/Monitor currently owned by a thread:  ([mutex/lock_event])
[0x00007fc4ec0060b0] Threads_lock - owner thread: 0x00007fc4ec077800
[0x00007fc4ec0065b0] Heap_lock - owner thread: 0x00007fc47c283000

Heap:
 PSYoungGen      total 634368K, used 32K [0x00000000d7000000, 0x00000000fe580000, 0x0000000100000000)
  eden space 633856K, 0% used [0x00000000d7000000,0x00000000d7000000,0x00000000fdb00000)
  from space 512K, 6% used [0x00000000fdb00000,0x00000000fdb08000,0x00000000fdb80000)
  to   space 512K, 0% used [0x00000000fdb80000,0x00000000fdb80000,0x00000000fdc00000)
 ParOldGen       total 84992K, used 4716K [0x0000000085000000, 0x000000008a300000, 0x00000000d7000000)
  object space 84992K, 5% used [0x0000000085000000,0x000000008549b3f8,0x000000008a300000)
 Metaspace       used 15768K, capacity 16362K, committed 16512K, reserved 1062912K
  class space    used 2155K, capacity 2342K, committed 2432K, reserved 1048576K

Card table byte_map: [0x00007fc4db7c9000,0x00007fc4dbba2000] byte_map_base: 0x00007fc4db3a1000

Marking Bits: (ParMarkBitMap*) 0x00007fc4f1346120
 Begin Bits: [0x00007fc4d73b5000, 0x00007fc4d9275000)
 End Bits:   [0x00007fc4d9275000, 0x00007fc4db135000)

Polling page: 0x00007fc4f1f95000

CodeCache: size=245760Kb used=6849Kb max_used=6860Kb free=238910Kb
 bounds [0x00007fc4dbf62000, 0x00007fc4dc622000, 0x00007fc4eaf62000]
 total_blobs=2631 nmethods=2042 adapters=502
 compilation: enabled

Compilation events (10 events):
Event: 67.678 Thread 0x00007fc4ec0bd000 2073       3       warlords.model.Game::checkWarlords (1014 bytes)
Event: 67.681 Thread 0x00007fc4ec0bd000 nmethod 2073 0x00007fc4dc619d10 code [0x00007fc4dc61a180, 0x00007fc4dc61c828]
Event: 67.842 Thread 0x00007fc4ec0b8800 2074       4       warlords.model.Game::checkWarlords (1014 bytes)
Event: 67.854 Thread 0x00007fc4ec0b8800 nmethod 2074 0x00007fc4dc072210 code [0x00007fc4dc0723c0, 0x00007fc4dc072988]
Event: 82.888 Thread 0x00007fc4ec0bb800 2075       4       com.sun.javafx.tk.quantum.QuantumToolkit::postPulse (148 bytes)
Event: 82.892 Thread 0x00007fc4ec0bb800 nmethod 2075 0x00007fc4dc1a2d10 code [0x00007fc4dc1a2ea0, 0x00007fc4dc1a3108]
Event: 93.966 Thread 0x00007fc4ec0bb800 2076       4       com.sun.javafx.tk.quantum.QuantumToolkit$$Lambda$46/1187163689::run (8 bytes)
Event: 93.970 Thread 0x00007fc4ec0bb800 nmethod 2076 0x00007fc4dc077710 code [0x00007fc4dc0778a0, 0x00007fc4dc077b58]
Event: 120.014 Thread 0x00007fc4ec0b8800 2077       4       java.util.TaskQueue::isEmpty (13 bytes)
Event: 120.015 Thread 0x00007fc4ec0b8800 nmethod 2077 0x00007fc4dc073d10 code [0x00007fc4dc073e60, 0x00007fc4dc073ed8]

GC Heap History (10 events):
Event: 122.684 GC heap after
Heap after GC invocations=170 (full 0):
 PSYoungGen      total 310272K, used 32K [0x00000000d7000000, 0x00000000fdc00000, 0x0000000100000000)
  eden space 309760K, 0% used [0x00000000d7000000,0x00000000d7000000,0x00000000e9e80000)
  from space 512K, 6% used [0x00000000fdb80000,0x00000000fdb88000,0x00000000fdc00000)
  to   space 512K, 0% used [0x00000000fdb00000,0x00000000fdb00000,0x00000000fdb80000)
 ParOldGen       total 84992K, used 4716K [0x0000000085000000, 0x000000008a300000, 0x00000000d7000000)
  object space 84992K, 5% used [0x0000000085000000,0x000000008549b3f8,0x000000008a300000)
 Metaspace       used 15768K, capacity 16362K, committed 16512K, reserved 1062912K
  class space    used 2155K, capacity 2342K, committed 2432K, reserved 1048576K
}
Event: 123.253 GC heap before
{Heap before GC invocations=171 (full 0):
 PSYoungGen      total 310272K, used 309792K [0x00000000d7000000, 0x00000000fdc00000, 0x0000000100000000)
  eden space 309760K, 100% used [0x00000000d7000000,0x00000000e9e80000,0x00000000e9e80000)
  from space 512K, 6% used [0x00000000fdb80000,0x00000000fdb88000,0x00000000fdc00000)
  to   space 512K, 0% used [0x00000000fdb00000,0x00000000fdb00000,0x00000000fdb80000)
 ParOldGen       total 84992K, used 4716K [0x0000000085000000, 0x000000008a300000, 0x00000000d7000000)
  object space 84992K, 5% used [0x0000000085000000,0x000000008549b3f8,0x000000008a300000)
 Metaspace       used 15768K, capacity 16362K, committed 16512K, reserved 1062912K
  class space    used 2155K, capacity 2342K, committed 2432K, reserved 1048576K
Event: 123.262 GC heap after
Heap after GC invocations=171 (full 0):
 PSYoungGen      total 372224K, used 64K [0x00000000d7000000, 0x00000000fdc00000, 0x0000000100000000)
  eden space 371712K, 0% used [0x00000000d7000000,0x00000000d7000000,0x00000000edb00000)
  from space 512K, 12% used [0x00000000fdb00000,0x00000000fdb10000,0x00000000fdb80000)
  to   space 512K, 0% used [0x00000000fdb80000,0x00000000fdb80000,0x00000000fdc00000)
 ParOldGen       total 84992K, used 4716K [0x0000000085000000, 0x000000008a300000, 0x00000000d7000000)
  object space 84992K, 5% used [0x0000000085000000,0x000000008549b3f8,0x000000008a300000)
 Metaspace       used 15768K, capacity 16362K, committed 16512K, reserved 1062912K
  class space    used 2155K, capacity 2342K, committed 2432K, reserved 1048576K
}
Event: 123.973 GC heap before
{Heap before GC invocations=172 (full 0):
 PSYoungGen      total 372224K, used 371776K [0x00000000d7000000, 0x00000000fdc00000, 0x0000000100000000)
  eden space 371712K, 100% used [0x00000000d7000000,0x00000000edb00000,0x00000000edb00000)
  from space 512K, 12% used [0x00000000fdb00000,0x00000000fdb10000,0x00000000fdb80000)
  to   space 512K, 0% used [0x00000000fdb80000,0x00000000fdb80000,0x00000000fdc00000)
 ParOldGen       total 84992K, used 4716K [0x0000000085000000, 0x000000008a300000, 0x00000000d7000000)
  object space 84992K, 5% used [0x0000000085000000,0x000000008549b3f8,0x000000008a300000)
 Metaspace       used 15768K, capacity 16362K, committed 16512K, reserved 1062912K
  class space    used 2155K, capacity 2342K, committed 2432K, reserved 1048576K
Event: 123.987 GC heap after
Heap after GC invocations=172 (full 0):
 PSYoungGen      total 446976K, used 0K [0x00000000d7000000, 0x00000000fdc00000, 0x0000000100000000)
  eden space 446464K, 0% used [0x00000000d7000000,0x00000000d7000000,0x00000000f2400000)
  from space 512K, 0% used [0x00000000fdb80000,0x00000000fdb80000,0x00000000fdc00000)
  to   space 512K, 0% used [0x00000000fdb00000,0x00000000fdb00000,0x00000000fdb80000)
 ParOldGen       total 84992K, used 4716K [0x0000000085000000, 0x000000008a300000, 0x00000000d7000000)
  object space 84992K, 5% used [0x0000000085000000,0x000000008549b3f8,0x000000008a300000)
 Metaspace       used 15768K, capacity 16362K, committed 16512K, reserved 1062912K
  class space    used 2155K, capacity 2342K, committed 2432K, reserved 1048576K
}
Event: 124.566 GC heap before
{Heap before GC invocations=173 (full 0):
 PSYoungGen      total 446976K, used 446464K [0x00000000d7000000, 0x00000000fdc00000, 0x0000000100000000)
  eden space 446464K, 100% used [0x00000000d7000000,0x00000000f2400000,0x00000000f2400000)
  from space 512K, 0% used [0x00000000fdb80000,0x00000000fdb80000,0x00000000fdc00000)
  to   space 512K, 0% used [0x00000000fdb00000,0x00000000fdb00000,0x00000000fdb80000)
 ParOldGen       total 84992K, used 4716K [0x0000000085000000, 0x000000008a300000, 0x00000000d7000000)
  object space 84992K, 5% used [0x0000000085000000,0x000000008549b3f8,0x000000008a300000)
 Metaspace       used 15768K, capacity 16362K, committed 16512K, reserved 1062912K
  class space    used 2155K, capacity 2342K, committed 2432K, reserved 1048576K
Event: 124.583 GC heap after
Heap after GC invocations=173 (full 0):
 PSYoungGen      total 536576K, used 32K [0x00000000d7000000, 0x00000000fdc00000, 0x0000000100000000)
  eden space 536064K, 0% used [0x00000000d7000000,0x00000000d7000000,0x00000000f7b80000)
  from space 512K, 6% used [0x00000000fdb00000,0x00000000fdb08000,0x00000000fdb80000)
  to   space 512K, 0% used [0x00000000fdb80000,0x00000000fdb80000,0x00000000fdc00000)
 ParOldGen       total 84992K, used 4716K [0x0000000085000000, 0x000000008a300000, 0x00000000d7000000)
  object space 84992K, 5% used [0x0000000085000000,0x000000008549b3f8,0x000000008a300000)
 Metaspace       used 15768K, capacity 16362K, committed 16512K, reserved 1062912K
  class space    used 2155K, capacity 2342K, committed 2432K, reserved 1048576K
}
Event: 125.506 GC heap before
{Heap before GC invocations=174 (full 0):
 PSYoungGen      total 536576K, used 536096K [0x00000000d7000000, 0x00000000fdc00000, 0x0000000100000000)
  eden space 536064K, 100% used [0x00000000d7000000,0x00000000f7b80000,0x00000000f7b80000)
  from space 512K, 6% used [0x00000000fdb00000,0x00000000fdb08000,0x00000000fdb80000)
  to   space 512K, 0% used [0x00000000fdb80000,0x00000000fdb80000,0x00000000fdc00000)
 ParOldGen       total 84992K, used 4716K [0x0000000085000000, 0x000000008a300000, 0x00000000d7000000)
  object space 84992K, 5% used [0x0000000085000000,0x000000008549b3f8,0x000000008a300000)
 Metaspace       used 15768K, capacity 16362K, committed 16512K, reserved 1062912K
  class space    used 2155K, capacity 2342K, committed 2432K, reserved 1048576K
Event: 125.686 GC heap after
Heap after GC invocations=174 (full 0):
 PSYoungGen      total 634368K, used 32K [0x00000000d7000000, 0x00000000fe580000, 0x0000000100000000)
  eden space 633856K, 0% used [0x00000000d7000000,0x00000000d7000000,0x00000000fdb00000)
  from space 512K, 6% used [0x00000000fdb80000,0x00000000fdb88000,0x00000000fdc00000)
  to   space 512K, 0% used [0x00000000fdb00000,0x00000000fdb00000,0x00000000fdb80000)
 ParOldGen       total 84992K, used 4716K [0x0000000085000000, 0x000000008a300000, 0x00000000d7000000)
  object space 84992K, 5% used [0x0000000085000000,0x000000008549b3f8,0x000000008a300000)
 Metaspace       used 15768K, capacity 16362K, committed 16512K, reserved 1062912K
  class space    used 2155K, capacity 2342K, committed 2432K, reserved 1048576K
}
Event: 128.280 GC heap before
{Heap before GC invocations=175 (full 0):
 PSYoungGen      total 634368K, used 633888K [0x00000000d7000000, 0x00000000fe580000, 0x0000000100000000)
  eden space 633856K, 100% used [0x00000000d7000000,0x00000000fdb00000,0x00000000fdb00000)
  from space 512K, 6% used [0x00000000fdb80000,0x00000000fdb88000,0x00000000fdc00000)
  to   space 512K, 0% used [0x00000000fdb00000,0x00000000fdb00000,0x00000000fdb80000)
 ParOldGen       total 84992K, used 4716K [0x0000000085000000, 0x000000008a300000, 0x00000000d7000000)
  object space 84992K, 5% used [0x0000000085000000,0x000000008549b3f8,0x000000008a300000)
 Metaspace       used 15768K, capacity 16362K, committed 16512K, reserved 1062912K
  class space    used 2155K, capacity 2342K, committed 2432K, reserved 1048576K

Deoptimization events (10 events):
Event: 2.351 Thread 0x00007fc4ec1f6800 Uncommon trap: reason=class_check action=maybe_recompile pc=0x00007fc4dc077578 method=java.lang.String.equals(Ljava/lang/Object;)Z @ 8
Event: 2.973 Thread 0x00007fc4ec1f6800 Uncommon trap: reason=unstable_if action=reinterpret pc=0x00007fc4dc238228 method=sun.net.www.ParseUtil.encodePath(Ljava/lang/String;Z)Ljava/lang/String; @ 109
Event: 5.451 Thread 0x00007fc47c283000 Uncommon trap: reason=unstable_if action=reinterpret pc=0x00007fc4dc311880 method=warlords.model.Game.coordInBallPath(II)Z @ 286
Event: 5.598 Thread 0x00007fc47c283000 Uncommon trap: reason=unstable_if action=reinterpret pc=0x00007fc4dc3dfdac method=warlords.model.Game.coordInBallPath(II)Z @ 302
Event: 5.598 Thread 0x00007fc47c283000 Uncommon trap: reason=unstable_if action=reinterpret pc=0x00007fc4dc377a68 method=warlords.model.Game.checkPaddles()Z @ 86
Event: 5.598 Thread 0x00007fc47c283000 Uncommon trap: reason=unstable_if action=reinterpret pc=0x00007fc4dc2ee58c method=java.lang.Math.abs(I)I @ 1
Event: 5.616 Thread 0x00007fc47c283000 Uncommon trap: reason=predicate action=maybe_recompile pc=0x00007fc4dc3de968 method=warlords.model.Game.coordInBallPath(II)Z @ 267
Event: 9.821 Thread 0x00007fc47c283000 Uncommon trap: reason=unstable_if action=reinterpret pc=0x00007fc4dc3ed874 method=warlords.model.Game.coordInBallPath(II)Z @ 133
Event: 12.369 Thread 0x00007fc47c283000 Uncommon trap: reason=unstable_if action=reinterpret pc=0x00007fc4dc3b72fc method=warlords.model.Game.checkWalls()Z @ 83
Event: 67.667 Thread 0x00007fc47c283000 Uncommon trap: reason=unstable_if action=reinterpret pc=0x00007fc4dc3547bc method=warlords.model.Game.checkWarlords()Z @ 83

Internal exceptions (10 events):
Event: 0.598 Thread 0x00007fc4ec00a000 Exception <a 'java/security/PrivilegedActionException'> (0x00000000d729f4c8) thrown at [/HUDSON3/workspace/8-2-build-linux-amd64/jdk8u101/7261/hotspot/src/share/vm/prims/jvm.cpp, line 1386]
Event: 0.598 Thread 0x00007fc4ec00a000 Exception <a 'java/lang/NullPointerException'> (0x00000000d729faa0) thrown at [/HUDSON3/workspace/8-2-build-linux-amd64/jdk8u101/7261/hotspot/src/share/vm/interpreter/linkResolver.cpp, line 1178]
Event: 1.476 Thread 0x00007fc4ec1f6800 Exception <a 'java/lang/NullPointerException'> (0x00000000d7b96e98) thrown at [/HUDSON3/workspace/8-2-build-linux-amd64/jdk8u101/7261/hotspot/src/share/vm/interpreter/linkResolver.cpp, line 1178]
Event: 1.476 Thread 0x00007fc4ec1f6800 Exception <a 'java/lang/NullPointerException'> (0x00000000d7b96e98) thrown at [/HUDSON3/workspace/8-2-build-linux-amd64/jdk8u101/7261/hotspot/src/share/vm/prims/jvm.cpp, line 1390]
Event: 1.823 Thread 0x00007fc4ec1f6800 Exception <a 'java/lang/ArrayIndexOutOfBoundsException': 70> (0x00000000d7f83aa8) thrown at [/HUDSON3/workspace/8-2-build-linux-amd64/jdk8u101/7261/hotspot/src/share/vm/interpreter/interpreterRuntime.cpp, line 366]
Event: 1.834 Thread 0x00007fc4ec1f6800 Exception <a 'java/lang/ArrayIndexOutOfBoundsException': 18> (0x00000000d7f84778) thrown at [/HUDSON3/workspace/8-2-build-linux-amd64/jdk8u101/7261/hotspot/src/share/vm/interpreter/interpreterRuntime.cpp, line 366]
Event: 1.834 Thread 0x00007fc4ec1f6800 Exception <a 'java/lang/ArrayIndexOutOfBoundsException': 86> (0x00000000d7f85b20) thrown at [/HUDSON3/workspace/8-2-build-linux-amd64/jdk8u101/7261/hotspot/src/share/vm/interpreter/interpreterRuntime.cpp, line 366]
Event: 1.835 Thread 0x00007fc4ec1f6800 Exception <a 'java/lang/ArrayIndexOutOfBoundsException'> (0x00000000d7f87e30) thrown at [/HUDSON3/workspace/8-2-build-linux-amd64/jdk8u101/7261/hotspot/src/share/vm/runtime/sharedRuntime.cpp, line 605]
Event: 2.179 Thread 0x00007fc4ec1f6800 Implicit null exception at 0x00007fc4dc1f9835 to 0x00007fc4dc1f9a51
Event: 3.264 Thread 0x00007fc4ec1f6800 Exception <a 'java/lang/ArrayIndexOutOfBoundsException'> (0x00000000d892ab70) thrown at [/HUDSON3/workspace/8-2-build-linux-amd64/jdk8u101/7261/hotspot/src/share/vm/runtime/sharedRuntime.cpp, line 605]

Events (10 events):
Event: 122.685 Executing VM operation: ParallelGCFailedAllocation done
Event: 123.253 Executing VM operation: ParallelGCFailedAllocation
Event: 123.262 Executing VM operation: ParallelGCFailedAllocation done
Event: 123.968 Executing VM operation: ParallelGCFailedAllocation
Event: 123.987 Executing VM operation: ParallelGCFailedAllocation done
Event: 124.566 Executing VM operation: ParallelGCFailedAllocation
Event: 124.583 Executing VM operation: ParallelGCFailedAllocation done
Event: 125.506 Executing VM operation: ParallelGCFailedAllocation
Event: 125.782 Executing VM operation: ParallelGCFailedAllocation done
Event: 127.689 Executing VM operation: ParallelGCFailedAllocation


Dynamic libraries:
00400000-00401000 r-xp 00000000 08:06 286265                             /usr/lib/jvm/java-8-oracle/bin/java
00600000-00601000 rw-p 00000000 08:06 286265                             /usr/lib/jvm/java-8-oracle/bin/java
010e9000-0110a000 rw-p 00000000 00:00 0                                  [heap]
85000000-8a300000 rw-p 00000000 00:00 0 
8a300000-d7000000 ---p 00000000 00:00 0 
d7000000-fe580000 rw-p 00000000 00:00 0 
100000000-100260000 rw-p 00000000 00:00 0 
100260000-140000000 ---p 00000000 00:00 0 
7fc468000000-7fc46829c000 rw-p 00000000 00:00 0 
7fc46829c000-7fc46c000000 ---p 00000000 00:00 0 
7fc470000000-7fc470021000 rw-p 00000000 00:00 0 
7fc470021000-7fc474000000 ---p 00000000 00:00 0 
7fc474000000-7fc474021000 rw-p 00000000 00:00 0 
7fc474021000-7fc478000000 ---p 00000000 00:00 0 
7fc478000000-7fc478022000 rw-p 00000000 00:00 0 
7fc478022000-7fc47c000000 ---p 00000000 00:00 0 
7fc47c000000-7fc47c2b8000 rw-p 00000000 00:00 0 
7fc47c2b8000-7fc480000000 ---p 00000000 00:00 0 
7fc480000000-7fc480021000 rw-p 00000000 00:00 0 
7fc480021000-7fc484000000 ---p 00000000 00:00 0 
7fc484000000-7fc484021000 rw-p 00000000 00:00 0 
7fc484021000-7fc488000000 ---p 00000000 00:00 0 
7fc488000000-7fc488021000 rw-p 00000000 00:00 0 
7fc488021000-7fc48c000000 ---p 00000000 00:00 0 
7fc48ca9d000-7fc48caa1000 rw-s 107cac000 00:06 473                       /dev/dri/card1
7fc48caa1000-7fc48cc61000 rw-s 00000000 00:05 34362                      /drm mm object (deleted)
7fc48cc61000-7fc48cc71000 rw-s 00000000 00:05 35693                      /drm mm object (deleted)
7fc48cc71000-7fc48cc79000 rw-s 00000000 00:05 34358                      /drm mm object (deleted)
7fc48cc79000-7fc48ccd9000 rw-s 00000000 00:05 34357                      /drm mm object (deleted)
7fc48ccd9000-7fc48cce7000 rw-s 00000000 00:05 34356                      /drm mm object (deleted)
7fc48cce7000-7fc48ccf7000 rw-s 00000000 00:05 35691                      /drm mm object (deleted)
7fc48ccf7000-7fc48ccfa000 ---p 00000000 00:00 0 
7fc48ccfa000-7fc48cfb8000 rw-p 00000000 00:00 0 
7fc48cfb8000-7fc48cff8000 ---p 00000000 00:00 0 
7fc48cff8000-7fc48d00b000 r--s 00345000 08:06 287797                     /usr/lib/jvm/java-8-oracle/jre/lib/resources.jar
7fc48d00b000-7fc48d00e000 ---p 00000000 00:00 0 
7fc48d00e000-7fc48d10c000 rw-p 00000000 00:00 0 
7fc48d10c000-7fc48d1c5000 r--p 00000000 08:06 531015                     /usr/share/fonts/truetype/dejavu/DejaVuSans.ttf
7fc48d1c5000-7fc48d21a000 r--p 00000000 08:06 286499                     /usr/lib/jvm/java-8-oracle/jre/lib/fonts/LucidaBrightRegular.ttf
7fc48d21a000-7fc48d2c5000 r--p 00000000 08:06 286496                     /usr/lib/jvm/java-8-oracle/jre/lib/fonts/LucidaSansRegular.ttf
7fc48d2c5000-7fc48d2c9000 r-xp 00000000 08:06 286446                     /usr/lib/jvm/java-8-oracle/jre/lib/amd64/libjavafx_font_pango.so
7fc48d2c9000-7fc48d4c8000 ---p 00004000 08:06 286446                     /usr/lib/jvm/java-8-oracle/jre/lib/amd64/libjavafx_font_pango.so
7fc48d4c8000-7fc48d4c9000 rw-p 00003000 08:06 286446                     /usr/lib/jvm/java-8-oracle/jre/lib/amd64/libjavafx_font_pango.so
7fc48d4c9000-7fc48d6c9000 rw-p 00000000 00:00 0 
7fc48d6c9000-7fc48d6ce000 r-xp 00000000 08:06 286442                     /usr/lib/jvm/java-8-oracle/jre/lib/amd64/libjavafx_font_freetype.so
7fc48d6ce000-7fc48d8cd000 ---p 00005000 08:06 286442                     /usr/lib/jvm/java-8-oracle/jre/lib/amd64/libjavafx_font_freetype.so
7fc48d8cd000-7fc48d8ce000 rw-p 00004000 08:06 286442                     /usr/lib/jvm/java-8-oracle/jre/lib/amd64/libjavafx_font_freetype.so
7fc48d8ce000-7fc48d8d1000 r-xp 00000000 08:06 286403                     /usr/lib/jvm/java-8-oracle/jre/lib/amd64/libjavafx_font.so
7fc48d8d1000-7fc48dad0000 ---p 00003000 08:06 286403                     /usr/lib/jvm/java-8-oracle/jre/lib/amd64/libjavafx_font.so
7fc48dad0000-7fc48dad1000 rw-p 00002000 08:06 286403                     /usr/lib/jvm/java-8-oracle/jre/lib/amd64/libjavafx_font.so
7fc48dad1000-7fc48dcd1000 rw-p 00000000 00:00 0 
7fc48dcd1000-7fc48dcd4000 ---p 00000000 00:00 0 
7fc48dcd4000-7fc48ddd2000 rw-p 00000000 00:00 0 
7fc48ddd2000-7fc48ddd5000 ---p 00000000 00:00 0 
7fc48ddd5000-7fc48ded3000 rw-p 00000000 00:00 0 
7fc48ded3000-7fc48ded4000 ---p 00000000 00:00 0 
7fc48ded4000-7fc48e6d4000 rw-p 00000000 00:00 0 
7fc48e6d4000-7fc48e6d5000 ---p 00000000 00:00 0 
7fc48e6d5000-7fc48eed5000 rw-p 00000000 00:00 0 
7fc48eed5000-7fc48eed6000 ---p 00000000 00:00 0 
7fc48eed6000-7fc48f6d6000 rw-p 00000000 00:00 0 
7fc48f6d6000-7fc48f6e1000 r-xp 00000000 08:06 523554                     /usr/lib/x86_64-linux-gnu/gio/modules/libdconfsettings.so
7fc48f6e1000-7fc48f8e1000 ---p 0000b000 08:06 523554                     /usr/lib/x86_64-linux-gnu/gio/modules/libdconfsettings.so
7fc48f8e1000-7fc48f8e2000 r--p 0000b000 08:06 523554                     /usr/lib/x86_64-linux-gnu/gio/modules/libdconfsettings.so
7fc48f8e2000-7fc48f8e3000 rw-p 0000c000 08:06 523554                     /usr/lib/x86_64-linux-gnu/gio/modules/libdconfsettings.so
7fc48f8e3000-7fc48f8ea000 r-xp 00000000 08:06 402206                     /usr/lib/x86_64-linux-gnu/libogg.so.0.8.2
7fc48f8ea000-7fc48faea000 ---p 00007000 08:06 402206                     /usr/lib/x86_64-linux-gnu/libogg.so.0.8.2
7fc48faea000-7fc48faeb000 r--p 00007000 08:06 402206                     /usr/lib/x86_64-linux-gnu/libogg.so.0.8.2
7fc48faeb000-7fc48faec000 rw-p 00008000 08:06 402206                     /usr/lib/x86_64-linux-gnu/libogg.so.0.8.2
7fc48faec000-7fc48fb16000 r-xp 00000000 08:06 402555                     /usr/lib/x86_64-linux-gnu/libvorbis.so.0.4.8
7fc48fb16000-7fc48fd16000 ---p 0002a000 08:06 402555                     /usr/lib/x86_64-linux-gnu/libvorbis.so.0.4.8
7fc48fd16000-7fc48fd17000 r--p 0002a000 08:06 402555                     /usr/lib/x86_64-linux-gnu/libvorbis.so.0.4.8
7fc48fd17000-7fc48fd18000 rw-p 0002b000 08:06 402555                     /usr/lib/x86_64-linux-gnu/libvorbis.so.0.4.8
7fc48fd18000-7fc48fd21000 r-xp 00000000 08:06 402073                     /usr/lib/x86_64-linux-gnu/libltdl.so.7.3.1
7fc48fd21000-7fc48ff20000 ---p 00009000 08:06 402073                     /usr/lib/x86_64-linux-gnu/libltdl.so.7.3.1
7fc48ff20000-7fc48ff21000 r--p 00008000 08:06 402073                     /usr/lib/x86_64-linux-gnu/libltdl.so.7.3.1
7fc48ff21000-7fc48ff22000 rw-p 00009000 08:06 402073                     /usr/lib/x86_64-linux-gnu/libltdl.so.7.3.1
7fc48ff22000-7fc48ff36000 r-xp 00000000 08:06 402448                     /usr/lib/x86_64-linux-gnu/libtdb.so.1.3.8
7fc48ff36000-7fc490135000 ---p 00014000 08:06 402448                     /usr/lib/x86_64-linux-gnu/libtdb.so.1.3.8
7fc490135000-7fc490136000 r--p 00013000 08:06 402448                     /usr/lib/x86_64-linux-gnu/libtdb.so.1.3.8
7fc490136000-7fc490137000 rw-p 00014000 08:06 402448                     /usr/lib/x86_64-linux-gnu/libtdb.so.1.3.8
7fc490137000-7fc49013e000 r-xp 00000000 08:06 402559                     /usr/lib/x86_64-linux-gnu/libvorbisfile.so.3.3.7
7fc49013e000-7fc49033e000 ---p 00007000 08:06 402559                     /usr/lib/x86_64-linux-gnu/libvorbisfile.so.3.3.7
7fc49033e000-7fc49033f000 r--p 00007000 08:06 402559                     /usr/lib/x86_64-linux-gnu/libvorbisfile.so.3.3.7
7fc49033f000-7fc490340000 rw-p 00008000 08:06 402559                     /usr/lib/x86_64-linux-gnu/libvorbisfile.so.3.3.7
7fc490340000-7fc490350000 r-xp 00000000 08:06 401470                     /usr/lib/x86_64-linux-gnu/libcanberra.so.0.2.5
7fc490350000-7fc49054f000 ---p 00010000 08:06 401470                     /usr/lib/x86_64-linux-gnu/libcanberra.so.0.2.5
7fc49054f000-7fc490550000 r--p 0000f000 08:06 401470                     /usr/lib/x86_64-linux-gnu/libcanberra.so.0.2.5
7fc490550000-7fc490551000 rw-p 00010000 08:06 401470                     /usr/lib/x86_64-linux-gnu/libcanberra.so.0.2.5
7fc490551000-7fc490555000 r-xp 00000000 08:06 401466                     /usr/lib/x86_64-linux-gnu/libcanberra-gtk.so.0.1.9
7fc490555000-7fc490754000 ---p 00004000 08:06 401466                     /usr/lib/x86_64-linux-gnu/libcanberra-gtk.so.0.1.9
7fc490754000-7fc490755000 r--p 00003000 08:06 401466                     /usr/lib/x86_64-linux-gnu/libcanberra-gtk.so.0.1.9
7fc490755000-7fc490756000 rw-p 00004000 08:06 401466                     /usr/lib/x86_64-linux-gnu/libcanberra-gtk.so.0.1.9
7fc490756000-7fc49075b000 r-xp 00000000 08:06 523769                     /usr/lib/x86_64-linux-gnu/gtk-2.0/modules/libcanberra-gtk-module.so
7fc49075b000-7fc49095a000 ---p 00005000 08:06 523769                     /usr/lib/x86_64-linux-gnu/gtk-2.0/modules/libcanberra-gtk-module.so
7fc49095a000-7fc49095b000 r--p 00004000 08:06 523769                     /usr/lib/x86_64-linux-gnu/gtk-2.0/modules/libcanberra-gtk-module.so
7fc49095b000-7fc49095c000 rw-p 00005000 08:06 523769                     /usr/lib/x86_64-linux-gnu/gtk-2.0/modules/libcanberra-gtk-module.so
7fc49095c000-7fc49098c000 r-xp 00000000 08:06 523648                     /usr/lib/x86_64-linux-gnu/gtk-2.0/2.10.0/engines/libmurrine.so
7fc49098c000-7fc490b8c000 ---p 00030000 08:06 523648                     /usr/lib/x86_64-linux-gnu/gtk-2.0/2.10.0/engines/libmurrine.so
7fc490b8c000-7fc490b8d000 r--p 00030000 08:06 523648                     /usr/lib/x86_64-linux-gnu/gtk-2.0/2.10.0/engines/libmurrine.so
7fc490b8d000-7fc490b8e000 rw-p 00031000 08:06 523648                     /usr/lib/x86_64-linux-gnu/gtk-2.0/2.10.0/engines/libmurrine.so
7fc490b8e000-7fc490b9e000 r-xp 00000000 08:06 402504                     /usr/lib/x86_64-linux-gnu/libunity-gtk2-parser.so.0.0.0
7fc490b9e000-7fc490d9e000 ---p 00010000 08:06 402504                     /usr/lib/x86_64-linux-gnu/libunity-gtk2-parser.so.0.0.0
7fc490d9e000-7fc490d9f000 r--p 00010000 08:06 402504                     /usr/lib/x86_64-linux-gnu/libunity-gtk2-parser.so.0.0.0
7fc490d9f000-7fc490da0000 rw-p 00011000 08:06 402504                     /usr/lib/x86_64-linux-gnu/libunity-gtk2-parser.so.0.0.0
7fc490da0000-7fc490da5000 r-xp 00000000 08:06 523773                     /usr/lib/x86_64-linux-gnu/gtk-2.0/modules/libunity-gtk-module.so
7fc490da5000-7fc490fa4000 ---p 00005000 08:06 523773                     /usr/lib/x86_64-linux-gnu/gtk-2.0/modules/libunity-gtk-module.so
7fc490fa4000-7fc490fa5000 r--p 00004000 08:06 523773                     /usr/lib/x86_64-linux-gnu/gtk-2.0/modules/libunity-gtk-module.so
7fc490fa5000-7fc490fa6000 rw-p 00005000 08:06 523773                     /usr/lib/x86_64-linux-gnu/gtk-2.0/modules/libunity-gtk-module.so
7fc490fa6000-7fc490fb8000 r-xp 00000000 08:06 136222                     /lib/x86_64-linux-gnu/libgpg-error.so.0.17.0
7fc490fb8000-7fc4911b8000 ---p 00012000 08:06 136222                     /lib/x86_64-linux-gnu/libgpg-error.so.0.17.0
7fc4911b8000-7fc4911b9000 r--p 00012000 08:06 136222                     /lib/x86_64-linux-gnu/libgpg-error.so.0.17.0
7fc4911b9000-7fc4911ba000 rw-p 00013000 08:06 136222                     /lib/x86_64-linux-gnu/libgpg-error.so.0.17.0
7fc4911ba000-7fc491292000 r-xp 00000000 08:06 130337                     /lib/x86_64-linux-gnu/libgcrypt.so.20.0.5
7fc491292000-7fc491491000 ---p 000d8000 08:06 130337                     /lib/x86_64-linux-gnu/libgcrypt.so.20.0.5
7fc491491000-7fc491492000 r--p 000d7000 08:06 130337                     /lib/x86_64-linux-gnu/libgcrypt.so.20.0.5
7fc491492000-7fc49149a000 rw-p 000d8000 08:06 130337                     /lib/x86_64-linux-gnu/libgcrypt.so.20.0.5
7fc49149a000-7fc49149b000 rw-p 00000000 00:00 0 
7fc49149b000-7fc4914bc000 r-xp 00000000 08:06 136245                     /lib/x86_64-linux-gnu/liblzma.so.5.0.0
7fc4914bc000-7fc4916bb000 ---p 00021000 08:06 136245                     /lib/x86_64-linux-gnu/liblzma.so.5.0.0
7fc4916bb000-7fc4916bc000 r--p 00020000 08:06 136245                     /lib/x86_64-linux-gnu/liblzma.so.5.0.0
7fc4916bc000-7fc4916bd000 rw-p 00021000 08:06 136245                     /lib/x86_64-linux-gnu/liblzma.so.5.0.0
7fc4916bd000-7fc491707000 r-xp 00000000 08:06 136194                     /lib/x86_64-linux-gnu/libdbus-1.so.3.14.6
7fc491707000-7fc491907000 ---p 0004a000 08:06 136194                     /lib/x86_64-linux-gnu/libdbus-1.so.3.14.6
7fc491907000-7fc491908000 r--p 0004a000 08:06 136194                     /lib/x86_64-linux-gnu/libdbus-1.so.3.14.6
7fc491908000-7fc491909000 rw-p 0004b000 08:06 136194                     /lib/x86_64-linux-gnu/libdbus-1.so.3.14.6
7fc491909000-7fc491935000 r-xp 00000000 08:06 401412                     /usr/lib/x86_64-linux-gnu/libatspi.so.0.0.1
7fc491935000-7fc491b34000 ---p 0002c000 08:06 401412                     /usr/lib/x86_64-linux-gnu/libatspi.so.0.0.1
7fc491b34000-7fc491b37000 r--p 0002b000 08:06 401412                     /usr/lib/x86_64-linux-gnu/libatspi.so.0.0.1
7fc491b37000-7fc491b38000 rw-p 0002e000 08:06 401412                     /usr/lib/x86_64-linux-gnu/libatspi.so.0.0.1
7fc491b38000-7fc491b65000 r-xp 00000000 08:06 401406                     /usr/lib/x86_64-linux-gnu/libatk-bridge-2.0.so.0.0.0
7fc491b65000-7fc491d64000 ---p 0002d000 08:06 401406                     /usr/lib/x86_64-linux-gnu/libatk-bridge-2.0.so.0.0.0
7fc491d64000-7fc491d65000 r--p 0002c000 08:06 401406                     /usr/lib/x86_64-linux-gnu/libatk-bridge-2.0.so.0.0.0
7fc491d65000-7fc491d67000 rw-p 0002d000 08:06 401406                     /usr/lib/x86_64-linux-gnu/libatk-bridge-2.0.so.0.0.0
7fc491d67000-7fc491d68000 r-xp 00000000 08:06 523768                     /usr/lib/x86_64-linux-gnu/gtk-2.0/modules/libatk-bridge.so
7fc491d68000-7fc491f67000 ---p 00001000 08:06 523768                     /usr/lib/x86_64-linux-gnu/gtk-2.0/modules/libatk-bridge.so
7fc491f67000-7fc491f68000 r--p 00000000 08:06 523768                     /usr/lib/x86_64-linux-gnu/gtk-2.0/modules/libatk-bridge.so
7fc491f68000-7fc491f69000 rw-p 00001000 08:06 523768                     /usr/lib/x86_64-linux-gnu/gtk-2.0/modules/libatk-bridge.so
7fc491f69000-7fc491f70000 r-xp 00000000 08:06 401741                     /usr/lib/x86_64-linux-gnu/libgailutil.so.18.0.1
7fc491f70000-7fc49216f000 ---p 00007000 08:06 401741                     /usr/lib/x86_64-linux-gnu/libgailutil.so.18.0.1
7fc49216f000-7fc492170000 r--p 00006000 08:06 401741                     /usr/lib/x86_64-linux-gnu/libgailutil.so.18.0.1
7fc492170000-7fc492171000 rw-p 00007000 08:06 401741                     /usr/lib/x86_64-linux-gnu/libgailutil.so.18.0.1
7fc492171000-7fc4921bf000 r-xp 00000000 08:06 523771                     /usr/lib/x86_64-linux-gnu/gtk-2.0/modules/libgail.so
7fc4921bf000-7fc4923be000 ---p 0004e000 08:06 523771                     /usr/lib/x86_64-linux-gnu/gtk-2.0/modules/libgail.so
7fc4923be000-7fc4923bf000 r--p 0004d000 08:06 523771                     /usr/lib/x86_64-linux-gnu/gtk-2.0/modules/libgail.so
7fc4923bf000-7fc4923c1000 rw-p 0004e000 08:06 523771                     /usr/lib/x86_64-linux-gnu/gtk-2.0/modules/libgail.so
7fc4923c1000-7fc4923d2000 r-xp 00000000 08:06 523772                     /usr/lib/x86_64-linux-gnu/gtk-2.0/modules/liboverlay-scrollbar.so
7fc4923d2000-7fc4925d2000 ---p 00011000 08:06 523772                     /usr/lib/x86_64-linux-gnu/gtk-2.0/modules/liboverlay-scrollbar.so
7fc4925d2000-7fc4925d3000 r--p 00011000 08:06 523772                     /usr/lib/x86_64-linux-gnu/gtk-2.0/modules/liboverlay-scrollbar.so
7fc4925d3000-7fc4925d4000 rw-p 00012000 08:06 523772                     /usr/lib/x86_64-linux-gnu/gtk-2.0/modules/liboverlay-scrollbar.so
7fc4925d4000-7fc4925fd000 r-xp 00000000 08:06 286454                     /usr/lib/jvm/java-8-oracle/jre/lib/amd64/libglass.so
7fc4925fd000-7fc4927fc000 ---p 00029000 08:06 286454                     /usr/lib/jvm/java-8-oracle/jre/lib/amd64/libglass.so
7fc4927fc000-7fc4927ff000 rw-p 00028000 08:06 286454                     /usr/lib/jvm/java-8-oracle/jre/lib/amd64/libglass.so
7fc4927ff000-7fc492836000 r-xp 00000000 08:06 402485                     /usr/lib/x86_64-linux-gnu/libtxc_dxtn_s2tc.so.0.0.0
7fc492836000-7fc492a35000 ---p 00037000 08:06 402485                     /usr/lib/x86_64-linux-gnu/libtxc_dxtn_s2tc.so.0.0.0
7fc492a35000-7fc492a36000 r--p 00036000 08:06 402485                     /usr/lib/x86_64-linux-gnu/libtxc_dxtn_s2tc.so.0.0.0
7fc492a36000-7fc492a37000 rw-p 00037000 08:06 402485                     /usr/lib/x86_64-linux-gnu/libtxc_dxtn_s2tc.so.0.0.0
7fc492a37000-7fc492a3f000 r-xp 00000000 08:06 402247                     /usr/lib/x86_64-linux-gnu/libpciaccess.so.0.11.1
7fc492a3f000-7fc492c3f000 ---p 00008000 08:06 402247                     /usr/lib/x86_64-linux-gnu/libpciaccess.so.0.11.1
7fc492c3f000-7fc492c40000 r--p 00008000 08:06 402247                     /usr/lib/x86_64-linux-gnu/libpciaccess.so.0.11.1
7fc492c40000-7fc492c41000 rw-p 00009000 08:06 402247                     /usr/lib/x86_64-linux-gnu/libpciaccess.so.0.11.1
7fc492c41000-7fc492c4c000 r-xp 00000000 08:06 401609                     /usr/lib/x86_64-linux-gnu/libdrm_radeon.so.1.0.1
7fc492c4c000-7fc492e4b000 ---p 0000b000 08:06 401609                     /usr/lib/x86_64-linux-gnu/libdrm_radeon.so.1.0.1
7fc492e4b000-7fc492e4c000 r--p 0000a000 08:06 401609                     /usr/lib/x86_64-linux-gnu/libdrm_radeon.so.1.0.1
7fc492e4c000-7fc492e4d000 rw-p 0000b000 08:06 401609                     /usr/lib/x86_64-linux-gnu/libdrm_radeon.so.1.0.1
7fc492e4d000-7fc492e54000 r-xp 00000000 08:06 401607                     /usr/lib/x86_64-linux-gnu/libdrm_nouveau.so.2.0.0
7fc492e54000-7fc493053000 ---p 00007000 08:06 401607                     /usr/lib/x86_64-linux-gnu/libdrm_nouveau.so.2.0.0
7fc493053000-7fc493054000 r--p 00006000 08:06 401607                     /usr/lib/x86_64-linux-gnu/libdrm_nouveau.so.2.0.0
7fc493054000-7fc493055000 rw-p 00007000 08:06 401607                     /usr/lib/x86_64-linux-gnu/libdrm_nouveau.so.2.0.0
7fc493055000-7fc493075000 r-xp 00000000 08:06 401605                     /usr/lib/x86_64-linux-gnu/libdrm_intel.so.1.0.0
7fc493075000-7fc493274000 ---p 00020000 08:06 401605                     /usr/lib/x86_64-linux-gnu/libdrm_intel.so.1.0.0
7fc493274000-7fc493275000 r--p 0001f000 08:06 401605                     /usr/lib/x86_64-linux-gnu/libdrm_intel.so.1.0.0
7fc493275000-7fc493276000 rw-p 00020000 08:06 401605                     /usr/lib/x86_64-linux-gnu/libdrm_intel.so.1.0.0
7fc493276000-7fc49387b000 r-xp 00000000 08:06 524258                     /usr/lib/x86_64-linux-gnu/dri/i965_dri.so
7fc49387b000-7fc493a7b000 ---p 00605000 08:06 524258                     /usr/lib/x86_64-linux-gnu/dri/i965_dri.so
7fc493a7b000-7fc493ab1000 r--p 00605000 08:06 524258                     /usr/lib/x86_64-linux-gnu/dri/i965_dri.so
7fc493ab1000-7fc493ab8000 rw-p 0063b000 08:06 524258                     /usr/lib/x86_64-linux-gnu/dri/i965_dri.so
7fc493ab8000-7fc493ac0000 rw-p 00000000 00:00 0 
7fc493ac0000-7fc493ac6000 r-xp 00000000 08:06 401553                     /usr/lib/x86_64-linux-gnu/libdatrie.so.1.3.3
7fc493ac6000-7fc493cc6000 ---p 00006000 08:06 401553                     /usr/lib/x86_64-linux-gnu/libdatrie.so.1.3.3
7fc493cc6000-7fc493cc7000 r--p 00006000 08:06 401553                     /usr/lib/x86_64-linux-gnu/libdatrie.so.1.3.3
7fc493cc7000-7fc493cc8000 rw-p 00007000 08:06 401553                     /usr/lib/x86_64-linux-gnu/libdatrie.so.1.3.3
7fc493cc8000-7fc493ccd000 r-xp 00000000 08:06 401311                     /usr/lib/x86_64-linux-gnu/libXdmcp.so.6.0.0
7fc493ccd000-7fc493ecc000 ---p 00005000 08:06 401311                     /usr/lib/x86_64-linux-gnu/libXdmcp.so.6.0.0
7fc493ecc000-7fc493ecd000 r--p 00004000 08:06 401311                     /usr/lib/x86_64-linux-gnu/libXdmcp.so.6.0.0
7fc493ecd000-7fc493ece000 rw-p 00005000 08:06 401311                     /usr/lib/x86_64-linux-gnu/libXdmcp.so.6.0.0
7fc493ece000-7fc493ed0000 r-xp 00000000 08:06 401300                     /usr/lib/x86_64-linux-gnu/libXau.so.6.0.0
7fc493ed0000-7fc4940d0000 ---p 00002000 08:06 401300                     /usr/lib/x86_64-linux-gnu/libXau.so.6.0.0
7fc4940d0000-7fc4940d1000 r--p 00002000 08:06 401300                     /usr/lib/x86_64-linux-gnu/libXau.so.6.0.0
7fc4940d1000-7fc4940d2000 rw-p 00003000 08:06 401300                     /usr/lib/x86_64-linux-gnu/libXau.so.6.0.0
7fc4940d2000-7fc4940f5000 r-xp 00000000 08:06 401857                     /usr/lib/x86_64-linux-gnu/libgraphite2.so.3.0.1
7fc4940f5000-7fc4942f4000 ---p 00023000 08:06 401857                     /usr/lib/x86_64-linux-gnu/libgraphite2.so.3.0.1
7fc4942f4000-7fc4942f6000 r--p 00022000 08:06 401857                     /usr/lib/x86_64-linux-gnu/libgraphite2.so.3.0.1
7fc4942f6000-7fc4942f7000 rw-p 00024000 08:06 401857                     /usr/lib/x86_64-linux-gnu/libgraphite2.so.3.0.1
7fc4942f7000-7fc494305000 r-xp 00000000 08:06 393260                     /usr/lib/x86_64-linux-gnu/libdrm.so.2.4.0
7fc494305000-7fc494504000 ---p 0000e000 08:06 393260                     /usr/lib/x86_64-linux-gnu/libdrm.so.2.4.0
7fc494504000-7fc494505000 r--p 0000d000 08:06 393260                     /usr/lib/x86_64-linux-gnu/libdrm.so.2.4.0
7fc494505000-7fc494506000 rw-p 0000e000 08:06 393260                     /usr/lib/x86_64-linux-gnu/libdrm.so.2.4.0
7fc494506000-7fc49450a000 r-xp 00000000 08:06 402646                     /usr/lib/x86_64-linux-gnu/libxcb-dri2.so.0.0.0
7fc49450a000-7fc494709000 ---p 00004000 08:06 402646                     /usr/lib/x86_64-linux-gnu/libxcb-dri2.so.0.0.0
7fc494709000-7fc49470a000 r--p 00003000 08:06 402646                     /usr/lib/x86_64-linux-gnu/libxcb-dri2.so.0.0.0
7fc49470a000-7fc49470b000 rw-p 00004000 08:06 402646                     /usr/lib/x86_64-linux-gnu/libxcb-dri2.so.0.0.0
7fc49470b000-7fc494722000 r-xp 00000000 08:06 402650                     /usr/lib/x86_64-linux-gnu/libxcb-glx.so.0.0.0
7fc494722000-7fc494921000 ---p 00017000 08:06 402650                     /usr/lib/x86_64-linux-gnu/libxcb-glx.so.0.0.0
7fc494921000-7fc494923000 r--p 00016000 08:06 402650                     /usr/lib/x86_64-linux-gnu/libxcb-glx.so.0.0.0
7fc494923000-7fc494924000 rw-p 00018000 08:06 402650                     /usr/lib/x86_64-linux-gnu/libxcb-glx.so.0.0.0
7fc494924000-7fc494925000 r-xp 00000000 08:06 401294                     /usr/lib/x86_64-linux-gnu/libX11-xcb.so.1.0.0
7fc494925000-7fc494b24000 ---p 00001000 08:06 401294                     /usr/lib/x86_64-linux-gnu/libX11-xcb.so.1.0.0
7fc494b24000-7fc494b25000 r--p 00000000 08:06 401294                     /usr/lib/x86_64-linux-gnu/libX11-xcb.so.1.0.0
7fc494b25000-7fc494b26000 rw-p 00001000 08:06 401294                     /usr/lib/x86_64-linux-gnu/libX11-xcb.so.1.0.0
7fc494b26000-7fc494b4f000 r-xp 00000000 08:06 397464                     /usr/lib/x86_64-linux-gnu/libglapi.so.0.0.0
7fc494b4f000-7fc494d4e000 ---p 00029000 08:06 397464                     /usr/lib/x86_64-linux-gnu/libglapi.so.0.0.0
7fc494d4e000-7fc494d52000 r--p 00028000 08:06 397464                     /usr/lib/x86_64-linux-gnu/libglapi.so.0.0.0
7fc494d52000-7fc494d53000 rw-p 0002c000 08:06 397464                     /usr/lib/x86_64-linux-gnu/libglapi.so.0.0.0
7fc494d53000-7fc494d54000 rw-p 00000000 00:00 0 
7fc494d54000-7fc494d55000 r-xp 00000000 08:06 402690                     /usr/lib/x86_64-linux-gnu/libxshmfence.so.1.0.0
7fc494d55000-7fc494f55000 ---p 00001000 08:06 402690                     /usr/lib/x86_64-linux-gnu/libxshmfence.so.1.0.0
7fc494f55000-7fc494f56000 r--p 00001000 08:06 402690                     /usr/lib/x86_64-linux-gnu/libxshmfence.so.1.0.0
7fc494f56000-7fc494f57000 rw-p 00002000 08:06 402690                     /usr/lib/x86_64-linux-gnu/libxshmfence.so.1.0.0
7fc494f57000-7fc494f5c000 r-xp 00000000 08:06 402670                     /usr/lib/x86_64-linux-gnu/libxcb-sync.so.1.0.0
7fc494f5c000-7fc49515c000 ---p 00005000 08:06 402670                     /usr/lib/x86_64-linux-gnu/libxcb-sync.so.1.0.0
7fc49515c000-7fc49515d000 r--p 00005000 08:06 402670                     /usr/lib/x86_64-linux-gnu/libxcb-sync.so.1.0.0
7fc49515d000-7fc49515e000 rw-p 00006000 08:06 402670                     /usr/lib/x86_64-linux-gnu/libxcb-sync.so.1.0.0
7fc49515e000-7fc495160000 r-xp 00000000 08:06 402658                     /usr/lib/x86_64-linux-gnu/libxcb-present.so.0.0.0
7fc495160000-7fc49535f000 ---p 00002000 08:06 402658                     /usr/lib/x86_64-linux-gnu/libxcb-present.so.0.0.0
7fc49535f000-7fc495360000 r--p 00001000 08:06 402658                     /usr/lib/x86_64-linux-gnu/libxcb-present.so.0.0.0
7fc495360000-7fc495361000 rw-p 00002000 08:06 402658                     /usr/lib/x86_64-linux-gnu/libxcb-present.so.0.0.0
7fc495361000-7fc495363000 r-xp 00000000 08:06 402648                     /usr/lib/x86_64-linux-gnu/libxcb-dri3.so.0.0.0
7fc495363000-7fc495562000 ---p 00002000 08:06 402648                     /usr/lib/x86_64-linux-gnu/libxcb-dri3.so.0.0.0
7fc495562000-7fc495563000 r--p 00001000 08:06 402648                     /usr/lib/x86_64-linux-gnu/libxcb-dri3.so.0.0.0
7fc495563000-7fc495564000 rw-p 00002000 08:06 402648                     /usr/lib/x86_64-linux-gnu/libxcb-dri3.so.0.0.0
7fc495564000-7fc4955d2000 r-xp 00000000 08:06 136307                     /lib/x86_64-linux-gnu/libpcre.so.3.13.2
7fc4955d2000-7fc4957d2000 ---p 0006e000 08:06 136307                     /lib/x86_64-linux-gnu/libpcre.so.3.13.2
7fc4957d2000-7fc4957d3000 r--p 0006e000 08:06 136307                     /lib/x86_64-linux-gnu/libpcre.so.3.13.2
7fc4957d3000-7fc4957d4000 rw-p 0006f000 08:06 136307                     /lib/x86_64-linux-gnu/libpcre.so.3.13.2
7fc4957d4000-7fc4957db000 r-xp 00000000 08:06 401682                     /usr/lib/x86_64-linux-gnu/libffi.so.6.0.4
7fc4957db000-7fc4959da000 ---p 00007000 08:06 401682                     /usr/lib/x86_64-linux-gnu/libffi.so.6.0.4
7fc4959da000-7fc4959db000 r--p 00006000 08:06 401682                     /usr/lib/x86_64-linux-gnu/libffi.so.6.0.4
7fc4959db000-7fc4959dc000 rw-p 00007000 08:06 401682                     /usr/lib/x86_64-linux-gnu/libffi.so.6.0.4
7fc4959dc000-7fc495a02000 r-xp 00000000 08:06 130323                     /lib/x86_64-linux-gnu/libexpat.so.1.6.0
7fc495a02000-7fc495c02000 ---p 00026000 08:06 130323                     /lib/x86_64-linux-gnu/libexpat.so.1.6.0
7fc495c02000-7fc495c04000 r--p 00026000 08:06 130323                     /lib/x86_64-linux-gnu/libexpat.so.1.6.0
7fc495c04000-7fc495c05000 rw-p 00028000 08:06 130323                     /lib/x86_64-linux-gnu/libexpat.so.1.6.0
7fc495c05000-7fc495c0d000 r-xp 00000000 08:06 402456                     /usr/lib/x86_64-linux-gnu/libthai.so.0.2.4
7fc495c0d000-7fc495e0c000 ---p 00008000 08:06 402456                     /usr/lib/x86_64-linux-gnu/libthai.so.0.2.4
7fc495e0c000-7fc495e0d000 r--p 00007000 08:06 402456                     /usr/lib/x86_64-linux-gnu/libthai.so.0.2.4
7fc495e0d000-7fc495e0e000 rw-p 00008000 08:06 402456                     /usr/lib/x86_64-linux-gnu/libthai.so.0.2.4
7fc495e0e000-7fc495e2f000 r-xp 00000000 08:06 402678                     /usr/lib/x86_64-linux-gnu/libxcb.so.1.1.0
7fc495e2f000-7fc49602e000 ---p 00021000 08:06 402678                     /usr/lib/x86_64-linux-gnu/libxcb.so.1.1.0
7fc49602e000-7fc49602f000 r--p 00020000 08:06 402678                     /usr/lib/x86_64-linux-gnu/libxcb.so.1.1.0
7fc49602f000-7fc496030000 rw-p 00021000 08:06 402678                     /usr/lib/x86_64-linux-gnu/libxcb.so.1.1.0
7fc496030000-7fc496038000 r-xp 00000000 08:06 402664                     /usr/lib/x86_64-linux-gnu/libxcb-render.so.0.0.0
7fc496038000-7fc496238000 ---p 00008000 08:06 402664                     /usr/lib/x86_64-linux-gnu/libxcb-render.so.0.0.0
7fc496238000-7fc496239000 r--p 00008000 08:06 402664                     /usr/lib/x86_64-linux-gnu/libxcb-render.so.0.0.0
7fc496239000-7fc49623a000 rw-p 00009000 08:06 402664                     /usr/lib/x86_64-linux-gnu/libxcb-render.so.0.0.0
7fc49623a000-7fc49623c000 r-xp 00000000 08:06 402668                     /usr/lib/x86_64-linux-gnu/libxcb-shm.so.0.0.0
7fc49623c000-7fc49643c000 ---p 00002000 08:06 402668                     /usr/lib/x86_64-linux-gnu/libxcb-shm.so.0.0.0
7fc49643c000-7fc49643d000 r--p 00002000 08:06 402668                     /usr/lib/x86_64-linux-gnu/libxcb-shm.so.0.0.0
7fc49643d000-7fc49643e000 rw-p 00003000 08:06 402668                     /usr/lib/x86_64-linux-gnu/libxcb-shm.so.0.0.0
7fc49643e000-7fc496462000 r-xp 00000000 08:06 136319                     /lib/x86_64-linux-gnu/libpng12.so.0.54.0
7fc496462000-7fc496661000 ---p 00024000 08:06 136319                     /lib/x86_64-linux-gnu/libpng12.so.0.54.0
7fc496661000-7fc496662000 r--p 00023000 08:06 136319                     /lib/x86_64-linux-gnu/libpng12.so.0.54.0
7fc496662000-7fc496663000 rw-p 00024000 08:06 136319                     /lib/x86_64-linux-gnu/libpng12.so.0.54.0
7fc496663000-7fc496702000 r-xp 00000000 08:06 402261                     /usr/lib/x86_64-linux-gnu/libpixman-1.so.0.33.6
7fc496702000-7fc496902000 ---p 0009f000 08:06 402261                     /usr/lib/x86_64-linux-gnu/libpixman-1.so.0.33.6
7fc496902000-7fc49690a000 r--p 0009f000 08:06 402261                     /usr/lib/x86_64-linux-gnu/libpixman-1.so.0.33.6
7fc49690a000-7fc49690b000 rw-p 000a7000 08:06 402261                     /usr/lib/x86_64-linux-gnu/libpixman-1.so.0.33.6
7fc49690b000-7fc496967000 r-xp 00000000 08:06 401943                     /usr/lib/x86_64-linux-gnu/libharfbuzz.so.0.10000.1
7fc496967000-7fc496b67000 ---p 0005c000 08:06 401943                     /usr/lib/x86_64-linux-gnu/libharfbuzz.so.0.10000.1
7fc496b67000-7fc496b68000 r--p 0005c000 08:06 401943                     /usr/lib/x86_64-linux-gnu/libharfbuzz.so.0.10000.1
7fc496b68000-7fc496b69000 rw-p 0005d000 08:06 401943                     /usr/lib/x86_64-linux-gnu/libharfbuzz.so.0.10000.1
7fc496b69000-7fc496b80000 r-xp 00000000 08:06 136330                     /lib/x86_64-linux-gnu/libresolv-2.23.so
7fc496b80000-7fc496d80000 ---p 00017000 08:06 136330                     /lib/x86_64-linux-gnu/libresolv-2.23.so
7fc496d80000-7fc496d81000 r--p 00017000 08:06 136330                     /lib/x86_64-linux-gnu/libresolv-2.23.so
7fc496d81000-7fc496d82000 rw-p 00018000 08:06 136330                     /lib/x86_64-linux-gnu/libresolv-2.23.so
7fc496d82000-7fc496d84000 rw-p 00000000 00:00 0 
7fc496d84000-7fc496da3000 r-xp 00000000 08:06 136336                     /lib/x86_64-linux-gnu/libselinux.so.1
7fc496da3000-7fc496fa2000 ---p 0001f000 08:06 136336                     /lib/x86_64-linux-gnu/libselinux.so.1
7fc496fa2000-7fc496fa3000 r--p 0001e000 08:06 136336                     /lib/x86_64-linux-gnu/libselinux.so.1
7fc496fa3000-7fc496fa4000 rw-p 0001f000 08:06 136336                     /lib/x86_64-linux-gnu/libselinux.so.1
7fc496fa4000-7fc496fa6000 rw-p 00000000 00:00 0 
7fc496fa6000-7fc496fbf000 r-xp 00000000 08:06 136369                     /lib/x86_64-linux-gnu/libz.so.1.2.8
7fc496fbf000-7fc4971be000 ---p 00019000 08:06 136369                     /lib/x86_64-linux-gnu/libz.so.1.2.8
7fc4971be000-7fc4971bf000 r--p 00018000 08:06 136369                     /lib/x86_64-linux-gnu/libz.so.1.2.8
7fc4971bf000-7fc4971c0000 rw-p 00019000 08:06 136369                     /lib/x86_64-linux-gnu/libz.so.1.2.8
7fc4971c0000-7fc4971d1000 r-xp 00000000 08:06 401313                     /usr/lib/x86_64-linux-gnu/libXext.so.6.4.0
7fc4971d1000-7fc4973d0000 ---p 00011000 08:06 401313                     /usr/lib/x86_64-linux-gnu/libXext.so.6.4.0
7fc4973d0000-7fc4973d1000 r--p 00010000 08:06 401313                     /usr/lib/x86_64-linux-gnu/libXext.so.6.4.0
7fc4973d1000-7fc4973d2000 rw-p 00011000 08:06 401313                     /usr/lib/x86_64-linux-gnu/libXext.so.6.4.0
7fc4973d2000-7fc4973d4000 r-xp 00000000 08:06 401309                     /usr/lib/x86_64-linux-gnu/libXdamage.so.1.1.0
7fc4973d4000-7fc4975d3000 ---p 00002000 08:06 401309                     /usr/lib/x86_64-linux-gnu/libXdamage.so.1.1.0
7fc4975d3000-7fc4975d4000 r--p 00001000 08:06 401309                     /usr/lib/x86_64-linux-gnu/libXdamage.so.1.1.0
7fc4975d4000-7fc4975d5000 rw-p 00002000 08:06 401309                     /usr/lib/x86_64-linux-gnu/libXdamage.so.1.1.0
7fc4975d5000-7fc4975d7000 r-xp 00000000 08:06 401305                     /usr/lib/x86_64-linux-gnu/libXcomposite.so.1.0.0
7fc4975d7000-7fc4977d6000 ---p 00002000 08:06 401305                     /usr/lib/x86_64-linux-gnu/libXcomposite.so.1.0.0
7fc4977d6000-7fc4977d7000 r--p 00001000 08:06 401305                     /usr/lib/x86_64-linux-gnu/libXcomposite.so.1.0.0
7fc4977d7000-7fc4977d8000 rw-p 00002000 08:06 401305                     /usr/lib/x86_64-linux-gnu/libXcomposite.so.1.0.0
7fc4977d8000-7fc4977e1000 r-xp 00000000 08:06 401307                     /usr/lib/x86_64-linux-gnu/libXcursor.so.1.0.2
7fc4977e1000-7fc4979e0000 ---p 00009000 08:06 401307                     /usr/lib/x86_64-linux-gnu/libXcursor.so.1.0.2
7fc4979e0000-7fc4979e1000 r--p 00008000 08:06 401307                     /usr/lib/x86_64-linux-gnu/libXcursor.so.1.0.2
7fc4979e1000-7fc4979e2000 rw-p 00009000 08:06 401307                     /usr/lib/x86_64-linux-gnu/libXcursor.so.1.0.2
7fc4979e2000-7fc4979ec000 r-xp 00000000 08:06 401331                     /usr/lib/x86_64-linux-gnu/libXrandr.so.2.2.0
7fc4979ec000-7fc497beb000 ---p 0000a000 08:06 401331                     /usr/lib/x86_64-linux-gnu/libXrandr.so.2.2.0
7fc497beb000-7fc497bec000 r--p 00009000 08:06 401331                     /usr/lib/x86_64-linux-gnu/libXrandr.so.2.2.0
7fc497bec000-7fc497bed000 rw-p 0000a000 08:06 401331                     /usr/lib/x86_64-linux-gnu/libXrandr.so.2.2.0
7fc497bed000-7fc497bfc000 r-xp 00000000 08:06 401321                     /usr/lib/x86_64-linux-gnu/libXi.so.6.1.0
7fc497bfc000-7fc497dfb000 ---p 0000f000 08:06 401321                     /usr/lib/x86_64-linux-gnu/libXi.so.6.1.0
7fc497dfb000-7fc497dfc000 r--p 0000e000 08:06 401321                     /usr/lib/x86_64-linux-gnu/libXi.so.6.1.0
7fc497dfc000-7fc497dfd000 rw-p 0000f000 08:06 401321                     /usr/lib/x86_64-linux-gnu/libXi.so.6.1.0
7fc497dfd000-7fc497dff000 r-xp 00000000 08:06 401323                     /usr/lib/x86_64-linux-gnu/libXinerama.so.1.0.0
7fc497dff000-7fc497ffe000 ---p 00002000 08:06 401323                     /usr/lib/x86_64-linux-gnu/libXinerama.so.1.0.0
7fc497ffe000-7fc497fff000 r--p 00001000 08:06 401323                     /usr/lib/x86_64-linux-gnu/libXinerama.so.1.0.0
7fc497fff000-7fc498000000 rw-p 00002000 08:06 401323                     /usr/lib/x86_64-linux-gnu/libXinerama.so.1.0.0
7fc498000000-7fc499e68000 rw-p 00000000 00:00 0 
7fc499e68000-7fc49c000000 ---p 00000000 00:00 0 
7fc49c000000-7fc49c03c000 r--p 00000000 08:06 286531                     /usr/lib/jvm/java-8-oracle/jre/lib/fonts/LucidaTypewriterRegular.ttf
7fc49c03c000-7fc49c04f000 r--p 00000000 08:06 286497                     /usr/lib/jvm/java-8-oracle/jre/lib/fonts/LucidaBrightDemiBold.ttf
7fc49c04f000-7fc49c089000 r--p 00000000 08:06 286498                     /usr/lib/jvm/java-8-oracle/jre/lib/fonts/LucidaTypewriterBold.ttf
7fc49c089000-7fc49c09d000 r--p 00000000 08:06 286501                     /usr/lib/jvm/java-8-oracle/jre/lib/fonts/LucidaBrightItalic.ttf
7fc49c09d000-7fc49c0eb000 r--p 00000000 08:06 286702                     /usr/lib/jvm/java-8-oracle/jre/lib/fonts/LucidaSansDemiBold.ttf
7fc49c0eb000-7fc49c0ee000 ---p 00000000 00:00 0 
7fc49c0ee000-7fc49c1ec000 rw-p 00000000 00:00 0 
7fc49c1ec000-7fc49c1f5000 r-xp 00000000 08:06 401333                     /usr/lib/x86_64-linux-gnu/libXrender.so.1.3.0
7fc49c1f5000-7fc49c3f4000 ---p 00009000 08:06 401333                     /usr/lib/x86_64-linux-gnu/libXrender.so.1.3.0
7fc49c3f4000-7fc49c3f5000 r--p 00008000 08:06 401333                     /usr/lib/x86_64-linux-gnu/libXrender.so.1.3.0
7fc49c3f5000-7fc49c3f6000 rw-p 00009000 08:06 401333                     /usr/lib/x86_64-linux-gnu/libXrender.so.1.3.0
7fc49c3f6000-7fc49c3fb000 r-xp 00000000 08:06 401315                     /usr/lib/x86_64-linux-gnu/libXfixes.so.3.1.0
7fc49c3fb000-7fc49c5fa000 ---p 00005000 08:06 401315                     /usr/lib/x86_64-linux-gnu/libXfixes.so.3.1.0
7fc49c5fa000-7fc49c5fb000 r--p 00004000 08:06 401315                     /usr/lib/x86_64-linux-gnu/libXfixes.so.3.1.0
7fc49c5fb000-7fc49c5fc000 rw-p 00005000 08:06 401315                     /usr/lib/x86_64-linux-gnu/libXfixes.so.3.1.0
7fc49c5fc000-7fc49c612000 r-xp 00000000 08:06 136216                     /lib/x86_64-linux-gnu/libgcc_s.so.1
7fc49c612000-7fc49c811000 ---p 00016000 08:06 136216                     /lib/x86_64-linux-gnu/libgcc_s.so.1
7fc49c811000-7fc49c812000 rw-p 00015000 08:06 136216                     /lib/x86_64-linux-gnu/libgcc_s.so.1
7fc49c812000-7fc49c984000 r-xp 00000000 08:06 392705                     /usr/lib/x86_64-linux-gnu/libstdc++.so.6.0.21
7fc49c984000-7fc49cb84000 ---p 00172000 08:06 392705                     /usr/lib/x86_64-linux-gnu/libstdc++.so.6.0.21
7fc49cb84000-7fc49cb8e000 r--p 00172000 08:06 392705                     /usr/lib/x86_64-linux-gnu/libstdc++.so.6.0.21
7fc49cb8e000-7fc49cb90000 rw-p 0017c000 08:06 392705                     /usr/lib/x86_64-linux-gnu/libstdc++.so.6.0.21
7fc49cb90000-7fc49cb94000 rw-p 00000000 00:00 0 
7fc49cb94000-7fc49cc01000 r-xp 00000000 08:06 522838                     /usr/lib/x86_64-linux-gnu/mesa/libGL.so.1.2.0
7fc49cc01000-7fc49ce00000 ---p 0006d000 08:06 522838                     /usr/lib/x86_64-linux-gnu/mesa/libGL.so.1.2.0
7fc49ce00000-7fc49ce03000 r--p 0006c000 08:06 522838                     /usr/lib/x86_64-linux-gnu/mesa/libGL.so.1.2.0
7fc49ce03000-7fc49ce04000 rw-p 0006f000 08:06 522838                     /usr/lib/x86_64-linux-gnu/mesa/libGL.so.1.2.0
7fc49ce04000-7fc49ce05000 rw-p 00000000 00:00 0 
7fc49ce05000-7fc49ce0a000 r-xp 00000000 08:06 401349                     /usr/lib/x86_64-linux-gnu/libXxf86vm.so.1.0.0
7fc49ce0a000-7fc49d009000 ---p 00005000 08:06 401349                     /usr/lib/x86_64-linux-gnu/libXxf86vm.so.1.0.0
7fc49d009000-7fc49d00a000 r--p 00004000 08:06 401349                     /usr/lib/x86_64-linux-gnu/libXxf86vm.so.1.0.0
7fc49d00a000-7fc49d00b000 rw-p 00005000 08:06 401349                     /usr/lib/x86_64-linux-gnu/libXxf86vm.so.1.0.0
7fc49d00b000-7fc49d140000 r-xp 00000000 08:06 401296                     /usr/lib/x86_64-linux-gnu/libX11.so.6.3.0
7fc49d140000-7fc49d340000 ---p 00135000 08:06 401296                     /usr/lib/x86_64-linux-gnu/libX11.so.6.3.0
7fc49d340000-7fc49d341000 r--p 00135000 08:06 401296                     /usr/lib/x86_64-linux-gnu/libX11.so.6.3.0
7fc49d341000-7fc49d345000 rw-p 00136000 08:06 401296                     /usr/lib/x86_64-linux-gnu/libX11.so.6.3.0
7fc49d345000-7fc49d34a000 r-xp 00000000 08:06 401339                     /usr/lib/x86_64-linux-gnu/libXtst.so.6.1.0
7fc49d34a000-7fc49d549000 ---p 00005000 08:06 401339                     /usr/lib/x86_64-linux-gnu/libXtst.so.6.1.0
7fc49d549000-7fc49d54a000 r--p 00004000 08:06 401339                     /usr/lib/x86_64-linux-gnu/libXtst.so.6.1.0
7fc49d54a000-7fc49d54b000 rw-p 00005000 08:06 401339                     /usr/lib/x86_64-linux-gnu/libXtst.so.6.1.0
7fc49d54b000-7fc49d65a000 r-xp 00000000 08:06 135725                     /lib/x86_64-linux-gnu/libglib-2.0.so.0.4800.1
7fc49d65a000-7fc49d859000 ---p 0010f000 08:06 135725                     /lib/x86_64-linux-gnu/libglib-2.0.so.0.4800.1
7fc49d859000-7fc49d85a000 r--p 0010e000 08:06 135725                     /lib/x86_64-linux-gnu/libglib-2.0.so.0.4800.1
7fc49d85a000-7fc49d85b000 rw-p 0010f000 08:06 135725                     /lib/x86_64-linux-gnu/libglib-2.0.so.0.4800.1
7fc49d85b000-7fc49d85c000 rw-p 00000000 00:00 0 
7fc49d85c000-7fc49d85d000 r-xp 00000000 08:06 403349                     /usr/lib/x86_64-linux-gnu/libgthread-2.0.so.0.4800.1
7fc49d85d000-7fc49da5c000 ---p 00001000 08:06 403349                     /usr/lib/x86_64-linux-gnu/libgthread-2.0.so.0.4800.1
7fc49da5c000-7fc49da5d000 r--p 00000000 08:06 403349                     /usr/lib/x86_64-linux-gnu/libgthread-2.0.so.0.4800.1
7fc49da5d000-7fc49da5e000 rw-p 00001000 08:06 403349                     /usr/lib/x86_64-linux-gnu/libgthread-2.0.so.0.4800.1
7fc49da5e000-7fc49da61000 r-xp 00000000 08:06 403354                     /usr/lib/x86_64-linux-gnu/libgmodule-2.0.so.0.4800.1
7fc49da61000-7fc49dc60000 ---p 00003000 08:06 403354                     /usr/lib/x86_64-linux-gnu/libgmodule-2.0.so.0.4800.1
7fc49dc60000-7fc49dc61000 r--p 00002000 08:06 403354                     /usr/lib/x86_64-linux-gnu/libgmodule-2.0.so.0.4800.1
7fc49dc61000-7fc49dc62000 rw-p 00003000 08:06 403354                     /usr/lib/x86_64-linux-gnu/libgmodule-2.0.so.0.4800.1
7fc49dc62000-7fc49dcb4000 r-xp 00000000 08:06 403380                     /usr/lib/x86_64-linux-gnu/libgobject-2.0.so.0.4800.1
7fc49dcb4000-7fc49deb3000 ---p 00052000 08:06 403380                     /usr/lib/x86_64-linux-gnu/libgobject-2.0.so.0.4800.1
7fc49deb3000-7fc49deb4000 r--p 00051000 08:06 403380                     /usr/lib/x86_64-linux-gnu/libgobject-2.0.so.0.4800.1
7fc49deb4000-7fc49deb5000 rw-p 00052000 08:06 403380                     /usr/lib/x86_64-linux-gnu/libgobject-2.0.so.0.4800.1
7fc49deb5000-7fc49def2000 r-xp 00000000 08:06 398567                     /usr/lib/x86_64-linux-gnu/libfontconfig.so.1.9.0
7fc49def2000-7fc49e0f1000 ---p 0003d000 08:06 398567                     /usr/lib/x86_64-linux-gnu/libfontconfig.so.1.9.0
7fc49e0f1000-7fc49e0f3000 r--p 0003c000 08:06 398567                     /usr/lib/x86_64-linux-gnu/libfontconfig.so.1.9.0
7fc49e0f3000-7fc49e0f8000 rw-p 0003e000 08:06 398567                     /usr/lib/x86_64-linux-gnu/libfontconfig.so.1.9.0
7fc49e0f8000-7fc49e19c000 r-xp 00000000 08:06 401730                     /usr/lib/x86_64-linux-gnu/libfreetype.so.6.12.1
7fc49e19c000-7fc49e39b000 ---p 000a4000 08:06 401730                     /usr/lib/x86_64-linux-gnu/libfreetype.so.6.12.1
7fc49e39b000-7fc49e3a1000 r--p 000a3000 08:06 401730                     /usr/lib/x86_64-linux-gnu/libfreetype.so.6.12.1
7fc49e3a1000-7fc49e3a2000 rw-p 000a9000 08:06 401730                     /usr/lib/x86_64-linux-gnu/libfreetype.so.6.12.1
7fc49e3a2000-7fc49e3eb000 r-xp 00000000 08:06 402231                     /usr/lib/x86_64-linux-gnu/libpango-1.0.so.0.3800.1
7fc49e3eb000-7fc49e5eb000 ---p 00049000 08:06 402231                     /usr/lib/x86_64-linux-gnu/libpango-1.0.so.0.3800.1
7fc49e5eb000-7fc49e5ed000 r--p 00049000 08:06 402231                     /usr/lib/x86_64-linux-gnu/libpango-1.0.so.0.3800.1
7fc49e5ed000-7fc49e5ee000 rw-p 0004b000 08:06 402231                     /usr/lib/x86_64-linux-gnu/libpango-1.0.so.0.3800.1
7fc49e5ee000-7fc49e6fc000 r-xp 00000000 08:06 401460                     /usr/lib/x86_64-linux-gnu/libcairo.so.2.11400.6
7fc49e6fc000-7fc49e8fc000 ---p 0010e000 08:06 401460                     /usr/lib/x86_64-linux-gnu/libcairo.so.2.11400.6
7fc49e8fc000-7fc49e8ff000 r--p 0010e000 08:06 401460                     /usr/lib/x86_64-linux-gnu/libcairo.so.2.11400.6
7fc49e8ff000-7fc49e900000 rw-p 00111000 08:06 401460                     /usr/lib/x86_64-linux-gnu/libcairo.so.2.11400.6
7fc49e900000-7fc49e902000 rw-p 00000000 00:00 0 
7fc49e902000-7fc49e90e000 r-xp 00000000 08:06 402233                     /usr/lib/x86_64-linux-gnu/libpangocairo-1.0.so.0.3800.1
7fc49e90e000-7fc49eb0d000 ---p 0000c000 08:06 402233                     /usr/lib/x86_64-linux-gnu/libpangocairo-1.0.so.0.3800.1
7fc49eb0d000-7fc49eb0e000 r--p 0000b000 08:06 402233                     /usr/lib/x86_64-linux-gnu/libpangocairo-1.0.so.0.3800.1
7fc49eb0e000-7fc49eb0f000 rw-p 0000c000 08:06 402233                     /usr/lib/x86_64-linux-gnu/libpangocairo-1.0.so.0.3800.1
7fc49eb0f000-7fc49eb30000 r-xp 00000000 08:06 401771                     /usr/lib/x86_64-linux-gnu/libgdk_pixbuf-2.0.so.0.3200.2
7fc49eb30000-7fc49ed2f000 ---p 00021000 08:06 401771                     /usr/lib/x86_64-linux-gnu/libgdk_pixbuf-2.0.so.0.3200.2
7fc49ed2f000-7fc49ed30000 r--p 00020000 08:06 401771                     /usr/lib/x86_64-linux-gnu/libgdk_pixbuf-2.0.so.0.3200.2
7fc49ed30000-7fc49ed31000 rw-p 00021000 08:06 401771                     /usr/lib/x86_64-linux-gnu/libgdk_pixbuf-2.0.so.0.3200.2
7fc49ed31000-7fc49ed45000 r-xp 00000000 08:06 402235                     /usr/lib/x86_64-linux-gnu/libpangoft2-1.0.so.0.3800.1
7fc49ed45000-7fc49ef45000 ---p 00014000 08:06 402235                     /usr/lib/x86_64-linux-gnu/libpangoft2-1.0.so.0.3800.1
7fc49ef45000-7fc49ef46000 r--p 00014000 08:06 402235                     /usr/lib/x86_64-linux-gnu/libpangoft2-1.0.so.0.3800.1
7fc49ef46000-7fc49ef47000 rw-p 00015000 08:06 402235                     /usr/lib/x86_64-linux-gnu/libpangoft2-1.0.so.0.3800.1
7fc49ef47000-7fc49f0c7000 r-xp 00000000 08:06 403373                     /usr/lib/x86_64-linux-gnu/libgio-2.0.so.0.4800.1
7fc49f0c7000-7fc49f2c7000 ---p 00180000 08:06 403373                     /usr/lib/x86_64-linux-gnu/libgio-2.0.so.0.4800.1
7fc49f2c7000-7fc49f2cb000 r--p 00180000 08:06 403373                     /usr/lib/x86_64-linux-gnu/libgio-2.0.so.0.4800.1
7fc49f2cb000-7fc49f2cd000 rw-p 00184000 08:06 403373                     /usr/lib/x86_64-linux-gnu/libgio-2.0.so.0.4800.1
7fc49f2cd000-7fc49f2cf000 rw-p 00000000 00:00 0 
7fc49f2cf000-7fc49f2f1000 r-xp 00000000 08:06 401404                     /usr/lib/x86_64-linux-gnu/libatk-1.0.so.0.21809.1
7fc49f2f1000-7fc49f4f0000 ---p 00022000 08:06 401404                     /usr/lib/x86_64-linux-gnu/libatk-1.0.so.0.21809.1
7fc49f4f0000-7fc49f4f3000 r--p 00021000 08:06 401404                     /usr/lib/x86_64-linux-gnu/libatk-1.0.so.0.21809.1
7fc49f4f3000-7fc49f4f4000 rw-p 00024000 08:06 401404                     /usr/lib/x86_64-linux-gnu/libatk-1.0.so.0.21809.1
7fc49f4f4000-7fc49f5a4000 r-xp 00000000 08:06 401769                     /usr/lib/x86_64-linux-gnu/libgdk-x11-2.0.so.0.2400.30
7fc49f5a4000-7fc49f7a3000 ---p 000b0000 08:06 401769                     /usr/lib/x86_64-linux-gnu/libgdk-x11-2.0.so.0.2400.30
7fc49f7a3000-7fc49f7a7000 r--p 000af000 08:06 401769                     /usr/lib/x86_64-linux-gnu/libgdk-x11-2.0.so.0.2400.30
7fc49f7a7000-7fc49f7a9000 rw-p 000b3000 08:06 401769                     /usr/lib/x86_64-linux-gnu/libgdk-x11-2.0.so.0.2400.30
7fc49f7a9000-7fc49fbe7000 r-xp 00000000 08:06 401914                     /usr/lib/x86_64-linux-gnu/libgtk-x11-2.0.so.0.2400.30
7fc49fbe7000-7fc49fde6000 ---p 0043e000 08:06 401914                     /usr/lib/x86_64-linux-gnu/libgtk-x11-2.0.so.0.2400.30
7fc49fde6000-7fc49fded000 r--p 0043d000 08:06 401914                     /usr/lib/x86_64-linux-gnu/libgtk-x11-2.0.so.0.2400.30
7fc49fded000-7fc49fdf1000 rw-p 00444000 08:06 401914                     /usr/lib/x86_64-linux-gnu/libgtk-x11-2.0.so.0.2400.30
7fc49fdf1000-7fc49fdf4000 rw-p 00000000 00:00 0 
7fc49fdf4000-7fc49fe00000 r-xp 00000000 08:06 286423                     /usr/lib/jvm/java-8-oracle/jre/lib/amd64/libprism_es2.so
7fc49fe00000-7fc49ffff000 ---p 0000c000 08:06 286423                     /usr/lib/jvm/java-8-oracle/jre/lib/amd64/libprism_es2.so
7fc49ffff000-7fc4a0000000 rw-p 0000b000 08:06 286423                     /usr/lib/jvm/java-8-oracle/jre/lib/amd64/libprism_es2.so
7fc4a0000000-7fc4a0021000 rw-p 00000000 00:00 0 
7fc4a0021000-7fc4a4000000 ---p 00000000 00:00 0 
7fc4a4000000-7fc4a4021000 rw-p 00000000 00:00 0 
7fc4a4021000-7fc4a8000000 ---p 00000000 00:00 0 
7fc4a8000000-7fc4a8465000 rw-p 00000000 00:00 0 
7fc4a8465000-7fc4ac000000 ---p 00000000 00:00 0 
7fc4ac000000-7fc4ac62a000 rw-p 00000000 00:00 0 
7fc4ac62a000-7fc4b0000000 ---p 00000000 00:00 0 
7fc4b0000000-7fc4b0021000 rw-p 00000000 00:00 0 
7fc4b0021000-7fc4b4000000 ---p 00000000 00:00 0 
7fc4b4000000-7fc4b4288000 rw-p 00000000 00:00 0 
7fc4b4288000-7fc4b8000000 ---p 00000000 00:00 0 
7fc4b8000000-7fc4b8021000 rw-p 00000000 00:00 0 
7fc4b8021000-7fc4bc000000 ---p 00000000 00:00 0 
7fc4bc000000-7fc4bc021000 rw-p 00000000 00:00 0 
7fc4bc021000-7fc4c0000000 ---p 00000000 00:00 0 
7fc4c0000000-7fc4c0021000 rw-p 00000000 00:00 0 
7fc4c0021000-7fc4c4000000 ---p 00000000 00:00 0 
7fc4c4000000-7fc4c428d000 rw-p 00000000 00:00 0 
7fc4c428d000-7fc4c8000000 ---p 00000000 00:00 0 
7fc4c8000000-7fc4c8021000 rw-p 00000000 00:00 0 
7fc4c8021000-7fc4cc000000 ---p 00000000 00:00 0 
7fc4cc000000-7fc4cc021000 rw-p 00000000 00:00 0 
7fc4cc021000-7fc4d0000000 ---p 00000000 00:00 0 
7fc4d0000000-7fc4d0021000 rw-p 00000000 00:00 0 
7fc4d0021000-7fc4d4000000 ---p 00000000 00:00 0 
7fc4d4004000-7fc4d4010000 rw-s 00000000 00:05 33493                      /drm mm object (deleted)
7fc4d4010000-7fc4d4023000 r--p 00000000 08:06 286751                     /usr/lib/jvm/java-8-oracle/jre/lib/fonts/LucidaBrightDemiItalic.ttf
7fc4d4023000-7fc4d4028000 r--s 00084000 08:06 286766                     /usr/lib/jvm/java-8-oracle/jre/lib/jfr.jar
7fc4d4028000-7fc4d4033000 r--s 00000000 08:08 138339                     /var/cache/fontconfig/945677eb7aeaf62f1d50efc3fb3ec7d8-le64.cache-6
7fc4d4033000-7fc4d403b000 r--s 00000000 08:08 137272                     /var/cache/fontconfig/e25ca923d7a08ab6b0777bd7eb77ea77-le64.cache-6
7fc4d403b000-7fc4d4041000 r--s 00000000 08:08 136563                     /var/cache/fontconfig/2cd17615ca594fa2959ae173292e504c-le64.cache-6
7fc4d4041000-7fc4d4042000 r--s 00000000 08:08 136562                     /var/cache/fontconfig/0d8c3b2ac0904cb8a57a757ad11a4a08-le64.cache-6
7fc4d4042000-7fc4d4057000 r--s 00000000 08:08 136515                     /var/cache/fontconfig/04aabc0a78ac019cf9454389977116d2-le64.cache-6
7fc4d4057000-7fc4d4058000 r--s 00000000 08:08 136501                     /var/cache/fontconfig/1ac9eb803944fde146138c791f5cc56a-le64.cache-6
7fc4d4058000-7fc4d405c000 r--s 00000000 08:08 136375                     /var/cache/fontconfig/385c0604a188198f04d133e54aba7fe7-le64.cache-6
7fc4d405c000-7fc4d405d000 r--s 00000000 08:08 136263                     /var/cache/fontconfig/dc05db6664285cc2f12bf69c139ae4c3-le64.cache-6
7fc4d405d000-7fc4d4060000 r--s 00000000 08:08 136050                     /var/cache/fontconfig/767a8244fc0220cfb567a839d0392e0b-le64.cache-6
7fc4d4060000-7fc4d4061000 r--s 00000000 08:08 136047                     /var/cache/fontconfig/4794a0821666d79190d59a36cb4f44b5-le64.cache-6
7fc4d4061000-7fc4d4066000 r--s 00000000 08:08 136046                     /var/cache/fontconfig/8801497958630a81b71ace7c5f9b32a8-le64.cache-6
7fc4d4066000-7fc4d4067000 r--s 00000000 08:08 136045                     /var/cache/fontconfig/bab58bb527bb656aaa9f116d68a48d89-le64.cache-6
7fc4d4067000-7fc4d406e000 r--s 00000000 08:08 135388                     /var/cache/fontconfig/3047814df9a2f067bd2d96a2b9c36e5a-le64.cache-6
7fc4d406e000-7fc4d406f000 r--s 00000000 08:08 135248                     /var/cache/fontconfig/56cf4f4769d0f4abc89a4895d7bd3ae1-le64.cache-6
7fc4d406f000-7fc4d4070000 r--s 00000000 08:08 135246                     /var/cache/fontconfig/b9d506c9ac06c20b433354fa67a72993-le64.cache-6
7fc4d4070000-7fc4d4076000 r--s 00000000 08:08 135245                     /var/cache/fontconfig/b47c4e1ecd0709278f4910c18777a504-le64.cache-6
7fc4d4076000-7fc4d4089000 r--s 00000000 08:08 135240                     /var/cache/fontconfig/d52a8644073d54c13679302ca1180695-le64.cache-6
7fc4d4089000-7fc4d4094000 r--s 00000000 08:08 135009                     /var/cache/fontconfig/d589a48862398ed80a3d6066f4f56f4c-le64.cache-6
7fc4d4094000-7fc4d4097000 r--s 00000000 08:08 134482                     /var/cache/fontconfig/75114ca45c98e8a441da0ff356701271-le64.cache-6
7fc4d4097000-7fc4d40a2000 r--s 00000000 08:08 134481                     /var/cache/fontconfig/83bf95040141907cd45bb53cf7c1c148-le64.cache-6
7fc4d40a2000-7fc4d40b4000 r--s 00000000 08:08 134160                     /var/cache/fontconfig/9b89f8e3dae116d678bbf48e5f21f69b-le64.cache-6
7fc4d40b4000-7fc4d40c1000 r--s 00000000 08:08 133210                     /var/cache/fontconfig/e13b20fdb08344e0e664864cc2ede53d-le64.cache-6
7fc4d40c1000-7fc4d4107000 r--p 00000000 08:06 835                        /usr/share/glib-2.0/schemas/gschemas.compiled
7fc4d4107000-7fc4d4187000 r-xp 00000000 08:06 130355                     /lib/x86_64-linux-gnu/libsystemd.so.0.14.0
7fc4d4187000-7fc4d418a000 r--p 0007f000 08:06 130355                     /lib/x86_64-linux-gnu/libsystemd.so.0.14.0
7fc4d418a000-7fc4d418b000 rw-p 00082000 08:06 130355                     /lib/x86_64-linux-gnu/libsystemd.so.0.14.0
7fc4d418b000-7fc4d418c000 rw-p 00000000 00:00 0 
7fc4d418c000-7fc4d41aa000 r-xp 00000000 08:06 136190                     /lib/x86_64-linux-gnu/libudev.so.1.6.4
7fc4d41aa000-7fc4d41ab000 r--p 0001d000 08:06 136190                     /lib/x86_64-linux-gnu/libudev.so.1.6.4
7fc4d41ab000-7fc4d41ac000 rw-p 0001e000 08:06 136190                     /lib/x86_64-linux-gnu/libudev.so.1.6.4
7fc4d41ac000-7fc4d41ad000 r--s 00000000 08:08 135239                     /var/cache/fontconfig/551ecf3b0e8b0bca0f25c0944f561853-le64.cache-6
7fc4d41ad000-7fc4d41ae000 r--s 00000000 08:08 135008                     /var/cache/fontconfig/30829fa25452a46451e813d634d7f916-le64.cache-6
7fc4d41ae000-7fc4d41bb000 r--s 00000000 08:08 128618                     /var/cache/fontconfig/8f02d4cb045bd6ce15663e43f347c9f8-le64.cache-6
7fc4d41bb000-7fc4d41c3000 r--s 00045000 08:0a 824                        /home/mark/.p2/pool/plugins/org.junit_4.12.0.v201504281640/junit.jar
7fc4d41c3000-7fc4d41c6000 ---p 00000000 00:00 0 
7fc4d41c6000-7fc4d42c4000 rw-p 00000000 00:00 0 
7fc4d42c4000-7fc4d435a000 r--s 01102000 08:06 286484                     /usr/lib/jvm/java-8-oracle/jre/lib/ext/jfxrt.jar
7fc4d435a000-7fc4d435b000 ---p 00000000 00:00 0 
7fc4d435b000-7fc4d445b000 rw-p 00000000 00:00 0 
7fc4d445b000-7fc4d445e000 ---p 00000000 00:00 0 
7fc4d445e000-7fc4d455c000 rw-p 00000000 00:00 0 
7fc4d455c000-7fc4d455f000 ---p 00000000 00:00 0 
7fc4d455f000-7fc4d465d000 rw-p 00000000 00:00 0 
7fc4d465d000-7fc4d4660000 ---p 00000000 00:00 0 
7fc4d4660000-7fc4d475e000 rw-p 00000000 00:00 0 
7fc4d475e000-7fc4d4761000 ---p 00000000 00:00 0 
7fc4d4761000-7fc4d485f000 rw-p 00000000 00:00 0 
7fc4d485f000-7fc4d4862000 ---p 00000000 00:00 0 
7fc4d4862000-7fc4d4960000 rw-p 00000000 00:00 0 
7fc4d4960000-7fc4d531f000 r--p 00000000 08:06 396917                     /usr/lib/locale/locale-archive
7fc4d531f000-7fc4d5322000 ---p 00000000 00:00 0 
7fc4d5322000-7fc4d5420000 rw-p 00000000 00:00 0 
7fc4d5420000-7fc4d5423000 ---p 00000000 00:00 0 
7fc4d5423000-7fc4d5521000 rw-p 00000000 00:00 0 
7fc4d5521000-7fc4d5522000 ---p 00000000 00:00 0 
7fc4d5522000-7fc4d6604000 rw-p 00000000 00:00 0 
7fc4d6604000-7fc4d67dd000 r--s 03d29000 08:06 286400                     /usr/lib/jvm/java-8-oracle/jre/lib/rt.jar
7fc4d67dd000-7fc4db135000 rw-p 00000000 00:00 0 
7fc4db135000-7fc4db136000 ---p 00000000 00:00 0 
7fc4db136000-7fc4db236000 rw-p 00000000 00:00 0 
7fc4db236000-7fc4db237000 ---p 00000000 00:00 0 
7fc4db237000-7fc4db337000 rw-p 00000000 00:00 0 
7fc4db337000-7fc4db338000 ---p 00000000 00:00 0 
7fc4db338000-7fc4db438000 rw-p 00000000 00:00 0 
7fc4db438000-7fc4db439000 ---p 00000000 00:00 0 
7fc4db439000-7fc4db563000 rw-p 00000000 00:00 0 
7fc4db563000-7fc4db7c9000 ---p 00000000 00:00 0 
7fc4db7c9000-7fc4db7f3000 rw-p 00000000 00:00 0 
7fc4db7f3000-7fc4dba59000 ---p 00000000 00:00 0 
7fc4dba59000-7fc4dbb94000 rw-p 00000000 00:00 0 
7fc4dbb94000-7fc4dbba1000 ---p 00000000 00:00 0 
7fc4dbba1000-7fc4dbbbd000 rw-p 00000000 00:00 0 
7fc4dbbbd000-7fc4dbf62000 ---p 00000000 00:00 0 
7fc4dbf62000-7fc4dc622000 rwxp 00000000 00:00 0 
7fc4dc622000-7fc4eaf62000 ---p 00000000 00:00 0 
7fc4eaf62000-7fc4eaf7c000 r-xp 00000000 08:06 286432                     /usr/lib/jvm/java-8-oracle/jre/lib/amd64/libzip.so
7fc4eaf7c000-7fc4eb17c000 ---p 0001a000 08:06 286432                     /usr/lib/jvm/java-8-oracle/jre/lib/amd64/libzip.so
7fc4eb17c000-7fc4eb17d000 rw-p 0001a000 08:06 286432                     /usr/lib/jvm/java-8-oracle/jre/lib/amd64/libzip.so
7fc4eb17d000-7fc4eb188000 r-xp 00000000 08:06 136277                     /lib/x86_64-linux-gnu/libnss_files-2.23.so
7fc4eb188000-7fc4eb387000 ---p 0000b000 08:06 136277                     /lib/x86_64-linux-gnu/libnss_files-2.23.so
7fc4eb387000-7fc4eb388000 r--p 0000a000 08:06 136277                     /lib/x86_64-linux-gnu/libnss_files-2.23.so
7fc4eb388000-7fc4eb389000 rw-p 0000b000 08:06 136277                     /lib/x86_64-linux-gnu/libnss_files-2.23.so
7fc4eb389000-7fc4eb38f000 rw-p 00000000 00:00 0 
7fc4eb38f000-7fc4eb39a000 r-xp 00000000 08:06 136287                     /lib/x86_64-linux-gnu/libnss_nis-2.23.so
7fc4eb39a000-7fc4eb599000 ---p 0000b000 08:06 136287                     /lib/x86_64-linux-gnu/libnss_nis-2.23.so
7fc4eb599000-7fc4eb59a000 r--p 0000a000 08:06 136287                     /lib/x86_64-linux-gnu/libnss_nis-2.23.so
7fc4eb59a000-7fc4eb59b000 rw-p 0000b000 08:06 136287                     /lib/x86_64-linux-gnu/libnss_nis-2.23.so
7fc4eb59b000-7fc4eb5b1000 r-xp 00000000 08:06 136271                     /lib/x86_64-linux-gnu/libnsl-2.23.so
7fc4eb5b1000-7fc4eb7b0000 ---p 00016000 08:06 136271                     /lib/x86_64-linux-gnu/libnsl-2.23.so
7fc4eb7b0000-7fc4eb7b1000 r--p 00015000 08:06 136271                     /lib/x86_64-linux-gnu/libnsl-2.23.so
7fc4eb7b1000-7fc4eb7b2000 rw-p 00016000 08:06 136271                     /lib/x86_64-linux-gnu/libnsl-2.23.so
7fc4eb7b2000-7fc4eb7b4000 rw-p 00000000 00:00 0 
7fc4eb7b4000-7fc4eb7bc000 r-xp 00000000 08:06 136273                     /lib/x86_64-linux-gnu/libnss_compat-2.23.so
7fc4eb7bc000-7fc4eb9bb000 ---p 00008000 08:06 136273                     /lib/x86_64-linux-gnu/libnss_compat-2.23.so
7fc4eb9bb000-7fc4eb9bc000 r--p 00007000 08:06 136273                     /lib/x86_64-linux-gnu/libnss_compat-2.23.so
7fc4eb9bc000-7fc4eb9bd000 rw-p 00008000 08:06 136273                     /lib/x86_64-linux-gnu/libnss_compat-2.23.so
7fc4eb9bd000-7fc4eb9e7000 r-xp 00000000 08:06 286458                     /usr/lib/jvm/java-8-oracle/jre/lib/amd64/libjava.so
7fc4eb9e7000-7fc4ebbe7000 ---p 0002a000 08:06 286458                     /usr/lib/jvm/java-8-oracle/jre/lib/amd64/libjava.so
7fc4ebbe7000-7fc4ebbe9000 rw-p 0002a000 08:06 286458                     /usr/lib/jvm/java-8-oracle/jre/lib/amd64/libjava.so
7fc4ebbe9000-7fc4ebbf6000 r-xp 00000000 08:06 286409                     /usr/lib/jvm/java-8-oracle/jre/lib/amd64/libverify.so
7fc4ebbf6000-7fc4ebdf6000 ---p 0000d000 08:06 286409                     /usr/lib/jvm/java-8-oracle/jre/lib/amd64/libverify.so
7fc4ebdf6000-7fc4ebdf8000 rw-p 0000d000 08:06 286409                     /usr/lib/jvm/java-8-oracle/jre/lib/amd64/libverify.so
7fc4ebdf8000-7fc4ebdff000 r-xp 00000000 08:06 136332                     /lib/x86_64-linux-gnu/librt-2.23.so
7fc4ebdff000-7fc4ebffe000 ---p 00007000 08:06 136332                     /lib/x86_64-linux-gnu/librt-2.23.so
7fc4ebffe000-7fc4ebfff000 r--p 00006000 08:06 136332                     /lib/x86_64-linux-gnu/librt-2.23.so
7fc4ebfff000-7fc4ec000000 rw-p 00007000 08:06 136332                     /lib/x86_64-linux-gnu/librt-2.23.so
7fc4ec000000-7fc4ec3bc000 rw-p 00000000 00:00 0 
7fc4ec3bc000-7fc4f0000000 ---p 00000000 00:00 0 
7fc4f0000000-7fc4f0004000 r--s 00000000 08:08 128591                     /var/cache/fontconfig/7ef2298fde41cc6eeb7af42e48b7d293-le64.cache-6
7fc4f0004000-7fc4f0006000 r--s 00000000 08:08 138451                     /var/cache/fontconfig/16326683038b281783a0ef8c680e3a10-le64.cache-6
7fc4f0006000-7fc4f007c000 rw-p 00000000 00:00 0 
7fc4f007c000-7fc4f0184000 r-xp 00000000 08:06 136248                     /lib/x86_64-linux-gnu/libm-2.23.so
7fc4f0184000-7fc4f0383000 ---p 00108000 08:06 136248                     /lib/x86_64-linux-gnu/libm-2.23.so
7fc4f0383000-7fc4f0384000 r--p 00107000 08:06 136248                     /lib/x86_64-linux-gnu/libm-2.23.so
7fc4f0384000-7fc4f0385000 rw-p 00108000 08:06 136248                     /lib/x86_64-linux-gnu/libm-2.23.so
7fc4f0385000-7fc4f1050000 r-xp 00000000 08:06 286462                     /usr/lib/jvm/java-8-oracle/jre/lib/amd64/server/libjvm.so
7fc4f1050000-7fc4f124f000 ---p 00ccb000 08:06 286462                     /usr/lib/jvm/java-8-oracle/jre/lib/amd64/server/libjvm.so
7fc4f124f000-7fc4f1328000 rw-p 00cca000 08:06 286462                     /usr/lib/jvm/java-8-oracle/jre/lib/amd64/server/libjvm.so
7fc4f1328000-7fc4f1373000 rw-p 00000000 00:00 0 
7fc4f1373000-7fc4f1533000 r-xp 00000000 08:06 136178                     /lib/x86_64-linux-gnu/libc-2.23.so
7fc4f1533000-7fc4f1732000 ---p 001c0000 08:06 136178                     /lib/x86_64-linux-gnu/libc-2.23.so
7fc4f1732000-7fc4f1736000 r--p 001bf000 08:06 136178                     /lib/x86_64-linux-gnu/libc-2.23.so
7fc4f1736000-7fc4f1738000 rw-p 001c3000 08:06 136178                     /lib/x86_64-linux-gnu/libc-2.23.so
7fc4f1738000-7fc4f173c000 rw-p 00000000 00:00 0 
7fc4f173c000-7fc4f173f000 r-xp 00000000 08:06 136202                     /lib/x86_64-linux-gnu/libdl-2.23.so
7fc4f173f000-7fc4f193e000 ---p 00003000 08:06 136202                     /lib/x86_64-linux-gnu/libdl-2.23.so
7fc4f193e000-7fc4f193f000 r--p 00002000 08:06 136202                     /lib/x86_64-linux-gnu/libdl-2.23.so
7fc4f193f000-7fc4f1940000 rw-p 00003000 08:06 136202                     /lib/x86_64-linux-gnu/libdl-2.23.so
7fc4f1940000-7fc4f1955000 r-xp 00000000 08:06 283059                     /usr/lib/jvm/java-8-oracle/lib/amd64/jli/libjli.so
7fc4f1955000-7fc4f1b55000 ---p 00015000 08:06 283059                     /usr/lib/jvm/java-8-oracle/lib/amd64/jli/libjli.so
7fc4f1b55000-7fc4f1b56000 rw-p 00015000 08:06 283059                     /usr/lib/jvm/java-8-oracle/lib/amd64/jli/libjli.so
7fc4f1b56000-7fc4f1b6e000 r-xp 00000000 08:06 136324                     /lib/x86_64-linux-gnu/libpthread-2.23.so
7fc4f1b6e000-7fc4f1d6d000 ---p 00018000 08:06 136324                     /lib/x86_64-linux-gnu/libpthread-2.23.so
7fc4f1d6d000-7fc4f1d6e000 r--p 00017000 08:06 136324                     /lib/x86_64-linux-gnu/libpthread-2.23.so
7fc4f1d6e000-7fc4f1d6f000 rw-p 00018000 08:06 136324                     /lib/x86_64-linux-gnu/libpthread-2.23.so
7fc4f1d6f000-7fc4f1d73000 rw-p 00000000 00:00 0 
7fc4f1d73000-7fc4f1d99000 r-xp 00000000 08:06 136150                     /lib/x86_64-linux-gnu/ld-2.23.so
7fc4f1d99000-7fc4f1d9a000 r--s 00000000 08:08 134703                     /var/cache/fontconfig/0c9eb80ebd1c36541ebe2852d3bb0c49-le64.cache-6
7fc4f1d9a000-7fc4f1da2000 rw-s 00000000 00:05 35692                      /drm mm object (deleted)
7fc4f1da2000-7fc4f1daa000 rw-s 00000000 00:05 33482                      /drm mm object (deleted)
7fc4f1daa000-7fc4f1daf000 r--p 00000000 08:0a 530255                     /home/mark/.config/dconf/user
7fc4f1daf000-7fc4f1e7a000 rw-p 00000000 00:00 0 
7fc4f1e7a000-7fc4f1e7d000 ---p 00000000 00:00 0 
7fc4f1e7d000-7fc4f1f7f000 rw-p 00000000 00:00 0 
7fc4f1f7f000-7fc4f1f80000 r--s 00008000 08:0a 548839                     /home/mark/.p2/pool/plugins/org.eclipse.fx.ide.css.jfx8_2.4.0.201605112122.jar
7fc4f1f80000-7fc4f1f82000 r--s 0000c000 08:0a 527585                     /home/mark/.p2/pool/plugins/org.hamcrest.core_1.3.0.v201303031735.jar
7fc4f1f83000-7fc4f1f84000 r--s 00000000 00:2d 34                         /run/user/1000/dconf/user
7fc4f1f84000-7fc4f1f8c000 rw-s 00000000 00:05 35310                      /drm mm object (deleted)
7fc4f1f8c000-7fc4f1f94000 rw-s 00000000 08:09 128526                     /tmp/hsperfdata_mark/4443
7fc4f1f94000-7fc4f1f95000 rw-p 00000000 00:00 0 
7fc4f1f95000-7fc4f1f96000 ---p 00000000 00:00 0 
7fc4f1f96000-7fc4f1f98000 rw-p 00000000 00:00 0 
7fc4f1f98000-7fc4f1f99000 r--p 00025000 08:06 136150                     /lib/x86_64-linux-gnu/ld-2.23.so
7fc4f1f99000-7fc4f1f9a000 rw-p 00026000 08:06 136150                     /lib/x86_64-linux-gnu/ld-2.23.so
7fc4f1f9a000-7fc4f1f9b000 rw-p 00000000 00:00 0 
7fff42f42000-7fff42f63000 rw-p 00000000 00:00 0                          [stack]
7fff42f6c000-7fff42f6e000 r--p 00000000 00:00 0                          [vvar]
7fff42f6e000-7fff42f70000 r-xp 00000000 00:00 0                          [vdso]
ffffffffff600000-ffffffffff601000 r-xp 00000000 00:00 0                  [vsyscall]

VM Arguments:
jvm_args: -Dfile.encoding=UTF-8 
java_command: warlords.control.WarlordsController
java_class_path (initial): /home/mark/Documents/COMPSYS 302/uoa-cs302-2017-group01/Warlords/bin:/home/mark/.p2/pool/plugins/org.junit_4.12.0.v201504281640/junit.jar:/home/mark/.p2/pool/plugins/org.hamcrest.core_1.3.0.v201303031735.jar:/home/mark/.p2/pool/plugins/org.eclipse.fx.ide.css.jfx8_2.4.0.201605112122.jar
Launcher Type: SUN_STANDARD

Environment Variables:
PATH=/usr/local/sbin:/usr/local/bin:/usr/sbin:/usr/bin:/sbin:/bin:/usr/games:/usr/local/games:/snap/bin
SHELL=/bin/bash
DISPLAY=:0

Signal Handlers:
SIGSEGV: [libjvm.so+0xac4790], sa_mask[0]=11111111011111111101111111111110, sa_flags=SA_RESTART|SA_SIGINFO
SIGBUS: [libjvm.so+0xac4790], sa_mask[0]=11111111011111111101111111111110, sa_flags=SA_RESTART|SA_SIGINFO
SIGFPE: [libjvm.so+0x91f140], sa_mask[0]=11111111011111111101111111111110, sa_flags=SA_RESTART|SA_SIGINFO
SIGPIPE: SIG_IGN, sa_mask[0]=00000000000010000000000000000000, sa_flags=SA_RESTART
SIGXFSZ: [libjvm.so+0x91f140], sa_mask[0]=11111111011111111101111111111110, sa_flags=SA_RESTART|SA_SIGINFO
SIGILL: [libjvm.so+0x91f140], sa_mask[0]=11111111011111111101111111111110, sa_flags=SA_RESTART|SA_SIGINFO
SIGUSR1: SIG_DFL, sa_mask[0]=00000000000000000000000000000000, sa_flags=none
SIGUSR2: [libjvm.so+0x920770], sa_mask[0]=00100000000000000000000000000000, sa_flags=SA_RESTART|SA_SIGINFO
SIGHUP: [libjvm.so+0x921b70], sa_mask[0]=11111111011111111101111111111110, sa_flags=SA_RESTART|SA_SIGINFO
SIGINT: [libjvm.so+0x921b70], sa_mask[0]=11111111011111111101111111111110, sa_flags=SA_RESTART|SA_SIGINFO
SIGTERM: [libjvm.so+0x921b70], sa_mask[0]=11111111011111111101111111111110, sa_flags=SA_RESTART|SA_SIGINFO
SIGQUIT: [libjvm.so+0x921b70], sa_mask[0]=11111111011111111101111111111110, sa_flags=SA_RESTART|SA_SIGINFO


---------------  S Y S T E M  ---------------

OS:DISTRIB_ID=Ubuntu
DISTRIB_RELEASE=16.04
DISTRIB_CODENAME=xenial
DISTRIB_DESCRIPTION="Ubuntu 16.04.1 LTS"

uname:Linux 4.4.0-34-generic #53-Ubuntu SMP Wed Jul 27 16:06:39 UTC 2016 x86_64
libc:glibc 2.23 NPTL 2.23 
rlimit: STACK 8192k, CORE 0k, NPROC 31060, NOFILE 65536, AS infinity
load average:11.12 5.10 2.24

/proc/meminfo:
MemTotal:        8055324 kB
MemFree:          818360 kB
MemAvailable:     714836 kB
Buffers:             756 kB
Cached:           341088 kB
SwapCached:          116 kB
Active:          6057184 kB
Inactive:         985504 kB
Active(anon):    6053528 kB
Inactive(anon):   950112 kB
Active(file):       3656 kB
Inactive(file):    35392 kB
Unevictable:          32 kB
Mlocked:              32 kB
SwapTotal:        498684 kB
SwapFree:          24244 kB
Dirty:               100 kB
Writeback:             0 kB
AnonPages:       6701732 kB
Mapped:            87900 kB
Shmem:            302356 kB
Slab:              65096 kB
SReclaimable:      28276 kB
SUnreclaim:        36820 kB
KernelStack:       12544 kB
PageTables:        46524 kB
NFS_Unstable:          0 kB
Bounce:                0 kB
WritebackTmp:          0 kB
CommitLimit:     4526344 kB
Committed_AS:   12636744 kB
VmallocTotal:   34359738367 kB
VmallocUsed:           0 kB
VmallocChunk:          0 kB
HardwareCorrupted:     0 kB
AnonHugePages:   4902912 kB
CmaTotal:              0 kB
CmaFree:               0 kB
HugePages_Total:       0
HugePages_Free:        0
HugePages_Rsvd:        0
HugePages_Surp:        0
Hugepagesize:       2048 kB
DirectMap4k:      118204 kB
DirectMap2M:     3956736 kB
DirectMap1G:     5242880 kB


CPU:total 4 (2 cores per cpu, 2 threads per core) family 6 model 78 stepping 3, cmov, cx8, fxsr, mmx, sse, sse2, sse3, ssse3, sse4.1, sse4.2, popcnt, avx, avx2, aes, clmul, erms, 3dnowpref, lzcnt, ht, tsc, tscinvbit, bmi1, bmi2, adx

/proc/cpuinfo:
processor	: 0
vendor_id	: GenuineIntel
cpu family	: 6
model		: 78
model name	: Intel(R) Core(TM) i7-6500U CPU @ 2.50GHz
stepping	: 3
microcode	: 0x9e
cpu MHz		: 757.148
cache size	: 4096 KB
physical id	: 0
siblings	: 4
core id		: 0
cpu cores	: 2
apicid		: 0
initial apicid	: 0
fpu		: yes
fpu_exception	: yes
cpuid level	: 22
wp		: yes
flags		: fpu vme de pse tsc msr pae mce cx8 apic sep mtrr pge mca cmov pat pse36 clflush dts acpi mmx fxsr sse sse2 ss ht tm pbe syscall nx pdpe1gb rdtscp lm constant_tsc art arch_perfmon pebs bts rep_good nopl xtopology nonstop_tsc aperfmperf eagerfpu pni pclmulqdq dtes64 monitor ds_cpl vmx est tm2 ssse3 sdbg fma cx16 xtpr pdcm pcid sse4_1 sse4_2 x2apic movbe popcnt tsc_deadline_timer aes xsave avx f16c rdrand lahf_lm abm 3dnowprefetch epb intel_pt tpr_shadow vnmi flexpriority ept vpid fsgsbase tsc_adjust bmi1 avx2 smep bmi2 erms invpcid mpx rdseed adx smap clflushopt xsaveopt xsavec xgetbv1 dtherm ida arat pln pts hwp hwp_notify hwp_act_window hwp_epp
bugs		:
bogomips	: 5183.84
clflush size	: 64
cache_alignment	: 64
address sizes	: 39 bits physical, 48 bits virtual
power management:

processor	: 1
vendor_id	: GenuineIntel
cpu family	: 6
model		: 78
model name	: Intel(R) Core(TM) i7-6500U CPU @ 2.50GHz
stepping	: 3
microcode	: 0x9e
cpu MHz		: 756.945
cache size	: 4096 KB
physical id	: 0
siblings	: 4
core id		: 1
cpu cores	: 2
apicid		: 2
initial apicid	: 2
fpu		: yes
fpu_exception	: yes
cpuid level	: 22
wp		: yes
flags		: fpu vme de pse tsc msr pae mce cx8 apic sep mtrr pge mca cmov pat pse36 clflush dts acpi mmx fxsr sse sse2 ss ht tm pbe syscall nx pdpe1gb rdtscp lm constant_tsc art arch_perfmon pebs bts rep_good nopl xtopology nonstop_tsc aperfmperf eagerfpu pni pclmulqdq dtes64 monitor ds_cpl vmx est tm2 ssse3 sdbg fma cx16 xtpr pdcm pcid sse4_1 sse4_2 x2apic movbe popcnt tsc_deadline_timer aes xsave avx f16c rdrand lahf_lm abm 3dnowprefetch epb intel_pt tpr_shadow vnmi flexpriority ept vpid fsgsbase tsc_adjust bmi1 avx2 smep bmi2 erms invpcid mpx rdseed adx smap clflushopt xsaveopt xsavec xgetbv1 dtherm ida arat pln pts hwp hwp_notify hwp_act_window hwp_epp
bugs		:
bogomips	: 5183.84
clflush size	: 64
cache_alignment	: 64
address sizes	: 39 bits physical, 48 bits virtual
power management:

processor	: 2
vendor_id	: GenuineIntel
cpu family	: 6
model		: 78
model name	: Intel(R) Core(TM) i7-6500U CPU @ 2.50GHz
stepping	: 3
microcode	: 0x9e
cpu MHz		: 776.750
cache size	: 4096 KB
physical id	: 0
siblings	: 4
core id		: 0
cpu cores	: 2
apicid		: 1
initial apicid	: 1
fpu		: yes
fpu_exception	: yes
cpuid level	: 22
wp		: yes
flags		: fpu vme de pse tsc msr pae mce cx8 apic sep mtrr pge mca cmov pat pse36 clflush dts acpi mmx fxsr sse sse2 ss ht tm pbe syscall nx pdpe1gb rdtscp lm constant_tsc art arch_perfmon pebs bts rep_good nopl xtopology nonstop_tsc aperfmperf eagerfpu pni pclmulqdq dtes64 monitor ds_cpl vmx est tm2 ssse3 sdbg fma cx16 xtpr pdcm pcid sse4_1 sse4_2 x2apic movbe popcnt tsc_deadline_timer aes xsave avx f16c rdrand lahf_lm abm 3dnowprefetch epb intel_pt tpr_shadow vnmi flexpriority ept vpid fsgsbase tsc_adjust bmi1 avx2 smep bmi2 erms invpcid mpx rdseed adx smap clflushopt xsaveopt xsavec xgetbv1 dtherm ida arat pln pts hwp hwp_notify hwp_act_window hwp_epp
bugs		:
bogomips	: 5183.84
clflush size	: 64
cache_alignment	: 64
address sizes	: 39 bits physical, 48 bits virtual
power management:

processor	: 3
vendor_id	: GenuineIntel
cpu family	: 6
model		: 78
model name	: Intel(R) Core(TM) i7-6500U CPU @ 2.50GHz
stepping	: 3
microcode	: 0x9e
cpu MHz		: 755.421
cache size	: 4096 KB
physical id	: 0
siblings	: 4
core id		: 1
cpu cores	: 2
apicid		: 3
initial apicid	: 3
fpu		: yes
fpu_exception	: yes
cpuid level	: 22
wp		: yes
flags		: fpu vme de pse tsc msr pae mce cx8 apic sep mtrr pge mca cmov pat pse36 clflush dts acpi mmx fxsr sse sse2 ss ht tm pbe syscall nx pdpe1gb rdtscp lm constant_tsc art arch_perfmon pebs bts rep_good nopl xtopology nonstop_tsc aperfmperf eagerfpu pni pclmulqdq dtes64 monitor ds_cpl vmx est tm2 ssse3 sdbg fma cx16 xtpr pdcm pcid sse4_1 sse4_2 x2apic movbe popcnt tsc_deadline_timer aes xsave avx f16c rdrand lahf_lm abm 3dnowprefetch epb intel_pt tpr_shadow vnmi flexpriority ept vpid fsgsbase tsc_adjust bmi1 avx2 smep bmi2 erms invpcid mpx rdseed adx smap clflushopt xsaveopt xsavec xgetbv1 dtherm ida arat pln pts hwp hwp_notify hwp_act_window hwp_epp
bugs		:
bogomips	: 5183.84
clflush size	: 64
cache_alignment	: 64
address sizes	: 39 bits physical, 48 bits virtual
power management:



Memory: 4k page, physical 8055324k(818112k free), swap 498684k(24252k free)

vm_info: Java HotSpot(TM) 64-Bit Server VM (25.101-b13) for linux-amd64 JRE (1.8.0_101-b13), built on Jun 22 2016 02:59:44 by "java_re" with gcc 4.3.0 20080428 (Red Hat 4.3.0-8)

time: Wed Mar 29 12:18:11 2017
elapsed time: 133 seconds (0d 0h 2m 13s)

